[ 2019-02-02 20:38:27,716 ] - [DEBUG   ] - __main__ - ------------------------System Info------------------------------
[ 2019-02-02 20:38:27,719 ] - [DEBUG   ] - __main__ - Platform : Linux, Version: #124~14.04.1-Ubuntu SMP Fri Nov 10 19:05:36 UTC 2017
[ 2019-02-02 20:38:27,719 ] - [DEBUG   ] - __main__ - Hostname : travis-job-0d3f2339-66ac-4556-96c8-a2b9d32cdbfb
[ 2019-02-02 20:38:27,720 ] - [DEBUG   ] - __main__ - Python Version : 3.6.3
[ 2019-02-02 20:38:27,737 ] - [DEBUG   ] - __main__ - Platform Arch : ('64bit', 'ELF')
[ 2019-02-02 20:38:27,738 ] - [DEBUG   ] - __main__ - -----------------------------------------------------------------
[ 2019-02-02 20:38:27,738 ] - [INFO    ] - __main__ - Getting LOS Download page for bullhead ...
[ 2019-02-02 20:38:27,738 ] - [DEBUG   ] - __main__ - Getting Download Page for bullhead
[ 2019-02-02 20:38:27,946 ] - [DEBUG   ] - __main__ - LineageOS_Downlad_Page_bullhead.html file exists.
[ 2019-02-02 20:38:27,947 ] - [INFO    ] - __main__ - Parsing HTML page...
[ 2019-02-02 20:38:27,999 ] - [DEBUG   ] - __main__ - ----------------------------------------------------------
[ 2019-02-02 20:38:28,000 ] - [DEBUG   ] - __main__ - ------------------Parsed Variables------------------------
[ 2019-02-02 20:38:28,000 ] - [DEBUG   ] - __main__ - LOS_REL_TYPE = ['nightly', 'nightly', 'nightly', 'nightly', 'nightly', 'nightly', 'nightly', 'nightly', 'nightly', 'nightly', 'nightly']
[ 2019-02-02 20:38:28,000 ] - [DEBUG   ] - __main__ - LOS_REL_VERSION = ['15.1', '15.1', '15.1', '15.1', '15.1', '15.1', '15.1', '15.1', '15.1', '15.1', '15.1']
[ 2019-02-02 20:38:28,000 ] - [DEBUG   ] - __main__ - LOS_REL_URL = ['https://mirrorbits.lineageos.org/full/bullhead/20190202/lineage-15.1-20190202-nightly-bullhead-signed.zip', 'https://mirrorbits.lineageos.org/full/bullhead/20190201/lineage-15.1-20190201-nightly-bullhead-signed.zip', 'https://mirrorbits.lineageos.org/full/bullhead/20190131/lineage-15.1-20190131-nightly-bullhead-signed.zip', 'https://mirrorbits.lineageos.org/full/bullhead/20190130/lineage-15.1-20190130-nightly-bullhead-signed.zip', 'https://mirrorbits.lineageos.org/full/bullhead/20190129/lineage-15.1-20190129-nightly-bullhead-signed.zip', 'https://mirrorbits.lineageos.org/full/bullhead/20190128/lineage-15.1-20190128-nightly-bullhead-signed.zip', 'https://mirrorbits.lineageos.org/full/bullhead/20190127/lineage-15.1-20190127-nightly-bullhead-signed.zip', 'https://mirrorbits.lineageos.org/full/bullhead/20190126/lineage-15.1-20190126-nightly-bullhead-signed.zip', 'https://mirrorbits.lineageos.org/full/bullhead/20190124/lineage-15.1-20190124-nightly-bullhead-signed.zip', 'https://mirrorbits.lineageos.org/full/bullhead/20190123/lineage-15.1-20190123-nightly-bullhead-signed.zip', 'https://mirrorbits.lineageos.org/full/bullhead/20190122/lineage-15.1-20190122-nightly-bullhead-signed.zip']
[ 2019-02-02 20:38:28,000 ] - [DEBUG   ] - __main__ - LOS_REL_SIZE = ['417.52 MB', '417.52 MB', '417.52 MB', '417.53 MB', '417.52 MB', '417.51 MB', '417.51 MB', '417.51 MB', '417.52 MB', '417.51 MB', '417.52 MB']
[ 2019-02-02 20:38:28,000 ] - [DEBUG   ] - __main__ - LOS_REL_DATE = ['2019-02-02', '2019-02-01', '2019-01-31', '2019-01-30', '2019-01-29', '2019-01-28', '2019-01-27', '2019-01-26', '2019-01-24', '2019-01-23', '2019-01-22']
[ 2019-02-02 20:38:28,000 ] - [DEBUG   ] - __main__ - REL_TAG is 15.1.2019-02-02
[ 2019-02-02 20:38:28,000 ] - [DEBUG   ] - __main__ - ----------------------------------------------------------
[ 2019-02-02 20:38:28,000 ] - [DEBUG   ] - __main__ - ----------------------------------------------------------
[ 2019-02-02 20:38:28,000 ] - [INFO    ] - __main__ - Downloading ZIP File ...
[ 2019-02-02 20:39:22,306 ] - [INFO    ] - __main__ - Getting Checksum File...
[ 2019-02-02 20:39:22,768 ] - [INFO    ] - __main__ - Verifying ZIP file checksums...
[ 2019-02-02 20:39:22,768 ] - [DEBUG   ] - __main__ - File's LineageOS_bullhead_ZIP_SHA256.txt present on FS.
[ 2019-02-02 20:39:22,769 ] - [DEBUG   ] - __main__ - File LineageOS_bullhead.zip is present on the FS.
[ 2019-02-02 20:39:24,785 ] - [DEBUG   ] - __main__ - SHA256 hash for LineageOS_bullhead.zip is : 3d94928148ee819cb119ec49e43a84df832c6b84ba022261c562119be348289f
[ 2019-02-02 20:39:24,786 ] - [DEBUG   ] - __main__ - SHA256 hash SHOULD BE : 3d94928148ee819cb119ec49e43a84df832c6b84ba022261c562119be348289f
[ 2019-02-02 20:39:24,786 ] - [DEBUG   ] - __main__ - File Hashes Match.
[ 2019-02-02 20:39:24,786 ] - [INFO    ] - __main__ - Woohooo.. ZIP File's Checksum matches.
[ 2019-02-02 20:39:24,786 ] - [INFO    ] - __main__ - Extracting from ZIP File ....
[ 2019-02-02 20:39:24,786 ] - [INFO    ] - __main__ - Deleting old files if any....
[ 2019-02-02 20:39:24,786 ] - [DEBUG   ] - __main__ - Deleting old DAT files (if any)
[ 2019-02-02 20:39:24,787 ] - [DEBUG   ] - __main__ - Deleting old IMG file (if any)
[ 2019-02-02 20:39:26,028 ] - [INFO    ] - __main__ - Getting Info about last build & release...
[ 2019-02-02 20:39:26,028 ] - [DEBUG   ] - __main__ - Downloading OLD release.json
[ 2019-02-02 20:39:26,182 ] - [DEBUG   ] - __main__ - Reading old release.json file...
[ 2019-02-02 20:39:26,182 ] - [INFO    ] - __main__ - Last Build was 1548055633
[ 2019-02-02 20:39:26,183 ] - [INFO    ] - __main__ - Last Release Tag was 0000
[ 2019-02-02 20:39:26,183 ] - [INFO    ] - __main__ - Last Release TS was 01 Feb at 21:13
[ 2019-02-02 20:39:26,183 ] - [INFO    ] - __main__ - Last Release Build was 00
[ 2019-02-02 20:39:26,183 ] - [INFO    ] - __main__ - Preparing Metadata....
[ 2019-02-02 20:39:26,183 ] - [INFO    ] - __main__ - GH Releases will be enabled if on MASTER
[ 2019-02-02 20:39:26,183 ] - [INFO    ] - __main__ - Last tag was 0000
[ 2019-02-02 20:39:26,183 ] - [INFO    ] - __main__ - Generating Release Notes...
[ 2019-02-02 20:39:26,184 ] - [DEBUG   ] - __main__ - Generated Release Notes.
[ 2019-02-02 20:39:26,184 ] - [INFO    ] - __main__ - Generating release-bullhead.json
[ 2019-02-02 20:39:26,184 ] - [INFO    ] - __main__ - Writing exporter script...
[ 2019-02-02 20:39:26,184 ] - [DEBUG   ] - __main__ - Writing flags.sh
[ 2019-02-02 20:40:11,773 ] - [DEBUG   ] - root - Setting TAG Variable
[ 2019-02-02 20:40:11,773 ] - [INFO    ] - root - Reading json data from file.
[ 2019-02-02 20:40:11,773 ] - [INFO    ] - root - Copying Metadata
[ 2019-02-02 20:40:11,774 ] - [INFO    ] - root - Creating Metadata Folder...
[ 2019-02-02 20:40:11,774 ] - [INFO    ] - root - Copying release-bullhead.json
[ 2019-02-02 20:40:11,775 ] - [INFO    ] - root - Copying Readme.md
[ 2019-02-02 20:40:11,775 ] - [INFO    ] - root - Checking Mount point
[ 2019-02-02 20:40:11,775 ] - [DEBUG   ] - root - Creating Releases Folder
[ 2019-02-02 20:40:11,776 ] - [INFO    ] - root - Copying Email from /mnt/lineage/app/Email/Email.apk
[ 2019-02-02 20:40:11,787 ] - [INFO    ] - root - Copying Gallery from /mnt/lineage/priv-app/Gallery2/Gallery2.apk
[ 2019-02-02 20:40:11,805 ] - [INFO    ] - root - Copying Music from /mnt/lineage/priv-app/Eleven/Eleven.apk
[ 2019-02-02 20:40:11,812 ] - [INFO    ] - root - Copying Calendar from /mnt/lineage/app/Calendar/Calendar.apk
[ 2019-02-02 20:40:11,817 ] - [INFO    ] - root - Copying Jelly from /mnt/lineage/app/Jelly/Jelly.apk
[ 2019-02-02 20:40:11,821 ] - [INFO    ] - root - Copying Trebuchet from /mnt/lineage/priv-app/Trebuchet/Trebuchet.apk
[ 2019-02-02 20:40:11,825 ] - [INFO    ] - root - Copying Recorder from /mnt/lineage/priv-app/Recorder/Recorder.apk
[ 2019-02-02 20:40:11,828 ] - [INFO    ] - root - Copying Messaging from /mnt/lineage/app/messaging/messaging.apk
[ 2019-02-02 20:40:11,843 ] - [INFO    ] - root - Copying DeskClock from /mnt/lineage/app/DeskClock/DeskClock.apk
[ 2019-02-02 20:40:11,853 ] - [INFO    ] - root - Copying Release Notes...
