[ 2019-02-02 20:38:25,033 ] - [DEBUG   ] - __main__ - ------------------------System Info------------------------------
[ 2019-02-02 20:38:25,036 ] - [DEBUG   ] - __main__ - Platform : Linux, Version: #124~14.04.1-Ubuntu SMP Fri Nov 10 19:05:36 UTC 2017
[ 2019-02-02 20:38:25,036 ] - [DEBUG   ] - __main__ - Hostname : travis-job-da5e41c1-306f-4a22-b404-5c614f09e5cc
[ 2019-02-02 20:38:25,036 ] - [DEBUG   ] - __main__ - Python Version : 3.6.3
[ 2019-02-02 20:38:25,051 ] - [DEBUG   ] - __main__ - Platform Arch : ('64bit', 'ELF')
[ 2019-02-02 20:38:25,051 ] - [DEBUG   ] - __main__ - -----------------------------------------------------------------
[ 2019-02-02 20:38:25,051 ] - [INFO    ] - __main__ - Getting LOS Download page for hammerhead ...
[ 2019-02-02 20:38:25,051 ] - [DEBUG   ] - __main__ - Getting Download Page for hammerhead
[ 2019-02-02 20:38:25,230 ] - [DEBUG   ] - __main__ - LineageOS_Downlad_Page_hammerhead.html file exists.
[ 2019-02-02 20:38:25,230 ] - [INFO    ] - __main__ - Parsing HTML page...
[ 2019-02-02 20:38:25,279 ] - [DEBUG   ] - __main__ - ----------------------------------------------------------
[ 2019-02-02 20:38:25,279 ] - [DEBUG   ] - __main__ - ------------------Parsed Variables------------------------
[ 2019-02-02 20:38:25,279 ] - [DEBUG   ] - __main__ - LOS_REL_TYPE = ['nightly', 'nightly']
[ 2019-02-02 20:38:25,279 ] - [DEBUG   ] - __main__ - LOS_REL_VERSION = ['14.1', '14.1']
[ 2019-02-02 20:38:25,279 ] - [DEBUG   ] - __main__ - LOS_REL_URL = ['https://mirrorbits.lineageos.org/full/hammerhead/20190126/lineage-14.1-20190126-nightly-hammerhead-signed.zip', 'https://mirrorbits.lineageos.org/full/hammerhead/20181226/lineage-14.1-20181226-nightly-hammerhead-signed.zip']
[ 2019-02-02 20:38:25,279 ] - [DEBUG   ] - __main__ - LOS_REL_SIZE = ['314.04 MB', '313.49 MB']
[ 2019-02-02 20:38:25,279 ] - [DEBUG   ] - __main__ - LOS_REL_DATE = ['2019-01-26', '2018-12-26']
[ 2019-02-02 20:38:25,279 ] - [DEBUG   ] - __main__ - REL_TAG is 14.1.2019-01-26
[ 2019-02-02 20:38:25,279 ] - [DEBUG   ] - __main__ - ----------------------------------------------------------
[ 2019-02-02 20:38:25,279 ] - [DEBUG   ] - __main__ - ----------------------------------------------------------
[ 2019-02-02 20:38:25,279 ] - [INFO    ] - __main__ - Downloading ZIP File ...
[ 2019-02-02 20:38:36,253 ] - [INFO    ] - __main__ - Getting Checksum File...
[ 2019-02-02 20:38:36,711 ] - [INFO    ] - __main__ - Verifying ZIP file checksums...
[ 2019-02-02 20:38:36,712 ] - [DEBUG   ] - __main__ - File's LineageOS_hammerhead_ZIP_SHA256.txt present on FS.
[ 2019-02-02 20:38:36,712 ] - [DEBUG   ] - __main__ - File LineageOS_hammerhead.zip is present on the FS.
[ 2019-02-02 20:38:38,221 ] - [DEBUG   ] - __main__ - SHA256 hash for LineageOS_hammerhead.zip is : daa1aa4db6012d31c5e46c4476b054a4d4e539529d2d4337942b82af874c318c
[ 2019-02-02 20:38:38,221 ] - [DEBUG   ] - __main__ - SHA256 hash SHOULD BE : daa1aa4db6012d31c5e46c4476b054a4d4e539529d2d4337942b82af874c318c
[ 2019-02-02 20:38:38,221 ] - [DEBUG   ] - __main__ - File Hashes Match.
[ 2019-02-02 20:38:38,221 ] - [INFO    ] - __main__ - Woohooo.. ZIP File's Checksum matches.
[ 2019-02-02 20:38:38,221 ] - [INFO    ] - __main__ - Extracting from ZIP File ....
[ 2019-02-02 20:38:38,222 ] - [INFO    ] - __main__ - Deleting old files if any....
[ 2019-02-02 20:38:38,222 ] - [DEBUG   ] - __main__ - Deleting old DAT files (if any)
[ 2019-02-02 20:38:38,223 ] - [DEBUG   ] - __main__ - Deleting old IMG file (if any)
[ 2019-02-02 20:38:42,881 ] - [INFO    ] - __main__ - Getting Info about last build & release...
[ 2019-02-02 20:38:42,881 ] - [DEBUG   ] - __main__ - Downloading OLD release.json
[ 2019-02-02 20:38:42,996 ] - [DEBUG   ] - __main__ - Reading old release.json file...
[ 2019-02-02 20:38:42,997 ] - [INFO    ] - __main__ - Last Build was 1549127141
[ 2019-02-02 20:38:42,997 ] - [INFO    ] - __main__ - Last Release Tag was 14.1.2019-01-26
[ 2019-02-02 20:38:42,997 ] - [INFO    ] - __main__ - Last Release TS was 02 Feb at 11:33
[ 2019-02-02 20:38:42,997 ] - [INFO    ] - __main__ - Last Release Build was 00
[ 2019-02-02 20:38:42,997 ] - [INFO    ] - __main__ - Preparing Metadata....
[ 2019-02-02 20:38:42,997 ] - [INFO    ] - __main__ - GH Releases will be enabled if on MASTER
[ 2019-02-02 20:38:42,998 ] - [INFO    ] - __main__ - Last tag was 14.1.2019-01-26
[ 2019-02-02 20:38:42,998 ] - [INFO    ] - __main__ - Generating Release Notes...
[ 2019-02-02 20:38:42,998 ] - [DEBUG   ] - __main__ - Generated Release Notes.
[ 2019-02-02 20:38:42,998 ] - [INFO    ] - __main__ - Generating release-hammerhead.json
[ 2019-02-02 20:38:42,998 ] - [INFO    ] - __main__ - Writing exporter script...
[ 2019-02-02 20:38:42,999 ] - [DEBUG   ] - __main__ - Writing flags.sh
[ 2019-02-02 20:38:55,832 ] - [DEBUG   ] - root - Setting TAG Variable
[ 2019-02-02 20:38:55,832 ] - [INFO    ] - root - Reading json data from file.
[ 2019-02-02 20:38:55,832 ] - [INFO    ] - root - Copying Metadata
[ 2019-02-02 20:38:55,833 ] - [INFO    ] - root - Creating Metadata Folder...
[ 2019-02-02 20:38:55,833 ] - [INFO    ] - root - Copying release-hammerhead.json
[ 2019-02-02 20:38:55,834 ] - [INFO    ] - root - Copying Readme.md
[ 2019-02-02 20:38:55,834 ] - [INFO    ] - root - Checking Mount point
[ 2019-02-02 20:38:55,834 ] - [DEBUG   ] - root - Creating Releases Folder
[ 2019-02-02 20:38:55,835 ] - [INFO    ] - root - Copying Email from /mnt/lineage/app/Email/Email.apk
[ 2019-02-02 20:38:55,852 ] - [INFO    ] - root - Copying Gallery from /mnt/lineage/priv-app/Gallery2/Gallery2.apk
[ 2019-02-02 20:38:55,877 ] - [INFO    ] - root - Copying Music from /mnt/lineage/priv-app/Eleven/Eleven.apk
[ 2019-02-02 20:38:55,889 ] - [INFO    ] - root - Copying Calendar from /mnt/lineage/app/Calendar/Calendar.apk
[ 2019-02-02 20:38:55,895 ] - [INFO    ] - root - Copying Jelly from /mnt/lineage/app/Jelly/Jelly.apk
[ 2019-02-02 20:38:55,900 ] - [INFO    ] - root - Copying Trebuchet from /mnt/lineage/priv-app/Trebuchet/Trebuchet.apk
[ 2019-02-02 20:38:55,903 ] - [INFO    ] - root - Copying Recorder from /mnt/lineage/priv-app/Recorder/Recorder.apk
[ 2019-02-02 20:38:55,906 ] - [INFO    ] - root - Copying Messaging from /mnt/lineage/app/messaging/messaging.apk
[ 2019-02-02 20:38:55,921 ] - [INFO    ] - root - Copying DeskClock from /mnt/lineage/app/DeskClock/DeskClock.apk
[ 2019-02-02 20:38:55,933 ] - [INFO    ] - root - Copying Release Notes...
