[ 2019-02-01 21:13:53,080 ] - [DEBUG   ] - root - ------------------------System Info------------------------------
[ 2019-02-01 21:13:53,083 ] - [DEBUG   ] - root - Platform : Linux, Version: #124~14.04.1-Ubuntu SMP Fri Nov 10 19:05:36 UTC 2017
[ 2019-02-01 21:13:53,083 ] - [DEBUG   ] - root - Hostname : travis-job-820347f8-e697-41a6-a3b8-c35ee441a697
[ 2019-02-01 21:13:53,084 ] - [DEBUG   ] - root - Python Version : 3.6.3
[ 2019-02-01 21:13:53,099 ] - [DEBUG   ] - root - Platform Arch : ('64bit', 'ELF')
[ 2019-02-01 21:13:53,100 ] - [DEBUG   ] - root - -----------------------------------------------------------------
[ 2019-02-01 21:13:53,100 ] - [INFO    ] - root - Getting LOS Download page for bullhead ...
[ 2019-02-01 21:13:53,100 ] - [DEBUG   ] - root - Getting Download Page for bullhead
[ 2019-02-01 21:13:53,100 ] - [INFO    ] - root - Attempting to download : LineageOS_Downlad_Page.html
[ 2019-02-01 21:13:53,100 ] - [INFO    ] - root - From URL: https://download.lineageos.org/bullhead
[ 2019-02-01 21:13:53,101 ] - [INFO    ] - root - Downloading file.....
[ 2019-02-01 21:13:53,107 ] - [DEBUG   ] - urllib3.connectionpool - Starting new HTTPS connection (1): download.lineageos.org:443
[ 2019-02-01 21:13:53,278 ] - [DEBUG   ] - urllib3.connectionpool - https://download.lineageos.org:443 "GET /bullhead HTTP/1.1" 200 None
[ 2019-02-01 21:13:53,279 ] - [DEBUG   ] - root - Response code is 200
[ 2019-02-01 21:13:53,281 ] - [DEBUG   ] - root - LineageOS_Downlad_Page.html file exists.
[ 2019-02-01 21:13:53,281 ] - [INFO    ] - root - Parsing HTML page...
[ 2019-02-01 21:13:53,333 ] - [DEBUG   ] - root - ----------------------------------------------------------
[ 2019-02-01 21:13:53,333 ] - [DEBUG   ] - root - ------------------Parsed Variables------------------------
[ 2019-02-01 21:13:53,333 ] - [DEBUG   ] - root - LOS_REL_TYPE = ['nightly', 'nightly', 'nightly', 'nightly', 'nightly', 'nightly', 'nightly', 'nightly', 'nightly', 'nightly']
[ 2019-02-01 21:13:53,333 ] - [DEBUG   ] - root - LOS_REL_VERSION = ['15.1', '15.1', '15.1', '15.1', '15.1', '15.1', '15.1', '15.1', '15.1', '15.1']
[ 2019-02-01 21:13:53,334 ] - [DEBUG   ] - root - LOS_REL_URL = ['https://mirrorbits.lineageos.org/full/bullhead/20190201/lineage-15.1-20190201-nightly-bullhead-signed.zip', 'https://mirrorbits.lineageos.org/full/bullhead/20190131/lineage-15.1-20190131-nightly-bullhead-signed.zip', 'https://mirrorbits.lineageos.org/full/bullhead/20190130/lineage-15.1-20190130-nightly-bullhead-signed.zip', 'https://mirrorbits.lineageos.org/full/bullhead/20190129/lineage-15.1-20190129-nightly-bullhead-signed.zip', 'https://mirrorbits.lineageos.org/full/bullhead/20190128/lineage-15.1-20190128-nightly-bullhead-signed.zip', 'https://mirrorbits.lineageos.org/full/bullhead/20190127/lineage-15.1-20190127-nightly-bullhead-signed.zip', 'https://mirrorbits.lineageos.org/full/bullhead/20190126/lineage-15.1-20190126-nightly-bullhead-signed.zip', 'https://mirrorbits.lineageos.org/full/bullhead/20190124/lineage-15.1-20190124-nightly-bullhead-signed.zip', 'https://mirrorbits.lineageos.org/full/bullhead/20190123/lineage-15.1-20190123-nightly-bullhead-signed.zip', 'https://mirrorbits.lineageos.org/full/bullhead/20190122/lineage-15.1-20190122-nightly-bullhead-signed.zip']
[ 2019-02-01 21:13:53,334 ] - [DEBUG   ] - root - LOS_REL_SIZE = ['417.52 MB', '417.52 MB', '417.53 MB', '417.52 MB', '417.51 MB', '417.51 MB', '417.51 MB', '417.52 MB', '417.51 MB', '417.52 MB']
[ 2019-02-01 21:13:53,334 ] - [DEBUG   ] - root - LOS_REL_DATE = ['2019-02-01', '2019-01-31', '2019-01-30', '2019-01-29', '2019-01-28', '2019-01-27', '2019-01-26', '2019-01-24', '2019-01-23', '2019-01-22']
[ 2019-02-01 21:13:53,334 ] - [DEBUG   ] - root - REL_TAG is 15.1.2019-02-01
[ 2019-02-01 21:13:53,334 ] - [DEBUG   ] - root - ----------------------------------------------------------
[ 2019-02-01 21:13:53,334 ] - [DEBUG   ] - root - ----------------------------------------------------------
[ 2019-02-01 21:13:53,334 ] - [INFO    ] - root - Downloading ZIP File ...
[ 2019-02-01 21:13:53,334 ] - [INFO    ] - root - Attempting to download : LineageOS.zip
[ 2019-02-01 21:13:53,334 ] - [INFO    ] - root - From URL: https://mirrorbits.lineageos.org/full/bullhead/20190201/lineage-15.1-20190201-nightly-bullhead-signed.zip
[ 2019-02-01 21:13:53,334 ] - [INFO    ] - root - Downloading file.....
[ 2019-02-01 21:13:53,337 ] - [DEBUG   ] - urllib3.connectionpool - Starting new HTTPS connection (1): mirrorbits.lineageos.org:443
[ 2019-02-01 21:13:53,872 ] - [DEBUG   ] - urllib3.connectionpool - https://mirrorbits.lineageos.org:443 "GET /full/bullhead/20190201/lineage-15.1-20190201-nightly-bullhead-signed.zip HTTP/1.1" 302 135
[ 2019-02-01 21:13:53,875 ] - [DEBUG   ] - urllib3.connectionpool - Starting new HTTPS connection (1): ftp.acc.umu.se:443
[ 2019-02-01 21:13:54,548 ] - [DEBUG   ] - urllib3.connectionpool - https://ftp.acc.umu.se:443 "GET /mirror/lineageos/full/bullhead/20190201/lineage-15.1-20190201-nightly-bullhead-signed.zip HTTP/1.1" 302 422
[ 2019-02-01 21:13:54,553 ] - [DEBUG   ] - urllib3.connectionpool - Starting new HTTPS connection (1): gensho.ftp.acc.umu.se:443
[ 2019-02-01 21:13:55,231 ] - [DEBUG   ] - urllib3.connectionpool - https://gensho.ftp.acc.umu.se:443 "GET /mirror/lineageos/full/bullhead/20190201/lineage-15.1-20190201-nightly-bullhead-signed.zip HTTP/1.1" 200 437806302
[ 2019-02-01 21:13:55,234 ] - [DEBUG   ] - root - Response code is 200
[ 2019-02-01 21:14:28,526 ] - [INFO    ] - root - Getting Checksum File...
[ 2019-02-01 21:14:28,526 ] - [INFO    ] - root - Attempting to download : LineageOS_ZIP_SHA256.txt
[ 2019-02-01 21:14:28,526 ] - [INFO    ] - root - From URL: https://mirrorbits.lineageos.org/full/bullhead/20190201/lineage-15.1-20190201-nightly-bullhead-signed.zip?sha256
[ 2019-02-01 21:14:28,526 ] - [INFO    ] - root - Downloading file.....
[ 2019-02-01 21:14:28,529 ] - [DEBUG   ] - urllib3.connectionpool - Starting new HTTPS connection (1): mirrorbits.lineageos.org:443
[ 2019-02-01 21:14:28,986 ] - [DEBUG   ] - urllib3.connectionpool - https://mirrorbits.lineageos.org:443 "GET /full/bullhead/20190201/lineage-15.1-20190201-nightly-bullhead-signed.zip?sha256 HTTP/1.1" 200 115
[ 2019-02-01 21:14:28,987 ] - [DEBUG   ] - root - Response code is 200
[ 2019-02-01 21:14:28,988 ] - [INFO    ] - root - Verifying ZIP file checksums...
[ 2019-02-01 21:14:28,989 ] - [DEBUG   ] - root - File's LineageOS_ZIP_SHA256.txt present on FS.
[ 2019-02-01 21:14:28,989 ] - [DEBUG   ] - root - File LineageOS.zip is present on the FS.
[ 2019-02-01 21:14:31,026 ] - [DEBUG   ] - root - SHA256 hash for LineageOS.zip is : 117c75742dcfd6682f68ef4bf4bfb3a993a133bfd36a3fa24b09d64d3b877e69
[ 2019-02-01 21:14:31,026 ] - [DEBUG   ] - root - SHA256 hash SHOULD BE : 117c75742dcfd6682f68ef4bf4bfb3a993a133bfd36a3fa24b09d64d3b877e69
[ 2019-02-01 21:14:31,026 ] - [DEBUG   ] - root - File Hashes Match.
[ 2019-02-01 21:14:31,026 ] - [INFO    ] - root - Woohooo.. ZIP File's Checksum matches.
[ 2019-02-01 21:14:31,027 ] - [INFO    ] - root - Extracting from ZIP File ....
[ 2019-02-01 21:14:31,027 ] - [INFO    ] - root - Deleting old files if any....
[ 2019-02-01 21:14:31,027 ] - [DEBUG   ] - root - Deleting old DAT files (if any)
[ 2019-02-01 21:14:31,028 ] - [DEBUG   ] - root - Deleting old IMG file (if any)
[ 2019-02-01 21:14:32,268 ] - [INFO    ] - root - Getting Info about last build & release...
[ 2019-02-01 21:14:32,268 ] - [DEBUG   ] - root - Downloading OLD release.json
[ 2019-02-01 21:14:32,268 ] - [INFO    ] - root - Attempting to download : old_release.json
[ 2019-02-01 21:14:32,268 ] - [INFO    ] - root - From URL: https://raw.githubusercontent.com/tprasadtp/lineageos-apk-extractor/gh-pages/release.json
[ 2019-02-01 21:14:32,269 ] - [INFO    ] - root - Downloading file.....
[ 2019-02-01 21:14:32,271 ] - [DEBUG   ] - urllib3.connectionpool - Starting new HTTPS connection (1): raw.githubusercontent.com:443
[ 2019-02-01 21:14:32,424 ] - [DEBUG   ] - urllib3.connectionpool - https://raw.githubusercontent.com:443 "GET /tprasadtp/lineageos-apk-extractor/gh-pages/release.json HTTP/1.1" 200 346
[ 2019-02-01 21:14:32,424 ] - [DEBUG   ] - root - Response code is 200
[ 2019-02-01 21:14:32,426 ] - [DEBUG   ] - root - Reading old release.json file...
[ 2019-02-01 21:14:32,426 ] - [INFO    ] - root - Last Build was 1548450808
[ 2019-02-01 21:14:32,426 ] - [INFO    ] - root - Last Release Tag was 15.1.2019-01-24
[ 2019-02-01 21:14:32,426 ] - [INFO    ] - root - Last Release TS was 25 Jan at 21:13
[ 2019-02-01 21:14:32,427 ] - [INFO    ] - root - Preparing Metadata....
[ 2019-02-01 21:14:32,427 ] - [INFO    ] - root - This release is New. GH Releases will be enabled if on MASTER
[ 2019-02-01 21:14:32,427 ] - [INFO    ] - root - Generating Release Notes...
[ 2019-02-01 21:14:32,427 ] - [DEBUG   ] - root - Generated Release Notes.
[ 2019-02-01 21:14:32,428 ] - [INFO    ] - root - Generating release.json
[ 2019-02-01 21:14:32,428 ] - [DEBUG   ] - root - Writing release.json
[ 2019-02-01 21:14:32,428 ] - [DEBUG   ] - root - JSON Dump is : {"version": 3, "ci": {"build_date": 1549055633, "build_date_human": "01 Feb at 21:13", "build_number": "100", "node_name": "travis-job-820347f8-e697-41a6-a3b8-c35ee441a697", "deployed": "Yes"}, "lineage": {"version": "15.1", "build": "2019-02-01", "build_type": "nightly", "zip_file": "https://mirrorbits.lineageos.org/full/bullhead/20190201/lineage-15.1-20190201-nightly-bullhead-signed.zip"}, "release": {"tag": "15.1.2019-02-01", "link": "https://github.com/tprasadtp/lineageos-apk-extractor/releases/tag/15.1.2019-02-01", "human_ts": "01 Feb at 21:13"}}
[ 2019-02-01 21:14:32,428 ] - [INFO    ] - root - Writing exporter script...
[ 2019-02-01 21:14:32,428 ] - [DEBUG   ] - root - Writing flags.sh
[ 2019-02-01 21:15:23,600 ] - [DEBUG   ] - root - Setting TAG Variable
[ 2019-02-01 21:15:23,600 ] - [INFO    ] - root - Reading json data from file.
[ 2019-02-01 21:15:23,601 ] - [INFO    ] - root - Copying Metadata
[ 2019-02-01 21:15:23,601 ] - [INFO    ] - root - Creating Metadata Folder...
[ 2019-02-01 21:15:23,602 ] - [INFO    ] - root - Copying release.json
[ 2019-02-01 21:15:23,602 ] - [INFO    ] - root - Checking Mount point
[ 2019-02-01 21:15:23,602 ] - [DEBUG   ] - root - Creating Releases Folder
[ 2019-02-01 21:15:23,603 ] - [INFO    ] - root - Copying Email from /mnt/lineage/app/Email/Email.apk
[ 2019-02-01 21:15:23,614 ] - [INFO    ] - root - Copying Gallery from /mnt/lineage/priv-app/Gallery2/Gallery2.apk
[ 2019-02-01 21:15:23,632 ] - [INFO    ] - root - Copying Music from /mnt/lineage/priv-app/Eleven/Eleven.apk
[ 2019-02-01 21:15:23,641 ] - [INFO    ] - root - Copying Calendar from /mnt/lineage/app/Calendar/Calendar.apk
[ 2019-02-01 21:15:23,647 ] - [INFO    ] - root - Copying Jelly from /mnt/lineage/app/Jelly/Jelly.apk
[ 2019-02-01 21:15:23,650 ] - [INFO    ] - root - Copying Trebuchet from /mnt/lineage/priv-app/Trebuchet/Trebuchet.apk
[ 2019-02-01 21:15:23,654 ] - [INFO    ] - root - Copying Snap from  /mnt/lineage/priv-app/Snap/Snap.apk
[ 2019-02-01 21:15:23,654 ] - [ERROR   ] - root - Failed to Copy Snap
[ 2019-02-01 21:15:23,655 ] - [ERROR   ] - root - [Errno 2] No such file or directory: ' /mnt/lineage/priv-app/Snap/Snap.apk'
Traceback (most recent call last):
  File "./copy_files.py", line 110, in copy_release_files
    shutil.copy2(path, RELEASE_DIR / fname)
  File "/home/travis/virtualenv/python3.6.3/lib/python3.6/shutil.py", line 257, in copy2
    copyfile(src, dst, follow_symlinks=follow_symlinks)
  File "/home/travis/virtualenv/python3.6.3/lib/python3.6/shutil.py", line 120, in copyfile
    with open(src, 'rb') as fsrc:
FileNotFoundError: [Errno 2] No such file or directory: ' /mnt/lineage/priv-app/Snap/Snap.apk'
[ 2019-02-01 21:15:23,659 ] - [INFO    ] - root - Copying Recorder from /mnt/lineage/priv-app/Recorder/Recorder.apk
[ 2019-02-01 21:15:23,664 ] - [INFO    ] - root - Copying Messaging from /mnt/lineage/app/messaging/messaging.apk
[ 2019-02-01 21:15:23,676 ] - [INFO    ] - root - Copying DeskClock from /mnt/lineage/app/DeskClock/DeskClock.apk
[ 2019-02-01 21:15:23,685 ] - [INFO    ] - root - GH Releases is not enabled. Not Copying Release Notes.
