[ 2018-10-27 14:58:22,384 ] - [DEBUG   ] - root - ------------------------System Info------------------------------
[ 2018-10-27 14:58:22,387 ] - [DEBUG   ] - root - Platform : Linux, Version: #124~14.04.1-Ubuntu SMP Fri Nov 10 19:05:36 UTC 2017
[ 2018-10-27 14:58:22,387 ] - [DEBUG   ] - root - Hostname : travis-job-3777ea4a-7404-4031-8efc-ab92dd6de749
[ 2018-10-27 14:58:22,388 ] - [DEBUG   ] - root - Python Version : 3.6.3
[ 2018-10-27 14:58:22,404 ] - [DEBUG   ] - root - Platform Arch : ('64bit', 'ELF')
[ 2018-10-27 14:58:22,405 ] - [DEBUG   ] - root - -----------------------------------------------------------------
[ 2018-10-27 14:58:22,405 ] - [INFO    ] - root - Getting LOS Download page for bullhead ...
[ 2018-10-27 14:58:22,405 ] - [DEBUG   ] - root - Getting Download Page for bullhead
[ 2018-10-27 14:58:22,405 ] - [INFO    ] - root - Attempting to download : LineageOS_Downlad_Page.html
[ 2018-10-27 14:58:22,405 ] - [INFO    ] - root - From URL: https://download.lineageos.org/bullhead
[ 2018-10-27 14:58:22,405 ] - [INFO    ] - root - Downloading file.....
[ 2018-10-27 14:58:22,414 ] - [DEBUG   ] - urllib3.connectionpool - Starting new HTTPS connection (1): download.lineageos.org:443
[ 2018-10-27 14:58:22,545 ] - [DEBUG   ] - urllib3.connectionpool - https://download.lineageos.org:443 "GET /bullhead HTTP/1.1" 200 None
[ 2018-10-27 14:58:22,546 ] - [DEBUG   ] - root - Response code is 200
[ 2018-10-27 14:58:22,548 ] - [DEBUG   ] - root - LineageOS_Downlad_Page.html file exists.
[ 2018-10-27 14:58:22,548 ] - [INFO    ] - root - Parsing HTML page...
[ 2018-10-27 14:58:22,611 ] - [DEBUG   ] - root - ----------------------------------------------------------
[ 2018-10-27 14:58:22,611 ] - [DEBUG   ] - root - ------------------Parsed Variables------------------------
[ 2018-10-27 14:58:22,611 ] - [DEBUG   ] - root - LOS_REL_TYPE = ['nightly', 'nightly', 'nightly', 'nightly', 'nightly']
[ 2018-10-27 14:58:22,611 ] - [DEBUG   ] - root - LOS_REL_VERSION = ['15.1', '15.1', '15.1', '15.1', '15.1']
[ 2018-10-27 14:58:22,611 ] - [DEBUG   ] - root - LOS_REL_URL = ['https://mirrorbits.lineageos.org/full/bullhead/20181022/lineage-15.1-20181022-nightly-bullhead-signed.zip', 'https://mirrorbits.lineageos.org/full/bullhead/20181015/lineage-15.1-20181015-nightly-bullhead-signed.zip', 'https://mirrorbits.lineageos.org/full/bullhead/20181008/lineage-15.1-20181008-nightly-bullhead-signed.zip', 'https://mirrorbits.lineageos.org/full/bullhead/20181001/lineage-15.1-20181001-nightly-bullhead-signed.zip', 'https://mirrorbits.lineageos.org/full/bullhead/20180924/lineage-15.1-20180924-nightly-bullhead-signed.zip']
[ 2018-10-27 14:58:22,611 ] - [DEBUG   ] - root - LOS_REL_SIZE = ['432.65 MB', '432.66 MB', '432.48 MB', '431.03 MB', '431.05 MB']
[ 2018-10-27 14:58:22,611 ] - [DEBUG   ] - root - LOS_REL_DATE = ['2018-10-22', '2018-10-15', '2018-10-08', '2018-10-01', '2018-09-24']
[ 2018-10-27 14:58:22,611 ] - [DEBUG   ] - root - REL_TAG is 15.1.2018-10-22
[ 2018-10-27 14:58:22,611 ] - [DEBUG   ] - root - ----------------------------------------------------------
[ 2018-10-27 14:58:22,611 ] - [DEBUG   ] - root - ----------------------------------------------------------
[ 2018-10-27 14:58:22,611 ] - [INFO    ] - root - Downloading ZIP File ...
[ 2018-10-27 14:58:22,611 ] - [INFO    ] - root - Attempting to download : LineageOS.zip
[ 2018-10-27 14:58:22,611 ] - [INFO    ] - root - From URL: https://mirrorbits.lineageos.org/full/bullhead/20181022/lineage-15.1-20181022-nightly-bullhead-signed.zip
[ 2018-10-27 14:58:22,612 ] - [INFO    ] - root - Downloading file.....
[ 2018-10-27 14:58:22,614 ] - [DEBUG   ] - urllib3.connectionpool - Starting new HTTPS connection (1): mirrorbits.lineageos.org:443
[ 2018-10-27 14:58:23,110 ] - [DEBUG   ] - urllib3.connectionpool - https://mirrorbits.lineageos.org:443 "GET /full/bullhead/20181022/lineage-15.1-20181022-nightly-bullhead-signed.zip HTTP/1.1" 302 143
[ 2018-10-27 14:58:23,114 ] - [DEBUG   ] - urllib3.connectionpool - Starting new HTTPS connection (1): mirror.math.princeton.edu:443
[ 2018-10-27 14:58:23,245 ] - [DEBUG   ] - urllib3.connectionpool - https://mirror.math.princeton.edu:443 "GET /pub/lineageos/full/bullhead/20181022/lineage-15.1-20181022-nightly-bullhead-signed.zip HTTP/1.1" 200 453667394
[ 2018-10-27 14:58:23,247 ] - [DEBUG   ] - root - Response code is 200
[ 2018-10-27 14:58:36,655 ] - [INFO    ] - root - Getting Checksum File...
[ 2018-10-27 14:58:36,656 ] - [INFO    ] - root - Attempting to download : LineageOS_ZIP_SHA256.txt
[ 2018-10-27 14:58:36,656 ] - [INFO    ] - root - From URL: https://mirrorbits.lineageos.org/full/bullhead/20181022/lineage-15.1-20181022-nightly-bullhead-signed.zip?sha256
[ 2018-10-27 14:58:36,656 ] - [INFO    ] - root - Downloading file.....
[ 2018-10-27 14:58:36,659 ] - [DEBUG   ] - urllib3.connectionpool - Starting new HTTPS connection (1): mirrorbits.lineageos.org:443
[ 2018-10-27 14:58:37,163 ] - [DEBUG   ] - urllib3.connectionpool - https://mirrorbits.lineageos.org:443 "GET /full/bullhead/20181022/lineage-15.1-20181022-nightly-bullhead-signed.zip?sha256 HTTP/1.1" 200 115
[ 2018-10-27 14:58:37,164 ] - [DEBUG   ] - root - Response code is 200
[ 2018-10-27 14:58:37,166 ] - [INFO    ] - root - Verifying ZIP file checksums...
[ 2018-10-27 14:58:37,166 ] - [DEBUG   ] - root - File's LineageOS_ZIP_SHA256.txt present on FS.
[ 2018-10-27 14:58:37,166 ] - [DEBUG   ] - root - File LineageOS.zip is present on the FS.
[ 2018-10-27 14:58:39,273 ] - [DEBUG   ] - root - SHA256 hash for LineageOS.zip is : 3c0525b2b4cb20602ca43f7c1b540ab2709e373d693a91d7eaf572cacc333def
[ 2018-10-27 14:58:39,274 ] - [DEBUG   ] - root - SHA256 hash SHOULD BE : 3c0525b2b4cb20602ca43f7c1b540ab2709e373d693a91d7eaf572cacc333def
[ 2018-10-27 14:58:39,274 ] - [DEBUG   ] - root - File Hashes Match.
[ 2018-10-27 14:58:39,274 ] - [INFO    ] - root - Woohooo.. ZIP File's Checksum matches.
[ 2018-10-27 14:58:39,274 ] - [INFO    ] - root - Extracting from ZIP File ....
[ 2018-10-27 14:58:39,274 ] - [INFO    ] - root - Deleting old files if any....
[ 2018-10-27 14:58:39,274 ] - [DEBUG   ] - root - Deleting old DAT files (if any)
[ 2018-10-27 14:58:39,275 ] - [DEBUG   ] - root - Deleting old IMG file (if any)
[ 2018-10-27 14:58:40,591 ] - [INFO    ] - root - Downloading OLD release.json
[ 2018-10-27 14:58:40,591 ] - [INFO    ] - root - Attempting to download : old_release.json
[ 2018-10-27 14:58:40,592 ] - [INFO    ] - root - From URL: https://raw.githubusercontent.com/tprasadtp/lineageos-apk-extractor/metadata/release.json
[ 2018-10-27 14:58:40,592 ] - [INFO    ] - root - Downloading file.....
[ 2018-10-27 14:58:40,594 ] - [DEBUG   ] - urllib3.connectionpool - Starting new HTTPS connection (1): raw.githubusercontent.com:443
[ 2018-10-27 14:58:40,711 ] - [DEBUG   ] - urllib3.connectionpool - https://raw.githubusercontent.com:443 "GET /tprasadtp/lineageos-apk-extractor/metadata/release.json HTTP/1.1" 200 345
[ 2018-10-27 14:58:40,712 ] - [DEBUG   ] - root - Response code is 200
[ 2018-10-27 14:58:40,713 ] - [INFO    ] - root - Preparing Metadata....
[ 2018-10-27 14:58:40,713 ] - [INFO    ] - root - Checking last build date...
[ 2018-10-27 14:58:40,714 ] - [INFO    ] - root - Last Build was 1540651083
[ 2018-10-27 14:58:40,714 ] - [INFO    ] - root - Last Release Tag was 15.1.2018-10-00
[ 2018-10-27 14:58:40,714 ] - [INFO    ] - root - This release is New. GH Releases will be enabled if on MASTER
[ 2018-10-27 14:58:40,714 ] - [INFO    ] - root - Generating Exporter Scripts...
[ 2018-10-27 14:58:40,714 ] - [INFO    ] - root - Generating Release Notes...
[ 2018-10-27 14:58:40,714 ] - [DEBUG   ] - root - Generated Release Notes
[ 2018-10-27 14:58:40,714 ] - [INFO    ] - root - Generating release.json
[ 2018-10-27 14:58:40,715 ] - [DEBUG   ] - root - JSON Dump is : {"version": 2, "ci": {"build_date": 1540652320, "build_ts": "02:58 PM UTC on Oct 27, 2018", "node_name": "travis-job-3777ea4a-7404-4031-8efc-ab92dd6de749", "deployed": "true"}, "lineage": {"version": "15.1", "build": "2018-10-22", "build_type": "nightly", "zip_file": "https://mirrorbits.lineageos.org/full/bullhead/20181022/lineage-15.1-20181022-nightly-bullhead-signed.zip"}, "release": {"tag": "15.1.2018-10-22", "link": "https://github.com/tprasadtp/lineageos-apk-extractor/releases/tag/15.1.2018-10-22"}}
[ 2018-10-27 14:59:39,919 ] - [DEBUG   ] - root - Setting TAG Variable
[ 2018-10-27 14:59:39,919 ] - [INFO    ] - root - Reading json data from file.
[ 2018-10-27 14:59:39,919 ] - [INFO    ] - root - Copying Metadata
[ 2018-10-27 14:59:39,919 ] - [INFO    ] - root - Creating Metadata Folder...
[ 2018-10-27 14:59:39,920 ] - [INFO    ] - root - Copying release.json
[ 2018-10-27 14:59:39,921 ] - [INFO    ] - root - Checking Mount point
[ 2018-10-27 14:59:39,921 ] - [DEBUG   ] - root - Creating Releases Folder
[ 2018-10-27 14:59:39,921 ] - [INFO    ] - root - Copying Email from /mnt/lineage/app/Email/Email.apk
[ 2018-10-27 14:59:39,931 ] - [INFO    ] - root - Copying Gallery from /mnt/lineage/priv-app/Gallery2/Gallery2.apk
[ 2018-10-27 14:59:39,947 ] - [INFO    ] - root - Copying Music from /mnt/lineage/priv-app/Eleven/Eleven.apk
[ 2018-10-27 14:59:39,958 ] - [INFO    ] - root - Copying Calendar from /mnt/lineage/app/Calendar/Calendar.apk
[ 2018-10-27 14:59:39,965 ] - [INFO    ] - root - Copying Jelly from /mnt/lineage/app/Jelly/Jelly.apk
[ 2018-10-27 14:59:39,968 ] - [INFO    ] - root - Copying Trebuchet from /mnt/lineage/priv-app/Trebuchet/Trebuchet.apk
[ 2018-10-27 14:59:39,972 ] - [INFO    ] - root - Copying Release Notes...
