[ 2018-12-07 21:09:47,434 ] - [DEBUG   ] - root - ------------------------System Info------------------------------
[ 2018-12-07 21:09:47,436 ] - [DEBUG   ] - root - Platform : Linux, Version: #124~14.04.1-Ubuntu SMP Fri Nov 10 19:05:36 UTC 2017
[ 2018-12-07 21:09:47,437 ] - [DEBUG   ] - root - Hostname : travis-job-6058077d-2fed-49fc-ade9-50ee295bbc98
[ 2018-12-07 21:09:47,437 ] - [DEBUG   ] - root - Python Version : 3.6.3
[ 2018-12-07 21:09:47,452 ] - [DEBUG   ] - root - Platform Arch : ('64bit', 'ELF')
[ 2018-12-07 21:09:47,452 ] - [DEBUG   ] - root - -----------------------------------------------------------------
[ 2018-12-07 21:09:47,452 ] - [INFO    ] - root - Getting LOS Download page for bullhead ...
[ 2018-12-07 21:09:47,452 ] - [DEBUG   ] - root - Getting Download Page for bullhead
[ 2018-12-07 21:09:47,452 ] - [INFO    ] - root - Attempting to download : LineageOS_Downlad_Page.html
[ 2018-12-07 21:09:47,453 ] - [INFO    ] - root - From URL: https://download.lineageos.org/bullhead
[ 2018-12-07 21:09:47,453 ] - [INFO    ] - root - Downloading file.....
[ 2018-12-07 21:09:47,460 ] - [DEBUG   ] - urllib3.connectionpool - Starting new HTTPS connection (1): download.lineageos.org:443
[ 2018-12-07 21:09:47,616 ] - [DEBUG   ] - urllib3.connectionpool - https://download.lineageos.org:443 "GET /bullhead HTTP/1.1" 200 None
[ 2018-12-07 21:09:47,616 ] - [DEBUG   ] - root - Response code is 200
[ 2018-12-07 21:09:47,619 ] - [DEBUG   ] - root - LineageOS_Downlad_Page.html file exists.
[ 2018-12-07 21:09:47,619 ] - [INFO    ] - root - Parsing HTML page...
[ 2018-12-07 21:09:47,679 ] - [DEBUG   ] - root - ----------------------------------------------------------
[ 2018-12-07 21:09:47,679 ] - [DEBUG   ] - root - ------------------Parsed Variables------------------------
[ 2018-12-07 21:09:47,679 ] - [DEBUG   ] - root - LOS_REL_TYPE = ['nightly', 'nightly', 'nightly', 'nightly', 'nightly', 'nightly', 'nightly', 'nightly', 'nightly', 'nightly']
[ 2018-12-07 21:09:47,679 ] - [DEBUG   ] - root - LOS_REL_VERSION = ['15.1', '15.1', '15.1', '15.1', '15.1', '15.1', '15.1', '15.1', '15.1', '15.1']
[ 2018-12-07 21:09:47,679 ] - [DEBUG   ] - root - LOS_REL_URL = ['https://mirrorbits.lineageos.org/full/bullhead/20181207/lineage-15.1-20181207-nightly-bullhead-signed.zip', 'https://mirrorbits.lineageos.org/full/bullhead/20181206/lineage-15.1-20181206-nightly-bullhead-signed.zip', 'https://mirrorbits.lineageos.org/full/bullhead/20181205/lineage-15.1-20181205-nightly-bullhead-signed.zip', 'https://mirrorbits.lineageos.org/full/bullhead/20181204/lineage-15.1-20181204-nightly-bullhead-signed.zip', 'https://mirrorbits.lineageos.org/full/bullhead/20181203/lineage-15.1-20181203-nightly-bullhead-signed.zip', 'https://mirrorbits.lineageos.org/full/bullhead/20181202/lineage-15.1-20181202-nightly-bullhead-signed.zip', 'https://mirrorbits.lineageos.org/full/bullhead/20181201/lineage-15.1-20181201-nightly-bullhead-signed.zip', 'https://mirrorbits.lineageos.org/full/bullhead/20181130/lineage-15.1-20181130-nightly-bullhead-signed.zip', 'https://mirrorbits.lineageos.org/full/bullhead/20181129/lineage-15.1-20181129-nightly-bullhead-signed.zip', 'https://mirrorbits.lineageos.org/full/bullhead/20181128/lineage-15.1-20181128-nightly-bullhead-signed.zip']
[ 2018-12-07 21:09:47,680 ] - [DEBUG   ] - root - LOS_REL_SIZE = ['434.32 MB', '434.31 MB', '434.31 MB', '434.35 MB', '434.33 MB', '434.33 MB', '434.34 MB', '434.34 MB', '434.33 MB', '434.34 MB']
[ 2018-12-07 21:09:47,680 ] - [DEBUG   ] - root - LOS_REL_DATE = ['2018-12-07', '2018-12-06', '2018-12-05', '2018-12-04', '2018-12-03', '2018-12-02', '2018-12-01', '2018-11-30', '2018-11-29', '2018-11-28']
[ 2018-12-07 21:09:47,680 ] - [DEBUG   ] - root - REL_TAG is 15.1.2018-12-07
[ 2018-12-07 21:09:47,680 ] - [DEBUG   ] - root - ----------------------------------------------------------
[ 2018-12-07 21:09:47,680 ] - [DEBUG   ] - root - ----------------------------------------------------------
[ 2018-12-07 21:09:47,680 ] - [INFO    ] - root - Downloading ZIP File ...
[ 2018-12-07 21:09:47,680 ] - [INFO    ] - root - Attempting to download : LineageOS.zip
[ 2018-12-07 21:09:47,680 ] - [INFO    ] - root - From URL: https://mirrorbits.lineageos.org/full/bullhead/20181207/lineage-15.1-20181207-nightly-bullhead-signed.zip
[ 2018-12-07 21:09:47,680 ] - [INFO    ] - root - Downloading file.....
[ 2018-12-07 21:09:47,684 ] - [DEBUG   ] - urllib3.connectionpool - Starting new HTTPS connection (1): mirrorbits.lineageos.org:443
[ 2018-12-07 21:09:48,162 ] - [DEBUG   ] - urllib3.connectionpool - https://mirrorbits.lineageos.org:443 "GET /full/bullhead/20181207/lineage-15.1-20181207-nightly-bullhead-signed.zip HTTP/1.1" 302 135
[ 2018-12-07 21:09:48,166 ] - [DEBUG   ] - urllib3.connectionpool - Starting new HTTPS connection (1): ftp.acc.umu.se:443
[ 2018-12-07 21:09:48,840 ] - [DEBUG   ] - urllib3.connectionpool - https://ftp.acc.umu.se:443 "GET /mirror/lineageos/full/bullhead/20181207/lineage-15.1-20181207-nightly-bullhead-signed.zip HTTP/1.1" 302 422
[ 2018-12-07 21:09:48,845 ] - [DEBUG   ] - urllib3.connectionpool - Starting new HTTPS connection (1): caesar.ftp.acc.umu.se:443
[ 2018-12-07 21:09:49,641 ] - [DEBUG   ] - urllib3.connectionpool - https://caesar.ftp.acc.umu.se:443 "GET /mirror/lineageos/full/bullhead/20181207/lineage-15.1-20181207-nightly-bullhead-signed.zip HTTP/1.1" 200 455412818
[ 2018-12-07 21:09:49,643 ] - [DEBUG   ] - root - Response code is 200
[ 2018-12-07 21:11:12,772 ] - [INFO    ] - root - Getting Checksum File...
[ 2018-12-07 21:11:12,772 ] - [INFO    ] - root - Attempting to download : LineageOS_ZIP_SHA256.txt
[ 2018-12-07 21:11:12,772 ] - [INFO    ] - root - From URL: https://mirrorbits.lineageos.org/full/bullhead/20181207/lineage-15.1-20181207-nightly-bullhead-signed.zip?sha256
[ 2018-12-07 21:11:12,772 ] - [INFO    ] - root - Downloading file.....
[ 2018-12-07 21:11:12,775 ] - [DEBUG   ] - urllib3.connectionpool - Starting new HTTPS connection (1): mirrorbits.lineageos.org:443
[ 2018-12-07 21:11:13,230 ] - [DEBUG   ] - urllib3.connectionpool - https://mirrorbits.lineageos.org:443 "GET /full/bullhead/20181207/lineage-15.1-20181207-nightly-bullhead-signed.zip?sha256 HTTP/1.1" 200 115
[ 2018-12-07 21:11:13,231 ] - [DEBUG   ] - root - Response code is 200
[ 2018-12-07 21:11:13,232 ] - [INFO    ] - root - Verifying ZIP file checksums...
[ 2018-12-07 21:11:13,232 ] - [DEBUG   ] - root - File's LineageOS_ZIP_SHA256.txt present on FS.
[ 2018-12-07 21:11:13,233 ] - [DEBUG   ] - root - File LineageOS.zip is present on the FS.
[ 2018-12-07 21:11:15,344 ] - [DEBUG   ] - root - SHA256 hash for LineageOS.zip is : 756732244e1920557f624f3c24d8e502040294bc23dca16eef3310b08c9056ee
[ 2018-12-07 21:11:15,344 ] - [DEBUG   ] - root - SHA256 hash SHOULD BE : 756732244e1920557f624f3c24d8e502040294bc23dca16eef3310b08c9056ee
[ 2018-12-07 21:11:15,345 ] - [DEBUG   ] - root - File Hashes Match.
[ 2018-12-07 21:11:15,345 ] - [INFO    ] - root - Woohooo.. ZIP File's Checksum matches.
[ 2018-12-07 21:11:15,345 ] - [INFO    ] - root - Extracting from ZIP File ....
[ 2018-12-07 21:11:15,345 ] - [INFO    ] - root - Deleting old files if any....
[ 2018-12-07 21:11:15,345 ] - [DEBUG   ] - root - Deleting old DAT files (if any)
[ 2018-12-07 21:11:15,346 ] - [DEBUG   ] - root - Deleting old IMG file (if any)
[ 2018-12-07 21:11:16,617 ] - [INFO    ] - root - Getting Info about last build & release...
[ 2018-12-07 21:11:16,617 ] - [DEBUG   ] - root - Downloading OLD release.json
[ 2018-12-07 21:11:16,617 ] - [INFO    ] - root - Attempting to download : old_release.json
[ 2018-12-07 21:11:16,617 ] - [INFO    ] - root - From URL: https://raw.githubusercontent.com/tprasadtp/lineageos-apk-extractor/gh-pages/release.json
[ 2018-12-07 21:11:16,618 ] - [INFO    ] - root - Downloading file.....
[ 2018-12-07 21:11:16,620 ] - [DEBUG   ] - urllib3.connectionpool - Starting new HTTPS connection (1): raw.githubusercontent.com:443
[ 2018-12-07 21:11:16,763 ] - [DEBUG   ] - urllib3.connectionpool - https://raw.githubusercontent.com:443 "GET /tprasadtp/lineageos-apk-extractor/gh-pages/release.json HTTP/1.1" 200 348
[ 2018-12-07 21:11:16,764 ] - [DEBUG   ] - root - Response code is 200
[ 2018-12-07 21:11:16,766 ] - [DEBUG   ] - root - Reading old release.json file...
[ 2018-12-07 21:11:16,766 ] - [INFO    ] - root - Last Build was 1543612146
[ 2018-12-07 21:11:16,766 ] - [INFO    ] - root - Last Release Tag was 15.1.2018-11-30
[ 2018-12-07 21:11:16,766 ] - [INFO    ] - root - Last Release TS was 30 Nov at 21:09
[ 2018-12-07 21:11:16,767 ] - [INFO    ] - root - Preparing Metadata....
[ 2018-12-07 21:11:16,767 ] - [INFO    ] - root - This release is New. GH Releases will be enabled if on MASTER
[ 2018-12-07 21:11:16,768 ] - [INFO    ] - root - Generating Release Notes...
[ 2018-12-07 21:11:16,768 ] - [DEBUG   ] - root - Generated Release Notes.
[ 2018-12-07 21:11:16,768 ] - [INFO    ] - root - Generating release.json
[ 2018-12-07 21:11:16,768 ] - [DEBUG   ] - root - Writing release.json
[ 2018-12-07 21:11:16,769 ] - [DEBUG   ] - root - JSON Dump is : {"version": 3, "ci": {"build_date": 1544216987, "build_date_human": "07 Dec at 21:09", "build_number": "83", "node_name": "travis-job-6058077d-2fed-49fc-ade9-50ee295bbc98", "deployed": "Yes"}, "lineage": {"version": "15.1", "build": "2018-12-07", "build_type": "nightly", "zip_file": "https://mirrorbits.lineageos.org/full/bullhead/20181207/lineage-15.1-20181207-nightly-bullhead-signed.zip"}, "release": {"tag": "15.1.2018-12-07", "link": "https://github.com/tprasadtp/lineageos-apk-extractor/releases/tag/15.1.2018-12-07", "human_ts": "07 Dec at 21:09"}}
[ 2018-12-07 21:11:16,769 ] - [INFO    ] - root - Writing exporter script...
[ 2018-12-07 21:11:16,769 ] - [DEBUG   ] - root - Writing flags.sh
[ 2018-12-07 21:12:05,255 ] - [DEBUG   ] - root - Setting TAG Variable
[ 2018-12-07 21:12:05,255 ] - [INFO    ] - root - Reading json data from file.
[ 2018-12-07 21:12:05,255 ] - [INFO    ] - root - Copying Metadata
[ 2018-12-07 21:12:05,256 ] - [INFO    ] - root - Creating Metadata Folder...
[ 2018-12-07 21:12:05,256 ] - [INFO    ] - root - Copying release.json
[ 2018-12-07 21:12:05,257 ] - [INFO    ] - root - Checking Mount point
[ 2018-12-07 21:12:05,257 ] - [DEBUG   ] - root - Creating Releases Folder
[ 2018-12-07 21:12:05,257 ] - [INFO    ] - root - Copying Email from /mnt/lineage/app/Email/Email.apk
[ 2018-12-07 21:12:05,270 ] - [INFO    ] - root - Copying Gallery from /mnt/lineage/priv-app/Gallery2/Gallery2.apk
[ 2018-12-07 21:12:05,288 ] - [INFO    ] - root - Copying Music from /mnt/lineage/priv-app/Eleven/Eleven.apk
[ 2018-12-07 21:12:05,295 ] - [INFO    ] - root - Copying Calendar from /mnt/lineage/app/Calendar/Calendar.apk
[ 2018-12-07 21:12:05,302 ] - [INFO    ] - root - Copying Jelly from /mnt/lineage/app/Jelly/Jelly.apk
[ 2018-12-07 21:12:05,304 ] - [INFO    ] - root - Copying Trebuchet from /mnt/lineage/priv-app/Trebuchet/Trebuchet.apk
[ 2018-12-07 21:12:05,308 ] - [INFO    ] - root - Copying Snap from  /mnt/lineage/priv-app/Snap/Snap.apk
[ 2018-12-07 21:12:05,308 ] - [ERROR   ] - root - Failed to Copy Snap
[ 2018-12-07 21:12:05,308 ] - [ERROR   ] - root - [Errno 2] No such file or directory: ' /mnt/lineage/priv-app/Snap/Snap.apk'
Traceback (most recent call last):
  File "./copy_files.py", line 110, in copy_release_files
    shutil.copy2(path, RELEASE_DIR / fname)
  File "/home/travis/virtualenv/python3.6.3/lib/python3.6/shutil.py", line 257, in copy2
    copyfile(src, dst, follow_symlinks=follow_symlinks)
  File "/home/travis/virtualenv/python3.6.3/lib/python3.6/shutil.py", line 120, in copyfile
    with open(src, 'rb') as fsrc:
FileNotFoundError: [Errno 2] No such file or directory: ' /mnt/lineage/priv-app/Snap/Snap.apk'
[ 2018-12-07 21:12:05,311 ] - [INFO    ] - root - Copying Recorder from /mnt/lineage/priv-app/Recorder/Recorder.apk
[ 2018-12-07 21:12:05,314 ] - [INFO    ] - root - Copying Messaging from /mnt/lineage/app/messaging/messaging.apk
[ 2018-12-07 21:12:05,332 ] - [INFO    ] - root - Copying DeskClock from /mnt/lineage/app/DeskClock/DeskClock.apk
[ 2018-12-07 21:12:05,341 ] - [INFO    ] - root - GH Releases is not enabled. Not Copying Release Notes.
