[ 2018-12-28 21:11:00,440 ] - [DEBUG   ] - root - ------------------------System Info------------------------------
[ 2018-12-28 21:11:00,443 ] - [DEBUG   ] - root - Platform : Linux, Version: #124~14.04.1-Ubuntu SMP Fri Nov 10 19:05:36 UTC 2017
[ 2018-12-28 21:11:00,443 ] - [DEBUG   ] - root - Hostname : travis-job-3aa66b45-0941-4f07-9f7c-746cc97d827f
[ 2018-12-28 21:11:00,443 ] - [DEBUG   ] - root - Python Version : 3.6.3
[ 2018-12-28 21:11:00,460 ] - [DEBUG   ] - root - Platform Arch : ('64bit', 'ELF')
[ 2018-12-28 21:11:00,460 ] - [DEBUG   ] - root - -----------------------------------------------------------------
[ 2018-12-28 21:11:00,460 ] - [INFO    ] - root - Getting LOS Download page for bullhead ...
[ 2018-12-28 21:11:00,460 ] - [DEBUG   ] - root - Getting Download Page for bullhead
[ 2018-12-28 21:11:00,461 ] - [INFO    ] - root - Attempting to download : LineageOS_Downlad_Page.html
[ 2018-12-28 21:11:00,461 ] - [INFO    ] - root - From URL: https://download.lineageos.org/bullhead
[ 2018-12-28 21:11:00,462 ] - [INFO    ] - root - Downloading file.....
[ 2018-12-28 21:11:00,467 ] - [DEBUG   ] - urllib3.connectionpool - Starting new HTTPS connection (1): download.lineageos.org:443
[ 2018-12-28 21:11:00,636 ] - [DEBUG   ] - urllib3.connectionpool - https://download.lineageos.org:443 "GET /bullhead HTTP/1.1" 200 None
[ 2018-12-28 21:11:00,637 ] - [DEBUG   ] - root - Response code is 200
[ 2018-12-28 21:11:00,639 ] - [DEBUG   ] - root - LineageOS_Downlad_Page.html file exists.
[ 2018-12-28 21:11:00,639 ] - [INFO    ] - root - Parsing HTML page...
[ 2018-12-28 21:11:00,700 ] - [DEBUG   ] - root - ----------------------------------------------------------
[ 2018-12-28 21:11:00,700 ] - [DEBUG   ] - root - ------------------Parsed Variables------------------------
[ 2018-12-28 21:11:00,700 ] - [DEBUG   ] - root - LOS_REL_TYPE = ['nightly', 'nightly', 'nightly', 'nightly', 'nightly', 'nightly', 'nightly', 'nightly', 'nightly', 'nightly']
[ 2018-12-28 21:11:00,700 ] - [DEBUG   ] - root - LOS_REL_VERSION = ['15.1', '15.1', '15.1', '15.1', '15.1', '15.1', '15.1', '15.1', '15.1', '15.1']
[ 2018-12-28 21:11:00,700 ] - [DEBUG   ] - root - LOS_REL_URL = ['https://mirrorbits.lineageos.org/full/bullhead/20181228/lineage-15.1-20181228-nightly-bullhead-signed.zip', 'https://mirrorbits.lineageos.org/full/bullhead/20181227/lineage-15.1-20181227-nightly-bullhead-signed.zip', 'https://mirrorbits.lineageos.org/full/bullhead/20181226/lineage-15.1-20181226-nightly-bullhead-signed.zip', 'https://mirrorbits.lineageos.org/full/bullhead/20181225/lineage-15.1-20181225-nightly-bullhead-signed.zip', 'https://mirrorbits.lineageos.org/full/bullhead/20181224/lineage-15.1-20181224-nightly-bullhead-signed.zip', 'https://mirrorbits.lineageos.org/full/bullhead/20181223/lineage-15.1-20181223-nightly-bullhead-signed.zip', 'https://mirrorbits.lineageos.org/full/bullhead/20181222/lineage-15.1-20181222-nightly-bullhead-signed.zip', 'https://mirrorbits.lineageos.org/full/bullhead/20181221/lineage-15.1-20181221-nightly-bullhead-signed.zip', 'https://mirrorbits.lineageos.org/full/bullhead/20181220/lineage-15.1-20181220-nightly-bullhead-signed.zip', 'https://mirrorbits.lineageos.org/full/bullhead/20181219/lineage-15.1-20181219-nightly-bullhead-signed.zip']
[ 2018-12-28 21:11:00,701 ] - [DEBUG   ] - root - LOS_REL_SIZE = ['434.18 MB', '434.17 MB', '434.16 MB', '434.16 MB', '434.16 MB', '434.17 MB', '434.18 MB', '434.15 MB', '434.16 MB', '434.15 MB']
[ 2018-12-28 21:11:00,701 ] - [DEBUG   ] - root - LOS_REL_DATE = ['2018-12-28', '2018-12-27', '2018-12-26', '2018-12-25', '2018-12-24', '2018-12-23', '2018-12-22', '2018-12-21', '2018-12-20', '2018-12-19']
[ 2018-12-28 21:11:00,701 ] - [DEBUG   ] - root - REL_TAG is 15.1.2018-12-28
[ 2018-12-28 21:11:00,701 ] - [DEBUG   ] - root - ----------------------------------------------------------
[ 2018-12-28 21:11:00,701 ] - [DEBUG   ] - root - ----------------------------------------------------------
[ 2018-12-28 21:11:00,701 ] - [INFO    ] - root - Downloading ZIP File ...
[ 2018-12-28 21:11:00,701 ] - [INFO    ] - root - Attempting to download : LineageOS.zip
[ 2018-12-28 21:11:00,701 ] - [INFO    ] - root - From URL: https://mirrorbits.lineageos.org/full/bullhead/20181228/lineage-15.1-20181228-nightly-bullhead-signed.zip
[ 2018-12-28 21:11:00,701 ] - [INFO    ] - root - Downloading file.....
[ 2018-12-28 21:11:00,706 ] - [DEBUG   ] - urllib3.connectionpool - Starting new HTTPS connection (1): mirrorbits.lineageos.org:443
[ 2018-12-28 21:11:01,190 ] - [DEBUG   ] - urllib3.connectionpool - https://mirrorbits.lineageos.org:443 "GET /full/bullhead/20181228/lineage-15.1-20181228-nightly-bullhead-signed.zip HTTP/1.1" 302 143
[ 2018-12-28 21:11:01,193 ] - [DEBUG   ] - urllib3.connectionpool - Starting new HTTPS connection (1): mirror.math.princeton.edu:443
[ 2018-12-28 21:11:01,324 ] - [DEBUG   ] - urllib3.connectionpool - https://mirror.math.princeton.edu:443 "GET /pub/lineageos/full/bullhead/20181228/lineage-15.1-20181228-nightly-bullhead-signed.zip HTTP/1.1" 200 455271071
[ 2018-12-28 21:11:01,325 ] - [DEBUG   ] - root - Response code is 200
[ 2018-12-28 21:11:15,474 ] - [INFO    ] - root - Getting Checksum File...
[ 2018-12-28 21:11:15,474 ] - [INFO    ] - root - Attempting to download : LineageOS_ZIP_SHA256.txt
[ 2018-12-28 21:11:15,474 ] - [INFO    ] - root - From URL: https://mirrorbits.lineageos.org/full/bullhead/20181228/lineage-15.1-20181228-nightly-bullhead-signed.zip?sha256
[ 2018-12-28 21:11:15,474 ] - [INFO    ] - root - Downloading file.....
[ 2018-12-28 21:11:15,477 ] - [DEBUG   ] - urllib3.connectionpool - Starting new HTTPS connection (1): mirrorbits.lineageos.org:443
[ 2018-12-28 21:11:15,930 ] - [DEBUG   ] - urllib3.connectionpool - https://mirrorbits.lineageos.org:443 "GET /full/bullhead/20181228/lineage-15.1-20181228-nightly-bullhead-signed.zip?sha256 HTTP/1.1" 200 115
[ 2018-12-28 21:11:15,931 ] - [DEBUG   ] - root - Response code is 200
[ 2018-12-28 21:11:15,933 ] - [INFO    ] - root - Verifying ZIP file checksums...
[ 2018-12-28 21:11:15,933 ] - [DEBUG   ] - root - File's LineageOS_ZIP_SHA256.txt present on FS.
[ 2018-12-28 21:11:15,933 ] - [DEBUG   ] - root - File LineageOS.zip is present on the FS.
[ 2018-12-28 21:11:18,038 ] - [DEBUG   ] - root - SHA256 hash for LineageOS.zip is : 9fdd9bd38d7197599fe18719f33a436a6673f94828dad2e6422e14ee3a3c99ff
[ 2018-12-28 21:11:18,038 ] - [DEBUG   ] - root - SHA256 hash SHOULD BE : 9fdd9bd38d7197599fe18719f33a436a6673f94828dad2e6422e14ee3a3c99ff
[ 2018-12-28 21:11:18,038 ] - [DEBUG   ] - root - File Hashes Match.
[ 2018-12-28 21:11:18,038 ] - [INFO    ] - root - Woohooo.. ZIP File's Checksum matches.
[ 2018-12-28 21:11:18,038 ] - [INFO    ] - root - Extracting from ZIP File ....
[ 2018-12-28 21:11:18,038 ] - [INFO    ] - root - Deleting old files if any....
[ 2018-12-28 21:11:18,038 ] - [DEBUG   ] - root - Deleting old DAT files (if any)
[ 2018-12-28 21:11:18,039 ] - [DEBUG   ] - root - Deleting old IMG file (if any)
[ 2018-12-28 21:11:19,350 ] - [INFO    ] - root - Getting Info about last build & release...
[ 2018-12-28 21:11:19,351 ] - [DEBUG   ] - root - Downloading OLD release.json
[ 2018-12-28 21:11:19,351 ] - [INFO    ] - root - Attempting to download : old_release.json
[ 2018-12-28 21:11:19,351 ] - [INFO    ] - root - From URL: https://raw.githubusercontent.com/tprasadtp/lineageos-apk-extractor/gh-pages/release.json
[ 2018-12-28 21:11:19,351 ] - [INFO    ] - root - Downloading file.....
[ 2018-12-28 21:11:19,354 ] - [DEBUG   ] - urllib3.connectionpool - Starting new HTTPS connection (1): raw.githubusercontent.com:443
[ 2018-12-28 21:11:19,475 ] - [DEBUG   ] - urllib3.connectionpool - https://raw.githubusercontent.com:443 "GET /tprasadtp/lineageos-apk-extractor/gh-pages/release.json HTTP/1.1" 200 347
[ 2018-12-28 21:11:19,476 ] - [DEBUG   ] - root - Response code is 200
[ 2018-12-28 21:11:19,478 ] - [DEBUG   ] - root - Reading old release.json file...
[ 2018-12-28 21:11:19,478 ] - [INFO    ] - root - Last Build was 1545426630
[ 2018-12-28 21:11:19,478 ] - [INFO    ] - root - Last Release Tag was 15.1.2018-12-21
[ 2018-12-28 21:11:19,479 ] - [INFO    ] - root - Last Release TS was 21 Dec at 21:10
[ 2018-12-28 21:11:19,479 ] - [INFO    ] - root - Preparing Metadata....
[ 2018-12-28 21:11:19,479 ] - [INFO    ] - root - This release is New. GH Releases will be enabled if on MASTER
[ 2018-12-28 21:11:19,479 ] - [INFO    ] - root - Generating Release Notes...
[ 2018-12-28 21:11:19,479 ] - [DEBUG   ] - root - Generated Release Notes.
[ 2018-12-28 21:11:19,479 ] - [INFO    ] - root - Generating release.json
[ 2018-12-28 21:11:19,480 ] - [DEBUG   ] - root - Writing release.json
[ 2018-12-28 21:11:19,480 ] - [DEBUG   ] - root - JSON Dump is : {"version": 3, "ci": {"build_date": 1546031460, "build_date_human": "28 Dec at 21:11", "build_number": "86", "node_name": "travis-job-3aa66b45-0941-4f07-9f7c-746cc97d827f", "deployed": "Yes"}, "lineage": {"version": "15.1", "build": "2018-12-28", "build_type": "nightly", "zip_file": "https://mirrorbits.lineageos.org/full/bullhead/20181228/lineage-15.1-20181228-nightly-bullhead-signed.zip"}, "release": {"tag": "15.1.2018-12-28", "link": "https://github.com/tprasadtp/lineageos-apk-extractor/releases/tag/15.1.2018-12-28", "human_ts": "28 Dec at 21:11"}}
[ 2018-12-28 21:11:19,480 ] - [INFO    ] - root - Writing exporter script...
[ 2018-12-28 21:11:19,480 ] - [DEBUG   ] - root - Writing flags.sh
[ 2018-12-28 21:12:17,375 ] - [DEBUG   ] - root - Setting TAG Variable
[ 2018-12-28 21:12:17,375 ] - [INFO    ] - root - Reading json data from file.
[ 2018-12-28 21:12:17,375 ] - [INFO    ] - root - Copying Metadata
[ 2018-12-28 21:12:17,375 ] - [INFO    ] - root - Creating Metadata Folder...
[ 2018-12-28 21:12:17,376 ] - [INFO    ] - root - Copying release.json
[ 2018-12-28 21:12:17,377 ] - [INFO    ] - root - Checking Mount point
[ 2018-12-28 21:12:17,377 ] - [DEBUG   ] - root - Creating Releases Folder
[ 2018-12-28 21:12:17,377 ] - [INFO    ] - root - Copying Email from /mnt/lineage/app/Email/Email.apk
[ 2018-12-28 21:12:17,389 ] - [INFO    ] - root - Copying Gallery from /mnt/lineage/priv-app/Gallery2/Gallery2.apk
[ 2018-12-28 21:12:17,405 ] - [INFO    ] - root - Copying Music from /mnt/lineage/priv-app/Eleven/Eleven.apk
[ 2018-12-28 21:12:17,413 ] - [INFO    ] - root - Copying Calendar from /mnt/lineage/app/Calendar/Calendar.apk
[ 2018-12-28 21:12:17,417 ] - [INFO    ] - root - Copying Jelly from /mnt/lineage/app/Jelly/Jelly.apk
[ 2018-12-28 21:12:17,420 ] - [INFO    ] - root - Copying Trebuchet from /mnt/lineage/priv-app/Trebuchet/Trebuchet.apk
[ 2018-12-28 21:12:17,424 ] - [INFO    ] - root - Copying Snap from  /mnt/lineage/priv-app/Snap/Snap.apk
[ 2018-12-28 21:12:17,424 ] - [ERROR   ] - root - Failed to Copy Snap
[ 2018-12-28 21:12:17,424 ] - [ERROR   ] - root - [Errno 2] No such file or directory: ' /mnt/lineage/priv-app/Snap/Snap.apk'
Traceback (most recent call last):
  File "./copy_files.py", line 110, in copy_release_files
    shutil.copy2(path, RELEASE_DIR / fname)
  File "/home/travis/virtualenv/python3.6.3/lib/python3.6/shutil.py", line 257, in copy2
    copyfile(src, dst, follow_symlinks=follow_symlinks)
  File "/home/travis/virtualenv/python3.6.3/lib/python3.6/shutil.py", line 120, in copyfile
    with open(src, 'rb') as fsrc:
FileNotFoundError: [Errno 2] No such file or directory: ' /mnt/lineage/priv-app/Snap/Snap.apk'
[ 2018-12-28 21:12:17,427 ] - [INFO    ] - root - Copying Recorder from /mnt/lineage/priv-app/Recorder/Recorder.apk
[ 2018-12-28 21:12:17,432 ] - [INFO    ] - root - Copying Messaging from /mnt/lineage/app/messaging/messaging.apk
[ 2018-12-28 21:12:17,448 ] - [INFO    ] - root - Copying DeskClock from /mnt/lineage/app/DeskClock/DeskClock.apk
[ 2018-12-28 21:12:17,458 ] - [INFO    ] - root - GH Releases is not enabled. Not Copying Release Notes.
