[ 2019-01-25 21:13:28,647 ] - [DEBUG   ] - root - ------------------------System Info------------------------------
[ 2019-01-25 21:13:28,650 ] - [DEBUG   ] - root - Platform : Linux, Version: #124~14.04.1-Ubuntu SMP Fri Nov 10 19:05:36 UTC 2017
[ 2019-01-25 21:13:28,650 ] - [DEBUG   ] - root - Hostname : travis-job-fa7d5117-7ad4-4b35-8401-a645c65faf03
[ 2019-01-25 21:13:28,650 ] - [DEBUG   ] - root - Python Version : 3.6.3
[ 2019-01-25 21:13:28,670 ] - [DEBUG   ] - root - Platform Arch : ('64bit', 'ELF')
[ 2019-01-25 21:13:28,670 ] - [DEBUG   ] - root - -----------------------------------------------------------------
[ 2019-01-25 21:13:28,670 ] - [INFO    ] - root - Getting LOS Download page for bullhead ...
[ 2019-01-25 21:13:28,670 ] - [DEBUG   ] - root - Getting Download Page for bullhead
[ 2019-01-25 21:13:28,671 ] - [INFO    ] - root - Attempting to download : LineageOS_Downlad_Page.html
[ 2019-01-25 21:13:28,671 ] - [INFO    ] - root - From URL: https://download.lineageos.org/bullhead
[ 2019-01-25 21:13:28,671 ] - [INFO    ] - root - Downloading file.....
[ 2019-01-25 21:13:28,677 ] - [DEBUG   ] - urllib3.connectionpool - Starting new HTTPS connection (1): download.lineageos.org:443
[ 2019-01-25 21:13:28,904 ] - [DEBUG   ] - urllib3.connectionpool - https://download.lineageos.org:443 "GET /bullhead HTTP/1.1" 200 None
[ 2019-01-25 21:13:28,905 ] - [DEBUG   ] - root - Response code is 200
[ 2019-01-25 21:13:28,907 ] - [DEBUG   ] - root - LineageOS_Downlad_Page.html file exists.
[ 2019-01-25 21:13:28,907 ] - [INFO    ] - root - Parsing HTML page...
[ 2019-01-25 21:13:28,960 ] - [DEBUG   ] - root - ----------------------------------------------------------
[ 2019-01-25 21:13:28,961 ] - [DEBUG   ] - root - ------------------Parsed Variables------------------------
[ 2019-01-25 21:13:28,961 ] - [DEBUG   ] - root - LOS_REL_TYPE = ['nightly', 'nightly', 'nightly', 'nightly', 'nightly', 'nightly', 'nightly', 'nightly', 'nightly']
[ 2019-01-25 21:13:28,961 ] - [DEBUG   ] - root - LOS_REL_VERSION = ['15.1', '15.1', '15.1', '15.1', '15.1', '15.1', '15.1', '15.1', '15.1']
[ 2019-01-25 21:13:28,961 ] - [DEBUG   ] - root - LOS_REL_URL = ['https://mirrorbits.lineageos.org/full/bullhead/20190124/lineage-15.1-20190124-nightly-bullhead-signed.zip', 'https://mirrorbits.lineageos.org/full/bullhead/20190123/lineage-15.1-20190123-nightly-bullhead-signed.zip', 'https://mirrorbits.lineageos.org/full/bullhead/20190122/lineage-15.1-20190122-nightly-bullhead-signed.zip', 'https://mirrorbits.lineageos.org/full/bullhead/20190121/lineage-15.1-20190121-nightly-bullhead-signed.zip', 'https://mirrorbits.lineageos.org/full/bullhead/20190120/lineage-15.1-20190120-nightly-bullhead-signed.zip', 'https://mirrorbits.lineageos.org/full/bullhead/20190119/lineage-15.1-20190119-nightly-bullhead-signed.zip', 'https://mirrorbits.lineageos.org/full/bullhead/20190118/lineage-15.1-20190118-nightly-bullhead-signed.zip', 'https://mirrorbits.lineageos.org/full/bullhead/20190117/lineage-15.1-20190117-nightly-bullhead-signed.zip', 'https://mirrorbits.lineageos.org/full/bullhead/20190116/lineage-15.1-20190116-nightly-bullhead-signed.zip']
[ 2019-01-25 21:13:28,961 ] - [DEBUG   ] - root - LOS_REL_SIZE = ['417.52 MB', '417.51 MB', '417.52 MB', '417.52 MB', '417.52 MB', '417.46 MB', '417.07 MB', '417.08 MB', '417.07 MB']
[ 2019-01-25 21:13:28,961 ] - [DEBUG   ] - root - LOS_REL_DATE = ['2019-01-24', '2019-01-23', '2019-01-22', '2019-01-21', '2019-01-20', '2019-01-19', '2019-01-18', '2019-01-17', '2019-01-16']
[ 2019-01-25 21:13:28,961 ] - [DEBUG   ] - root - REL_TAG is 15.1.2019-01-24
[ 2019-01-25 21:13:28,961 ] - [DEBUG   ] - root - ----------------------------------------------------------
[ 2019-01-25 21:13:28,961 ] - [DEBUG   ] - root - ----------------------------------------------------------
[ 2019-01-25 21:13:28,961 ] - [INFO    ] - root - Downloading ZIP File ...
[ 2019-01-25 21:13:28,961 ] - [INFO    ] - root - Attempting to download : LineageOS.zip
[ 2019-01-25 21:13:28,961 ] - [INFO    ] - root - From URL: https://mirrorbits.lineageos.org/full/bullhead/20190124/lineage-15.1-20190124-nightly-bullhead-signed.zip
[ 2019-01-25 21:13:28,961 ] - [INFO    ] - root - Downloading file.....
[ 2019-01-25 21:13:28,966 ] - [DEBUG   ] - urllib3.connectionpool - Starting new HTTPS connection (1): mirrorbits.lineageos.org:443
[ 2019-01-25 21:13:29,539 ] - [DEBUG   ] - urllib3.connectionpool - https://mirrorbits.lineageos.org:443 "GET /full/bullhead/20190124/lineage-15.1-20190124-nightly-bullhead-signed.zip HTTP/1.1" 302 143
[ 2019-01-25 21:13:29,542 ] - [DEBUG   ] - urllib3.connectionpool - Starting new HTTPS connection (1): mirror.math.princeton.edu:443
[ 2019-01-25 21:13:29,681 ] - [DEBUG   ] - urllib3.connectionpool - https://mirror.math.princeton.edu:443 "GET /pub/lineageos/full/bullhead/20190124/lineage-15.1-20190124-nightly-bullhead-signed.zip HTTP/1.1" 200 437798134
[ 2019-01-25 21:13:29,683 ] - [DEBUG   ] - root - Response code is 200
[ 2019-01-25 21:14:16,957 ] - [INFO    ] - root - Getting Checksum File...
[ 2019-01-25 21:14:16,957 ] - [INFO    ] - root - Attempting to download : LineageOS_ZIP_SHA256.txt
[ 2019-01-25 21:14:16,957 ] - [INFO    ] - root - From URL: https://mirrorbits.lineageos.org/full/bullhead/20190124/lineage-15.1-20190124-nightly-bullhead-signed.zip?sha256
[ 2019-01-25 21:14:16,957 ] - [INFO    ] - root - Downloading file.....
[ 2019-01-25 21:14:16,961 ] - [DEBUG   ] - urllib3.connectionpool - Starting new HTTPS connection (1): mirrorbits.lineageos.org:443
[ 2019-01-25 21:14:17,414 ] - [DEBUG   ] - urllib3.connectionpool - https://mirrorbits.lineageos.org:443 "GET /full/bullhead/20190124/lineage-15.1-20190124-nightly-bullhead-signed.zip?sha256 HTTP/1.1" 200 115
[ 2019-01-25 21:14:17,415 ] - [DEBUG   ] - root - Response code is 200
[ 2019-01-25 21:14:17,416 ] - [INFO    ] - root - Verifying ZIP file checksums...
[ 2019-01-25 21:14:17,416 ] - [DEBUG   ] - root - File's LineageOS_ZIP_SHA256.txt present on FS.
[ 2019-01-25 21:14:17,416 ] - [DEBUG   ] - root - File LineageOS.zip is present on the FS.
[ 2019-01-25 21:14:19,399 ] - [DEBUG   ] - root - SHA256 hash for LineageOS.zip is : ec56637dbd047d3846ae5492aae8b50baa30981e6c579cd2d4f83e4a5cbb18a5
[ 2019-01-25 21:14:19,399 ] - [DEBUG   ] - root - SHA256 hash SHOULD BE : ec56637dbd047d3846ae5492aae8b50baa30981e6c579cd2d4f83e4a5cbb18a5
[ 2019-01-25 21:14:19,400 ] - [DEBUG   ] - root - File Hashes Match.
[ 2019-01-25 21:14:19,400 ] - [INFO    ] - root - Woohooo.. ZIP File's Checksum matches.
[ 2019-01-25 21:14:19,400 ] - [INFO    ] - root - Extracting from ZIP File ....
[ 2019-01-25 21:14:19,400 ] - [INFO    ] - root - Deleting old files if any....
[ 2019-01-25 21:14:19,400 ] - [DEBUG   ] - root - Deleting old DAT files (if any)
[ 2019-01-25 21:14:19,401 ] - [DEBUG   ] - root - Deleting old IMG file (if any)
[ 2019-01-25 21:14:20,589 ] - [INFO    ] - root - Getting Info about last build & release...
[ 2019-01-25 21:14:20,589 ] - [DEBUG   ] - root - Downloading OLD release.json
[ 2019-01-25 21:14:20,589 ] - [INFO    ] - root - Attempting to download : old_release.json
[ 2019-01-25 21:14:20,589 ] - [INFO    ] - root - From URL: https://raw.githubusercontent.com/tprasadtp/lineageos-apk-extractor/gh-pages/release.json
[ 2019-01-25 21:14:20,589 ] - [INFO    ] - root - Downloading file.....
[ 2019-01-25 21:14:20,594 ] - [DEBUG   ] - urllib3.connectionpool - Starting new HTTPS connection (1): raw.githubusercontent.com:443
[ 2019-01-25 21:14:20,720 ] - [DEBUG   ] - urllib3.connectionpool - https://raw.githubusercontent.com:443 "GET /tprasadtp/lineageos-apk-extractor/gh-pages/release.json HTTP/1.1" 200 347
[ 2019-01-25 21:14:20,721 ] - [DEBUG   ] - root - Response code is 200
[ 2019-01-25 21:14:20,722 ] - [DEBUG   ] - root - Reading old release.json file...
[ 2019-01-25 21:14:20,722 ] - [INFO    ] - root - Last Build was 1547845950
[ 2019-01-25 21:14:20,722 ] - [INFO    ] - root - Last Release Tag was 15.1.2019-01-18
[ 2019-01-25 21:14:20,723 ] - [INFO    ] - root - Last Release TS was 18 Jan at 21:12
[ 2019-01-25 21:14:20,723 ] - [INFO    ] - root - Preparing Metadata....
[ 2019-01-25 21:14:20,724 ] - [INFO    ] - root - This release is New. GH Releases will be enabled if on MASTER
[ 2019-01-25 21:14:20,724 ] - [INFO    ] - root - Generating Release Notes...
[ 2019-01-25 21:14:20,724 ] - [DEBUG   ] - root - Generated Release Notes.
[ 2019-01-25 21:14:20,724 ] - [INFO    ] - root - Generating release.json
[ 2019-01-25 21:14:20,724 ] - [DEBUG   ] - root - Writing release.json
[ 2019-01-25 21:14:20,725 ] - [DEBUG   ] - root - JSON Dump is : {"version": 3, "ci": {"build_date": 1548450808, "build_date_human": "25 Jan at 21:13", "build_number": "98", "node_name": "travis-job-fa7d5117-7ad4-4b35-8401-a645c65faf03", "deployed": "Yes"}, "lineage": {"version": "15.1", "build": "2019-01-24", "build_type": "nightly", "zip_file": "https://mirrorbits.lineageos.org/full/bullhead/20190124/lineage-15.1-20190124-nightly-bullhead-signed.zip"}, "release": {"tag": "15.1.2019-01-24", "link": "https://github.com/tprasadtp/lineageos-apk-extractor/releases/tag/15.1.2019-01-24", "human_ts": "25 Jan at 21:13"}}
[ 2019-01-25 21:14:20,725 ] - [INFO    ] - root - Writing exporter script...
[ 2019-01-25 21:14:20,725 ] - [DEBUG   ] - root - Writing flags.sh
[ 2019-01-25 21:15:04,140 ] - [DEBUG   ] - root - Setting TAG Variable
[ 2019-01-25 21:15:04,140 ] - [INFO    ] - root - Reading json data from file.
[ 2019-01-25 21:15:04,140 ] - [INFO    ] - root - Copying Metadata
[ 2019-01-25 21:15:04,141 ] - [INFO    ] - root - Creating Metadata Folder...
[ 2019-01-25 21:15:04,141 ] - [INFO    ] - root - Copying release.json
[ 2019-01-25 21:15:04,142 ] - [INFO    ] - root - Checking Mount point
[ 2019-01-25 21:15:04,142 ] - [DEBUG   ] - root - Creating Releases Folder
[ 2019-01-25 21:15:04,143 ] - [INFO    ] - root - Copying Email from /mnt/lineage/app/Email/Email.apk
[ 2019-01-25 21:15:04,154 ] - [INFO    ] - root - Copying Gallery from /mnt/lineage/priv-app/Gallery2/Gallery2.apk
[ 2019-01-25 21:15:04,170 ] - [INFO    ] - root - Copying Music from /mnt/lineage/priv-app/Eleven/Eleven.apk
[ 2019-01-25 21:15:04,178 ] - [INFO    ] - root - Copying Calendar from /mnt/lineage/app/Calendar/Calendar.apk
[ 2019-01-25 21:15:04,183 ] - [INFO    ] - root - Copying Jelly from /mnt/lineage/app/Jelly/Jelly.apk
[ 2019-01-25 21:15:04,186 ] - [INFO    ] - root - Copying Trebuchet from /mnt/lineage/priv-app/Trebuchet/Trebuchet.apk
[ 2019-01-25 21:15:04,190 ] - [INFO    ] - root - Copying Snap from  /mnt/lineage/priv-app/Snap/Snap.apk
[ 2019-01-25 21:15:04,191 ] - [ERROR   ] - root - Failed to Copy Snap
[ 2019-01-25 21:15:04,191 ] - [ERROR   ] - root - [Errno 2] No such file or directory: ' /mnt/lineage/priv-app/Snap/Snap.apk'
Traceback (most recent call last):
  File "./copy_files.py", line 110, in copy_release_files
    shutil.copy2(path, RELEASE_DIR / fname)
  File "/home/travis/virtualenv/python3.6.3/lib/python3.6/shutil.py", line 257, in copy2
    copyfile(src, dst, follow_symlinks=follow_symlinks)
  File "/home/travis/virtualenv/python3.6.3/lib/python3.6/shutil.py", line 120, in copyfile
    with open(src, 'rb') as fsrc:
FileNotFoundError: [Errno 2] No such file or directory: ' /mnt/lineage/priv-app/Snap/Snap.apk'
[ 2019-01-25 21:15:04,195 ] - [INFO    ] - root - Copying Recorder from /mnt/lineage/priv-app/Recorder/Recorder.apk
[ 2019-01-25 21:15:04,201 ] - [INFO    ] - root - Copying Messaging from /mnt/lineage/app/messaging/messaging.apk
[ 2019-01-25 21:15:04,216 ] - [INFO    ] - root - Copying DeskClock from /mnt/lineage/app/DeskClock/DeskClock.apk
[ 2019-01-25 21:15:04,224 ] - [INFO    ] - root - GH Releases is not enabled. Not Copying Release Notes.
