[ 2018-11-15 20:56:18,840 ] - [DEBUG   ] - root - ------------------------System Info------------------------------
[ 2018-11-15 20:56:18,843 ] - [DEBUG   ] - root - Platform : Linux, Version: #124~14.04.1-Ubuntu SMP Fri Nov 10 19:05:36 UTC 2017
[ 2018-11-15 20:56:18,843 ] - [DEBUG   ] - root - Hostname : travis-job-db841c5d-411c-4d03-bcfd-76dc0361306a
[ 2018-11-15 20:56:18,843 ] - [DEBUG   ] - root - Python Version : 3.6.3
[ 2018-11-15 20:56:18,860 ] - [DEBUG   ] - root - Platform Arch : ('64bit', 'ELF')
[ 2018-11-15 20:56:18,860 ] - [DEBUG   ] - root - -----------------------------------------------------------------
[ 2018-11-15 20:56:18,860 ] - [INFO    ] - root - Getting LOS Download page for bullhead ...
[ 2018-11-15 20:56:18,860 ] - [DEBUG   ] - root - Getting Download Page for bullhead
[ 2018-11-15 20:56:18,860 ] - [INFO    ] - root - Attempting to download : LineageOS_Downlad_Page.html
[ 2018-11-15 20:56:18,861 ] - [INFO    ] - root - From URL: https://download.lineageos.org/bullhead
[ 2018-11-15 20:56:18,861 ] - [INFO    ] - root - Downloading file.....
[ 2018-11-15 20:56:18,868 ] - [DEBUG   ] - urllib3.connectionpool - Starting new HTTPS connection (1): download.lineageos.org:443
[ 2018-11-15 20:56:19,034 ] - [DEBUG   ] - urllib3.connectionpool - https://download.lineageos.org:443 "GET /bullhead HTTP/1.1" 200 None
[ 2018-11-15 20:56:19,035 ] - [DEBUG   ] - root - Response code is 200
[ 2018-11-15 20:56:19,038 ] - [DEBUG   ] - root - LineageOS_Downlad_Page.html file exists.
[ 2018-11-15 20:56:19,038 ] - [INFO    ] - root - Parsing HTML page...
[ 2018-11-15 20:56:19,098 ] - [DEBUG   ] - root - ----------------------------------------------------------
[ 2018-11-15 20:56:19,098 ] - [DEBUG   ] - root - ------------------Parsed Variables------------------------
[ 2018-11-15 20:56:19,098 ] - [DEBUG   ] - root - LOS_REL_TYPE = ['nightly', 'nightly', 'nightly', 'nightly', 'nightly', 'nightly', 'nightly', 'nightly']
[ 2018-11-15 20:56:19,098 ] - [DEBUG   ] - root - LOS_REL_VERSION = ['15.1', '15.1', '15.1', '15.1', '15.1', '15.1', '15.1', '15.1']
[ 2018-11-15 20:56:19,099 ] - [DEBUG   ] - root - LOS_REL_URL = ['https://mirrorbits.lineageos.org/full/bullhead/20181115/lineage-15.1-20181115-nightly-bullhead-signed.zip', 'https://mirrorbits.lineageos.org/full/bullhead/20181114/lineage-15.1-20181114-nightly-bullhead-signed.zip', 'https://mirrorbits.lineageos.org/full/bullhead/20181113/lineage-15.1-20181113-nightly-bullhead-signed.zip', 'https://mirrorbits.lineageos.org/full/bullhead/20181112/lineage-15.1-20181112-nightly-bullhead-signed.zip', 'https://mirrorbits.lineageos.org/full/bullhead/20181105/lineage-15.1-20181105-nightly-bullhead-signed.zip', 'https://mirrorbits.lineageos.org/full/bullhead/20181029/lineage-15.1-20181029-nightly-bullhead-signed.zip', 'https://mirrorbits.lineageos.org/full/bullhead/20181022/lineage-15.1-20181022-nightly-bullhead-signed.zip', 'https://mirrorbits.lineageos.org/full/bullhead/20181015/lineage-15.1-20181015-nightly-bullhead-signed.zip']
[ 2018-11-15 20:56:19,099 ] - [DEBUG   ] - root - LOS_REL_SIZE = ['432.61 MB', '432.62 MB', '432.6 MB', '432.62 MB', '432.65 MB', '432.66 MB', '432.65 MB', '432.66 MB']
[ 2018-11-15 20:56:19,099 ] - [DEBUG   ] - root - LOS_REL_DATE = ['2018-11-15', '2018-11-14', '2018-11-13', '2018-11-12', '2018-11-05', '2018-10-29', '2018-10-22', '2018-10-15']
[ 2018-11-15 20:56:19,099 ] - [DEBUG   ] - root - REL_TAG is 15.1.2018-11-15
[ 2018-11-15 20:56:19,099 ] - [DEBUG   ] - root - ----------------------------------------------------------
[ 2018-11-15 20:56:19,099 ] - [DEBUG   ] - root - ----------------------------------------------------------
[ 2018-11-15 20:56:19,099 ] - [INFO    ] - root - Downloading ZIP File ...
[ 2018-11-15 20:56:19,099 ] - [INFO    ] - root - Attempting to download : LineageOS.zip
[ 2018-11-15 20:56:19,099 ] - [INFO    ] - root - From URL: https://mirrorbits.lineageos.org/full/bullhead/20181115/lineage-15.1-20181115-nightly-bullhead-signed.zip
[ 2018-11-15 20:56:19,099 ] - [INFO    ] - root - Downloading file.....
[ 2018-11-15 20:56:19,103 ] - [DEBUG   ] - urllib3.connectionpool - Starting new HTTPS connection (1): mirrorbits.lineageos.org:443
[ 2018-11-15 20:56:19,585 ] - [DEBUG   ] - urllib3.connectionpool - https://mirrorbits.lineageos.org:443 "GET /full/bullhead/20181115/lineage-15.1-20181115-nightly-bullhead-signed.zip HTTP/1.1" 302 143
[ 2018-11-15 20:56:19,589 ] - [DEBUG   ] - urllib3.connectionpool - Starting new HTTPS connection (1): mirror.math.princeton.edu:443
[ 2018-11-15 20:56:19,724 ] - [DEBUG   ] - urllib3.connectionpool - https://mirror.math.princeton.edu:443 "GET /pub/lineageos/full/bullhead/20181115/lineage-15.1-20181115-nightly-bullhead-signed.zip HTTP/1.1" 200 453621021
[ 2018-11-15 20:56:19,726 ] - [DEBUG   ] - root - Response code is 200
[ 2018-11-15 20:56:26,023 ] - [INFO    ] - root - Getting Checksum File...
[ 2018-11-15 20:56:26,023 ] - [INFO    ] - root - Attempting to download : LineageOS_ZIP_SHA256.txt
[ 2018-11-15 20:56:26,023 ] - [INFO    ] - root - From URL: https://mirrorbits.lineageos.org/full/bullhead/20181115/lineage-15.1-20181115-nightly-bullhead-signed.zip?sha256
[ 2018-11-15 20:56:26,023 ] - [INFO    ] - root - Downloading file.....
[ 2018-11-15 20:56:26,027 ] - [DEBUG   ] - urllib3.connectionpool - Starting new HTTPS connection (1): mirrorbits.lineageos.org:443
[ 2018-11-15 20:56:26,482 ] - [DEBUG   ] - urllib3.connectionpool - https://mirrorbits.lineageos.org:443 "GET /full/bullhead/20181115/lineage-15.1-20181115-nightly-bullhead-signed.zip?sha256 HTTP/1.1" 200 115
[ 2018-11-15 20:56:26,483 ] - [DEBUG   ] - root - Response code is 200
[ 2018-11-15 20:56:26,485 ] - [INFO    ] - root - Verifying ZIP file checksums...
[ 2018-11-15 20:56:26,485 ] - [DEBUG   ] - root - File's LineageOS_ZIP_SHA256.txt present on FS.
[ 2018-11-15 20:56:26,486 ] - [DEBUG   ] - root - File LineageOS.zip is present on the FS.
[ 2018-11-15 20:56:28,639 ] - [DEBUG   ] - root - SHA256 hash for LineageOS.zip is : 907b6744f62f7d0b54b91c07837f7bb998ea4c84dffaf6d3eaf8e743006fdd69
[ 2018-11-15 20:56:28,639 ] - [DEBUG   ] - root - SHA256 hash SHOULD BE : 907b6744f62f7d0b54b91c07837f7bb998ea4c84dffaf6d3eaf8e743006fdd69
[ 2018-11-15 20:56:28,639 ] - [DEBUG   ] - root - File Hashes Match.
[ 2018-11-15 20:56:28,639 ] - [INFO    ] - root - Woohooo.. ZIP File's Checksum matches.
[ 2018-11-15 20:56:28,639 ] - [INFO    ] - root - Extracting from ZIP File ....
[ 2018-11-15 20:56:28,640 ] - [INFO    ] - root - Deleting old files if any....
[ 2018-11-15 20:56:28,640 ] - [DEBUG   ] - root - Deleting old DAT files (if any)
[ 2018-11-15 20:56:28,641 ] - [DEBUG   ] - root - Deleting old IMG file (if any)
[ 2018-11-15 20:56:29,937 ] - [INFO    ] - root - Getting Info about last build & release...
[ 2018-11-15 20:56:29,938 ] - [DEBUG   ] - root - Downloading OLD release.json
[ 2018-11-15 20:56:29,938 ] - [INFO    ] - root - Attempting to download : old_release.json
[ 2018-11-15 20:56:29,938 ] - [INFO    ] - root - From URL: https://raw.githubusercontent.com/tprasadtp/lineageos-apk-extractor/gh-pages/release.json
[ 2018-11-15 20:56:29,938 ] - [INFO    ] - root - Downloading file.....
[ 2018-11-15 20:56:29,940 ] - [DEBUG   ] - urllib3.connectionpool - Starting new HTTPS connection (1): raw.githubusercontent.com:443
[ 2018-11-15 20:56:30,054 ] - [DEBUG   ] - urllib3.connectionpool - https://raw.githubusercontent.com:443 "GET /tprasadtp/lineageos-apk-extractor/gh-pages/release.json HTTP/1.1" 200 346
[ 2018-11-15 20:56:30,055 ] - [DEBUG   ] - root - Response code is 200
[ 2018-11-15 20:56:30,057 ] - [DEBUG   ] - root - Reading old release.json file...
[ 2018-11-15 20:56:30,057 ] - [INFO    ] - root - Last Build was 1542228945
[ 2018-11-15 20:56:30,057 ] - [INFO    ] - root - Last Release Tag was 15.1.2018-11-14
[ 2018-11-15 20:56:30,057 ] - [INFO    ] - root - Last Release TS was 14 Nov at 20:55
[ 2018-11-15 20:56:30,057 ] - [INFO    ] - root - Preparing Metadata....
[ 2018-11-15 20:56:30,057 ] - [INFO    ] - root - This release is New. GH Releases will be enabled if on MASTER
[ 2018-11-15 20:56:30,057 ] - [INFO    ] - root - Generating Release Notes...
[ 2018-11-15 20:56:30,058 ] - [DEBUG   ] - root - Generated Release Notes.
[ 2018-11-15 20:56:30,058 ] - [INFO    ] - root - Generating release.json
[ 2018-11-15 20:56:30,058 ] - [DEBUG   ] - root - Writing release.json
[ 2018-11-15 20:56:30,058 ] - [DEBUG   ] - root - JSON Dump is : {"version": 3, "ci": {"build_date": 1542315378, "build_date_human": "15 Nov at 20:56", "build_number": "77", "node_name": "travis-job-db841c5d-411c-4d03-bcfd-76dc0361306a", "deployed": "Yes"}, "lineage": {"version": "15.1", "build": "2018-11-15", "build_type": "nightly", "zip_file": "https://mirrorbits.lineageos.org/full/bullhead/20181115/lineage-15.1-20181115-nightly-bullhead-signed.zip"}, "release": {"tag": "15.1.2018-11-15", "link": "https://github.com/tprasadtp/lineageos-apk-extractor/releases/tag/15.1.2018-11-15", "human_ts": "15 Nov at 20:56"}}
[ 2018-11-15 20:56:30,058 ] - [INFO    ] - root - Writing exporter script...
[ 2018-11-15 20:56:30,058 ] - [DEBUG   ] - root - Writing flags.sh
[ 2018-11-15 20:57:28,289 ] - [DEBUG   ] - root - Setting TAG Variable
[ 2018-11-15 20:57:28,290 ] - [INFO    ] - root - Reading json data from file.
[ 2018-11-15 20:57:28,290 ] - [INFO    ] - root - Copying Metadata
[ 2018-11-15 20:57:28,290 ] - [INFO    ] - root - Creating Metadata Folder...
[ 2018-11-15 20:57:28,290 ] - [INFO    ] - root - Copying release.json
[ 2018-11-15 20:57:28,291 ] - [INFO    ] - root - Checking Mount point
[ 2018-11-15 20:57:28,291 ] - [DEBUG   ] - root - Creating Releases Folder
[ 2018-11-15 20:57:28,291 ] - [INFO    ] - root - Copying Email from /mnt/lineage/app/Email/Email.apk
[ 2018-11-15 20:57:28,302 ] - [INFO    ] - root - Copying Gallery from /mnt/lineage/priv-app/Gallery2/Gallery2.apk
[ 2018-11-15 20:57:28,325 ] - [INFO    ] - root - Copying Music from /mnt/lineage/priv-app/Eleven/Eleven.apk
[ 2018-11-15 20:57:28,333 ] - [INFO    ] - root - Copying Calendar from /mnt/lineage/app/Calendar/Calendar.apk
[ 2018-11-15 20:57:28,338 ] - [INFO    ] - root - Copying Jelly from /mnt/lineage/app/Jelly/Jelly.apk
[ 2018-11-15 20:57:28,339 ] - [INFO    ] - root - Copying Trebuchet from /mnt/lineage/priv-app/Trebuchet/Trebuchet.apk
[ 2018-11-15 20:57:28,344 ] - [INFO    ] - root - Copying Snap from  /mnt/lineage/priv-app/Snap/Snap.apk
[ 2018-11-15 20:57:28,344 ] - [ERROR   ] - root - Failed to Copy Snap
[ 2018-11-15 20:57:28,345 ] - [ERROR   ] - root - [Errno 2] No such file or directory: ' /mnt/lineage/priv-app/Snap/Snap.apk'
Traceback (most recent call last):
  File "./copy_files.py", line 110, in copy_release_files
    shutil.copy2(path, RELEASE_DIR / fname)
  File "/home/travis/virtualenv/python3.6.3/lib/python3.6/shutil.py", line 257, in copy2
    copyfile(src, dst, follow_symlinks=follow_symlinks)
  File "/home/travis/virtualenv/python3.6.3/lib/python3.6/shutil.py", line 120, in copyfile
    with open(src, 'rb') as fsrc:
FileNotFoundError: [Errno 2] No such file or directory: ' /mnt/lineage/priv-app/Snap/Snap.apk'
[ 2018-11-15 20:57:28,348 ] - [INFO    ] - root - Copying Recorder from /mnt/lineage/priv-app/Recorder/Recorder.apk
[ 2018-11-15 20:57:28,352 ] - [INFO    ] - root - Copying Messaging from /mnt/lineage/app/messaging/messaging.apk
[ 2018-11-15 20:57:28,369 ] - [INFO    ] - root - Copying DeskClock from /mnt/lineage/app/DeskClock/DeskClock.apk
[ 2018-11-15 20:57:28,379 ] - [INFO    ] - root - GH Releases is not enabled. Not Copying Release Notes.
