[ 2019-01-18 21:12:30,212 ] - [DEBUG   ] - root - ------------------------System Info------------------------------
[ 2019-01-18 21:12:30,215 ] - [DEBUG   ] - root - Platform : Linux, Version: #124~14.04.1-Ubuntu SMP Fri Nov 10 19:05:36 UTC 2017
[ 2019-01-18 21:12:30,215 ] - [DEBUG   ] - root - Hostname : travis-job-9abe94b3-457d-46bb-b646-5ee399773e2d
[ 2019-01-18 21:12:30,216 ] - [DEBUG   ] - root - Python Version : 3.6.3
[ 2019-01-18 21:12:30,236 ] - [DEBUG   ] - root - Platform Arch : ('64bit', 'ELF')
[ 2019-01-18 21:12:30,236 ] - [DEBUG   ] - root - -----------------------------------------------------------------
[ 2019-01-18 21:12:30,237 ] - [INFO    ] - root - Getting LOS Download page for bullhead ...
[ 2019-01-18 21:12:30,237 ] - [DEBUG   ] - root - Getting Download Page for bullhead
[ 2019-01-18 21:12:30,237 ] - [INFO    ] - root - Attempting to download : LineageOS_Downlad_Page.html
[ 2019-01-18 21:12:30,237 ] - [INFO    ] - root - From URL: https://download.lineageos.org/bullhead
[ 2019-01-18 21:12:30,237 ] - [INFO    ] - root - Downloading file.....
[ 2019-01-18 21:12:30,244 ] - [DEBUG   ] - urllib3.connectionpool - Starting new HTTPS connection (1): download.lineageos.org:443
[ 2019-01-18 21:12:30,407 ] - [DEBUG   ] - urllib3.connectionpool - https://download.lineageos.org:443 "GET /bullhead HTTP/1.1" 200 None
[ 2019-01-18 21:12:30,408 ] - [DEBUG   ] - root - Response code is 200
[ 2019-01-18 21:12:30,410 ] - [DEBUG   ] - root - LineageOS_Downlad_Page.html file exists.
[ 2019-01-18 21:12:30,410 ] - [INFO    ] - root - Parsing HTML page...
[ 2019-01-18 21:12:30,465 ] - [DEBUG   ] - root - ----------------------------------------------------------
[ 2019-01-18 21:12:30,465 ] - [DEBUG   ] - root - ------------------Parsed Variables------------------------
[ 2019-01-18 21:12:30,465 ] - [DEBUG   ] - root - LOS_REL_TYPE = ['nightly', 'nightly', 'nightly', 'nightly', 'nightly', 'nightly', 'nightly', 'nightly', 'nightly', 'nightly']
[ 2019-01-18 21:12:30,465 ] - [DEBUG   ] - root - LOS_REL_VERSION = ['15.1', '15.1', '15.1', '15.1', '15.1', '15.1', '15.1', '15.1', '15.1', '15.1']
[ 2019-01-18 21:12:30,465 ] - [DEBUG   ] - root - LOS_REL_URL = ['https://mirrorbits.lineageos.org/full/bullhead/20190118/lineage-15.1-20190118-nightly-bullhead-signed.zip', 'https://mirrorbits.lineageos.org/full/bullhead/20190117/lineage-15.1-20190117-nightly-bullhead-signed.zip', 'https://mirrorbits.lineageos.org/full/bullhead/20190116/lineage-15.1-20190116-nightly-bullhead-signed.zip', 'https://mirrorbits.lineageos.org/full/bullhead/20190115/lineage-15.1-20190115-nightly-bullhead-signed.zip', 'https://mirrorbits.lineageos.org/full/bullhead/20190114/lineage-15.1-20190114-nightly-bullhead-signed.zip', 'https://mirrorbits.lineageos.org/full/bullhead/20190113/lineage-15.1-20190113-nightly-bullhead-signed.zip', 'https://mirrorbits.lineageos.org/full/bullhead/20190112/lineage-15.1-20190112-nightly-bullhead-signed.zip', 'https://mirrorbits.lineageos.org/full/bullhead/20190111/lineage-15.1-20190111-nightly-bullhead-signed.zip', 'https://mirrorbits.lineageos.org/full/bullhead/20190110/lineage-15.1-20190110-nightly-bullhead-signed.zip', 'https://mirrorbits.lineageos.org/full/bullhead/20190109/lineage-15.1-20190109-nightly-bullhead-signed.zip']
[ 2019-01-18 21:12:30,465 ] - [DEBUG   ] - root - LOS_REL_SIZE = ['417.07 MB', '417.08 MB', '417.07 MB', '417.07 MB', '417.12 MB', '417.11 MB', '434.22 MB', '434.17 MB', '434.16 MB', '434.17 MB']
[ 2019-01-18 21:12:30,465 ] - [DEBUG   ] - root - LOS_REL_DATE = ['2019-01-18', '2019-01-17', '2019-01-16', '2019-01-15', '2019-01-14', '2019-01-13', '2019-01-12', '2019-01-11', '2019-01-10', '2019-01-09']
[ 2019-01-18 21:12:30,465 ] - [DEBUG   ] - root - REL_TAG is 15.1.2019-01-18
[ 2019-01-18 21:12:30,465 ] - [DEBUG   ] - root - ----------------------------------------------------------
[ 2019-01-18 21:12:30,465 ] - [DEBUG   ] - root - ----------------------------------------------------------
[ 2019-01-18 21:12:30,466 ] - [INFO    ] - root - Downloading ZIP File ...
[ 2019-01-18 21:12:30,466 ] - [INFO    ] - root - Attempting to download : LineageOS.zip
[ 2019-01-18 21:12:30,466 ] - [INFO    ] - root - From URL: https://mirrorbits.lineageos.org/full/bullhead/20190118/lineage-15.1-20190118-nightly-bullhead-signed.zip
[ 2019-01-18 21:12:30,466 ] - [INFO    ] - root - Downloading file.....
[ 2019-01-18 21:12:30,468 ] - [DEBUG   ] - urllib3.connectionpool - Starting new HTTPS connection (1): mirrorbits.lineageos.org:443
[ 2019-01-18 21:12:30,937 ] - [DEBUG   ] - urllib3.connectionpool - https://mirrorbits.lineageos.org:443 "GET /full/bullhead/20190118/lineage-15.1-20190118-nightly-bullhead-signed.zip HTTP/1.1" 302 135
[ 2019-01-18 21:12:30,941 ] - [DEBUG   ] - urllib3.connectionpool - Starting new HTTPS connection (1): ftp.acc.umu.se:443
[ 2019-01-18 21:12:31,627 ] - [DEBUG   ] - urllib3.connectionpool - https://ftp.acc.umu.se:443 "GET /mirror/lineageos/full/bullhead/20190118/lineage-15.1-20190118-nightly-bullhead-signed.zip HTTP/1.1" 302 422
[ 2019-01-18 21:12:31,632 ] - [DEBUG   ] - urllib3.connectionpool - Starting new HTTPS connection (1): saimei.ftp.acc.umu.se:443
[ 2019-01-18 21:12:32,453 ] - [DEBUG   ] - urllib3.connectionpool - https://saimei.ftp.acc.umu.se:443 "GET /mirror/lineageos/full/bullhead/20190118/lineage-15.1-20190118-nightly-bullhead-signed.zip HTTP/1.1" 200 437331656
[ 2019-01-18 21:12:32,456 ] - [DEBUG   ] - root - Response code is 200
[ 2019-01-18 21:13:21,383 ] - [INFO    ] - root - Getting Checksum File...
[ 2019-01-18 21:13:21,383 ] - [INFO    ] - root - Attempting to download : LineageOS_ZIP_SHA256.txt
[ 2019-01-18 21:13:21,383 ] - [INFO    ] - root - From URL: https://mirrorbits.lineageos.org/full/bullhead/20190118/lineage-15.1-20190118-nightly-bullhead-signed.zip?sha256
[ 2019-01-18 21:13:21,383 ] - [INFO    ] - root - Downloading file.....
[ 2019-01-18 21:13:21,386 ] - [DEBUG   ] - urllib3.connectionpool - Starting new HTTPS connection (1): mirrorbits.lineageos.org:443
[ 2019-01-18 21:13:21,842 ] - [DEBUG   ] - urllib3.connectionpool - https://mirrorbits.lineageos.org:443 "GET /full/bullhead/20190118/lineage-15.1-20190118-nightly-bullhead-signed.zip?sha256 HTTP/1.1" 200 115
[ 2019-01-18 21:13:21,842 ] - [DEBUG   ] - root - Response code is 200
[ 2019-01-18 21:13:21,844 ] - [INFO    ] - root - Verifying ZIP file checksums...
[ 2019-01-18 21:13:21,844 ] - [DEBUG   ] - root - File's LineageOS_ZIP_SHA256.txt present on FS.
[ 2019-01-18 21:13:21,844 ] - [DEBUG   ] - root - File LineageOS.zip is present on the FS.
[ 2019-01-18 21:13:23,853 ] - [DEBUG   ] - root - SHA256 hash for LineageOS.zip is : 662ca8cccaebc52fd02e7e8e03f1439895a40d5546254934e826c35aff489bde
[ 2019-01-18 21:13:23,853 ] - [DEBUG   ] - root - SHA256 hash SHOULD BE : 662ca8cccaebc52fd02e7e8e03f1439895a40d5546254934e826c35aff489bde
[ 2019-01-18 21:13:23,853 ] - [DEBUG   ] - root - File Hashes Match.
[ 2019-01-18 21:13:23,853 ] - [INFO    ] - root - Woohooo.. ZIP File's Checksum matches.
[ 2019-01-18 21:13:23,853 ] - [INFO    ] - root - Extracting from ZIP File ....
[ 2019-01-18 21:13:23,853 ] - [INFO    ] - root - Deleting old files if any....
[ 2019-01-18 21:13:23,853 ] - [DEBUG   ] - root - Deleting old DAT files (if any)
[ 2019-01-18 21:13:23,854 ] - [DEBUG   ] - root - Deleting old IMG file (if any)
[ 2019-01-18 21:13:25,119 ] - [INFO    ] - root - Getting Info about last build & release...
[ 2019-01-18 21:13:25,120 ] - [DEBUG   ] - root - Downloading OLD release.json
[ 2019-01-18 21:13:25,120 ] - [INFO    ] - root - Attempting to download : old_release.json
[ 2019-01-18 21:13:25,120 ] - [INFO    ] - root - From URL: https://raw.githubusercontent.com/tprasadtp/lineageos-apk-extractor/gh-pages/release.json
[ 2019-01-18 21:13:25,120 ] - [INFO    ] - root - Downloading file.....
[ 2019-01-18 21:13:25,122 ] - [DEBUG   ] - urllib3.connectionpool - Starting new HTTPS connection (1): raw.githubusercontent.com:443
[ 2019-01-18 21:13:25,261 ] - [DEBUG   ] - urllib3.connectionpool - https://raw.githubusercontent.com:443 "GET /tprasadtp/lineageos-apk-extractor/gh-pages/release.json HTTP/1.1" 200 345
[ 2019-01-18 21:13:25,261 ] - [DEBUG   ] - root - Response code is 200
[ 2019-01-18 21:13:25,263 ] - [DEBUG   ] - root - Reading old release.json file...
[ 2019-01-18 21:13:25,263 ] - [INFO    ] - root - Last Build was 1547241132
[ 2019-01-18 21:13:25,263 ] - [INFO    ] - root - Last Release Tag was 15.1.2019-01-11
[ 2019-01-18 21:13:25,263 ] - [INFO    ] - root - Last Release TS was 11 Jan at 21:12
[ 2019-01-18 21:13:25,263 ] - [INFO    ] - root - Preparing Metadata....
[ 2019-01-18 21:13:25,263 ] - [INFO    ] - root - This release is New. GH Releases will be enabled if on MASTER
[ 2019-01-18 21:13:25,263 ] - [INFO    ] - root - Generating Release Notes...
[ 2019-01-18 21:13:25,264 ] - [DEBUG   ] - root - Generated Release Notes.
[ 2019-01-18 21:13:25,264 ] - [INFO    ] - root - Generating release.json
[ 2019-01-18 21:13:25,264 ] - [DEBUG   ] - root - Writing release.json
[ 2019-01-18 21:13:25,264 ] - [DEBUG   ] - root - JSON Dump is : {"version": 3, "ci": {"build_date": 1547845950, "build_date_human": "18 Jan at 21:12", "build_number": "96", "node_name": "travis-job-9abe94b3-457d-46bb-b646-5ee399773e2d", "deployed": "Yes"}, "lineage": {"version": "15.1", "build": "2019-01-18", "build_type": "nightly", "zip_file": "https://mirrorbits.lineageos.org/full/bullhead/20190118/lineage-15.1-20190118-nightly-bullhead-signed.zip"}, "release": {"tag": "15.1.2019-01-18", "link": "https://github.com/tprasadtp/lineageos-apk-extractor/releases/tag/15.1.2019-01-18", "human_ts": "18 Jan at 21:12"}}
[ 2019-01-18 21:13:25,264 ] - [INFO    ] - root - Writing exporter script...
[ 2019-01-18 21:13:25,264 ] - [DEBUG   ] - root - Writing flags.sh
[ 2019-01-18 21:14:11,623 ] - [DEBUG   ] - root - Setting TAG Variable
[ 2019-01-18 21:14:11,623 ] - [INFO    ] - root - Reading json data from file.
[ 2019-01-18 21:14:11,623 ] - [INFO    ] - root - Copying Metadata
[ 2019-01-18 21:14:11,624 ] - [INFO    ] - root - Creating Metadata Folder...
[ 2019-01-18 21:14:11,624 ] - [INFO    ] - root - Copying release.json
[ 2019-01-18 21:14:11,625 ] - [INFO    ] - root - Checking Mount point
[ 2019-01-18 21:14:11,625 ] - [DEBUG   ] - root - Creating Releases Folder
[ 2019-01-18 21:14:11,625 ] - [INFO    ] - root - Copying Email from /mnt/lineage/app/Email/Email.apk
[ 2019-01-18 21:14:11,637 ] - [INFO    ] - root - Copying Gallery from /mnt/lineage/priv-app/Gallery2/Gallery2.apk
[ 2019-01-18 21:14:11,657 ] - [INFO    ] - root - Copying Music from /mnt/lineage/priv-app/Eleven/Eleven.apk
[ 2019-01-18 21:14:11,665 ] - [INFO    ] - root - Copying Calendar from /mnt/lineage/app/Calendar/Calendar.apk
[ 2019-01-18 21:14:11,670 ] - [INFO    ] - root - Copying Jelly from /mnt/lineage/app/Jelly/Jelly.apk
[ 2019-01-18 21:14:11,672 ] - [INFO    ] - root - Copying Trebuchet from /mnt/lineage/priv-app/Trebuchet/Trebuchet.apk
[ 2019-01-18 21:14:11,677 ] - [INFO    ] - root - Copying Snap from  /mnt/lineage/priv-app/Snap/Snap.apk
[ 2019-01-18 21:14:11,678 ] - [ERROR   ] - root - Failed to Copy Snap
[ 2019-01-18 21:14:11,679 ] - [ERROR   ] - root - [Errno 2] No such file or directory: ' /mnt/lineage/priv-app/Snap/Snap.apk'
Traceback (most recent call last):
  File "./copy_files.py", line 110, in copy_release_files
    shutil.copy2(path, RELEASE_DIR / fname)
  File "/home/travis/virtualenv/python3.6.3/lib/python3.6/shutil.py", line 257, in copy2
    copyfile(src, dst, follow_symlinks=follow_symlinks)
  File "/home/travis/virtualenv/python3.6.3/lib/python3.6/shutil.py", line 120, in copyfile
    with open(src, 'rb') as fsrc:
FileNotFoundError: [Errno 2] No such file or directory: ' /mnt/lineage/priv-app/Snap/Snap.apk'
[ 2019-01-18 21:14:11,682 ] - [INFO    ] - root - Copying Recorder from /mnt/lineage/priv-app/Recorder/Recorder.apk
[ 2019-01-18 21:14:11,689 ] - [INFO    ] - root - Copying Messaging from /mnt/lineage/app/messaging/messaging.apk
[ 2019-01-18 21:14:11,706 ] - [INFO    ] - root - Copying DeskClock from /mnt/lineage/app/DeskClock/DeskClock.apk
[ 2019-01-18 21:14:11,715 ] - [INFO    ] - root - GH Releases is not enabled. Not Copying Release Notes.
