[ 2018-12-31 00:17:43,563 ] - [DEBUG   ] - root - ------------------------System Info------------------------------
[ 2018-12-31 00:17:43,566 ] - [DEBUG   ] - root - Platform : Linux, Version: #124~14.04.1-Ubuntu SMP Fri Nov 10 19:05:36 UTC 2017
[ 2018-12-31 00:17:43,566 ] - [DEBUG   ] - root - Hostname : travis-job-3749c71c-e8d5-42dd-b67d-b5fd5a41499e
[ 2018-12-31 00:17:43,566 ] - [DEBUG   ] - root - Python Version : 3.6.3
[ 2018-12-31 00:17:43,583 ] - [DEBUG   ] - root - Platform Arch : ('64bit', 'ELF')
[ 2018-12-31 00:17:43,584 ] - [DEBUG   ] - root - -----------------------------------------------------------------
[ 2018-12-31 00:17:43,584 ] - [INFO    ] - root - Getting LOS Download page for bullhead ...
[ 2018-12-31 00:17:43,584 ] - [DEBUG   ] - root - Getting Download Page for bullhead
[ 2018-12-31 00:17:43,584 ] - [INFO    ] - root - Attempting to download : LineageOS_Downlad_Page.html
[ 2018-12-31 00:17:43,584 ] - [INFO    ] - root - From URL: https://download.lineageos.org/bullhead
[ 2018-12-31 00:17:43,585 ] - [INFO    ] - root - Downloading file.....
[ 2018-12-31 00:17:43,591 ] - [DEBUG   ] - urllib3.connectionpool - Starting new HTTPS connection (1): download.lineageos.org:443
[ 2018-12-31 00:17:43,739 ] - [DEBUG   ] - urllib3.connectionpool - https://download.lineageos.org:443 "GET /bullhead HTTP/1.1" 200 None
[ 2018-12-31 00:17:43,739 ] - [DEBUG   ] - root - Response code is 200
[ 2018-12-31 00:17:43,741 ] - [DEBUG   ] - root - LineageOS_Downlad_Page.html file exists.
[ 2018-12-31 00:17:43,742 ] - [INFO    ] - root - Parsing HTML page...
[ 2018-12-31 00:17:43,800 ] - [DEBUG   ] - root - ----------------------------------------------------------
[ 2018-12-31 00:17:43,800 ] - [DEBUG   ] - root - ------------------Parsed Variables------------------------
[ 2018-12-31 00:17:43,800 ] - [DEBUG   ] - root - LOS_REL_TYPE = ['nightly', 'nightly', 'nightly', 'nightly', 'nightly']
[ 2018-12-31 00:17:43,800 ] - [DEBUG   ] - root - LOS_REL_VERSION = ['15.1', '15.1', '15.1', '15.1', '15.1']
[ 2018-12-31 00:17:43,800 ] - [DEBUG   ] - root - LOS_REL_URL = ['https://mirrorbits.lineageos.org/full/bullhead/20181230/lineage-15.1-20181230-nightly-bullhead-signed.zip', 'https://mirrorbits.lineageos.org/full/bullhead/20181229/lineage-15.1-20181229-nightly-bullhead-signed.zip', 'https://mirrorbits.lineageos.org/full/bullhead/20181228/lineage-15.1-20181228-nightly-bullhead-signed.zip', 'https://mirrorbits.lineageos.org/full/bullhead/20181227/lineage-15.1-20181227-nightly-bullhead-signed.zip', 'https://mirrorbits.lineageos.org/full/bullhead/20181226/lineage-15.1-20181226-nightly-bullhead-signed.zip']
[ 2018-12-31 00:17:43,800 ] - [DEBUG   ] - root - LOS_REL_SIZE = ['434.23 MB', '434.23 MB', '434.18 MB', '434.17 MB', '434.16 MB']
[ 2018-12-31 00:17:43,800 ] - [DEBUG   ] - root - LOS_REL_DATE = ['2018-12-30', '2018-12-29', '2018-12-28', '2018-12-27', '2018-12-26']
[ 2018-12-31 00:17:43,800 ] - [DEBUG   ] - root - REL_TAG is 15.1.2018-12-30
[ 2018-12-31 00:17:43,800 ] - [DEBUG   ] - root - ----------------------------------------------------------
[ 2018-12-31 00:17:43,800 ] - [DEBUG   ] - root - ----------------------------------------------------------
[ 2018-12-31 00:17:43,800 ] - [INFO    ] - root - Downloading ZIP File ...
[ 2018-12-31 00:17:43,800 ] - [INFO    ] - root - Attempting to download : LineageOS.zip
[ 2018-12-31 00:17:43,801 ] - [INFO    ] - root - From URL: https://mirrorbits.lineageos.org/full/bullhead/20181230/lineage-15.1-20181230-nightly-bullhead-signed.zip
[ 2018-12-31 00:17:43,801 ] - [INFO    ] - root - Downloading file.....
[ 2018-12-31 00:17:43,806 ] - [DEBUG   ] - urllib3.connectionpool - Starting new HTTPS connection (1): mirrorbits.lineageos.org:443
[ 2018-12-31 00:17:44,275 ] - [DEBUG   ] - urllib3.connectionpool - https://mirrorbits.lineageos.org:443 "GET /full/bullhead/20181230/lineage-15.1-20181230-nightly-bullhead-signed.zip HTTP/1.1" 302 135
[ 2018-12-31 00:17:44,278 ] - [DEBUG   ] - urllib3.connectionpool - Starting new HTTPS connection (1): ftp.acc.umu.se:443
[ 2018-12-31 00:17:44,949 ] - [DEBUG   ] - urllib3.connectionpool - https://ftp.acc.umu.se:443 "GET /mirror/lineageos/full/bullhead/20181230/lineage-15.1-20181230-nightly-bullhead-signed.zip HTTP/1.1" 302 422
[ 2018-12-31 00:17:44,954 ] - [DEBUG   ] - urllib3.connectionpool - Starting new HTTPS connection (1): saimei.ftp.acc.umu.se:443
[ 2018-12-31 00:17:45,627 ] - [DEBUG   ] - urllib3.connectionpool - https://saimei.ftp.acc.umu.se:443 "GET /mirror/lineageos/full/bullhead/20181230/lineage-15.1-20181230-nightly-bullhead-signed.zip HTTP/1.1" 200 455318637
[ 2018-12-31 00:17:45,629 ] - [DEBUG   ] - root - Response code is 200
[ 2018-12-31 00:18:06,238 ] - [INFO    ] - root - Getting Checksum File...
[ 2018-12-31 00:18:06,238 ] - [INFO    ] - root - Attempting to download : LineageOS_ZIP_SHA256.txt
[ 2018-12-31 00:18:06,239 ] - [INFO    ] - root - From URL: https://mirrorbits.lineageos.org/full/bullhead/20181230/lineage-15.1-20181230-nightly-bullhead-signed.zip?sha256
[ 2018-12-31 00:18:06,239 ] - [INFO    ] - root - Downloading file.....
[ 2018-12-31 00:18:06,241 ] - [DEBUG   ] - urllib3.connectionpool - Starting new HTTPS connection (1): mirrorbits.lineageos.org:443
[ 2018-12-31 00:18:06,697 ] - [DEBUG   ] - urllib3.connectionpool - https://mirrorbits.lineageos.org:443 "GET /full/bullhead/20181230/lineage-15.1-20181230-nightly-bullhead-signed.zip?sha256 HTTP/1.1" 200 115
[ 2018-12-31 00:18:06,698 ] - [DEBUG   ] - root - Response code is 200
[ 2018-12-31 00:18:06,699 ] - [INFO    ] - root - Verifying ZIP file checksums...
[ 2018-12-31 00:18:06,700 ] - [DEBUG   ] - root - File's LineageOS_ZIP_SHA256.txt present on FS.
[ 2018-12-31 00:18:06,700 ] - [DEBUG   ] - root - File LineageOS.zip is present on the FS.
[ 2018-12-31 00:18:08,772 ] - [DEBUG   ] - root - SHA256 hash for LineageOS.zip is : 94c6e57daf069f14342676416bcc622aa6d3913dae055cbee79283d4b7849d93
[ 2018-12-31 00:18:08,772 ] - [DEBUG   ] - root - SHA256 hash SHOULD BE : 94c6e57daf069f14342676416bcc622aa6d3913dae055cbee79283d4b7849d93
[ 2018-12-31 00:18:08,774 ] - [DEBUG   ] - root - File Hashes Match.
[ 2018-12-31 00:18:08,774 ] - [INFO    ] - root - Woohooo.. ZIP File's Checksum matches.
[ 2018-12-31 00:18:08,774 ] - [INFO    ] - root - Extracting from ZIP File ....
[ 2018-12-31 00:18:08,774 ] - [INFO    ] - root - Deleting old files if any....
[ 2018-12-31 00:18:08,774 ] - [DEBUG   ] - root - Deleting old DAT files (if any)
[ 2018-12-31 00:18:08,775 ] - [DEBUG   ] - root - Deleting old IMG file (if any)
[ 2018-12-31 00:18:10,041 ] - [INFO    ] - root - Getting Info about last build & release...
[ 2018-12-31 00:18:10,042 ] - [DEBUG   ] - root - Downloading OLD release.json
[ 2018-12-31 00:18:10,042 ] - [INFO    ] - root - Attempting to download : old_release.json
[ 2018-12-31 00:18:10,042 ] - [INFO    ] - root - From URL: https://raw.githubusercontent.com/tprasadtp/lineageos-apk-extractor/gh-pages/release.json
[ 2018-12-31 00:18:10,042 ] - [INFO    ] - root - Downloading file.....
[ 2018-12-31 00:18:10,044 ] - [DEBUG   ] - urllib3.connectionpool - Starting new HTTPS connection (1): raw.githubusercontent.com:443
[ 2018-12-31 00:18:10,158 ] - [DEBUG   ] - urllib3.connectionpool - https://raw.githubusercontent.com:443 "GET /tprasadtp/lineageos-apk-extractor/gh-pages/release.json HTTP/1.1" 200 347
[ 2018-12-31 00:18:10,159 ] - [DEBUG   ] - root - Response code is 200
[ 2018-12-31 00:18:10,161 ] - [DEBUG   ] - root - Reading old release.json file...
[ 2018-12-31 00:18:10,161 ] - [INFO    ] - root - Last Build was 1546031460
[ 2018-12-31 00:18:10,161 ] - [INFO    ] - root - Last Release Tag was 15.1.2018-12-28
[ 2018-12-31 00:18:10,161 ] - [INFO    ] - root - Last Release TS was 28 Dec at 21:11
[ 2018-12-31 00:18:10,162 ] - [INFO    ] - root - Preparing Metadata....
[ 2018-12-31 00:18:10,162 ] - [INFO    ] - root - This release is New. GH Releases will be enabled if on MASTER
[ 2018-12-31 00:18:10,162 ] - [INFO    ] - root - Generating Release Notes...
[ 2018-12-31 00:18:10,162 ] - [DEBUG   ] - root - Generated Release Notes.
[ 2018-12-31 00:18:10,162 ] - [INFO    ] - root - Generating release.json
[ 2018-12-31 00:18:10,162 ] - [DEBUG   ] - root - Writing release.json
[ 2018-12-31 00:18:10,163 ] - [DEBUG   ] - root - JSON Dump is : {"version": 3, "ci": {"build_date": 1546215463, "build_date_human": "31 Dec at 00:17", "build_number": "90", "node_name": "travis-job-3749c71c-e8d5-42dd-b67d-b5fd5a41499e", "deployed": "Yes"}, "lineage": {"version": "15.1", "build": "2018-12-30", "build_type": "nightly", "zip_file": "https://mirrorbits.lineageos.org/full/bullhead/20181230/lineage-15.1-20181230-nightly-bullhead-signed.zip"}, "release": {"tag": "15.1.2018-12-30", "link": "https://github.com/tprasadtp/lineageos-apk-extractor/releases/tag/15.1.2018-12-30", "human_ts": "31 Dec at 00:17"}}
[ 2018-12-31 00:18:10,163 ] - [INFO    ] - root - Writing exporter script...
[ 2018-12-31 00:18:10,163 ] - [DEBUG   ] - root - Writing flags.sh
[ 2018-12-31 00:19:08,502 ] - [DEBUG   ] - root - Setting TAG Variable
[ 2018-12-31 00:19:08,502 ] - [INFO    ] - root - Reading json data from file.
[ 2018-12-31 00:19:08,502 ] - [INFO    ] - root - Copying Metadata
[ 2018-12-31 00:19:08,502 ] - [INFO    ] - root - Creating Metadata Folder...
[ 2018-12-31 00:19:08,502 ] - [INFO    ] - root - Copying release.json
[ 2018-12-31 00:19:08,504 ] - [INFO    ] - root - Checking Mount point
[ 2018-12-31 00:19:08,504 ] - [DEBUG   ] - root - Creating Releases Folder
[ 2018-12-31 00:19:08,505 ] - [INFO    ] - root - Copying Email from /mnt/lineage/app/Email/Email.apk
[ 2018-12-31 00:19:08,516 ] - [INFO    ] - root - Copying Gallery from /mnt/lineage/priv-app/Gallery2/Gallery2.apk
[ 2018-12-31 00:19:08,531 ] - [INFO    ] - root - Copying Music from /mnt/lineage/priv-app/Eleven/Eleven.apk
[ 2018-12-31 00:19:08,539 ] - [INFO    ] - root - Copying Calendar from /mnt/lineage/app/Calendar/Calendar.apk
[ 2018-12-31 00:19:08,544 ] - [INFO    ] - root - Copying Jelly from /mnt/lineage/app/Jelly/Jelly.apk
[ 2018-12-31 00:19:08,546 ] - [INFO    ] - root - Copying Trebuchet from /mnt/lineage/priv-app/Trebuchet/Trebuchet.apk
[ 2018-12-31 00:19:08,551 ] - [INFO    ] - root - Copying Snap from  /mnt/lineage/priv-app/Snap/Snap.apk
[ 2018-12-31 00:19:08,551 ] - [ERROR   ] - root - Failed to Copy Snap
[ 2018-12-31 00:19:08,551 ] - [ERROR   ] - root - [Errno 2] No such file or directory: ' /mnt/lineage/priv-app/Snap/Snap.apk'
Traceback (most recent call last):
  File "./copy_files.py", line 110, in copy_release_files
    shutil.copy2(path, RELEASE_DIR / fname)
  File "/home/travis/virtualenv/python3.6.3/lib/python3.6/shutil.py", line 257, in copy2
    copyfile(src, dst, follow_symlinks=follow_symlinks)
  File "/home/travis/virtualenv/python3.6.3/lib/python3.6/shutil.py", line 120, in copyfile
    with open(src, 'rb') as fsrc:
FileNotFoundError: [Errno 2] No such file or directory: ' /mnt/lineage/priv-app/Snap/Snap.apk'
[ 2018-12-31 00:19:08,554 ] - [INFO    ] - root - Copying Recorder from /mnt/lineage/priv-app/Recorder/Recorder.apk
[ 2018-12-31 00:19:08,561 ] - [INFO    ] - root - Copying Messaging from /mnt/lineage/app/messaging/messaging.apk
[ 2018-12-31 00:19:08,574 ] - [INFO    ] - root - Copying DeskClock from /mnt/lineage/app/DeskClock/DeskClock.apk
[ 2018-12-31 00:19:08,584 ] - [INFO    ] - root - GH Releases is not enabled. Not Copying Release Notes.
