[ 2019-02-02 11:32:54,573 ] - [DEBUG   ] - root - ------------------------System Info------------------------------
[ 2019-02-02 11:32:54,576 ] - [DEBUG   ] - root - Platform : Linux, Version: #124~14.04.1-Ubuntu SMP Fri Nov 10 19:05:36 UTC 2017
[ 2019-02-02 11:32:54,577 ] - [DEBUG   ] - root - Hostname : travis-job-caebb650-71ec-48ce-9a79-063eccad5785
[ 2019-02-02 11:32:54,577 ] - [DEBUG   ] - root - Python Version : 3.6.3
[ 2019-02-02 11:32:54,592 ] - [DEBUG   ] - root - Platform Arch : ('64bit', 'ELF')
[ 2019-02-02 11:32:54,593 ] - [DEBUG   ] - root - -----------------------------------------------------------------
[ 2019-02-02 11:32:54,593 ] - [INFO    ] - root - Getting LOS Download page for bullhead ...
[ 2019-02-02 11:32:54,593 ] - [DEBUG   ] - root - Getting Download Page for bullhead
[ 2019-02-02 11:32:54,593 ] - [INFO    ] - root - Attempting to download : LineageOS_Downlad_Page.html
[ 2019-02-02 11:32:54,594 ] - [INFO    ] - root - From URL: https://download.lineageos.org/bullhead
[ 2019-02-02 11:32:54,594 ] - [INFO    ] - root - Downloading file.....
[ 2019-02-02 11:32:54,603 ] - [DEBUG   ] - urllib3.connectionpool - Starting new HTTPS connection (1): download.lineageos.org:443
[ 2019-02-02 11:32:54,852 ] - [DEBUG   ] - urllib3.connectionpool - https://download.lineageos.org:443 "GET /bullhead HTTP/1.1" 200 None
[ 2019-02-02 11:32:54,853 ] - [DEBUG   ] - root - Response code is 200
[ 2019-02-02 11:32:54,855 ] - [DEBUG   ] - root - LineageOS_Downlad_Page.html file exists.
[ 2019-02-02 11:32:54,855 ] - [INFO    ] - root - Parsing HTML page...
[ 2019-02-02 11:32:54,910 ] - [DEBUG   ] - root - ----------------------------------------------------------
[ 2019-02-02 11:32:54,910 ] - [DEBUG   ] - root - ------------------Parsed Variables------------------------
[ 2019-02-02 11:32:54,910 ] - [DEBUG   ] - root - LOS_REL_TYPE = ['nightly', 'nightly', 'nightly', 'nightly', 'nightly', 'nightly', 'nightly', 'nightly', 'nightly', 'nightly', 'nightly']
[ 2019-02-02 11:32:54,910 ] - [DEBUG   ] - root - LOS_REL_VERSION = ['15.1', '15.1', '15.1', '15.1', '15.1', '15.1', '15.1', '15.1', '15.1', '15.1', '15.1']
[ 2019-02-02 11:32:54,910 ] - [DEBUG   ] - root - LOS_REL_URL = ['https://mirrorbits.lineageos.org/full/bullhead/20190202/lineage-15.1-20190202-nightly-bullhead-signed.zip', 'https://mirrorbits.lineageos.org/full/bullhead/20190201/lineage-15.1-20190201-nightly-bullhead-signed.zip', 'https://mirrorbits.lineageos.org/full/bullhead/20190131/lineage-15.1-20190131-nightly-bullhead-signed.zip', 'https://mirrorbits.lineageos.org/full/bullhead/20190130/lineage-15.1-20190130-nightly-bullhead-signed.zip', 'https://mirrorbits.lineageos.org/full/bullhead/20190129/lineage-15.1-20190129-nightly-bullhead-signed.zip', 'https://mirrorbits.lineageos.org/full/bullhead/20190128/lineage-15.1-20190128-nightly-bullhead-signed.zip', 'https://mirrorbits.lineageos.org/full/bullhead/20190127/lineage-15.1-20190127-nightly-bullhead-signed.zip', 'https://mirrorbits.lineageos.org/full/bullhead/20190126/lineage-15.1-20190126-nightly-bullhead-signed.zip', 'https://mirrorbits.lineageos.org/full/bullhead/20190124/lineage-15.1-20190124-nightly-bullhead-signed.zip', 'https://mirrorbits.lineageos.org/full/bullhead/20190123/lineage-15.1-20190123-nightly-bullhead-signed.zip', 'https://mirrorbits.lineageos.org/full/bullhead/20190122/lineage-15.1-20190122-nightly-bullhead-signed.zip']
[ 2019-02-02 11:32:54,910 ] - [DEBUG   ] - root - LOS_REL_SIZE = ['417.52 MB', '417.52 MB', '417.52 MB', '417.53 MB', '417.52 MB', '417.51 MB', '417.51 MB', '417.51 MB', '417.52 MB', '417.51 MB', '417.52 MB']
[ 2019-02-02 11:32:54,910 ] - [DEBUG   ] - root - LOS_REL_DATE = ['2019-02-02', '2019-02-01', '2019-01-31', '2019-01-30', '2019-01-29', '2019-01-28', '2019-01-27', '2019-01-26', '2019-01-24', '2019-01-23', '2019-01-22']
[ 2019-02-02 11:32:54,910 ] - [DEBUG   ] - root - REL_TAG is 15.1.2019-02-02
[ 2019-02-02 11:32:54,911 ] - [DEBUG   ] - root - ----------------------------------------------------------
[ 2019-02-02 11:32:54,911 ] - [DEBUG   ] - root - ----------------------------------------------------------
[ 2019-02-02 11:32:54,911 ] - [INFO    ] - root - Downloading ZIP File ...
[ 2019-02-02 11:32:54,911 ] - [INFO    ] - root - Attempting to download : LineageOS.zip
[ 2019-02-02 11:32:54,911 ] - [INFO    ] - root - From URL: https://mirrorbits.lineageos.org/full/bullhead/20190202/lineage-15.1-20190202-nightly-bullhead-signed.zip
[ 2019-02-02 11:32:54,911 ] - [INFO    ] - root - Downloading file.....
[ 2019-02-02 11:32:54,916 ] - [DEBUG   ] - urllib3.connectionpool - Starting new HTTPS connection (1): mirrorbits.lineageos.org:443
[ 2019-02-02 11:32:55,414 ] - [DEBUG   ] - urllib3.connectionpool - https://mirrorbits.lineageos.org:443 "GET /full/bullhead/20190202/lineage-15.1-20190202-nightly-bullhead-signed.zip HTTP/1.1" 302 135
[ 2019-02-02 11:32:55,418 ] - [DEBUG   ] - urllib3.connectionpool - Starting new HTTPS connection (1): ftp.acc.umu.se:443
[ 2019-02-02 11:32:56,091 ] - [DEBUG   ] - urllib3.connectionpool - https://ftp.acc.umu.se:443 "GET /mirror/lineageos/full/bullhead/20190202/lineage-15.1-20190202-nightly-bullhead-signed.zip HTTP/1.1" 302 422
[ 2019-02-02 11:32:56,096 ] - [DEBUG   ] - urllib3.connectionpool - Starting new HTTPS connection (1): saimei.ftp.acc.umu.se:443
[ 2019-02-02 11:32:56,825 ] - [DEBUG   ] - urllib3.connectionpool - https://saimei.ftp.acc.umu.se:443 "GET /mirror/lineageos/full/bullhead/20190202/lineage-15.1-20190202-nightly-bullhead-signed.zip HTTP/1.1" 200 437804032
[ 2019-02-02 11:32:56,827 ] - [DEBUG   ] - root - Response code is 200
[ 2019-02-02 11:33:42,841 ] - [INFO    ] - root - Getting Checksum File...
[ 2019-02-02 11:33:42,841 ] - [INFO    ] - root - Attempting to download : LineageOS_ZIP_SHA256.txt
[ 2019-02-02 11:33:42,841 ] - [INFO    ] - root - From URL: https://mirrorbits.lineageos.org/full/bullhead/20190202/lineage-15.1-20190202-nightly-bullhead-signed.zip?sha256
[ 2019-02-02 11:33:42,841 ] - [INFO    ] - root - Downloading file.....
[ 2019-02-02 11:33:42,846 ] - [DEBUG   ] - urllib3.connectionpool - Starting new HTTPS connection (1): mirrorbits.lineageos.org:443
[ 2019-02-02 11:33:43,302 ] - [DEBUG   ] - urllib3.connectionpool - https://mirrorbits.lineageos.org:443 "GET /full/bullhead/20190202/lineage-15.1-20190202-nightly-bullhead-signed.zip?sha256 HTTP/1.1" 200 115
[ 2019-02-02 11:33:43,303 ] - [DEBUG   ] - root - Response code is 200
[ 2019-02-02 11:33:43,305 ] - [INFO    ] - root - Verifying ZIP file checksums...
[ 2019-02-02 11:33:43,305 ] - [DEBUG   ] - root - File's LineageOS_ZIP_SHA256.txt present on FS.
[ 2019-02-02 11:33:43,306 ] - [DEBUG   ] - root - File LineageOS.zip is present on the FS.
[ 2019-02-02 11:33:45,343 ] - [DEBUG   ] - root - SHA256 hash for LineageOS.zip is : 3d94928148ee819cb119ec49e43a84df832c6b84ba022261c562119be348289f
[ 2019-02-02 11:33:45,343 ] - [DEBUG   ] - root - SHA256 hash SHOULD BE : 3d94928148ee819cb119ec49e43a84df832c6b84ba022261c562119be348289f
[ 2019-02-02 11:33:45,343 ] - [DEBUG   ] - root - File Hashes Match.
[ 2019-02-02 11:33:45,343 ] - [INFO    ] - root - Woohooo.. ZIP File's Checksum matches.
[ 2019-02-02 11:33:45,343 ] - [INFO    ] - root - Extracting from ZIP File ....
[ 2019-02-02 11:33:45,343 ] - [INFO    ] - root - Deleting old files if any....
[ 2019-02-02 11:33:45,344 ] - [DEBUG   ] - root - Deleting old DAT files (if any)
[ 2019-02-02 11:33:45,344 ] - [DEBUG   ] - root - Deleting old IMG file (if any)
[ 2019-02-02 11:33:46,588 ] - [INFO    ] - root - Getting Info about last build & release...
[ 2019-02-02 11:33:46,589 ] - [DEBUG   ] - root - Downloading OLD release.json
[ 2019-02-02 11:33:46,589 ] - [INFO    ] - root - Attempting to download : old_release.json
[ 2019-02-02 11:33:46,589 ] - [INFO    ] - root - From URL: https://raw.githubusercontent.com/tprasadtp/lineageos-apk-extractor/gh-pages/release-bullhead.json
[ 2019-02-02 11:33:46,589 ] - [INFO    ] - root - Downloading file.....
[ 2019-02-02 11:33:46,593 ] - [DEBUG   ] - urllib3.connectionpool - Starting new HTTPS connection (1): raw.githubusercontent.com:443
[ 2019-02-02 11:33:46,719 ] - [DEBUG   ] - urllib3.connectionpool - https://raw.githubusercontent.com:443 "GET /tprasadtp/lineageos-apk-extractor/gh-pages/release-bullhead.json HTTP/1.1" 200 350
[ 2019-02-02 11:33:46,720 ] - [DEBUG   ] - root - Response code is 200
[ 2019-02-02 11:33:46,722 ] - [DEBUG   ] - root - Reading old release.json file...
[ 2019-02-02 11:33:46,722 ] - [INFO    ] - root - Last Build was 1548055633
[ 2019-02-02 11:33:46,722 ] - [INFO    ] - root - Last Release Tag was 0000
[ 2019-02-02 11:33:46,722 ] - [INFO    ] - root - Last Release TS was 01 Feb at 21:13
[ 2019-02-02 11:33:46,722 ] - [INFO    ] - root - Preparing Metadata....
[ 2019-02-02 11:33:46,723 ] - [INFO    ] - root - This release is New. GH Releases will be enabled if on MASTER
[ 2019-02-02 11:33:46,723 ] - [INFO    ] - root - Generating Release Notes...
[ 2019-02-02 11:33:46,723 ] - [DEBUG   ] - root - Generated Release Notes.
[ 2019-02-02 11:33:46,723 ] - [INFO    ] - root - Generating release-bullhead.json
[ 2019-02-02 11:33:46,724 ] - [DEBUG   ] - root - Writing release-bullhead.json
[ 2019-02-02 11:33:46,724 ] - [DEBUG   ] - root - JSON Dump is : {"version": 4, "ci": {"build_date": 1549107174, "build_date_human": "02 Feb at 11:32", "build_number": "116", "node_name": "travis-job-caebb650-71ec-48ce-9a79-063eccad5785", "deployed": "Yes"}, "lineage": {"version": "15.1", "build": "2019-02-02", "build_type": "nightly", "zip_file": "https://mirrorbits.lineageos.org/full/bullhead/20190202/lineage-15.1-20190202-nightly-bullhead-signed.zip"}, "release": {"tag": "15.1.2019-02-02", "link": "https://github.com/tprasadtp/lineageos-apk-extractor/releases/tag/15.1.2019-02-02", "human_ts": "02 Feb at 11:32"}}
[ 2019-02-02 11:33:46,724 ] - [INFO    ] - root - Writing exporter script...
[ 2019-02-02 11:33:46,725 ] - [DEBUG   ] - root - Writing flags.sh
[ 2019-02-02 11:34:33,211 ] - [DEBUG   ] - root - Setting TAG Variable
[ 2019-02-02 11:34:33,211 ] - [INFO    ] - root - Reading json data from file.
[ 2019-02-02 11:34:33,212 ] - [INFO    ] - root - Copying Metadata
[ 2019-02-02 11:34:33,213 ] - [INFO    ] - root - Creating Metadata Folder...
[ 2019-02-02 11:34:33,213 ] - [INFO    ] - root - Copying release-bullhead.json
[ 2019-02-02 11:34:33,214 ] - [INFO    ] - root - Copying Readme.md
[ 2019-02-02 11:34:33,215 ] - [INFO    ] - root - Checking Mount point
[ 2019-02-02 11:34:33,215 ] - [DEBUG   ] - root - Creating Releases Folder
[ 2019-02-02 11:34:33,215 ] - [INFO    ] - root - Copying Email from /mnt/lineage/app/Email/Email.apk
[ 2019-02-02 11:34:33,228 ] - [INFO    ] - root - Copying Gallery from /mnt/lineage/priv-app/Gallery2/Gallery2.apk
[ 2019-02-02 11:34:33,247 ] - [INFO    ] - root - Copying Music from /mnt/lineage/priv-app/Eleven/Eleven.apk
[ 2019-02-02 11:34:33,256 ] - [INFO    ] - root - Copying Calendar from /mnt/lineage/app/Calendar/Calendar.apk
[ 2019-02-02 11:34:33,262 ] - [INFO    ] - root - Copying Jelly from /mnt/lineage/app/Jelly/Jelly.apk
[ 2019-02-02 11:34:33,265 ] - [INFO    ] - root - Copying Trebuchet from /mnt/lineage/priv-app/Trebuchet/Trebuchet.apk
[ 2019-02-02 11:34:33,269 ] - [INFO    ] - root - Copying Recorder from /mnt/lineage/priv-app/Recorder/Recorder.apk
[ 2019-02-02 11:34:33,272 ] - [INFO    ] - root - Copying Messaging from /mnt/lineage/app/messaging/messaging.apk
[ 2019-02-02 11:34:33,289 ] - [INFO    ] - root - Copying DeskClock from /mnt/lineage/app/DeskClock/DeskClock.apk
[ 2019-02-02 11:34:33,297 ] - [INFO    ] - root - GH Releases is not enabled. Not Copying Release Notes.
