[ 2019-01-11 21:12:12,376 ] - [DEBUG   ] - root - ------------------------System Info------------------------------
[ 2019-01-11 21:12:12,379 ] - [DEBUG   ] - root - Platform : Linux, Version: #124~14.04.1-Ubuntu SMP Fri Nov 10 19:05:36 UTC 2017
[ 2019-01-11 21:12:12,379 ] - [DEBUG   ] - root - Hostname : travis-job-e0923dbe-bd21-4c7b-90ed-e74229a619a3
[ 2019-01-11 21:12:12,379 ] - [DEBUG   ] - root - Python Version : 3.6.3
[ 2019-01-11 21:12:12,392 ] - [DEBUG   ] - root - Platform Arch : ('64bit', 'ELF')
[ 2019-01-11 21:12:12,392 ] - [DEBUG   ] - root - -----------------------------------------------------------------
[ 2019-01-11 21:12:12,392 ] - [INFO    ] - root - Getting LOS Download page for bullhead ...
[ 2019-01-11 21:12:12,392 ] - [DEBUG   ] - root - Getting Download Page for bullhead
[ 2019-01-11 21:12:12,393 ] - [INFO    ] - root - Attempting to download : LineageOS_Downlad_Page.html
[ 2019-01-11 21:12:12,393 ] - [INFO    ] - root - From URL: https://download.lineageos.org/bullhead
[ 2019-01-11 21:12:12,394 ] - [INFO    ] - root - Downloading file.....
[ 2019-01-11 21:12:12,404 ] - [DEBUG   ] - urllib3.connectionpool - Starting new HTTPS connection (1): download.lineageos.org:443
[ 2019-01-11 21:12:12,562 ] - [DEBUG   ] - urllib3.connectionpool - https://download.lineageos.org:443 "GET /bullhead HTTP/1.1" 200 None
[ 2019-01-11 21:12:12,563 ] - [DEBUG   ] - root - Response code is 200
[ 2019-01-11 21:12:12,565 ] - [DEBUG   ] - root - LineageOS_Downlad_Page.html file exists.
[ 2019-01-11 21:12:12,565 ] - [INFO    ] - root - Parsing HTML page...
[ 2019-01-11 21:12:12,630 ] - [DEBUG   ] - root - ----------------------------------------------------------
[ 2019-01-11 21:12:12,630 ] - [DEBUG   ] - root - ------------------Parsed Variables------------------------
[ 2019-01-11 21:12:12,630 ] - [DEBUG   ] - root - LOS_REL_TYPE = ['nightly', 'nightly', 'nightly', 'nightly', 'nightly', 'nightly', 'nightly', 'nightly', 'nightly', 'nightly']
[ 2019-01-11 21:12:12,631 ] - [DEBUG   ] - root - LOS_REL_VERSION = ['15.1', '15.1', '15.1', '15.1', '15.1', '15.1', '15.1', '15.1', '15.1', '15.1']
[ 2019-01-11 21:12:12,631 ] - [DEBUG   ] - root - LOS_REL_URL = ['https://mirrorbits.lineageos.org/full/bullhead/20190111/lineage-15.1-20190111-nightly-bullhead-signed.zip', 'https://mirrorbits.lineageos.org/full/bullhead/20190110/lineage-15.1-20190110-nightly-bullhead-signed.zip', 'https://mirrorbits.lineageos.org/full/bullhead/20190109/lineage-15.1-20190109-nightly-bullhead-signed.zip', 'https://mirrorbits.lineageos.org/full/bullhead/20190108/lineage-15.1-20190108-nightly-bullhead-signed.zip', 'https://mirrorbits.lineageos.org/full/bullhead/20190107/lineage-15.1-20190107-nightly-bullhead-signed.zip', 'https://mirrorbits.lineageos.org/full/bullhead/20190106/lineage-15.1-20190106-nightly-bullhead-signed.zip', 'https://mirrorbits.lineageos.org/full/bullhead/20190105/lineage-15.1-20190105-nightly-bullhead-signed.zip', 'https://mirrorbits.lineageos.org/full/bullhead/20190104/lineage-15.1-20190104-nightly-bullhead-signed.zip', 'https://mirrorbits.lineageos.org/full/bullhead/20190103/lineage-15.1-20190103-nightly-bullhead-signed.zip', 'https://mirrorbits.lineageos.org/full/bullhead/20190102/lineage-15.1-20190102-nightly-bullhead-signed.zip']
[ 2019-01-11 21:12:12,631 ] - [DEBUG   ] - root - LOS_REL_SIZE = ['434.17 MB', '434.16 MB', '434.17 MB', '434.16 MB', '434.16 MB', '434.21 MB', '434.19 MB', '434.19 MB', '434.19 MB', '434.18 MB']
[ 2019-01-11 21:12:12,631 ] - [DEBUG   ] - root - LOS_REL_DATE = ['2019-01-11', '2019-01-10', '2019-01-09', '2019-01-08', '2019-01-07', '2019-01-06', '2019-01-05', '2019-01-04', '2019-01-03', '2019-01-02']
[ 2019-01-11 21:12:12,631 ] - [DEBUG   ] - root - REL_TAG is 15.1.2019-01-11
[ 2019-01-11 21:12:12,631 ] - [DEBUG   ] - root - ----------------------------------------------------------
[ 2019-01-11 21:12:12,631 ] - [DEBUG   ] - root - ----------------------------------------------------------
[ 2019-01-11 21:12:12,631 ] - [INFO    ] - root - Downloading ZIP File ...
[ 2019-01-11 21:12:12,631 ] - [INFO    ] - root - Attempting to download : LineageOS.zip
[ 2019-01-11 21:12:12,631 ] - [INFO    ] - root - From URL: https://mirrorbits.lineageos.org/full/bullhead/20190111/lineage-15.1-20190111-nightly-bullhead-signed.zip
[ 2019-01-11 21:12:12,631 ] - [INFO    ] - root - Downloading file.....
[ 2019-01-11 21:12:12,637 ] - [DEBUG   ] - urllib3.connectionpool - Starting new HTTPS connection (1): mirrorbits.lineageos.org:443
[ 2019-01-11 21:12:13,117 ] - [DEBUG   ] - urllib3.connectionpool - https://mirrorbits.lineageos.org:443 "GET /full/bullhead/20190111/lineage-15.1-20190111-nightly-bullhead-signed.zip HTTP/1.1" 302 135
[ 2019-01-11 21:12:13,121 ] - [DEBUG   ] - urllib3.connectionpool - Starting new HTTPS connection (1): ftp.acc.umu.se:443
[ 2019-01-11 21:12:13,918 ] - [DEBUG   ] - urllib3.connectionpool - https://ftp.acc.umu.se:443 "GET /mirror/lineageos/full/bullhead/20190111/lineage-15.1-20190111-nightly-bullhead-signed.zip HTTP/1.1" 302 422
[ 2019-01-11 21:12:13,923 ] - [DEBUG   ] - urllib3.connectionpool - Starting new HTTPS connection (1): gemmei.ftp.acc.umu.se:443
[ 2019-01-11 21:12:14,601 ] - [DEBUG   ] - urllib3.connectionpool - https://gemmei.ftp.acc.umu.se:443 "GET /mirror/lineageos/full/bullhead/20190111/lineage-15.1-20190111-nightly-bullhead-signed.zip HTTP/1.1" 200 455255113
[ 2019-01-11 21:12:14,603 ] - [DEBUG   ] - root - Response code is 200
[ 2019-01-11 21:14:00,828 ] - [INFO    ] - root - Getting Checksum File...
[ 2019-01-11 21:14:00,828 ] - [INFO    ] - root - Attempting to download : LineageOS_ZIP_SHA256.txt
[ 2019-01-11 21:14:00,829 ] - [INFO    ] - root - From URL: https://mirrorbits.lineageos.org/full/bullhead/20190111/lineage-15.1-20190111-nightly-bullhead-signed.zip?sha256
[ 2019-01-11 21:14:00,830 ] - [INFO    ] - root - Downloading file.....
[ 2019-01-11 21:14:00,834 ] - [DEBUG   ] - urllib3.connectionpool - Starting new HTTPS connection (1): mirrorbits.lineageos.org:443
[ 2019-01-11 21:14:01,295 ] - [DEBUG   ] - urllib3.connectionpool - https://mirrorbits.lineageos.org:443 "GET /full/bullhead/20190111/lineage-15.1-20190111-nightly-bullhead-signed.zip?sha256 HTTP/1.1" 200 115
[ 2019-01-11 21:14:01,296 ] - [DEBUG   ] - root - Response code is 200
[ 2019-01-11 21:14:01,297 ] - [INFO    ] - root - Verifying ZIP file checksums...
[ 2019-01-11 21:14:01,298 ] - [DEBUG   ] - root - File's LineageOS_ZIP_SHA256.txt present on FS.
[ 2019-01-11 21:14:01,298 ] - [DEBUG   ] - root - File LineageOS.zip is present on the FS.
[ 2019-01-11 21:14:03,484 ] - [DEBUG   ] - root - SHA256 hash for LineageOS.zip is : cfdf80395660cceafc7aedac3e5c8213d5743d8283787b778348fb77d47bbcc3
[ 2019-01-11 21:14:03,484 ] - [DEBUG   ] - root - SHA256 hash SHOULD BE : cfdf80395660cceafc7aedac3e5c8213d5743d8283787b778348fb77d47bbcc3
[ 2019-01-11 21:14:03,484 ] - [DEBUG   ] - root - File Hashes Match.
[ 2019-01-11 21:14:03,484 ] - [INFO    ] - root - Woohooo.. ZIP File's Checksum matches.
[ 2019-01-11 21:14:03,484 ] - [INFO    ] - root - Extracting from ZIP File ....
[ 2019-01-11 21:14:03,485 ] - [INFO    ] - root - Deleting old files if any....
[ 2019-01-11 21:14:03,485 ] - [DEBUG   ] - root - Deleting old DAT files (if any)
[ 2019-01-11 21:14:03,486 ] - [DEBUG   ] - root - Deleting old IMG file (if any)
[ 2019-01-11 21:14:04,826 ] - [INFO    ] - root - Getting Info about last build & release...
[ 2019-01-11 21:14:04,826 ] - [DEBUG   ] - root - Downloading OLD release.json
[ 2019-01-11 21:14:04,826 ] - [INFO    ] - root - Attempting to download : old_release.json
[ 2019-01-11 21:14:04,827 ] - [INFO    ] - root - From URL: https://raw.githubusercontent.com/tprasadtp/lineageos-apk-extractor/gh-pages/release.json
[ 2019-01-11 21:14:04,827 ] - [INFO    ] - root - Downloading file.....
[ 2019-01-11 21:14:04,829 ] - [DEBUG   ] - urllib3.connectionpool - Starting new HTTPS connection (1): raw.githubusercontent.com:443
[ 2019-01-11 21:14:04,946 ] - [DEBUG   ] - urllib3.connectionpool - https://raw.githubusercontent.com:443 "GET /tprasadtp/lineageos-apk-extractor/gh-pages/release.json HTTP/1.1" 200 347
[ 2019-01-11 21:14:04,947 ] - [DEBUG   ] - root - Response code is 200
[ 2019-01-11 21:14:04,948 ] - [DEBUG   ] - root - Reading old release.json file...
[ 2019-01-11 21:14:04,948 ] - [INFO    ] - root - Last Build was 1546636283
[ 2019-01-11 21:14:04,948 ] - [INFO    ] - root - Last Release Tag was 15.1.2019-01-04
[ 2019-01-11 21:14:04,949 ] - [INFO    ] - root - Last Release TS was 04 Jan at 21:11
[ 2019-01-11 21:14:04,949 ] - [INFO    ] - root - Preparing Metadata....
[ 2019-01-11 21:14:04,949 ] - [INFO    ] - root - This release is New. GH Releases will be enabled if on MASTER
[ 2019-01-11 21:14:04,949 ] - [INFO    ] - root - Generating Release Notes...
[ 2019-01-11 21:14:04,949 ] - [DEBUG   ] - root - Generated Release Notes.
[ 2019-01-11 21:14:04,949 ] - [INFO    ] - root - Generating release.json
[ 2019-01-11 21:14:04,949 ] - [DEBUG   ] - root - Writing release.json
[ 2019-01-11 21:14:04,950 ] - [DEBUG   ] - root - JSON Dump is : {"version": 3, "ci": {"build_date": 1547241132, "build_date_human": "11 Jan at 21:12", "build_number": "94", "node_name": "travis-job-e0923dbe-bd21-4c7b-90ed-e74229a619a3", "deployed": "Yes"}, "lineage": {"version": "15.1", "build": "2019-01-11", "build_type": "nightly", "zip_file": "https://mirrorbits.lineageos.org/full/bullhead/20190111/lineage-15.1-20190111-nightly-bullhead-signed.zip"}, "release": {"tag": "15.1.2019-01-11", "link": "https://github.com/tprasadtp/lineageos-apk-extractor/releases/tag/15.1.2019-01-11", "human_ts": "11 Jan at 21:12"}}
[ 2019-01-11 21:14:04,950 ] - [INFO    ] - root - Writing exporter script...
[ 2019-01-11 21:14:04,950 ] - [DEBUG   ] - root - Writing flags.sh
[ 2019-01-11 21:14:53,646 ] - [DEBUG   ] - root - Setting TAG Variable
[ 2019-01-11 21:14:53,647 ] - [INFO    ] - root - Reading json data from file.
[ 2019-01-11 21:14:53,647 ] - [INFO    ] - root - Copying Metadata
[ 2019-01-11 21:14:53,647 ] - [INFO    ] - root - Creating Metadata Folder...
[ 2019-01-11 21:14:53,647 ] - [INFO    ] - root - Copying release.json
[ 2019-01-11 21:14:53,648 ] - [INFO    ] - root - Checking Mount point
[ 2019-01-11 21:14:53,649 ] - [DEBUG   ] - root - Creating Releases Folder
[ 2019-01-11 21:14:53,649 ] - [INFO    ] - root - Copying Email from /mnt/lineage/app/Email/Email.apk
[ 2019-01-11 21:14:53,659 ] - [INFO    ] - root - Copying Gallery from /mnt/lineage/priv-app/Gallery2/Gallery2.apk
[ 2019-01-11 21:14:53,678 ] - [INFO    ] - root - Copying Music from /mnt/lineage/priv-app/Eleven/Eleven.apk
[ 2019-01-11 21:14:53,686 ] - [INFO    ] - root - Copying Calendar from /mnt/lineage/app/Calendar/Calendar.apk
[ 2019-01-11 21:14:53,691 ] - [INFO    ] - root - Copying Jelly from /mnt/lineage/app/Jelly/Jelly.apk
[ 2019-01-11 21:14:53,693 ] - [INFO    ] - root - Copying Trebuchet from /mnt/lineage/priv-app/Trebuchet/Trebuchet.apk
[ 2019-01-11 21:14:53,698 ] - [INFO    ] - root - Copying Snap from  /mnt/lineage/priv-app/Snap/Snap.apk
[ 2019-01-11 21:14:53,698 ] - [ERROR   ] - root - Failed to Copy Snap
[ 2019-01-11 21:14:53,698 ] - [ERROR   ] - root - [Errno 2] No such file or directory: ' /mnt/lineage/priv-app/Snap/Snap.apk'
Traceback (most recent call last):
  File "./copy_files.py", line 110, in copy_release_files
    shutil.copy2(path, RELEASE_DIR / fname)
  File "/home/travis/virtualenv/python3.6.3/lib/python3.6/shutil.py", line 257, in copy2
    copyfile(src, dst, follow_symlinks=follow_symlinks)
  File "/home/travis/virtualenv/python3.6.3/lib/python3.6/shutil.py", line 120, in copyfile
    with open(src, 'rb') as fsrc:
FileNotFoundError: [Errno 2] No such file or directory: ' /mnt/lineage/priv-app/Snap/Snap.apk'
[ 2019-01-11 21:14:53,702 ] - [INFO    ] - root - Copying Recorder from /mnt/lineage/priv-app/Recorder/Recorder.apk
[ 2019-01-11 21:14:53,704 ] - [INFO    ] - root - Copying Messaging from /mnt/lineage/app/messaging/messaging.apk
[ 2019-01-11 21:14:53,724 ] - [INFO    ] - root - Copying DeskClock from /mnt/lineage/app/DeskClock/DeskClock.apk
[ 2019-01-11 21:14:53,733 ] - [INFO    ] - root - GH Releases is not enabled. Not Copying Release Notes.
