[ 2018-11-13 20:54:59,291 ] - [DEBUG   ] - root - ------------------------System Info------------------------------
[ 2018-11-13 20:54:59,294 ] - [DEBUG   ] - root - Platform : Linux, Version: #124~14.04.1-Ubuntu SMP Fri Nov 10 19:05:36 UTC 2017
[ 2018-11-13 20:54:59,294 ] - [DEBUG   ] - root - Hostname : travis-job-fe0f8e87-08be-4b8c-9c88-d9fdd6e835b8
[ 2018-11-13 20:54:59,294 ] - [DEBUG   ] - root - Python Version : 3.6.3
[ 2018-11-13 20:54:59,310 ] - [DEBUG   ] - root - Platform Arch : ('64bit', 'ELF')
[ 2018-11-13 20:54:59,310 ] - [DEBUG   ] - root - -----------------------------------------------------------------
[ 2018-11-13 20:54:59,310 ] - [INFO    ] - root - Getting LOS Download page for bullhead ...
[ 2018-11-13 20:54:59,310 ] - [DEBUG   ] - root - Getting Download Page for bullhead
[ 2018-11-13 20:54:59,311 ] - [INFO    ] - root - Attempting to download : LineageOS_Downlad_Page.html
[ 2018-11-13 20:54:59,311 ] - [INFO    ] - root - From URL: https://download.lineageos.org/bullhead
[ 2018-11-13 20:54:59,312 ] - [INFO    ] - root - Downloading file.....
[ 2018-11-13 20:54:59,318 ] - [DEBUG   ] - urllib3.connectionpool - Starting new HTTPS connection (1): download.lineageos.org:443
[ 2018-11-13 20:54:59,459 ] - [DEBUG   ] - urllib3.connectionpool - https://download.lineageos.org:443 "GET /bullhead HTTP/1.1" 200 None
[ 2018-11-13 20:54:59,459 ] - [DEBUG   ] - root - Response code is 200
[ 2018-11-13 20:54:59,462 ] - [DEBUG   ] - root - LineageOS_Downlad_Page.html file exists.
[ 2018-11-13 20:54:59,462 ] - [INFO    ] - root - Parsing HTML page...
[ 2018-11-13 20:54:59,528 ] - [DEBUG   ] - root - ----------------------------------------------------------
[ 2018-11-13 20:54:59,529 ] - [DEBUG   ] - root - ------------------Parsed Variables------------------------
[ 2018-11-13 20:54:59,529 ] - [DEBUG   ] - root - LOS_REL_TYPE = ['nightly', 'nightly', 'nightly', 'nightly', 'nightly', 'nightly']
[ 2018-11-13 20:54:59,529 ] - [DEBUG   ] - root - LOS_REL_VERSION = ['15.1', '15.1', '15.1', '15.1', '15.1', '15.1']
[ 2018-11-13 20:54:59,529 ] - [DEBUG   ] - root - LOS_REL_URL = ['https://mirrorbits.lineageos.org/full/bullhead/20181113/lineage-15.1-20181113-nightly-bullhead-signed.zip', 'https://mirrorbits.lineageos.org/full/bullhead/20181112/lineage-15.1-20181112-nightly-bullhead-signed.zip', 'https://mirrorbits.lineageos.org/full/bullhead/20181105/lineage-15.1-20181105-nightly-bullhead-signed.zip', 'https://mirrorbits.lineageos.org/full/bullhead/20181029/lineage-15.1-20181029-nightly-bullhead-signed.zip', 'https://mirrorbits.lineageos.org/full/bullhead/20181022/lineage-15.1-20181022-nightly-bullhead-signed.zip', 'https://mirrorbits.lineageos.org/full/bullhead/20181015/lineage-15.1-20181015-nightly-bullhead-signed.zip']
[ 2018-11-13 20:54:59,529 ] - [DEBUG   ] - root - LOS_REL_SIZE = ['432.6 MB', '432.62 MB', '432.65 MB', '432.66 MB', '432.65 MB', '432.66 MB']
[ 2018-11-13 20:54:59,529 ] - [DEBUG   ] - root - LOS_REL_DATE = ['2018-11-13', '2018-11-12', '2018-11-05', '2018-10-29', '2018-10-22', '2018-10-15']
[ 2018-11-13 20:54:59,529 ] - [DEBUG   ] - root - REL_TAG is 15.1.2018-11-13
[ 2018-11-13 20:54:59,529 ] - [DEBUG   ] - root - ----------------------------------------------------------
[ 2018-11-13 20:54:59,529 ] - [DEBUG   ] - root - ----------------------------------------------------------
[ 2018-11-13 20:54:59,529 ] - [INFO    ] - root - Downloading ZIP File ...
[ 2018-11-13 20:54:59,529 ] - [INFO    ] - root - Attempting to download : LineageOS.zip
[ 2018-11-13 20:54:59,529 ] - [INFO    ] - root - From URL: https://mirrorbits.lineageos.org/full/bullhead/20181113/lineage-15.1-20181113-nightly-bullhead-signed.zip
[ 2018-11-13 20:54:59,530 ] - [INFO    ] - root - Downloading file.....
[ 2018-11-13 20:54:59,535 ] - [DEBUG   ] - urllib3.connectionpool - Starting new HTTPS connection (1): mirrorbits.lineageos.org:443
[ 2018-11-13 20:55:00,015 ] - [DEBUG   ] - urllib3.connectionpool - https://mirrorbits.lineageos.org:443 "GET /full/bullhead/20181113/lineage-15.1-20181113-nightly-bullhead-signed.zip HTTP/1.1" 302 126
[ 2018-11-13 20:55:00,019 ] - [DEBUG   ] - urllib3.connectionpool - Starting new HTTPS connection (1): lineageos.mirrorhub.io:443
[ 2018-11-13 20:55:00,719 ] - [DEBUG   ] - urllib3.connectionpool - https://lineageos.mirrorhub.io:443 "GET /full/bullhead/20181113/lineage-15.1-20181113-nightly-bullhead-signed.zip HTTP/1.1" 200 453615313
[ 2018-11-13 20:55:00,721 ] - [DEBUG   ] - root - Response code is 200
[ 2018-11-13 20:55:56,169 ] - [INFO    ] - root - Getting Checksum File...
[ 2018-11-13 20:55:56,169 ] - [INFO    ] - root - Attempting to download : LineageOS_ZIP_SHA256.txt
[ 2018-11-13 20:55:56,170 ] - [INFO    ] - root - From URL: https://mirrorbits.lineageos.org/full/bullhead/20181113/lineage-15.1-20181113-nightly-bullhead-signed.zip?sha256
[ 2018-11-13 20:55:56,170 ] - [INFO    ] - root - Downloading file.....
[ 2018-11-13 20:55:56,174 ] - [DEBUG   ] - urllib3.connectionpool - Starting new HTTPS connection (1): mirrorbits.lineageos.org:443
[ 2018-11-13 20:55:56,639 ] - [DEBUG   ] - urllib3.connectionpool - https://mirrorbits.lineageos.org:443 "GET /full/bullhead/20181113/lineage-15.1-20181113-nightly-bullhead-signed.zip?sha256 HTTP/1.1" 200 115
[ 2018-11-13 20:55:56,639 ] - [DEBUG   ] - root - Response code is 200
[ 2018-11-13 20:55:56,641 ] - [INFO    ] - root - Verifying ZIP file checksums...
[ 2018-11-13 20:55:56,641 ] - [DEBUG   ] - root - File's LineageOS_ZIP_SHA256.txt present on FS.
[ 2018-11-13 20:55:56,641 ] - [DEBUG   ] - root - File LineageOS.zip is present on the FS.
[ 2018-11-13 20:55:58,727 ] - [DEBUG   ] - root - SHA256 hash for LineageOS.zip is : 4e0c5d5cea489206f0066aae638456eafaaec7867657784f2338233407c13ee3
[ 2018-11-13 20:55:58,727 ] - [DEBUG   ] - root - SHA256 hash SHOULD BE : 4e0c5d5cea489206f0066aae638456eafaaec7867657784f2338233407c13ee3
[ 2018-11-13 20:55:58,727 ] - [DEBUG   ] - root - File Hashes Match.
[ 2018-11-13 20:55:58,727 ] - [INFO    ] - root - Woohooo.. ZIP File's Checksum matches.
[ 2018-11-13 20:55:58,727 ] - [INFO    ] - root - Extracting from ZIP File ....
[ 2018-11-13 20:55:58,727 ] - [INFO    ] - root - Deleting old files if any....
[ 2018-11-13 20:55:58,727 ] - [DEBUG   ] - root - Deleting old DAT files (if any)
[ 2018-11-13 20:55:58,728 ] - [DEBUG   ] - root - Deleting old IMG file (if any)
[ 2018-11-13 20:55:59,992 ] - [INFO    ] - root - Getting Info about last build & release...
[ 2018-11-13 20:55:59,992 ] - [DEBUG   ] - root - Downloading OLD release.json
[ 2018-11-13 20:55:59,992 ] - [INFO    ] - root - Attempting to download : old_release.json
[ 2018-11-13 20:55:59,992 ] - [INFO    ] - root - From URL: https://raw.githubusercontent.com/tprasadtp/lineageos-apk-extractor/gh-pages/release.json
[ 2018-11-13 20:55:59,992 ] - [INFO    ] - root - Downloading file.....
[ 2018-11-13 20:55:59,996 ] - [DEBUG   ] - urllib3.connectionpool - Starting new HTTPS connection (1): raw.githubusercontent.com:443
[ 2018-11-13 20:56:00,116 ] - [DEBUG   ] - urllib3.connectionpool - https://raw.githubusercontent.com:443 "GET /tprasadtp/lineageos-apk-extractor/gh-pages/release.json HTTP/1.1" 200 350
[ 2018-11-13 20:56:00,117 ] - [DEBUG   ] - root - Response code is 200
[ 2018-11-13 20:56:00,119 ] - [DEBUG   ] - root - Reading old release.json file...
[ 2018-11-13 20:56:00,119 ] - [INFO    ] - root - Last Build was 1541969654
[ 2018-11-13 20:56:00,119 ] - [INFO    ] - root - Last Release Tag was 15.1.2018-11-05
[ 2018-11-13 20:56:00,119 ] - [INFO    ] - root - Last Release TS was 1541537923
[ 2018-11-13 20:56:00,120 ] - [INFO    ] - root - Preparing Metadata....
[ 2018-11-13 20:56:00,120 ] - [INFO    ] - root - This release is New. GH Releases will be enabled if on MASTER
[ 2018-11-13 20:56:00,120 ] - [INFO    ] - root - Generating Release Notes...
[ 2018-11-13 20:56:00,120 ] - [DEBUG   ] - root - Generated Release Notes.
[ 2018-11-13 20:56:00,120 ] - [INFO    ] - root - Generating release.json
[ 2018-11-13 20:56:00,120 ] - [DEBUG   ] - root - Writing release.json
[ 2018-11-13 20:56:00,121 ] - [DEBUG   ] - root - JSON Dump is : {"version": 3, "ci": {"build_date": 1542142499, "build_date_human": "13 Nov at 20:54", "build_number": "74", "node_name": "travis-job-fe0f8e87-08be-4b8c-9c88-d9fdd6e835b8", "deployed": "Yes"}, "lineage": {"version": "15.1", "build": "2018-11-13", "build_type": "nightly", "zip_file": "https://mirrorbits.lineageos.org/full/bullhead/20181113/lineage-15.1-20181113-nightly-bullhead-signed.zip"}, "release": {"tag": "15.1.2018-11-13", "link": "https://github.com/tprasadtp/lineageos-apk-extractor/releases/tag/15.1.2018-11-13", "human_ts": "13 Nov at 20:54"}}
[ 2018-11-13 20:56:00,121 ] - [INFO    ] - root - Writing exporter script...
[ 2018-11-13 20:56:00,121 ] - [DEBUG   ] - root - Writing flags.sh
[ 2018-11-13 20:56:48,990 ] - [DEBUG   ] - root - Setting TAG Variable
[ 2018-11-13 20:56:48,990 ] - [INFO    ] - root - Reading json data from file.
[ 2018-11-13 20:56:48,990 ] - [INFO    ] - root - Copying Metadata
[ 2018-11-13 20:56:48,991 ] - [INFO    ] - root - Creating Metadata Folder...
[ 2018-11-13 20:56:48,992 ] - [INFO    ] - root - Copying release.json
[ 2018-11-13 20:56:48,992 ] - [INFO    ] - root - Checking Mount point
[ 2018-11-13 20:56:48,993 ] - [DEBUG   ] - root - Creating Releases Folder
[ 2018-11-13 20:56:48,993 ] - [INFO    ] - root - Copying Email from /mnt/lineage/app/Email/Email.apk
[ 2018-11-13 20:56:49,003 ] - [INFO    ] - root - Copying Gallery from /mnt/lineage/priv-app/Gallery2/Gallery2.apk
[ 2018-11-13 20:56:49,020 ] - [INFO    ] - root - Copying Music from /mnt/lineage/priv-app/Eleven/Eleven.apk
[ 2018-11-13 20:56:49,027 ] - [INFO    ] - root - Copying Calendar from /mnt/lineage/app/Calendar/Calendar.apk
[ 2018-11-13 20:56:49,032 ] - [INFO    ] - root - Copying Jelly from /mnt/lineage/app/Jelly/Jelly.apk
[ 2018-11-13 20:56:49,035 ] - [INFO    ] - root - Copying Trebuchet from /mnt/lineage/priv-app/Trebuchet/Trebuchet.apk
[ 2018-11-13 20:56:49,038 ] - [INFO    ] - root - Copying Snap from  /mnt/lineage/priv-app/Snap/Snap.apk
[ 2018-11-13 20:56:49,039 ] - [ERROR   ] - root - Failed to Copy Snap
[ 2018-11-13 20:56:49,039 ] - [ERROR   ] - root - [Errno 2] No such file or directory: ' /mnt/lineage/priv-app/Snap/Snap.apk'
Traceback (most recent call last):
  File "./copy_files.py", line 110, in copy_release_files
    shutil.copy2(path, RELEASE_DIR / fname)
  File "/home/travis/virtualenv/python3.6.3/lib/python3.6/shutil.py", line 257, in copy2
    copyfile(src, dst, follow_symlinks=follow_symlinks)
  File "/home/travis/virtualenv/python3.6.3/lib/python3.6/shutil.py", line 120, in copyfile
    with open(src, 'rb') as fsrc:
FileNotFoundError: [Errno 2] No such file or directory: ' /mnt/lineage/priv-app/Snap/Snap.apk'
[ 2018-11-13 20:56:49,043 ] - [INFO    ] - root - Copying Recorder from /mnt/lineage/priv-app/Recorder/Recorder.apk
[ 2018-11-13 20:56:49,050 ] - [INFO    ] - root - Copying Messaging from /mnt/lineage/app/messaging/messaging.apk
[ 2018-11-13 20:56:49,063 ] - [INFO    ] - root - Copying DeskClock from /mnt/lineage/app/DeskClock/DeskClock.apk
[ 2018-11-13 20:56:49,073 ] - [INFO    ] - root - GH Releases is not enabled. Not Copying Release Notes.
