[ 2019-01-04 21:11:23,092 ] - [DEBUG   ] - root - ------------------------System Info------------------------------
[ 2019-01-04 21:11:23,095 ] - [DEBUG   ] - root - Platform : Linux, Version: #124~14.04.1-Ubuntu SMP Fri Nov 10 19:05:36 UTC 2017
[ 2019-01-04 21:11:23,095 ] - [DEBUG   ] - root - Hostname : travis-job-9dedd494-133d-486e-b802-adc7c5037953
[ 2019-01-04 21:11:23,095 ] - [DEBUG   ] - root - Python Version : 3.6.3
[ 2019-01-04 21:11:23,111 ] - [DEBUG   ] - root - Platform Arch : ('64bit', 'ELF')
[ 2019-01-04 21:11:23,112 ] - [DEBUG   ] - root - -----------------------------------------------------------------
[ 2019-01-04 21:11:23,112 ] - [INFO    ] - root - Getting LOS Download page for bullhead ...
[ 2019-01-04 21:11:23,112 ] - [DEBUG   ] - root - Getting Download Page for bullhead
[ 2019-01-04 21:11:23,112 ] - [INFO    ] - root - Attempting to download : LineageOS_Downlad_Page.html
[ 2019-01-04 21:11:23,112 ] - [INFO    ] - root - From URL: https://download.lineageos.org/bullhead
[ 2019-01-04 21:11:23,113 ] - [INFO    ] - root - Downloading file.....
[ 2019-01-04 21:11:23,119 ] - [DEBUG   ] - urllib3.connectionpool - Starting new HTTPS connection (1): download.lineageos.org:443
[ 2019-01-04 21:11:23,268 ] - [DEBUG   ] - urllib3.connectionpool - https://download.lineageos.org:443 "GET /bullhead HTTP/1.1" 200 None
[ 2019-01-04 21:11:23,268 ] - [DEBUG   ] - root - Response code is 200
[ 2019-01-04 21:11:23,270 ] - [DEBUG   ] - root - LineageOS_Downlad_Page.html file exists.
[ 2019-01-04 21:11:23,271 ] - [INFO    ] - root - Parsing HTML page...
[ 2019-01-04 21:11:23,332 ] - [DEBUG   ] - root - ----------------------------------------------------------
[ 2019-01-04 21:11:23,332 ] - [DEBUG   ] - root - ------------------Parsed Variables------------------------
[ 2019-01-04 21:11:23,332 ] - [DEBUG   ] - root - LOS_REL_TYPE = ['nightly', 'nightly', 'nightly', 'nightly', 'nightly', 'nightly', 'nightly', 'nightly', 'nightly', 'nightly']
[ 2019-01-04 21:11:23,332 ] - [DEBUG   ] - root - LOS_REL_VERSION = ['15.1', '15.1', '15.1', '15.1', '15.1', '15.1', '15.1', '15.1', '15.1', '15.1']
[ 2019-01-04 21:11:23,332 ] - [DEBUG   ] - root - LOS_REL_URL = ['https://mirrorbits.lineageos.org/full/bullhead/20190104/lineage-15.1-20190104-nightly-bullhead-signed.zip', 'https://mirrorbits.lineageos.org/full/bullhead/20190103/lineage-15.1-20190103-nightly-bullhead-signed.zip', 'https://mirrorbits.lineageos.org/full/bullhead/20190102/lineage-15.1-20190102-nightly-bullhead-signed.zip', 'https://mirrorbits.lineageos.org/full/bullhead/20190101/lineage-15.1-20190101-nightly-bullhead-signed.zip', 'https://mirrorbits.lineageos.org/full/bullhead/20181231/lineage-15.1-20181231-nightly-bullhead-signed.zip', 'https://mirrorbits.lineageos.org/full/bullhead/20181230/lineage-15.1-20181230-nightly-bullhead-signed.zip', 'https://mirrorbits.lineageos.org/full/bullhead/20181229/lineage-15.1-20181229-nightly-bullhead-signed.zip', 'https://mirrorbits.lineageos.org/full/bullhead/20181228/lineage-15.1-20181228-nightly-bullhead-signed.zip', 'https://mirrorbits.lineageos.org/full/bullhead/20181227/lineage-15.1-20181227-nightly-bullhead-signed.zip', 'https://mirrorbits.lineageos.org/full/bullhead/20181226/lineage-15.1-20181226-nightly-bullhead-signed.zip']
[ 2019-01-04 21:11:23,332 ] - [DEBUG   ] - root - LOS_REL_SIZE = ['434.19 MB', '434.19 MB', '434.18 MB', '434.26 MB', '434.25 MB', '434.23 MB', '434.23 MB', '434.18 MB', '434.17 MB', '434.16 MB']
[ 2019-01-04 21:11:23,332 ] - [DEBUG   ] - root - LOS_REL_DATE = ['2019-01-04', '2019-01-03', '2019-01-02', '2019-01-01', '2018-12-31', '2018-12-30', '2018-12-29', '2018-12-28', '2018-12-27', '2018-12-26']
[ 2019-01-04 21:11:23,332 ] - [DEBUG   ] - root - REL_TAG is 15.1.2019-01-04
[ 2019-01-04 21:11:23,332 ] - [DEBUG   ] - root - ----------------------------------------------------------
[ 2019-01-04 21:11:23,332 ] - [DEBUG   ] - root - ----------------------------------------------------------
[ 2019-01-04 21:11:23,332 ] - [INFO    ] - root - Downloading ZIP File ...
[ 2019-01-04 21:11:23,333 ] - [INFO    ] - root - Attempting to download : LineageOS.zip
[ 2019-01-04 21:11:23,333 ] - [INFO    ] - root - From URL: https://mirrorbits.lineageos.org/full/bullhead/20190104/lineage-15.1-20190104-nightly-bullhead-signed.zip
[ 2019-01-04 21:11:23,333 ] - [INFO    ] - root - Downloading file.....
[ 2019-01-04 21:11:23,337 ] - [DEBUG   ] - urllib3.connectionpool - Starting new HTTPS connection (1): mirrorbits.lineageos.org:443
[ 2019-01-04 21:11:23,821 ] - [DEBUG   ] - urllib3.connectionpool - https://mirrorbits.lineageos.org:443 "GET /full/bullhead/20190104/lineage-15.1-20190104-nightly-bullhead-signed.zip HTTP/1.1" 302 135
[ 2019-01-04 21:11:23,825 ] - [DEBUG   ] - urllib3.connectionpool - Starting new HTTPS connection (1): ftp.acc.umu.se:443
[ 2019-01-04 21:11:24,498 ] - [DEBUG   ] - urllib3.connectionpool - https://ftp.acc.umu.se:443 "GET /mirror/lineageos/full/bullhead/20190104/lineage-15.1-20190104-nightly-bullhead-signed.zip HTTP/1.1" 302 422
[ 2019-01-04 21:11:24,503 ] - [DEBUG   ] - urllib3.connectionpool - Starting new HTTPS connection (1): caesar.ftp.acc.umu.se:443
[ 2019-01-04 21:11:25,180 ] - [DEBUG   ] - urllib3.connectionpool - https://caesar.ftp.acc.umu.se:443 "GET /mirror/lineageos/full/bullhead/20190104/lineage-15.1-20190104-nightly-bullhead-signed.zip HTTP/1.1" 200 455280604
[ 2019-01-04 21:11:25,183 ] - [DEBUG   ] - root - Response code is 200
[ 2019-01-04 21:11:51,515 ] - [INFO    ] - root - Getting Checksum File...
[ 2019-01-04 21:11:51,515 ] - [INFO    ] - root - Attempting to download : LineageOS_ZIP_SHA256.txt
[ 2019-01-04 21:11:51,516 ] - [INFO    ] - root - From URL: https://mirrorbits.lineageos.org/full/bullhead/20190104/lineage-15.1-20190104-nightly-bullhead-signed.zip?sha256
[ 2019-01-04 21:11:51,517 ] - [INFO    ] - root - Downloading file.....
[ 2019-01-04 21:11:51,520 ] - [DEBUG   ] - urllib3.connectionpool - Starting new HTTPS connection (1): mirrorbits.lineageos.org:443
[ 2019-01-04 21:11:51,975 ] - [DEBUG   ] - urllib3.connectionpool - https://mirrorbits.lineageos.org:443 "GET /full/bullhead/20190104/lineage-15.1-20190104-nightly-bullhead-signed.zip?sha256 HTTP/1.1" 200 115
[ 2019-01-04 21:11:51,976 ] - [DEBUG   ] - root - Response code is 200
[ 2019-01-04 21:11:51,978 ] - [INFO    ] - root - Verifying ZIP file checksums...
[ 2019-01-04 21:11:51,978 ] - [DEBUG   ] - root - File's LineageOS_ZIP_SHA256.txt present on FS.
[ 2019-01-04 21:11:51,978 ] - [DEBUG   ] - root - File LineageOS.zip is present on the FS.
[ 2019-01-04 21:11:54,086 ] - [DEBUG   ] - root - SHA256 hash for LineageOS.zip is : f09502a4850e06359d5946490a990ffcc101842936aceaa851ccb6339c0bb2e6
[ 2019-01-04 21:11:54,086 ] - [DEBUG   ] - root - SHA256 hash SHOULD BE : f09502a4850e06359d5946490a990ffcc101842936aceaa851ccb6339c0bb2e6
[ 2019-01-04 21:11:54,086 ] - [DEBUG   ] - root - File Hashes Match.
[ 2019-01-04 21:11:54,086 ] - [INFO    ] - root - Woohooo.. ZIP File's Checksum matches.
[ 2019-01-04 21:11:54,086 ] - [INFO    ] - root - Extracting from ZIP File ....
[ 2019-01-04 21:11:54,087 ] - [INFO    ] - root - Deleting old files if any....
[ 2019-01-04 21:11:54,087 ] - [DEBUG   ] - root - Deleting old DAT files (if any)
[ 2019-01-04 21:11:54,088 ] - [DEBUG   ] - root - Deleting old IMG file (if any)
[ 2019-01-04 21:11:55,389 ] - [INFO    ] - root - Getting Info about last build & release...
[ 2019-01-04 21:11:55,389 ] - [DEBUG   ] - root - Downloading OLD release.json
[ 2019-01-04 21:11:55,389 ] - [INFO    ] - root - Attempting to download : old_release.json
[ 2019-01-04 21:11:55,389 ] - [INFO    ] - root - From URL: https://raw.githubusercontent.com/tprasadtp/lineageos-apk-extractor/gh-pages/release.json
[ 2019-01-04 21:11:55,389 ] - [INFO    ] - root - Downloading file.....
[ 2019-01-04 21:11:55,392 ] - [DEBUG   ] - urllib3.connectionpool - Starting new HTTPS connection (1): raw.githubusercontent.com:443
[ 2019-01-04 21:11:55,506 ] - [DEBUG   ] - urllib3.connectionpool - https://raw.githubusercontent.com:443 "GET /tprasadtp/lineageos-apk-extractor/gh-pages/release.json HTTP/1.1" 200 345
[ 2019-01-04 21:11:55,507 ] - [DEBUG   ] - root - Response code is 200
[ 2019-01-04 21:11:55,509 ] - [DEBUG   ] - root - Reading old release.json file...
[ 2019-01-04 21:11:55,509 ] - [INFO    ] - root - Last Build was 1546215463
[ 2019-01-04 21:11:55,509 ] - [INFO    ] - root - Last Release Tag was 15.1.2018-12-30
[ 2019-01-04 21:11:55,509 ] - [INFO    ] - root - Last Release TS was 31 Dec at 00:17
[ 2019-01-04 21:11:55,509 ] - [INFO    ] - root - Preparing Metadata....
[ 2019-01-04 21:11:55,509 ] - [INFO    ] - root - This release is New. GH Releases will be enabled if on MASTER
[ 2019-01-04 21:11:55,509 ] - [INFO    ] - root - Generating Release Notes...
[ 2019-01-04 21:11:55,510 ] - [DEBUG   ] - root - Generated Release Notes.
[ 2019-01-04 21:11:55,510 ] - [INFO    ] - root - Generating release.json
[ 2019-01-04 21:11:55,510 ] - [DEBUG   ] - root - Writing release.json
[ 2019-01-04 21:11:55,510 ] - [DEBUG   ] - root - JSON Dump is : {"version": 3, "ci": {"build_date": 1546636283, "build_date_human": "04 Jan at 21:11", "build_number": "92", "node_name": "travis-job-9dedd494-133d-486e-b802-adc7c5037953", "deployed": "Yes"}, "lineage": {"version": "15.1", "build": "2019-01-04", "build_type": "nightly", "zip_file": "https://mirrorbits.lineageos.org/full/bullhead/20190104/lineage-15.1-20190104-nightly-bullhead-signed.zip"}, "release": {"tag": "15.1.2019-01-04", "link": "https://github.com/tprasadtp/lineageos-apk-extractor/releases/tag/15.1.2019-01-04", "human_ts": "04 Jan at 21:11"}}
[ 2019-01-04 21:11:55,510 ] - [INFO    ] - root - Writing exporter script...
[ 2019-01-04 21:11:55,511 ] - [DEBUG   ] - root - Writing flags.sh
[ 2019-01-04 21:12:53,777 ] - [DEBUG   ] - root - Setting TAG Variable
[ 2019-01-04 21:12:53,778 ] - [INFO    ] - root - Reading json data from file.
[ 2019-01-04 21:12:53,778 ] - [INFO    ] - root - Copying Metadata
[ 2019-01-04 21:12:53,778 ] - [INFO    ] - root - Creating Metadata Folder...
[ 2019-01-04 21:12:53,778 ] - [INFO    ] - root - Copying release.json
[ 2019-01-04 21:12:53,779 ] - [INFO    ] - root - Checking Mount point
[ 2019-01-04 21:12:53,779 ] - [DEBUG   ] - root - Creating Releases Folder
[ 2019-01-04 21:12:53,779 ] - [INFO    ] - root - Copying Email from /mnt/lineage/app/Email/Email.apk
[ 2019-01-04 21:12:53,790 ] - [INFO    ] - root - Copying Gallery from /mnt/lineage/priv-app/Gallery2/Gallery2.apk
[ 2019-01-04 21:12:53,808 ] - [INFO    ] - root - Copying Music from /mnt/lineage/priv-app/Eleven/Eleven.apk
[ 2019-01-04 21:12:53,818 ] - [INFO    ] - root - Copying Calendar from /mnt/lineage/app/Calendar/Calendar.apk
[ 2019-01-04 21:12:53,825 ] - [INFO    ] - root - Copying Jelly from /mnt/lineage/app/Jelly/Jelly.apk
[ 2019-01-04 21:12:53,827 ] - [INFO    ] - root - Copying Trebuchet from /mnt/lineage/priv-app/Trebuchet/Trebuchet.apk
[ 2019-01-04 21:12:53,831 ] - [INFO    ] - root - Copying Snap from  /mnt/lineage/priv-app/Snap/Snap.apk
[ 2019-01-04 21:12:53,832 ] - [ERROR   ] - root - Failed to Copy Snap
[ 2019-01-04 21:12:53,832 ] - [ERROR   ] - root - [Errno 2] No such file or directory: ' /mnt/lineage/priv-app/Snap/Snap.apk'
Traceback (most recent call last):
  File "./copy_files.py", line 110, in copy_release_files
    shutil.copy2(path, RELEASE_DIR / fname)
  File "/home/travis/virtualenv/python3.6.3/lib/python3.6/shutil.py", line 257, in copy2
    copyfile(src, dst, follow_symlinks=follow_symlinks)
  File "/home/travis/virtualenv/python3.6.3/lib/python3.6/shutil.py", line 120, in copyfile
    with open(src, 'rb') as fsrc:
FileNotFoundError: [Errno 2] No such file or directory: ' /mnt/lineage/priv-app/Snap/Snap.apk'
[ 2019-01-04 21:12:53,835 ] - [INFO    ] - root - Copying Recorder from /mnt/lineage/priv-app/Recorder/Recorder.apk
[ 2019-01-04 21:12:53,837 ] - [INFO    ] - root - Copying Messaging from /mnt/lineage/app/messaging/messaging.apk
[ 2019-01-04 21:12:53,854 ] - [INFO    ] - root - Copying DeskClock from /mnt/lineage/app/DeskClock/DeskClock.apk
[ 2019-01-04 21:12:53,867 ] - [INFO    ] - root - GH Releases is not enabled. Not Copying Release Notes.
