[ 2018-11-06 20:58:43,110 ] - [DEBUG   ] - root - ------------------------System Info------------------------------
[ 2018-11-06 20:58:43,113 ] - [DEBUG   ] - root - Platform : Linux, Version: #124~14.04.1-Ubuntu SMP Fri Nov 10 19:05:36 UTC 2017
[ 2018-11-06 20:58:43,114 ] - [DEBUG   ] - root - Hostname : travis-job-03817dbb-5414-4839-9a3b-44911c75a618
[ 2018-11-06 20:58:43,114 ] - [DEBUG   ] - root - Python Version : 3.6.3
[ 2018-11-06 20:58:43,130 ] - [DEBUG   ] - root - Platform Arch : ('64bit', 'ELF')
[ 2018-11-06 20:58:43,131 ] - [DEBUG   ] - root - -----------------------------------------------------------------
[ 2018-11-06 20:58:43,131 ] - [INFO    ] - root - Getting LOS Download page for bullhead ...
[ 2018-11-06 20:58:43,131 ] - [DEBUG   ] - root - Getting Download Page for bullhead
[ 2018-11-06 20:58:43,131 ] - [INFO    ] - root - Attempting to download : LineageOS_Downlad_Page.html
[ 2018-11-06 20:58:43,131 ] - [INFO    ] - root - From URL: https://download.lineageos.org/bullhead
[ 2018-11-06 20:58:43,131 ] - [INFO    ] - root - Downloading file.....
[ 2018-11-06 20:58:43,142 ] - [DEBUG   ] - urllib3.connectionpool - Starting new HTTPS connection (1): download.lineageos.org:443
[ 2018-11-06 20:58:43,296 ] - [DEBUG   ] - urllib3.connectionpool - https://download.lineageos.org:443 "GET /bullhead HTTP/1.1" 200 None
[ 2018-11-06 20:58:43,296 ] - [DEBUG   ] - root - Response code is 200
[ 2018-11-06 20:58:43,299 ] - [DEBUG   ] - root - LineageOS_Downlad_Page.html file exists.
[ 2018-11-06 20:58:43,299 ] - [INFO    ] - root - Parsing HTML page...
[ 2018-11-06 20:58:43,357 ] - [DEBUG   ] - root - ----------------------------------------------------------
[ 2018-11-06 20:58:43,358 ] - [DEBUG   ] - root - ------------------Parsed Variables------------------------
[ 2018-11-06 20:58:43,358 ] - [DEBUG   ] - root - LOS_REL_TYPE = ['nightly', 'nightly', 'nightly', 'nightly', 'nightly']
[ 2018-11-06 20:58:43,358 ] - [DEBUG   ] - root - LOS_REL_VERSION = ['15.1', '15.1', '15.1', '15.1', '15.1']
[ 2018-11-06 20:58:43,358 ] - [DEBUG   ] - root - LOS_REL_URL = ['https://mirrorbits.lineageos.org/full/bullhead/20181105/lineage-15.1-20181105-nightly-bullhead-signed.zip', 'https://mirrorbits.lineageos.org/full/bullhead/20181029/lineage-15.1-20181029-nightly-bullhead-signed.zip', 'https://mirrorbits.lineageos.org/full/bullhead/20181022/lineage-15.1-20181022-nightly-bullhead-signed.zip', 'https://mirrorbits.lineageos.org/full/bullhead/20181015/lineage-15.1-20181015-nightly-bullhead-signed.zip', 'https://mirrorbits.lineageos.org/full/bullhead/20181008/lineage-15.1-20181008-nightly-bullhead-signed.zip']
[ 2018-11-06 20:58:43,358 ] - [DEBUG   ] - root - LOS_REL_SIZE = ['432.65 MB', '432.66 MB', '432.65 MB', '432.66 MB', '432.48 MB']
[ 2018-11-06 20:58:43,358 ] - [DEBUG   ] - root - LOS_REL_DATE = ['2018-11-05', '2018-10-29', '2018-10-22', '2018-10-15', '2018-10-08']
[ 2018-11-06 20:58:43,358 ] - [DEBUG   ] - root - REL_TAG is 15.1.2018-11-05
[ 2018-11-06 20:58:43,358 ] - [DEBUG   ] - root - ----------------------------------------------------------
[ 2018-11-06 20:58:43,358 ] - [DEBUG   ] - root - ----------------------------------------------------------
[ 2018-11-06 20:58:43,358 ] - [INFO    ] - root - Downloading ZIP File ...
[ 2018-11-06 20:58:43,358 ] - [INFO    ] - root - Attempting to download : LineageOS.zip
[ 2018-11-06 20:58:43,358 ] - [INFO    ] - root - From URL: https://mirrorbits.lineageos.org/full/bullhead/20181105/lineage-15.1-20181105-nightly-bullhead-signed.zip
[ 2018-11-06 20:58:43,359 ] - [INFO    ] - root - Downloading file.....
[ 2018-11-06 20:58:43,364 ] - [DEBUG   ] - urllib3.connectionpool - Starting new HTTPS connection (1): mirrorbits.lineageos.org:443
[ 2018-11-06 20:58:43,879 ] - [DEBUG   ] - urllib3.connectionpool - https://mirrorbits.lineageos.org:443 "GET /full/bullhead/20181105/lineage-15.1-20181105-nightly-bullhead-signed.zip HTTP/1.1" 302 126
[ 2018-11-06 20:58:43,882 ] - [DEBUG   ] - urllib3.connectionpool - Starting new HTTPS connection (1): lineageos.mirrorhub.io:443
[ 2018-11-06 20:58:44,495 ] - [DEBUG   ] - urllib3.connectionpool - https://lineageos.mirrorhub.io:443 "GET /full/bullhead/20181105/lineage-15.1-20181105-nightly-bullhead-signed.zip HTTP/1.1" 302 170
[ 2018-11-06 20:58:44,500 ] - [DEBUG   ] - urllib3.connectionpool - Starting new HTTPS connection (1): lnos3.mirrorhub.io:443
[ 2018-11-06 20:58:45,257 ] - [DEBUG   ] - urllib3.connectionpool - https://lnos3.mirrorhub.io:443 "GET /full/bullhead/20181105/lineage-15.1-20181105-nightly-bullhead-signed.zip HTTP/1.1" 200 453669067
[ 2018-11-06 20:58:45,259 ] - [DEBUG   ] - root - Response code is 200
[ 2018-11-06 20:59:54,288 ] - [INFO    ] - root - Getting Checksum File...
[ 2018-11-06 20:59:54,288 ] - [INFO    ] - root - Attempting to download : LineageOS_ZIP_SHA256.txt
[ 2018-11-06 20:59:54,288 ] - [INFO    ] - root - From URL: https://mirrorbits.lineageos.org/full/bullhead/20181105/lineage-15.1-20181105-nightly-bullhead-signed.zip?sha256
[ 2018-11-06 20:59:54,289 ] - [INFO    ] - root - Downloading file.....
[ 2018-11-06 20:59:54,291 ] - [DEBUG   ] - urllib3.connectionpool - Starting new HTTPS connection (1): mirrorbits.lineageos.org:443
[ 2018-11-06 20:59:54,792 ] - [DEBUG   ] - urllib3.connectionpool - https://mirrorbits.lineageos.org:443 "GET /full/bullhead/20181105/lineage-15.1-20181105-nightly-bullhead-signed.zip?sha256 HTTP/1.1" 200 115
[ 2018-11-06 20:59:54,793 ] - [DEBUG   ] - root - Response code is 200
[ 2018-11-06 20:59:54,794 ] - [INFO    ] - root - Verifying ZIP file checksums...
[ 2018-11-06 20:59:54,795 ] - [DEBUG   ] - root - File's LineageOS_ZIP_SHA256.txt present on FS.
[ 2018-11-06 20:59:54,795 ] - [DEBUG   ] - root - File LineageOS.zip is present on the FS.
[ 2018-11-06 20:59:56,910 ] - [DEBUG   ] - root - SHA256 hash for LineageOS.zip is : 0a00ebd351a9e379e89057283986890cbd8b124f045fb1cd325781f8ea79d9f1
[ 2018-11-06 20:59:56,910 ] - [DEBUG   ] - root - SHA256 hash SHOULD BE : 0a00ebd351a9e379e89057283986890cbd8b124f045fb1cd325781f8ea79d9f1
[ 2018-11-06 20:59:56,910 ] - [DEBUG   ] - root - File Hashes Match.
[ 2018-11-06 20:59:56,910 ] - [INFO    ] - root - Woohooo.. ZIP File's Checksum matches.
[ 2018-11-06 20:59:56,910 ] - [INFO    ] - root - Extracting from ZIP File ....
[ 2018-11-06 20:59:56,910 ] - [INFO    ] - root - Deleting old files if any....
[ 2018-11-06 20:59:56,910 ] - [DEBUG   ] - root - Deleting old DAT files (if any)
[ 2018-11-06 20:59:56,911 ] - [DEBUG   ] - root - Deleting old IMG file (if any)
[ 2018-11-06 20:59:58,242 ] - [INFO    ] - root - Getting Info about last build & release...
[ 2018-11-06 20:59:58,243 ] - [DEBUG   ] - root - Downloading OLD release.json
[ 2018-11-06 20:59:58,243 ] - [INFO    ] - root - Attempting to download : old_release.json
[ 2018-11-06 20:59:58,243 ] - [INFO    ] - root - From URL: https://raw.githubusercontent.com/tprasadtp/lineageos-apk-extractor/gh-pages/release.json
[ 2018-11-06 20:59:58,243 ] - [INFO    ] - root - Downloading file.....
[ 2018-11-06 20:59:58,245 ] - [DEBUG   ] - urllib3.connectionpool - Starting new HTTPS connection (1): raw.githubusercontent.com:443
[ 2018-11-06 20:59:58,368 ] - [DEBUG   ] - urllib3.connectionpool - https://raw.githubusercontent.com:443 "GET /tprasadtp/lineageos-apk-extractor/gh-pages/release.json HTTP/1.1" 200 355
[ 2018-11-06 20:59:58,368 ] - [DEBUG   ] - root - Response code is 200
[ 2018-11-06 20:59:58,370 ] - [DEBUG   ] - root - Reading old release.json file...
[ 2018-11-06 20:59:58,370 ] - [INFO    ] - root - Last Build was 1541364685
[ 2018-11-06 20:59:58,370 ] - [INFO    ] - root - Last Release Tag was 15.1.2018-10-29
[ 2018-11-06 20:59:58,371 ] - [INFO    ] - root - Last Release TS was Oct 30 at 20:51:58
[ 2018-11-06 20:59:58,371 ] - [INFO    ] - root - Preparing Metadata....
[ 2018-11-06 20:59:58,371 ] - [INFO    ] - root - This release is New. GH Releases will be enabled if on MASTER
[ 2018-11-06 20:59:58,371 ] - [INFO    ] - root - Generating Release Notes...
[ 2018-11-06 20:59:58,371 ] - [DEBUG   ] - root - Generated Release Notes.
[ 2018-11-06 20:59:58,371 ] - [INFO    ] - root - Generating release.json
[ 2018-11-06 20:59:58,371 ] - [DEBUG   ] - root - Writing release.json
[ 2018-11-06 20:59:58,371 ] - [DEBUG   ] - root - JSON Dump is : {"version": 3, "ci": {"build_date": 1541537923, "build_date_human": "06 Nov at 20:58", "build_number": "69", "node_name": "travis-job-03817dbb-5414-4839-9a3b-44911c75a618", "deployed": "Yes"}, "lineage": {"version": "15.1", "build": "2018-11-05", "build_type": "nightly", "zip_file": "https://mirrorbits.lineageos.org/full/bullhead/20181105/lineage-15.1-20181105-nightly-bullhead-signed.zip"}, "release": {"tag": "15.1.2018-11-05", "link": "https://github.com/tprasadtp/lineageos-apk-extractor/releases/tag/15.1.2018-11-05", "human_ts": 1541537923}}
[ 2018-11-06 20:59:58,372 ] - [INFO    ] - root - Writing exporter script...
[ 2018-11-06 20:59:58,372 ] - [DEBUG   ] - root - Writing flags.sh
[ 2018-11-06 21:00:45,082 ] - [DEBUG   ] - root - Setting TAG Variable
[ 2018-11-06 21:00:45,082 ] - [INFO    ] - root - Reading json data from file.
[ 2018-11-06 21:00:45,082 ] - [INFO    ] - root - Copying Metadata
[ 2018-11-06 21:00:45,083 ] - [INFO    ] - root - Creating Metadata Folder...
[ 2018-11-06 21:00:45,083 ] - [INFO    ] - root - Copying release.json
[ 2018-11-06 21:00:45,084 ] - [INFO    ] - root - Checking Mount point
[ 2018-11-06 21:00:45,084 ] - [DEBUG   ] - root - Creating Releases Folder
[ 2018-11-06 21:00:45,085 ] - [INFO    ] - root - Copying Email from /mnt/lineage/app/Email/Email.apk
[ 2018-11-06 21:00:45,098 ] - [INFO    ] - root - Copying Gallery from /mnt/lineage/priv-app/Gallery2/Gallery2.apk
[ 2018-11-06 21:00:45,117 ] - [INFO    ] - root - Copying Music from /mnt/lineage/priv-app/Eleven/Eleven.apk
[ 2018-11-06 21:00:45,125 ] - [INFO    ] - root - Copying Calendar from /mnt/lineage/app/Calendar/Calendar.apk
[ 2018-11-06 21:00:45,130 ] - [INFO    ] - root - Copying Jelly from /mnt/lineage/app/Jelly/Jelly.apk
[ 2018-11-06 21:00:45,133 ] - [INFO    ] - root - Copying Trebuchet from /mnt/lineage/priv-app/Trebuchet/Trebuchet.apk
[ 2018-11-06 21:00:45,138 ] - [INFO    ] - root - Copying Snap from  /mnt/lineage/priv-app/Snap/Snap.apk
[ 2018-11-06 21:00:45,138 ] - [ERROR   ] - root - Failed to Copy Snap
[ 2018-11-06 21:00:45,138 ] - [ERROR   ] - root - [Errno 2] No such file or directory: ' /mnt/lineage/priv-app/Snap/Snap.apk'
Traceback (most recent call last):
  File "./copy_files.py", line 110, in copy_release_files
    shutil.copy2(path, RELEASE_DIR / fname)
  File "/home/travis/virtualenv/python3.6.3/lib/python3.6/shutil.py", line 257, in copy2
    copyfile(src, dst, follow_symlinks=follow_symlinks)
  File "/home/travis/virtualenv/python3.6.3/lib/python3.6/shutil.py", line 120, in copyfile
    with open(src, 'rb') as fsrc:
FileNotFoundError: [Errno 2] No such file or directory: ' /mnt/lineage/priv-app/Snap/Snap.apk'
[ 2018-11-06 21:00:45,141 ] - [INFO    ] - root - Copying Recorder from /mnt/lineage/priv-app/Recorder/Recorder.apk
[ 2018-11-06 21:00:45,147 ] - [INFO    ] - root - Copying Messaging from /mnt/lineage/app/messaging/messaging.apk
[ 2018-11-06 21:00:45,164 ] - [INFO    ] - root - Copying DeskClock from /mnt/lineage/app/DeskClock/DeskClock.apk
[ 2018-11-06 21:00:45,178 ] - [INFO    ] - root - GH Releases is not enabled. Not Copying Release Notes.
