[ 2018-10-27 05:58:29,221 ] - [DEBUG   ] - root - ------------------------System Info------------------------------
[ 2018-10-27 05:58:29,224 ] - [DEBUG   ] - root - Platform : Linux, Version: #124~14.04.1-Ubuntu SMP Fri Nov 10 19:05:36 UTC 2017
[ 2018-10-27 05:58:29,224 ] - [DEBUG   ] - root - Hostname: travis-job-05081f6d-19b2-4b86-b0fa-19ab989c5945
[ 2018-10-27 05:58:29,225 ] - [DEBUG   ] - root - Python Version: 3.6.3
[ 2018-10-27 05:58:29,242 ] - [DEBUG   ] - root - Platform Arch: ('64bit', 'ELF')
[ 2018-10-27 05:58:29,242 ] - [DEBUG   ] - root - -----------------------------------------------------------------
[ 2018-10-27 05:58:29,243 ] - [INFO    ] - root - Getting LOS Download page for bullhead...
[ 2018-10-27 05:58:29,243 ] - [DEBUG   ] - root - Getting Download Page for bullhead
[ 2018-10-27 05:58:29,243 ] - [INFO    ] - root - Attempting to download : LineageOS_Downlad_Page.html
[ 2018-10-27 05:58:29,243 ] - [INFO    ] - root - From URL: https://download.lineageos.org/bullhead
[ 2018-10-27 05:58:29,250 ] - [DEBUG   ] - urllib3.connectionpool - Starting new HTTPS connection (1): download.lineageos.org:443
[ 2018-10-27 05:58:29,397 ] - [DEBUG   ] - urllib3.connectionpool - https://download.lineageos.org:443 "GET /bullhead HTTP/1.1" 200 None
[ 2018-10-27 05:58:29,397 ] - [DEBUG   ] - root - Response code is 200
[ 2018-10-27 05:58:29,400 ] - [DEBUG   ] - root - los-dl.html file exists.
[ 2018-10-27 05:58:29,400 ] - [INFO    ] - root - Parsing HTML page...
[ 2018-10-27 05:58:29,459 ] - [DEBUG   ] - root - ----------------------------------------------------------
[ 2018-10-27 05:58:29,459 ] - [DEBUG   ] - root - ------------------Parsed Variables------------------------
[ 2018-10-27 05:58:29,459 ] - [DEBUG   ] - root - LOS_REL_TYPE = ['nightly', 'nightly', 'nightly', 'nightly', 'nightly']
[ 2018-10-27 05:58:29,459 ] - [DEBUG   ] - root - LOS_REL_VERSION = ['15.1', '15.1', '15.1', '15.1', '15.1']
[ 2018-10-27 05:58:29,459 ] - [DEBUG   ] - root - LOS_REL_URL = ['https://mirrorbits.lineageos.org/full/bullhead/20181022/lineage-15.1-20181022-nightly-bullhead-signed.zip', 'https://mirrorbits.lineageos.org/full/bullhead/20181015/lineage-15.1-20181015-nightly-bullhead-signed.zip', 'https://mirrorbits.lineageos.org/full/bullhead/20181008/lineage-15.1-20181008-nightly-bullhead-signed.zip', 'https://mirrorbits.lineageos.org/full/bullhead/20181001/lineage-15.1-20181001-nightly-bullhead-signed.zip', 'https://mirrorbits.lineageos.org/full/bullhead/20180924/lineage-15.1-20180924-nightly-bullhead-signed.zip']
[ 2018-10-27 05:58:29,459 ] - [DEBUG   ] - root - LOS_REL_SIZE = ['432.65 MB', '432.66 MB', '432.48 MB', '431.03 MB', '431.05 MB']
[ 2018-10-27 05:58:29,459 ] - [DEBUG   ] - root - LOS_REL_DATE = ['2018-10-22', '2018-10-15', '2018-10-08', '2018-10-01', '2018-09-24']
[ 2018-10-27 05:58:29,459 ] - [DEBUG   ] - root - ----------------------------------------------------------
[ 2018-10-27 05:58:29,459 ] - [DEBUG   ] - root - ----------------------------------------------------------
[ 2018-10-27 05:58:29,459 ] - [INFO    ] - root - Downloading ZIP File...
[ 2018-10-27 05:58:29,459 ] - [INFO    ] - root - Attempting to download : LineageOS.zip
[ 2018-10-27 05:58:29,460 ] - [INFO    ] - root - From URL: https://mirrorbits.lineageos.org/full/bullhead/20181022/lineage-15.1-20181022-nightly-bullhead-signed.zip
[ 2018-10-27 05:58:29,464 ] - [DEBUG   ] - urllib3.connectionpool - Starting new HTTPS connection (1): mirrorbits.lineageos.org:443
[ 2018-10-27 05:58:29,922 ] - [DEBUG   ] - urllib3.connectionpool - https://mirrorbits.lineageos.org:443 "GET /full/bullhead/20181022/lineage-15.1-20181022-nightly-bullhead-signed.zip HTTP/1.1" 302 131
[ 2018-10-27 05:58:29,926 ] - [DEBUG   ] - urllib3.connectionpool - Starting new HTTPS connection (1): los.mci1.rzor.net:443
[ 2018-10-27 05:58:30,097 ] - [DEBUG   ] - urllib3.connectionpool - https://los.mci1.rzor.net:443 "GET /lineageos/full/bullhead/20181022/lineage-15.1-20181022-nightly-bullhead-signed.zip HTTP/1.1" 200 453667394
[ 2018-10-27 05:58:30,099 ] - [DEBUG   ] - root - Response code is 200
[ 2018-10-27 05:58:45,613 ] - [INFO    ] - root - Getting Checksum File...
[ 2018-10-27 05:58:45,613 ] - [INFO    ] - root - Attempting to download : LineageOS_ZIP_SHA256.txt
[ 2018-10-27 05:58:45,613 ] - [INFO    ] - root - From URL: https://mirrorbits.lineageos.org/full/bullhead/20181022/lineage-15.1-20181022-nightly-bullhead-signed.zip?sha256
[ 2018-10-27 05:58:45,616 ] - [DEBUG   ] - urllib3.connectionpool - Starting new HTTPS connection (1): mirrorbits.lineageos.org:443
[ 2018-10-27 05:58:46,092 ] - [DEBUG   ] - urllib3.connectionpool - https://mirrorbits.lineageos.org:443 "GET /full/bullhead/20181022/lineage-15.1-20181022-nightly-bullhead-signed.zip?sha256 HTTP/1.1" 200 115
[ 2018-10-27 05:58:46,093 ] - [DEBUG   ] - root - Response code is 200
[ 2018-10-27 05:58:46,094 ] - [INFO    ] - root - Verifying Checksums...
[ 2018-10-27 05:58:46,094 ] - [DEBUG   ] - root - File LineageOS_ZIP_SHA256.txt present on FS.
[ 2018-10-27 05:58:46,095 ] - [DEBUG   ] - root - File LineageOS.zip is present on the FS.
[ 2018-10-27 05:58:48,342 ] - [DEBUG   ] - root - SHA256 hash for LineageOS.zip is : 3c0525b2b4cb20602ca43f7c1b540ab2709e373d693a91d7eaf572cacc333def
[ 2018-10-27 05:58:48,342 ] - [DEBUG   ] - root - SHA256 hash SHOULD BE : 3c0525b2b4cb20602ca43f7c1b540ab2709e373d693a91d7eaf572cacc333def
[ 2018-10-27 05:58:48,342 ] - [DEBUG   ] - root - File Hashes Match.
[ 2018-10-27 05:58:48,342 ] - [INFO    ] - root - File's Checksum matches.
[ 2018-10-27 05:58:48,342 ] - [INFO    ] - root - Extracting from ZIP File ....
[ 2018-10-27 05:58:48,342 ] - [INFO    ] - root - Deleting old files if any....
[ 2018-10-27 05:58:48,342 ] - [DEBUG   ] - root - Deleting old DAT files (if any)
[ 2018-10-27 05:58:48,343 ] - [DEBUG   ] - root - Deleting old IMG file (if any)
[ 2018-10-27 05:58:49,744 ] - [INFO    ] - root - Generating Release Notes...
[ 2018-10-27 05:58:49,745 ] - [DEBUG   ] - root - Generated Release Notes
[ 2018-10-27 05:58:49,745 ] - [INFO    ] - root - Generating Metadata JSON for gh-pages
[ 2018-10-27 05:58:49,745 ] - [DEBUG   ] - root - JSON Dump is : {"version": 1, "ci": {"deployed": "false", "build_date": 1540619929, "build_ts": "05:58 AM UTC on Oct 27, 2018"}, "lineage": {"build": "2018-10-22", "build_type": "nightly"}, "release_tag": "15.1.2018-10-22"}
[ 2018-10-27 05:59:48,560 ] - [INFO    ] - root - Attempting to download : metadata.json
[ 2018-10-27 05:59:48,560 ] - [INFO    ] - root - From URL: https://raw.githubusercontent.com/tprasadtp/lineageos-apk-extractor/metadata/release.json
[ 2018-10-27 05:59:48,565 ] - [DEBUG   ] - urllib3.connectionpool - Starting new HTTPS connection (1): raw.githubusercontent.com:443
[ 2018-10-27 05:59:48,622 ] - [DEBUG   ] - urllib3.connectionpool - https://raw.githubusercontent.com:443 "GET /tprasadtp/lineageos-apk-extractor/metadata/release.json HTTP/1.1" 200 151
[ 2018-10-27 05:59:48,622 ] - [DEBUG   ] - root - Response code is 200
[ 2018-10-27 05:59:48,624 ] - [INFO    ] - root - Checking last build date...
[ 2018-10-27 05:59:48,625 ] - [INFO    ] - root - Last Build was 1540612850
[ 2018-10-27 05:59:48,625 ] - [INFO    ] - root - Last Release Tag was 15.1.2018-10-22
[ 2018-10-27 05:59:48,625 ] - [INFO    ] - root - Current Build was 1540619929
[ 2018-10-27 05:59:48,625 ] - [INFO    ] - root - Current Release Tag is 15.1.2018-10-22
[ 2018-10-27 05:59:48,627 ] - [INFO    ] - root - Release is already the latest.
[ 2018-10-27 05:59:48,628 ] - [INFO    ] - root - Copying Metadata
[ 2018-10-27 05:59:48,628 ] - [INFO    ] - root - Creating Metadata Folder...
[ 2018-10-27 05:59:48,628 ] - [INFO    ] - root - Copying release.json
