[ 2018-10-30 20:50:14,063 ] - [DEBUG   ] - root - ------------------------System Info------------------------------
[ 2018-10-30 20:50:14,066 ] - [DEBUG   ] - root - Platform : Linux, Version: #124~14.04.1-Ubuntu SMP Fri Nov 10 19:05:36 UTC 2017
[ 2018-10-30 20:50:14,066 ] - [DEBUG   ] - root - Hostname : travis-job-6232739a-8147-469d-9fa6-c32acbc5db88
[ 2018-10-30 20:50:14,066 ] - [DEBUG   ] - root - Python Version : 3.6.3
[ 2018-10-30 20:50:14,084 ] - [DEBUG   ] - root - Platform Arch : ('64bit', 'ELF')
[ 2018-10-30 20:50:14,084 ] - [DEBUG   ] - root - -----------------------------------------------------------------
[ 2018-10-30 20:50:14,084 ] - [INFO    ] - root - Getting LOS Download page for bullhead ...
[ 2018-10-30 20:50:14,084 ] - [DEBUG   ] - root - Getting Download Page for bullhead
[ 2018-10-30 20:50:14,085 ] - [INFO    ] - root - Attempting to download : LineageOS_Downlad_Page.html
[ 2018-10-30 20:50:14,085 ] - [INFO    ] - root - From URL: https://download.lineageos.org/bullhead
[ 2018-10-30 20:50:14,086 ] - [INFO    ] - root - Downloading file.....
[ 2018-10-30 20:50:14,092 ] - [DEBUG   ] - urllib3.connectionpool - Starting new HTTPS connection (1): download.lineageos.org:443
[ 2018-10-30 20:50:14,250 ] - [DEBUG   ] - urllib3.connectionpool - https://download.lineageos.org:443 "GET /bullhead HTTP/1.1" 200 None
[ 2018-10-30 20:50:14,251 ] - [DEBUG   ] - root - Response code is 200
[ 2018-10-30 20:50:14,253 ] - [DEBUG   ] - root - LineageOS_Downlad_Page.html file exists.
[ 2018-10-30 20:50:14,253 ] - [INFO    ] - root - Parsing HTML page...
[ 2018-10-30 20:50:14,319 ] - [DEBUG   ] - root - ----------------------------------------------------------
[ 2018-10-30 20:50:14,320 ] - [DEBUG   ] - root - ------------------Parsed Variables------------------------
[ 2018-10-30 20:50:14,320 ] - [DEBUG   ] - root - LOS_REL_TYPE = ['nightly', 'nightly', 'nightly', 'nightly', 'nightly']
[ 2018-10-30 20:50:14,320 ] - [DEBUG   ] - root - LOS_REL_VERSION = ['15.1', '15.1', '15.1', '15.1', '15.1']
[ 2018-10-30 20:50:14,320 ] - [DEBUG   ] - root - LOS_REL_URL = ['https://mirrorbits.lineageos.org/full/bullhead/20181029/lineage-15.1-20181029-nightly-bullhead-signed.zip', 'https://mirrorbits.lineageos.org/full/bullhead/20181022/lineage-15.1-20181022-nightly-bullhead-signed.zip', 'https://mirrorbits.lineageos.org/full/bullhead/20181015/lineage-15.1-20181015-nightly-bullhead-signed.zip', 'https://mirrorbits.lineageos.org/full/bullhead/20181008/lineage-15.1-20181008-nightly-bullhead-signed.zip', 'https://mirrorbits.lineageos.org/full/bullhead/20181001/lineage-15.1-20181001-nightly-bullhead-signed.zip']
[ 2018-10-30 20:50:14,320 ] - [DEBUG   ] - root - LOS_REL_SIZE = ['432.66 MB', '432.65 MB', '432.66 MB', '432.48 MB', '431.03 MB']
[ 2018-10-30 20:50:14,320 ] - [DEBUG   ] - root - LOS_REL_DATE = ['2018-10-29', '2018-10-22', '2018-10-15', '2018-10-08', '2018-10-01']
[ 2018-10-30 20:50:14,320 ] - [DEBUG   ] - root - REL_TAG is 15.1.2018-10-29
[ 2018-10-30 20:50:14,320 ] - [DEBUG   ] - root - ----------------------------------------------------------
[ 2018-10-30 20:50:14,320 ] - [DEBUG   ] - root - ----------------------------------------------------------
[ 2018-10-30 20:50:14,320 ] - [INFO    ] - root - Downloading ZIP File ...
[ 2018-10-30 20:50:14,320 ] - [INFO    ] - root - Attempting to download : LineageOS.zip
[ 2018-10-30 20:50:14,321 ] - [INFO    ] - root - From URL: https://mirrorbits.lineageos.org/full/bullhead/20181029/lineage-15.1-20181029-nightly-bullhead-signed.zip
[ 2018-10-30 20:50:14,321 ] - [INFO    ] - root - Downloading file.....
[ 2018-10-30 20:50:14,326 ] - [DEBUG   ] - urllib3.connectionpool - Starting new HTTPS connection (1): mirrorbits.lineageos.org:443
[ 2018-10-30 20:50:14,829 ] - [DEBUG   ] - urllib3.connectionpool - https://mirrorbits.lineageos.org:443 "GET /full/bullhead/20181029/lineage-15.1-20181029-nightly-bullhead-signed.zip HTTP/1.1" 302 135
[ 2018-10-30 20:50:14,832 ] - [DEBUG   ] - urllib3.connectionpool - Starting new HTTPS connection (1): ftp.acc.umu.se:443
[ 2018-10-30 20:50:15,622 ] - [DEBUG   ] - urllib3.connectionpool - https://ftp.acc.umu.se:443 "GET /mirror/lineageos/full/bullhead/20181029/lineage-15.1-20181029-nightly-bullhead-signed.zip HTTP/1.1" 302 422
[ 2018-10-30 20:50:15,627 ] - [DEBUG   ] - urllib3.connectionpool - Starting new HTTPS connection (1): gensho.ftp.acc.umu.se:443
[ 2018-10-30 20:50:16,325 ] - [DEBUG   ] - urllib3.connectionpool - https://gensho.ftp.acc.umu.se:443 "GET /mirror/lineageos/full/bullhead/20181029/lineage-15.1-20181029-nightly-bullhead-signed.zip HTTP/1.1" 200 453678976
[ 2018-10-30 20:50:16,327 ] - [DEBUG   ] - root - Response code is 200
[ 2018-10-30 20:50:48,278 ] - [INFO    ] - root - Getting Checksum File...
[ 2018-10-30 20:50:48,278 ] - [INFO    ] - root - Attempting to download : LineageOS_ZIP_SHA256.txt
[ 2018-10-30 20:50:48,278 ] - [INFO    ] - root - From URL: https://mirrorbits.lineageos.org/full/bullhead/20181029/lineage-15.1-20181029-nightly-bullhead-signed.zip?sha256
[ 2018-10-30 20:50:48,279 ] - [INFO    ] - root - Downloading file.....
[ 2018-10-30 20:50:48,282 ] - [DEBUG   ] - urllib3.connectionpool - Starting new HTTPS connection (1): mirrorbits.lineageos.org:443
[ 2018-10-30 20:50:48,738 ] - [DEBUG   ] - urllib3.connectionpool - https://mirrorbits.lineageos.org:443 "GET /full/bullhead/20181029/lineage-15.1-20181029-nightly-bullhead-signed.zip?sha256 HTTP/1.1" 200 115
[ 2018-10-30 20:50:48,738 ] - [DEBUG   ] - root - Response code is 200
[ 2018-10-30 20:50:48,740 ] - [INFO    ] - root - Verifying ZIP file checksums...
[ 2018-10-30 20:50:48,740 ] - [DEBUG   ] - root - File's LineageOS_ZIP_SHA256.txt present on FS.
[ 2018-10-30 20:50:48,740 ] - [DEBUG   ] - root - File LineageOS.zip is present on the FS.
[ 2018-10-30 20:50:50,967 ] - [DEBUG   ] - root - SHA256 hash for LineageOS.zip is : 53a8adcf259f8f8f86caf162a41eda6bfc5c36296202530a023a7cb01dfa2a32
[ 2018-10-30 20:50:50,968 ] - [DEBUG   ] - root - SHA256 hash SHOULD BE : 53a8adcf259f8f8f86caf162a41eda6bfc5c36296202530a023a7cb01dfa2a32
[ 2018-10-30 20:50:50,968 ] - [DEBUG   ] - root - File Hashes Match.
[ 2018-10-30 20:50:50,968 ] - [INFO    ] - root - Woohooo.. ZIP File's Checksum matches.
[ 2018-10-30 20:50:50,968 ] - [INFO    ] - root - Extracting from ZIP File ....
[ 2018-10-30 20:50:50,968 ] - [INFO    ] - root - Deleting old files if any....
[ 2018-10-30 20:50:50,968 ] - [DEBUG   ] - root - Deleting old DAT files (if any)
[ 2018-10-30 20:50:50,969 ] - [DEBUG   ] - root - Deleting old IMG file (if any)
[ 2018-10-30 20:50:52,312 ] - [INFO    ] - root - Downloading OLD release.json
[ 2018-10-30 20:50:52,312 ] - [INFO    ] - root - Attempting to download : old_release.json
[ 2018-10-30 20:50:52,312 ] - [INFO    ] - root - From URL: https://raw.githubusercontent.com/tprasadtp/lineageos-apk-extractor/gh-pages/release.json
[ 2018-10-30 20:50:52,312 ] - [INFO    ] - root - Downloading file.....
[ 2018-10-30 20:50:52,315 ] - [DEBUG   ] - urllib3.connectionpool - Starting new HTTPS connection (1): raw.githubusercontent.com:443
[ 2018-10-30 20:50:52,477 ] - [DEBUG   ] - urllib3.connectionpool - https://raw.githubusercontent.com:443 "GET /tprasadtp/lineageos-apk-extractor/gh-pages/release.json HTTP/1.1" 200 340
[ 2018-10-30 20:50:52,478 ] - [DEBUG   ] - root - Response code is 200
[ 2018-10-30 20:50:52,479 ] - [INFO    ] - root - Preparing Metadata....
[ 2018-10-30 20:50:52,479 ] - [INFO    ] - root - Checking last build date...
[ 2018-10-30 20:50:52,480 ] - [INFO    ] - root - Last Build was 1540770119
[ 2018-10-30 20:50:52,480 ] - [INFO    ] - root - Last Release Tag was 15.1.2018-10-22
[ 2018-10-30 20:50:52,480 ] - [INFO    ] - root - This release is New. GH Releases will be enabled if on MASTER
[ 2018-10-30 20:50:52,480 ] - [INFO    ] - root - Generating Exporter Scripts...
[ 2018-10-30 20:50:52,480 ] - [INFO    ] - root - Generating Release Notes...
[ 2018-10-30 20:50:52,481 ] - [DEBUG   ] - root - Generated Release Notes
[ 2018-10-30 20:50:52,481 ] - [INFO    ] - root - Generating release.json
[ 2018-10-30 20:50:52,481 ] - [DEBUG   ] - root - JSON Dump is : {"version": 2, "ci": {"build_date": 1540932652, "build_ts": "08:50 PM UTC on Oct 30, 2018", "node_name": "travis-job-6232739a-8147-469d-9fa6-c32acbc5db88", "deployed": "true"}, "lineage": {"version": "15.1", "build": "2018-10-29", "build_type": "nightly", "zip_file": "https://mirrorbits.lineageos.org/full/bullhead/20181029/lineage-15.1-20181029-nightly-bullhead-signed.zip"}, "release": {"tag": "15.1.2018-10-29", "link": "https://github.com/tprasadtp/lineageos-apk-extractor/releases/tag/15.1.2018-10-29"}}
[ 2018-10-30 20:51:45,735 ] - [DEBUG   ] - root - Setting TAG Variable
[ 2018-10-30 20:51:45,735 ] - [INFO    ] - root - Reading json data from file.
[ 2018-10-30 20:51:45,735 ] - [INFO    ] - root - Copying Metadata
[ 2018-10-30 20:51:45,736 ] - [INFO    ] - root - Creating Metadata Folder...
[ 2018-10-30 20:51:45,736 ] - [INFO    ] - root - Copying release.json
[ 2018-10-30 20:51:45,737 ] - [INFO    ] - root - Checking Mount point
[ 2018-10-30 20:51:45,737 ] - [DEBUG   ] - root - Creating Releases Folder
[ 2018-10-30 20:51:45,737 ] - [INFO    ] - root - Copying Email from /mnt/lineage/app/Email/Email.apk
[ 2018-10-30 20:51:45,750 ] - [INFO    ] - root - Copying Gallery from /mnt/lineage/priv-app/Gallery2/Gallery2.apk
[ 2018-10-30 20:51:45,769 ] - [INFO    ] - root - Copying Music from /mnt/lineage/priv-app/Eleven/Eleven.apk
[ 2018-10-30 20:51:45,779 ] - [INFO    ] - root - Copying Calendar from /mnt/lineage/app/Calendar/Calendar.apk
[ 2018-10-30 20:51:45,785 ] - [INFO    ] - root - Copying Jelly from /mnt/lineage/app/Jelly/Jelly.apk
[ 2018-10-30 20:51:45,788 ] - [INFO    ] - root - Copying Trebuchet from /mnt/lineage/priv-app/Trebuchet/Trebuchet.apk
[ 2018-10-30 20:51:45,792 ] - [INFO    ] - root - Copying Snap from  /mnt/lineage/priv-app/Snap/Snap.apk
[ 2018-10-30 20:51:45,793 ] - [ERROR   ] - root - Failed to Copy Snap
[ 2018-10-30 20:51:45,793 ] - [ERROR   ] - root - [Errno 2] No such file or directory: ' /mnt/lineage/priv-app/Snap/Snap.apk'
Traceback (most recent call last):
  File "./copy_files.py", line 110, in copy_release_files
    shutil.copy2(path, RELEASE_DIR / fname)
  File "/home/travis/virtualenv/python3.6.3/lib/python3.6/shutil.py", line 257, in copy2
    copyfile(src, dst, follow_symlinks=follow_symlinks)
  File "/home/travis/virtualenv/python3.6.3/lib/python3.6/shutil.py", line 120, in copyfile
    with open(src, 'rb') as fsrc:
FileNotFoundError: [Errno 2] No such file or directory: ' /mnt/lineage/priv-app/Snap/Snap.apk'
[ 2018-10-30 20:51:45,799 ] - [INFO    ] - root - Copying Recorder from /mnt/lineage/priv-app/Recorder/Recorder.apk
[ 2018-10-30 20:51:45,801 ] - [INFO    ] - root - Copying messaging from /mnt/lineage/app/messaging/messaging.apk
[ 2018-10-30 20:51:45,819 ] - [INFO    ] - root - Copying DeskClock from /mnt/lineage/app/DeskClock/DeskClock.apk
[ 2018-10-30 20:51:45,829 ] - [INFO    ] - root - Copying Release Notes...
