[ 2018-11-08 20:52:38,742 ] - [DEBUG   ] - root - ------------------------System Info------------------------------
[ 2018-11-08 20:52:38,745 ] - [DEBUG   ] - root - Platform : Linux, Version: #124~14.04.1-Ubuntu SMP Fri Nov 10 19:05:36 UTC 2017
[ 2018-11-08 20:52:38,745 ] - [DEBUG   ] - root - Hostname : travis-job-5fb10ef5-1f27-4145-9e07-9bb77b8e2496
[ 2018-11-08 20:52:38,746 ] - [DEBUG   ] - root - Python Version : 3.6.3
[ 2018-11-08 20:52:38,761 ] - [DEBUG   ] - root - Platform Arch : ('64bit', 'ELF')
[ 2018-11-08 20:52:38,762 ] - [DEBUG   ] - root - -----------------------------------------------------------------
[ 2018-11-08 20:52:38,762 ] - [INFO    ] - root - Getting LOS Download page for bullhead ...
[ 2018-11-08 20:52:38,762 ] - [DEBUG   ] - root - Getting Download Page for bullhead
[ 2018-11-08 20:52:38,762 ] - [INFO    ] - root - Attempting to download : LineageOS_Downlad_Page.html
[ 2018-11-08 20:52:38,762 ] - [INFO    ] - root - From URL: https://download.lineageos.org/bullhead
[ 2018-11-08 20:52:38,762 ] - [INFO    ] - root - Downloading file.....
[ 2018-11-08 20:52:38,771 ] - [DEBUG   ] - urllib3.connectionpool - Starting new HTTPS connection (1): download.lineageos.org:443
[ 2018-11-08 20:52:38,917 ] - [DEBUG   ] - urllib3.connectionpool - https://download.lineageos.org:443 "GET /bullhead HTTP/1.1" 200 None
[ 2018-11-08 20:52:38,918 ] - [DEBUG   ] - root - Response code is 200
[ 2018-11-08 20:52:38,920 ] - [DEBUG   ] - root - LineageOS_Downlad_Page.html file exists.
[ 2018-11-08 20:52:38,920 ] - [INFO    ] - root - Parsing HTML page...
[ 2018-11-08 20:52:38,979 ] - [DEBUG   ] - root - ----------------------------------------------------------
[ 2018-11-08 20:52:38,979 ] - [DEBUG   ] - root - ------------------Parsed Variables------------------------
[ 2018-11-08 20:52:38,979 ] - [DEBUG   ] - root - LOS_REL_TYPE = ['nightly', 'nightly', 'nightly', 'nightly', 'nightly']
[ 2018-11-08 20:52:38,979 ] - [DEBUG   ] - root - LOS_REL_VERSION = ['15.1', '15.1', '15.1', '15.1', '15.1']
[ 2018-11-08 20:52:38,979 ] - [DEBUG   ] - root - LOS_REL_URL = ['https://mirrorbits.lineageos.org/full/bullhead/20181105/lineage-15.1-20181105-nightly-bullhead-signed.zip', 'https://mirrorbits.lineageos.org/full/bullhead/20181029/lineage-15.1-20181029-nightly-bullhead-signed.zip', 'https://mirrorbits.lineageos.org/full/bullhead/20181022/lineage-15.1-20181022-nightly-bullhead-signed.zip', 'https://mirrorbits.lineageos.org/full/bullhead/20181015/lineage-15.1-20181015-nightly-bullhead-signed.zip', 'https://mirrorbits.lineageos.org/full/bullhead/20181008/lineage-15.1-20181008-nightly-bullhead-signed.zip']
[ 2018-11-08 20:52:38,979 ] - [DEBUG   ] - root - LOS_REL_SIZE = ['432.65 MB', '432.66 MB', '432.65 MB', '432.66 MB', '432.48 MB']
[ 2018-11-08 20:52:38,979 ] - [DEBUG   ] - root - LOS_REL_DATE = ['2018-11-05', '2018-10-29', '2018-10-22', '2018-10-15', '2018-10-08']
[ 2018-11-08 20:52:38,979 ] - [DEBUG   ] - root - REL_TAG is 15.1.2018-11-05
[ 2018-11-08 20:52:38,979 ] - [DEBUG   ] - root - ----------------------------------------------------------
[ 2018-11-08 20:52:38,980 ] - [DEBUG   ] - root - ----------------------------------------------------------
[ 2018-11-08 20:52:38,980 ] - [INFO    ] - root - Downloading ZIP File ...
[ 2018-11-08 20:52:38,980 ] - [INFO    ] - root - Attempting to download : LineageOS.zip
[ 2018-11-08 20:52:38,980 ] - [INFO    ] - root - From URL: https://mirrorbits.lineageos.org/full/bullhead/20181105/lineage-15.1-20181105-nightly-bullhead-signed.zip
[ 2018-11-08 20:52:38,980 ] - [INFO    ] - root - Downloading file.....
[ 2018-11-08 20:52:38,984 ] - [DEBUG   ] - urllib3.connectionpool - Starting new HTTPS connection (1): mirrorbits.lineageos.org:443
[ 2018-11-08 20:52:39,471 ] - [DEBUG   ] - urllib3.connectionpool - https://mirrorbits.lineageos.org:443 "GET /full/bullhead/20181105/lineage-15.1-20181105-nightly-bullhead-signed.zip HTTP/1.1" 302 126
[ 2018-11-08 20:52:39,474 ] - [DEBUG   ] - urllib3.connectionpool - Starting new HTTPS connection (1): lineageos.mirrorhub.io:443
[ 2018-11-08 20:52:40,283 ] - [DEBUG   ] - urllib3.connectionpool - https://lineageos.mirrorhub.io:443 "GET /full/bullhead/20181105/lineage-15.1-20181105-nightly-bullhead-signed.zip HTTP/1.1" 200 453669067
[ 2018-11-08 20:52:40,284 ] - [DEBUG   ] - root - Response code is 200
[ 2018-11-08 20:53:40,125 ] - [INFO    ] - root - Getting Checksum File...
[ 2018-11-08 20:53:40,126 ] - [INFO    ] - root - Attempting to download : LineageOS_ZIP_SHA256.txt
[ 2018-11-08 20:53:40,126 ] - [INFO    ] - root - From URL: https://mirrorbits.lineageos.org/full/bullhead/20181105/lineage-15.1-20181105-nightly-bullhead-signed.zip?sha256
[ 2018-11-08 20:53:40,126 ] - [INFO    ] - root - Downloading file.....
[ 2018-11-08 20:53:40,130 ] - [DEBUG   ] - urllib3.connectionpool - Starting new HTTPS connection (1): mirrorbits.lineageos.org:443
[ 2018-11-08 20:53:40,597 ] - [DEBUG   ] - urllib3.connectionpool - https://mirrorbits.lineageos.org:443 "GET /full/bullhead/20181105/lineage-15.1-20181105-nightly-bullhead-signed.zip?sha256 HTTP/1.1" 200 115
[ 2018-11-08 20:53:40,597 ] - [DEBUG   ] - root - Response code is 200
[ 2018-11-08 20:53:40,599 ] - [INFO    ] - root - Verifying ZIP file checksums...
[ 2018-11-08 20:53:40,599 ] - [DEBUG   ] - root - File's LineageOS_ZIP_SHA256.txt present on FS.
[ 2018-11-08 20:53:40,599 ] - [DEBUG   ] - root - File LineageOS.zip is present on the FS.
[ 2018-11-08 20:53:42,784 ] - [DEBUG   ] - root - SHA256 hash for LineageOS.zip is : 0a00ebd351a9e379e89057283986890cbd8b124f045fb1cd325781f8ea79d9f1
[ 2018-11-08 20:53:42,784 ] - [DEBUG   ] - root - SHA256 hash SHOULD BE : 0a00ebd351a9e379e89057283986890cbd8b124f045fb1cd325781f8ea79d9f1
[ 2018-11-08 20:53:42,784 ] - [DEBUG   ] - root - File Hashes Match.
[ 2018-11-08 20:53:42,784 ] - [INFO    ] - root - Woohooo.. ZIP File's Checksum matches.
[ 2018-11-08 20:53:42,784 ] - [INFO    ] - root - Extracting from ZIP File ....
[ 2018-11-08 20:53:42,784 ] - [INFO    ] - root - Deleting old files if any....
[ 2018-11-08 20:53:42,784 ] - [DEBUG   ] - root - Deleting old DAT files (if any)
[ 2018-11-08 20:53:42,785 ] - [DEBUG   ] - root - Deleting old IMG file (if any)
[ 2018-11-08 20:53:44,071 ] - [INFO    ] - root - Getting Info about last build & release...
[ 2018-11-08 20:53:44,071 ] - [DEBUG   ] - root - Downloading OLD release.json
[ 2018-11-08 20:53:44,071 ] - [INFO    ] - root - Attempting to download : old_release.json
[ 2018-11-08 20:53:44,071 ] - [INFO    ] - root - From URL: https://raw.githubusercontent.com/tprasadtp/lineageos-apk-extractor/gh-pages/release.json
[ 2018-11-08 20:53:44,071 ] - [INFO    ] - root - Downloading file.....
[ 2018-11-08 20:53:44,074 ] - [DEBUG   ] - urllib3.connectionpool - Starting new HTTPS connection (1): raw.githubusercontent.com:443
[ 2018-11-08 20:53:44,197 ] - [DEBUG   ] - urllib3.connectionpool - https://raw.githubusercontent.com:443 "GET /tprasadtp/lineageos-apk-extractor/gh-pages/release.json HTTP/1.1" 200 346
[ 2018-11-08 20:53:44,198 ] - [DEBUG   ] - root - Response code is 200
[ 2018-11-08 20:53:44,199 ] - [DEBUG   ] - root - Reading old release.json file...
[ 2018-11-08 20:53:44,200 ] - [INFO    ] - root - Last Build was 1541537923
[ 2018-11-08 20:53:44,200 ] - [INFO    ] - root - Last Release Tag was 15.1.2018-11-05
[ 2018-11-08 20:53:44,200 ] - [INFO    ] - root - Last Release TS was 1541537923
[ 2018-11-08 20:53:44,201 ] - [INFO    ] - root - Preparing Metadata....
[ 2018-11-08 20:53:44,201 ] - [INFO    ] - root - Release is already latest. No need to deploy.
[ 2018-11-08 20:53:44,201 ] - [INFO    ] - root - Generating release.json
[ 2018-11-08 20:53:44,201 ] - [DEBUG   ] - root - Writing release.json
[ 2018-11-08 20:53:44,201 ] - [DEBUG   ] - root - JSON Dump is : {"version": 3, "ci": {"build_date": 1541710358, "build_date_human": "08 Nov at 20:52", "build_number": "71", "node_name": "travis-job-5fb10ef5-1f27-4145-9e07-9bb77b8e2496", "deployed": "No"}, "lineage": {"version": "15.1", "build": "2018-11-05", "build_type": "nightly", "zip_file": "https://mirrorbits.lineageos.org/full/bullhead/20181105/lineage-15.1-20181105-nightly-bullhead-signed.zip"}, "release": {"tag": "15.1.2018-11-05", "link": "https://github.com/tprasadtp/lineageos-apk-extractor/releases/tag/15.1.2018-11-05", "human_ts": "1541537923"}}
[ 2018-11-08 20:53:44,202 ] - [INFO    ] - root - Writing exporter script...
[ 2018-11-08 20:53:44,202 ] - [DEBUG   ] - root - Writing flags.sh
[ 2018-11-08 20:54:32,599 ] - [DEBUG   ] - root - Setting TAG Variable
[ 2018-11-08 20:54:32,599 ] - [INFO    ] - root - Reading json data from file.
[ 2018-11-08 20:54:32,600 ] - [INFO    ] - root - Copying Metadata
[ 2018-11-08 20:54:32,600 ] - [INFO    ] - root - Creating Metadata Folder...
[ 2018-11-08 20:54:32,600 ] - [INFO    ] - root - Copying release.json
[ 2018-11-08 20:54:32,601 ] - [INFO    ] - root - Checking Mount point
[ 2018-11-08 20:54:32,602 ] - [DEBUG   ] - root - Creating Releases Folder
[ 2018-11-08 20:54:32,603 ] - [INFO    ] - root - Copying Email from /mnt/lineage/app/Email/Email.apk
[ 2018-11-08 20:54:32,614 ] - [INFO    ] - root - Copying Gallery from /mnt/lineage/priv-app/Gallery2/Gallery2.apk
[ 2018-11-08 20:54:32,635 ] - [INFO    ] - root - Copying Music from /mnt/lineage/priv-app/Eleven/Eleven.apk
[ 2018-11-08 20:54:32,647 ] - [INFO    ] - root - Copying Calendar from /mnt/lineage/app/Calendar/Calendar.apk
[ 2018-11-08 20:54:32,652 ] - [INFO    ] - root - Copying Jelly from /mnt/lineage/app/Jelly/Jelly.apk
[ 2018-11-08 20:54:32,657 ] - [INFO    ] - root - Copying Trebuchet from /mnt/lineage/priv-app/Trebuchet/Trebuchet.apk
[ 2018-11-08 20:54:32,661 ] - [INFO    ] - root - Copying Snap from  /mnt/lineage/priv-app/Snap/Snap.apk
[ 2018-11-08 20:54:32,662 ] - [ERROR   ] - root - Failed to Copy Snap
[ 2018-11-08 20:54:32,662 ] - [ERROR   ] - root - [Errno 2] No such file or directory: ' /mnt/lineage/priv-app/Snap/Snap.apk'
Traceback (most recent call last):
  File "./copy_files.py", line 110, in copy_release_files
    shutil.copy2(path, RELEASE_DIR / fname)
  File "/home/travis/virtualenv/python3.6.3/lib/python3.6/shutil.py", line 257, in copy2
    copyfile(src, dst, follow_symlinks=follow_symlinks)
  File "/home/travis/virtualenv/python3.6.3/lib/python3.6/shutil.py", line 120, in copyfile
    with open(src, 'rb') as fsrc:
FileNotFoundError: [Errno 2] No such file or directory: ' /mnt/lineage/priv-app/Snap/Snap.apk'
[ 2018-11-08 20:54:32,666 ] - [INFO    ] - root - Copying Recorder from /mnt/lineage/priv-app/Recorder/Recorder.apk
[ 2018-11-08 20:54:32,675 ] - [INFO    ] - root - Copying Messaging from /mnt/lineage/app/messaging/messaging.apk
[ 2018-11-08 20:54:32,697 ] - [INFO    ] - root - Copying DeskClock from /mnt/lineage/app/DeskClock/DeskClock.apk
[ 2018-11-08 20:54:32,706 ] - [INFO    ] - root - GH Releases is not enabled. Not Copying Release Notes.
