[ 2018-10-28 17:34:01,072 ] - [DEBUG   ] - root - ------------------------System Info------------------------------
[ 2018-10-28 17:34:01,075 ] - [DEBUG   ] - root - Platform : Linux, Version: #124~14.04.1-Ubuntu SMP Fri Nov 10 19:05:36 UTC 2017
[ 2018-10-28 17:34:01,075 ] - [DEBUG   ] - root - Hostname : travis-job-cadd430e-8c20-4d8c-9259-7df4b5de5c0e
[ 2018-10-28 17:34:01,076 ] - [DEBUG   ] - root - Python Version : 3.6.3
[ 2018-10-28 17:34:01,092 ] - [DEBUG   ] - root - Platform Arch : ('64bit', 'ELF')
[ 2018-10-28 17:34:01,092 ] - [DEBUG   ] - root - -----------------------------------------------------------------
[ 2018-10-28 17:34:01,092 ] - [INFO    ] - root - Getting LOS Download page for bullhead ...
[ 2018-10-28 17:34:01,093 ] - [DEBUG   ] - root - Getting Download Page for bullhead
[ 2018-10-28 17:34:01,093 ] - [INFO    ] - root - Attempting to download : LineageOS_Downlad_Page.html
[ 2018-10-28 17:34:01,093 ] - [INFO    ] - root - From URL: https://download.lineageos.org/bullhead
[ 2018-10-28 17:34:01,093 ] - [INFO    ] - root - Downloading file.....
[ 2018-10-28 17:34:01,101 ] - [DEBUG   ] - urllib3.connectionpool - Starting new HTTPS connection (1): download.lineageos.org:443
[ 2018-10-28 17:34:01,261 ] - [DEBUG   ] - urllib3.connectionpool - https://download.lineageos.org:443 "GET /bullhead HTTP/1.1" 200 None
[ 2018-10-28 17:34:01,262 ] - [DEBUG   ] - root - Response code is 200
[ 2018-10-28 17:34:01,265 ] - [DEBUG   ] - root - LineageOS_Downlad_Page.html file exists.
[ 2018-10-28 17:34:01,265 ] - [INFO    ] - root - Parsing HTML page...
[ 2018-10-28 17:34:01,323 ] - [DEBUG   ] - root - ----------------------------------------------------------
[ 2018-10-28 17:34:01,323 ] - [DEBUG   ] - root - ------------------Parsed Variables------------------------
[ 2018-10-28 17:34:01,323 ] - [DEBUG   ] - root - LOS_REL_TYPE = ['nightly', 'nightly', 'nightly', 'nightly']
[ 2018-10-28 17:34:01,323 ] - [DEBUG   ] - root - LOS_REL_VERSION = ['15.1', '15.1', '15.1', '15.1']
[ 2018-10-28 17:34:01,323 ] - [DEBUG   ] - root - LOS_REL_URL = ['https://mirrorbits.lineageos.org/full/bullhead/20181022/lineage-15.1-20181022-nightly-bullhead-signed.zip', 'https://mirrorbits.lineageos.org/full/bullhead/20181015/lineage-15.1-20181015-nightly-bullhead-signed.zip', 'https://mirrorbits.lineageos.org/full/bullhead/20181008/lineage-15.1-20181008-nightly-bullhead-signed.zip', 'https://mirrorbits.lineageos.org/full/bullhead/20181001/lineage-15.1-20181001-nightly-bullhead-signed.zip']
[ 2018-10-28 17:34:01,323 ] - [DEBUG   ] - root - LOS_REL_SIZE = ['432.65 MB', '432.66 MB', '432.48 MB', '431.03 MB']
[ 2018-10-28 17:34:01,323 ] - [DEBUG   ] - root - LOS_REL_DATE = ['2018-10-22', '2018-10-15', '2018-10-08', '2018-10-01']
[ 2018-10-28 17:34:01,323 ] - [DEBUG   ] - root - REL_TAG is 15.1.2018-10-22
[ 2018-10-28 17:34:01,323 ] - [DEBUG   ] - root - ----------------------------------------------------------
[ 2018-10-28 17:34:01,323 ] - [DEBUG   ] - root - ----------------------------------------------------------
[ 2018-10-28 17:34:01,323 ] - [INFO    ] - root - Downloading ZIP File ...
[ 2018-10-28 17:34:01,323 ] - [INFO    ] - root - Attempting to download : LineageOS.zip
[ 2018-10-28 17:34:01,324 ] - [INFO    ] - root - From URL: https://mirrorbits.lineageos.org/full/bullhead/20181022/lineage-15.1-20181022-nightly-bullhead-signed.zip
[ 2018-10-28 17:34:01,324 ] - [INFO    ] - root - Downloading file.....
[ 2018-10-28 17:34:01,329 ] - [DEBUG   ] - urllib3.connectionpool - Starting new HTTPS connection (1): mirrorbits.lineageos.org:443
[ 2018-10-28 17:34:01,798 ] - [DEBUG   ] - urllib3.connectionpool - https://mirrorbits.lineageos.org:443 "GET /full/bullhead/20181022/lineage-15.1-20181022-nightly-bullhead-signed.zip HTTP/1.1" 302 143
[ 2018-10-28 17:34:01,801 ] - [DEBUG   ] - urllib3.connectionpool - Starting new HTTPS connection (1): mirror.math.princeton.edu:443
[ 2018-10-28 17:34:02,021 ] - [DEBUG   ] - urllib3.connectionpool - https://mirror.math.princeton.edu:443 "GET /pub/lineageos/full/bullhead/20181022/lineage-15.1-20181022-nightly-bullhead-signed.zip HTTP/1.1" 200 453667394
[ 2018-10-28 17:34:02,023 ] - [DEBUG   ] - root - Response code is 200
[ 2018-10-28 17:34:18,312 ] - [INFO    ] - root - Getting Checksum File...
[ 2018-10-28 17:34:18,313 ] - [INFO    ] - root - Attempting to download : LineageOS_ZIP_SHA256.txt
[ 2018-10-28 17:34:18,313 ] - [INFO    ] - root - From URL: https://mirrorbits.lineageos.org/full/bullhead/20181022/lineage-15.1-20181022-nightly-bullhead-signed.zip?sha256
[ 2018-10-28 17:34:18,313 ] - [INFO    ] - root - Downloading file.....
[ 2018-10-28 17:34:18,315 ] - [DEBUG   ] - urllib3.connectionpool - Starting new HTTPS connection (1): mirrorbits.lineageos.org:443
[ 2018-10-28 17:34:18,769 ] - [DEBUG   ] - urllib3.connectionpool - https://mirrorbits.lineageos.org:443 "GET /full/bullhead/20181022/lineage-15.1-20181022-nightly-bullhead-signed.zip?sha256 HTTP/1.1" 200 115
[ 2018-10-28 17:34:18,770 ] - [DEBUG   ] - root - Response code is 200
[ 2018-10-28 17:34:18,772 ] - [INFO    ] - root - Verifying ZIP file checksums...
[ 2018-10-28 17:34:18,772 ] - [DEBUG   ] - root - File's LineageOS_ZIP_SHA256.txt present on FS.
[ 2018-10-28 17:34:18,773 ] - [DEBUG   ] - root - File LineageOS.zip is present on the FS.
[ 2018-10-28 17:34:20,881 ] - [DEBUG   ] - root - SHA256 hash for LineageOS.zip is : 3c0525b2b4cb20602ca43f7c1b540ab2709e373d693a91d7eaf572cacc333def
[ 2018-10-28 17:34:20,882 ] - [DEBUG   ] - root - SHA256 hash SHOULD BE : 3c0525b2b4cb20602ca43f7c1b540ab2709e373d693a91d7eaf572cacc333def
[ 2018-10-28 17:34:20,882 ] - [DEBUG   ] - root - File Hashes Match.
[ 2018-10-28 17:34:20,882 ] - [INFO    ] - root - Woohooo.. ZIP File's Checksum matches.
[ 2018-10-28 17:34:20,882 ] - [INFO    ] - root - Extracting from ZIP File ....
[ 2018-10-28 17:34:20,882 ] - [INFO    ] - root - Deleting old files if any....
[ 2018-10-28 17:34:20,882 ] - [DEBUG   ] - root - Deleting old DAT files (if any)
[ 2018-10-28 17:34:20,884 ] - [DEBUG   ] - root - Deleting old IMG file (if any)
[ 2018-10-28 17:34:22,363 ] - [INFO    ] - root - Downloading OLD release.json
[ 2018-10-28 17:34:22,363 ] - [INFO    ] - root - Attempting to download : old_release.json
[ 2018-10-28 17:34:22,363 ] - [INFO    ] - root - From URL: https://raw.githubusercontent.com/tprasadtp/lineageos-apk-extractor/gh-pages/release.json
[ 2018-10-28 17:34:22,363 ] - [INFO    ] - root - Downloading file.....
[ 2018-10-28 17:34:22,366 ] - [DEBUG   ] - urllib3.connectionpool - Starting new HTTPS connection (1): raw.githubusercontent.com:443
[ 2018-10-28 17:34:22,470 ] - [DEBUG   ] - urllib3.connectionpool - https://raw.githubusercontent.com:443 "GET /tprasadtp/lineageos-apk-extractor/gh-pages/release.json HTTP/1.1" 200 341
[ 2018-10-28 17:34:22,471 ] - [DEBUG   ] - root - Response code is 200
[ 2018-10-28 17:34:22,472 ] - [INFO    ] - root - Preparing Metadata....
[ 2018-10-28 17:34:22,472 ] - [INFO    ] - root - Checking last build date...
[ 2018-10-28 17:34:22,473 ] - [INFO    ] - root - Last Build was 1540672377
[ 2018-10-28 17:34:22,473 ] - [INFO    ] - root - Last Release Tag was 15.1.2018-10-22
[ 2018-10-28 17:34:22,473 ] - [INFO    ] - root - Release is already the latest.
[ 2018-10-28 17:34:22,473 ] - [INFO    ] - root - Generating release.json
[ 2018-10-28 17:34:22,474 ] - [DEBUG   ] - root - JSON Dump is : {"version": 2, "ci": {"build_date": 1540748062, "build_ts": "05:34 PM UTC on Oct 28, 2018", "node_name": "travis-job-cadd430e-8c20-4d8c-9259-7df4b5de5c0e", "deployed": "false"}, "lineage": {"version": "15.1", "build": "2018-10-22", "build_type": "nightly", "zip_file": "https://mirrorbits.lineageos.org/full/bullhead/20181022/lineage-15.1-20181022-nightly-bullhead-signed.zip"}, "release": {"tag": "15.1.2018-10-22", "link": "https://github.com/tprasadtp/lineageos-apk-extractor/releases/tag/15.1.2018-10-22"}}
[ 2018-10-28 17:35:21,189 ] - [DEBUG   ] - root - Setting TAG Variable
[ 2018-10-28 17:35:21,189 ] - [INFO    ] - root - Reading json data from file.
[ 2018-10-28 17:35:21,189 ] - [INFO    ] - root - Copying Metadata
[ 2018-10-28 17:35:21,189 ] - [INFO    ] - root - Creating Metadata Folder...
[ 2018-10-28 17:35:21,190 ] - [INFO    ] - root - Copying release.json
[ 2018-10-28 17:35:21,190 ] - [INFO    ] - root - Checking Mount point
[ 2018-10-28 17:35:21,191 ] - [DEBUG   ] - root - Creating Releases Folder
[ 2018-10-28 17:35:21,191 ] - [INFO    ] - root - Copying Email from /mnt/lineage/app/Email/Email.apk
[ 2018-10-28 17:35:21,201 ] - [INFO    ] - root - Copying Gallery from /mnt/lineage/priv-app/Gallery2/Gallery2.apk
[ 2018-10-28 17:35:21,217 ] - [INFO    ] - root - Copying Music from /mnt/lineage/priv-app/Eleven/Eleven.apk
[ 2018-10-28 17:35:21,225 ] - [INFO    ] - root - Copying Calendar from /mnt/lineage/app/Calendar/Calendar.apk
[ 2018-10-28 17:35:21,230 ] - [INFO    ] - root - Copying Jelly from /mnt/lineage/app/Jelly/Jelly.apk
[ 2018-10-28 17:35:21,232 ] - [INFO    ] - root - Copying Trebuchet from /mnt/lineage/priv-app/Trebuchet/Trebuchet.apk
[ 2018-10-28 17:35:21,237 ] - [INFO    ] - root - Copying Snap from  /mnt/lineage/priv-app/Snap/Snap.apk
[ 2018-10-28 17:35:21,237 ] - [ERROR   ] - root - Failed to Copy Snap
[ 2018-10-28 17:35:21,238 ] - [ERROR   ] - root - [Errno 2] No such file or directory: ' /mnt/lineage/priv-app/Snap/Snap.apk'
Traceback (most recent call last):
  File "./copy_files.py", line 110, in copy_release_files
    shutil.copy2(path, RELEASE_DIR / fname)
  File "/home/travis/virtualenv/python3.6.3/lib/python3.6/shutil.py", line 257, in copy2
    copyfile(src, dst, follow_symlinks=follow_symlinks)
  File "/home/travis/virtualenv/python3.6.3/lib/python3.6/shutil.py", line 120, in copyfile
    with open(src, 'rb') as fsrc:
FileNotFoundError: [Errno 2] No such file or directory: ' /mnt/lineage/priv-app/Snap/Snap.apk'
[ 2018-10-28 17:35:21,242 ] - [INFO    ] - root - Copying Recorder from /mnt/lineage/priv-app/Recorder/Recorder.apk
[ 2018-10-28 17:35:21,248 ] - [INFO    ] - root - Copying messaging from /mnt/lineage/app/messaging/messaging.apk
[ 2018-10-28 17:35:21,261 ] - [INFO    ] - root - Copying DeskClock from /mnt/lineage/app/DeskClock/DeskClock.apk
[ 2018-10-28 17:35:21,270 ] - [INFO    ] - root - GH Releases is not enabled. Not Copying Release Notes.
