[ 2018-10-27 20:32:30,181 ] - [DEBUG   ] - root - ------------------------System Info------------------------------
[ 2018-10-27 20:32:30,184 ] - [DEBUG   ] - root - Platform : Linux, Version: #124~14.04.1-Ubuntu SMP Fri Nov 10 19:05:36 UTC 2017
[ 2018-10-27 20:32:30,184 ] - [DEBUG   ] - root - Hostname : travis-job-0626de0a-050b-471d-9dcd-fb93a509ddd1
[ 2018-10-27 20:32:30,184 ] - [DEBUG   ] - root - Python Version : 3.6.3
[ 2018-10-27 20:32:30,200 ] - [DEBUG   ] - root - Platform Arch : ('64bit', 'ELF')
[ 2018-10-27 20:32:30,201 ] - [DEBUG   ] - root - -----------------------------------------------------------------
[ 2018-10-27 20:32:30,201 ] - [INFO    ] - root - Getting LOS Download page for bullhead ...
[ 2018-10-27 20:32:30,201 ] - [DEBUG   ] - root - Getting Download Page for bullhead
[ 2018-10-27 20:32:30,202 ] - [INFO    ] - root - Attempting to download : LineageOS_Downlad_Page.html
[ 2018-10-27 20:32:30,202 ] - [INFO    ] - root - From URL: https://download.lineageos.org/bullhead
[ 2018-10-27 20:32:30,202 ] - [INFO    ] - root - Downloading file.....
[ 2018-10-27 20:32:30,211 ] - [DEBUG   ] - urllib3.connectionpool - Starting new HTTPS connection (1): download.lineageos.org:443
[ 2018-10-27 20:32:30,370 ] - [DEBUG   ] - urllib3.connectionpool - https://download.lineageos.org:443 "GET /bullhead HTTP/1.1" 200 None
[ 2018-10-27 20:32:30,371 ] - [DEBUG   ] - root - Response code is 200
[ 2018-10-27 20:32:30,373 ] - [DEBUG   ] - root - LineageOS_Downlad_Page.html file exists.
[ 2018-10-27 20:32:30,374 ] - [INFO    ] - root - Parsing HTML page...
[ 2018-10-27 20:32:30,438 ] - [DEBUG   ] - root - ----------------------------------------------------------
[ 2018-10-27 20:32:30,438 ] - [DEBUG   ] - root - ------------------Parsed Variables------------------------
[ 2018-10-27 20:32:30,438 ] - [DEBUG   ] - root - LOS_REL_TYPE = ['nightly', 'nightly', 'nightly', 'nightly', 'nightly']
[ 2018-10-27 20:32:30,438 ] - [DEBUG   ] - root - LOS_REL_VERSION = ['15.1', '15.1', '15.1', '15.1', '15.1']
[ 2018-10-27 20:32:30,438 ] - [DEBUG   ] - root - LOS_REL_URL = ['https://mirrorbits.lineageos.org/full/bullhead/20181022/lineage-15.1-20181022-nightly-bullhead-signed.zip', 'https://mirrorbits.lineageos.org/full/bullhead/20181015/lineage-15.1-20181015-nightly-bullhead-signed.zip', 'https://mirrorbits.lineageos.org/full/bullhead/20181008/lineage-15.1-20181008-nightly-bullhead-signed.zip', 'https://mirrorbits.lineageos.org/full/bullhead/20181001/lineage-15.1-20181001-nightly-bullhead-signed.zip', 'https://mirrorbits.lineageos.org/full/bullhead/20180924/lineage-15.1-20180924-nightly-bullhead-signed.zip']
[ 2018-10-27 20:32:30,438 ] - [DEBUG   ] - root - LOS_REL_SIZE = ['432.65 MB', '432.66 MB', '432.48 MB', '431.03 MB', '431.05 MB']
[ 2018-10-27 20:32:30,438 ] - [DEBUG   ] - root - LOS_REL_DATE = ['2018-10-22', '2018-10-15', '2018-10-08', '2018-10-01', '2018-09-24']
[ 2018-10-27 20:32:30,439 ] - [DEBUG   ] - root - REL_TAG is 15.1.2018-10-22
[ 2018-10-27 20:32:30,439 ] - [DEBUG   ] - root - ----------------------------------------------------------
[ 2018-10-27 20:32:30,439 ] - [DEBUG   ] - root - ----------------------------------------------------------
[ 2018-10-27 20:32:30,439 ] - [INFO    ] - root - Downloading ZIP File ...
[ 2018-10-27 20:32:30,439 ] - [INFO    ] - root - Attempting to download : LineageOS.zip
[ 2018-10-27 20:32:30,439 ] - [INFO    ] - root - From URL: https://mirrorbits.lineageos.org/full/bullhead/20181022/lineage-15.1-20181022-nightly-bullhead-signed.zip
[ 2018-10-27 20:32:30,439 ] - [INFO    ] - root - Downloading file.....
[ 2018-10-27 20:32:30,444 ] - [DEBUG   ] - urllib3.connectionpool - Starting new HTTPS connection (1): mirrorbits.lineageos.org:443
[ 2018-10-27 20:32:30,931 ] - [DEBUG   ] - urllib3.connectionpool - https://mirrorbits.lineageos.org:443 "GET /full/bullhead/20181022/lineage-15.1-20181022-nightly-bullhead-signed.zip HTTP/1.1" 302 135
[ 2018-10-27 20:32:30,934 ] - [DEBUG   ] - urllib3.connectionpool - Starting new HTTPS connection (1): ftp.acc.umu.se:443
[ 2018-10-27 20:32:31,610 ] - [DEBUG   ] - urllib3.connectionpool - https://ftp.acc.umu.se:443 "GET /mirror/lineageos/full/bullhead/20181022/lineage-15.1-20181022-nightly-bullhead-signed.zip HTTP/1.1" 302 422
[ 2018-10-27 20:32:31,615 ] - [DEBUG   ] - urllib3.connectionpool - Starting new HTTPS connection (1): caesar.ftp.acc.umu.se:443
[ 2018-10-27 20:32:32,292 ] - [DEBUG   ] - urllib3.connectionpool - https://caesar.ftp.acc.umu.se:443 "GET /mirror/lineageos/full/bullhead/20181022/lineage-15.1-20181022-nightly-bullhead-signed.zip HTTP/1.1" 200 453667394
[ 2018-10-27 20:32:32,294 ] - [DEBUG   ] - root - Response code is 200
[ 2018-10-27 20:32:52,644 ] - [INFO    ] - root - Getting Checksum File...
[ 2018-10-27 20:32:52,645 ] - [INFO    ] - root - Attempting to download : LineageOS_ZIP_SHA256.txt
[ 2018-10-27 20:32:52,645 ] - [INFO    ] - root - From URL: https://mirrorbits.lineageos.org/full/bullhead/20181022/lineage-15.1-20181022-nightly-bullhead-signed.zip?sha256
[ 2018-10-27 20:32:52,646 ] - [INFO    ] - root - Downloading file.....
[ 2018-10-27 20:32:52,650 ] - [DEBUG   ] - urllib3.connectionpool - Starting new HTTPS connection (1): mirrorbits.lineageos.org:443
[ 2018-10-27 20:32:53,106 ] - [DEBUG   ] - urllib3.connectionpool - https://mirrorbits.lineageos.org:443 "GET /full/bullhead/20181022/lineage-15.1-20181022-nightly-bullhead-signed.zip?sha256 HTTP/1.1" 200 115
[ 2018-10-27 20:32:53,107 ] - [DEBUG   ] - root - Response code is 200
[ 2018-10-27 20:32:53,108 ] - [INFO    ] - root - Verifying ZIP file checksums...
[ 2018-10-27 20:32:53,109 ] - [DEBUG   ] - root - File's LineageOS_ZIP_SHA256.txt present on FS.
[ 2018-10-27 20:32:53,109 ] - [DEBUG   ] - root - File LineageOS.zip is present on the FS.
[ 2018-10-27 20:32:55,323 ] - [DEBUG   ] - root - SHA256 hash for LineageOS.zip is : 3c0525b2b4cb20602ca43f7c1b540ab2709e373d693a91d7eaf572cacc333def
[ 2018-10-27 20:32:55,323 ] - [DEBUG   ] - root - SHA256 hash SHOULD BE : 3c0525b2b4cb20602ca43f7c1b540ab2709e373d693a91d7eaf572cacc333def
[ 2018-10-27 20:32:55,323 ] - [DEBUG   ] - root - File Hashes Match.
[ 2018-10-27 20:32:55,324 ] - [INFO    ] - root - Woohooo.. ZIP File's Checksum matches.
[ 2018-10-27 20:32:55,324 ] - [INFO    ] - root - Extracting from ZIP File ....
[ 2018-10-27 20:32:55,324 ] - [INFO    ] - root - Deleting old files if any....
[ 2018-10-27 20:32:55,325 ] - [DEBUG   ] - root - Deleting old DAT files (if any)
[ 2018-10-27 20:32:55,326 ] - [DEBUG   ] - root - Deleting old IMG file (if any)
[ 2018-10-27 20:32:56,975 ] - [INFO    ] - root - Downloading OLD release.json
[ 2018-10-27 20:32:56,975 ] - [INFO    ] - root - Attempting to download : old_release.json
[ 2018-10-27 20:32:56,975 ] - [INFO    ] - root - From URL: https://raw.githubusercontent.com/tprasadtp/lineageos-apk-extractor/gh-pages/release.json
[ 2018-10-27 20:32:56,975 ] - [INFO    ] - root - Downloading file.....
[ 2018-10-27 20:32:56,978 ] - [DEBUG   ] - urllib3.connectionpool - Starting new HTTPS connection (1): raw.githubusercontent.com:443
[ 2018-10-27 20:32:57,101 ] - [DEBUG   ] - urllib3.connectionpool - https://raw.githubusercontent.com:443 "GET /tprasadtp/lineageos-apk-extractor/gh-pages/release.json HTTP/1.1" 200 342
[ 2018-10-27 20:32:57,102 ] - [DEBUG   ] - root - Response code is 200
[ 2018-10-27 20:32:57,104 ] - [INFO    ] - root - Preparing Metadata....
[ 2018-10-27 20:32:57,104 ] - [INFO    ] - root - Checking last build date...
[ 2018-10-27 20:32:57,104 ] - [INFO    ] - root - Last Build was 1540671363
[ 2018-10-27 20:32:57,104 ] - [INFO    ] - root - Last Release Tag was 15.1.2018-10-22
[ 2018-10-27 20:32:57,104 ] - [INFO    ] - root - Release is already the latest.
[ 2018-10-27 20:32:57,104 ] - [INFO    ] - root - Generating release.json
[ 2018-10-27 20:32:57,105 ] - [DEBUG   ] - root - JSON Dump is : {"version": 2, "ci": {"build_date": 1540672377, "build_ts": "08:32 PM UTC on Oct 27, 2018", "node_name": "travis-job-0626de0a-050b-471d-9dcd-fb93a509ddd1", "deployed": "false"}, "lineage": {"version": "15.1", "build": "2018-10-22", "build_type": "nightly", "zip_file": "https://mirrorbits.lineageos.org/full/bullhead/20181022/lineage-15.1-20181022-nightly-bullhead-signed.zip"}, "release": {"tag": "15.1.2018-10-22", "link": "https://github.com/tprasadtp/lineageos-apk-extractor/releases/tag/15.1.2018-10-22"}}
[ 2018-10-27 20:33:55,330 ] - [DEBUG   ] - root - Setting TAG Variable
[ 2018-10-27 20:33:55,330 ] - [INFO    ] - root - Reading json data from file.
[ 2018-10-27 20:33:55,330 ] - [INFO    ] - root - Copying Metadata
[ 2018-10-27 20:33:55,330 ] - [INFO    ] - root - Creating Metadata Folder...
[ 2018-10-27 20:33:55,332 ] - [INFO    ] - root - Copying release.json
[ 2018-10-27 20:33:55,333 ] - [INFO    ] - root - Checking Mount point
[ 2018-10-27 20:33:55,333 ] - [DEBUG   ] - root - Creating Releases Folder
[ 2018-10-27 20:33:55,333 ] - [INFO    ] - root - Copying Email from /mnt/lineage/app/Email/Email.apk
[ 2018-10-27 20:33:55,348 ] - [INFO    ] - root - Copying Gallery from /mnt/lineage/priv-app/Gallery2/Gallery2.apk
[ 2018-10-27 20:33:55,365 ] - [INFO    ] - root - Copying Music from /mnt/lineage/priv-app/Eleven/Eleven.apk
[ 2018-10-27 20:33:55,373 ] - [INFO    ] - root - Copying Calendar from /mnt/lineage/app/Calendar/Calendar.apk
[ 2018-10-27 20:33:55,378 ] - [INFO    ] - root - Copying Jelly from /mnt/lineage/app/Jelly/Jelly.apk
[ 2018-10-27 20:33:55,379 ] - [INFO    ] - root - Copying Trebuchet from /mnt/lineage/priv-app/Trebuchet/Trebuchet.apk
[ 2018-10-27 20:33:55,385 ] - [INFO    ] - root - Copying Snap from  /mnt/lineage/priv-app/Snap/Snap.apk
[ 2018-10-27 20:33:55,385 ] - [ERROR   ] - root - Failed to Copy Snap
[ 2018-10-27 20:33:55,385 ] - [ERROR   ] - root - [Errno 2] No such file or directory: ' /mnt/lineage/priv-app/Snap/Snap.apk'
Traceback (most recent call last):
  File "./copy_files.py", line 110, in copy_release_files
    shutil.copy2(path, RELEASE_DIR / fname)
  File "/home/travis/virtualenv/python3.6.3/lib/python3.6/shutil.py", line 257, in copy2
    copyfile(src, dst, follow_symlinks=follow_symlinks)
  File "/home/travis/virtualenv/python3.6.3/lib/python3.6/shutil.py", line 120, in copyfile
    with open(src, 'rb') as fsrc:
FileNotFoundError: [Errno 2] No such file or directory: ' /mnt/lineage/priv-app/Snap/Snap.apk'
[ 2018-10-27 20:33:55,389 ] - [INFO    ] - root - Copying Recorder from /mnt/lineage/priv-app/Recorder/Recorder.apk
[ 2018-10-27 20:33:55,395 ] - [INFO    ] - root - Copying messaging from /mnt/lineage/app/messaging/messaging.apk
[ 2018-10-27 20:33:55,413 ] - [INFO    ] - root - Copying DeskClock from /mnt/lineage/app/DeskClock/DeskClock.apk
[ 2018-10-27 20:33:55,422 ] - [INFO    ] - root - GH Releases is not enabled. Not Copying Release Notes.
