[ 2018-10-31 03:12:49,211 ] - [DEBUG   ] - root - ------------------------System Info------------------------------
[ 2018-10-31 03:12:49,214 ] - [DEBUG   ] - root - Platform : Linux, Version: #124~14.04.1-Ubuntu SMP Fri Nov 10 19:05:36 UTC 2017
[ 2018-10-31 03:12:49,214 ] - [DEBUG   ] - root - Hostname : travis-job-9abc2f95-edf7-40a5-ab5d-4df4403deb46
[ 2018-10-31 03:12:49,215 ] - [DEBUG   ] - root - Python Version : 3.6.3
[ 2018-10-31 03:12:49,231 ] - [DEBUG   ] - root - Platform Arch : ('64bit', 'ELF')
[ 2018-10-31 03:12:49,232 ] - [DEBUG   ] - root - -----------------------------------------------------------------
[ 2018-10-31 03:12:49,232 ] - [INFO    ] - root - Getting LOS Download page for bullhead ...
[ 2018-10-31 03:12:49,232 ] - [DEBUG   ] - root - Getting Download Page for bullhead
[ 2018-10-31 03:12:49,233 ] - [INFO    ] - root - Attempting to download : LineageOS_Downlad_Page.html
[ 2018-10-31 03:12:49,233 ] - [INFO    ] - root - From URL: https://download.lineageos.org/bullhead
[ 2018-10-31 03:12:49,234 ] - [INFO    ] - root - Downloading file.....
[ 2018-10-31 03:12:49,239 ] - [DEBUG   ] - urllib3.connectionpool - Starting new HTTPS connection (1): download.lineageos.org:443
[ 2018-10-31 03:12:49,390 ] - [DEBUG   ] - urllib3.connectionpool - https://download.lineageos.org:443 "GET /bullhead HTTP/1.1" 200 None
[ 2018-10-31 03:12:49,391 ] - [DEBUG   ] - root - Response code is 200
[ 2018-10-31 03:12:49,393 ] - [DEBUG   ] - root - LineageOS_Downlad_Page.html file exists.
[ 2018-10-31 03:12:49,393 ] - [INFO    ] - root - Parsing HTML page...
[ 2018-10-31 03:12:49,451 ] - [DEBUG   ] - root - ----------------------------------------------------------
[ 2018-10-31 03:12:49,451 ] - [DEBUG   ] - root - ------------------Parsed Variables------------------------
[ 2018-10-31 03:12:49,451 ] - [DEBUG   ] - root - LOS_REL_TYPE = ['nightly', 'nightly', 'nightly', 'nightly', 'nightly']
[ 2018-10-31 03:12:49,451 ] - [DEBUG   ] - root - LOS_REL_VERSION = ['15.1', '15.1', '15.1', '15.1', '15.1']
[ 2018-10-31 03:12:49,451 ] - [DEBUG   ] - root - LOS_REL_URL = ['https://mirrorbits.lineageos.org/full/bullhead/20181029/lineage-15.1-20181029-nightly-bullhead-signed.zip', 'https://mirrorbits.lineageos.org/full/bullhead/20181022/lineage-15.1-20181022-nightly-bullhead-signed.zip', 'https://mirrorbits.lineageos.org/full/bullhead/20181015/lineage-15.1-20181015-nightly-bullhead-signed.zip', 'https://mirrorbits.lineageos.org/full/bullhead/20181008/lineage-15.1-20181008-nightly-bullhead-signed.zip', 'https://mirrorbits.lineageos.org/full/bullhead/20181001/lineage-15.1-20181001-nightly-bullhead-signed.zip']
[ 2018-10-31 03:12:49,451 ] - [DEBUG   ] - root - LOS_REL_SIZE = ['432.66 MB', '432.65 MB', '432.66 MB', '432.48 MB', '431.03 MB']
[ 2018-10-31 03:12:49,451 ] - [DEBUG   ] - root - LOS_REL_DATE = ['2018-10-29', '2018-10-22', '2018-10-15', '2018-10-08', '2018-10-01']
[ 2018-10-31 03:12:49,451 ] - [DEBUG   ] - root - REL_TAG is 15.1.2018-10-29
[ 2018-10-31 03:12:49,451 ] - [DEBUG   ] - root - ----------------------------------------------------------
[ 2018-10-31 03:12:49,452 ] - [DEBUG   ] - root - ----------------------------------------------------------
[ 2018-10-31 03:12:49,452 ] - [INFO    ] - root - Downloading ZIP File ...
[ 2018-10-31 03:12:49,452 ] - [INFO    ] - root - Attempting to download : LineageOS.zip
[ 2018-10-31 03:12:49,452 ] - [INFO    ] - root - From URL: https://mirrorbits.lineageos.org/full/bullhead/20181029/lineage-15.1-20181029-nightly-bullhead-signed.zip
[ 2018-10-31 03:12:49,452 ] - [INFO    ] - root - Downloading file.....
[ 2018-10-31 03:12:49,457 ] - [DEBUG   ] - urllib3.connectionpool - Starting new HTTPS connection (1): mirrorbits.lineageos.org:443
[ 2018-10-31 03:12:49,970 ] - [DEBUG   ] - urllib3.connectionpool - https://mirrorbits.lineageos.org:443 "GET /full/bullhead/20181029/lineage-15.1-20181029-nightly-bullhead-signed.zip HTTP/1.1" 302 143
[ 2018-10-31 03:12:49,974 ] - [DEBUG   ] - urllib3.connectionpool - Starting new HTTPS connection (1): mirror.math.princeton.edu:443
[ 2018-10-31 03:12:50,109 ] - [DEBUG   ] - urllib3.connectionpool - https://mirror.math.princeton.edu:443 "GET /pub/lineageos/full/bullhead/20181029/lineage-15.1-20181029-nightly-bullhead-signed.zip HTTP/1.1" 200 453678976
[ 2018-10-31 03:12:50,111 ] - [DEBUG   ] - root - Response code is 200
[ 2018-10-31 03:13:05,705 ] - [INFO    ] - root - Getting Checksum File...
[ 2018-10-31 03:13:05,705 ] - [INFO    ] - root - Attempting to download : LineageOS_ZIP_SHA256.txt
[ 2018-10-31 03:13:05,705 ] - [INFO    ] - root - From URL: https://mirrorbits.lineageos.org/full/bullhead/20181029/lineage-15.1-20181029-nightly-bullhead-signed.zip?sha256
[ 2018-10-31 03:13:05,706 ] - [INFO    ] - root - Downloading file.....
[ 2018-10-31 03:13:05,711 ] - [DEBUG   ] - urllib3.connectionpool - Starting new HTTPS connection (1): mirrorbits.lineageos.org:443
[ 2018-10-31 03:13:06,167 ] - [DEBUG   ] - urllib3.connectionpool - https://mirrorbits.lineageos.org:443 "GET /full/bullhead/20181029/lineage-15.1-20181029-nightly-bullhead-signed.zip?sha256 HTTP/1.1" 200 115
[ 2018-10-31 03:13:06,168 ] - [DEBUG   ] - root - Response code is 200
[ 2018-10-31 03:13:06,169 ] - [INFO    ] - root - Verifying ZIP file checksums...
[ 2018-10-31 03:13:06,170 ] - [DEBUG   ] - root - File's LineageOS_ZIP_SHA256.txt present on FS.
[ 2018-10-31 03:13:06,170 ] - [DEBUG   ] - root - File LineageOS.zip is present on the FS.
[ 2018-10-31 03:13:08,280 ] - [DEBUG   ] - root - SHA256 hash for LineageOS.zip is : 53a8adcf259f8f8f86caf162a41eda6bfc5c36296202530a023a7cb01dfa2a32
[ 2018-10-31 03:13:08,280 ] - [DEBUG   ] - root - SHA256 hash SHOULD BE : 53a8adcf259f8f8f86caf162a41eda6bfc5c36296202530a023a7cb01dfa2a32
[ 2018-10-31 03:13:08,280 ] - [DEBUG   ] - root - File Hashes Match.
[ 2018-10-31 03:13:08,281 ] - [INFO    ] - root - Woohooo.. ZIP File's Checksum matches.
[ 2018-10-31 03:13:08,281 ] - [INFO    ] - root - Extracting from ZIP File ....
[ 2018-10-31 03:13:08,281 ] - [INFO    ] - root - Deleting old files if any....
[ 2018-10-31 03:13:08,281 ] - [DEBUG   ] - root - Deleting old DAT files (if any)
[ 2018-10-31 03:13:08,282 ] - [DEBUG   ] - root - Deleting old IMG file (if any)
[ 2018-10-31 03:13:09,595 ] - [INFO    ] - root - Downloading OLD release.json
[ 2018-10-31 03:13:09,595 ] - [INFO    ] - root - Attempting to download : old_release.json
[ 2018-10-31 03:13:09,595 ] - [INFO    ] - root - From URL: https://raw.githubusercontent.com/tprasadtp/lineageos-apk-extractor/gh-pages/release.json
[ 2018-10-31 03:13:09,595 ] - [INFO    ] - root - Downloading file.....
[ 2018-10-31 03:13:09,598 ] - [DEBUG   ] - urllib3.connectionpool - Starting new HTTPS connection (1): raw.githubusercontent.com:443
[ 2018-10-31 03:13:09,706 ] - [DEBUG   ] - urllib3.connectionpool - https://raw.githubusercontent.com:443 "GET /tprasadtp/lineageos-apk-extractor/gh-pages/release.json HTTP/1.1" 200 361
[ 2018-10-31 03:13:09,707 ] - [DEBUG   ] - root - Response code is 200
[ 2018-10-31 03:13:09,708 ] - [INFO    ] - root - Preparing Metadata....
[ 2018-10-31 03:13:09,709 ] - [INFO    ] - root - Checking last build date...
[ 2018-10-31 03:13:09,709 ] - [INFO    ] - root - Last Build was 1540954357
[ 2018-10-31 03:13:09,709 ] - [INFO    ] - root - Last Release Tag was 15.1.2018-10-29
[ 2018-10-31 03:13:09,709 ] - [INFO    ] - root - Last Release TS was Oct 30 at 20:51:58
[ 2018-10-31 03:13:09,709 ] - [INFO    ] - root - Release is already the latest.
[ 2018-10-31 03:13:09,709 ] - [INFO    ] - root - Writing exporter script...
[ 2018-10-31 03:13:09,709 ] - [INFO    ] - root - Generating release.json
[ 2018-10-31 03:13:09,710 ] - [DEBUG   ] - root - JSON Dump is : {"version": 3, "ci": {"build_date": 1540955589, "build_date_human": "Oct 31 2018 at 03:13", "build_number": "61", "node_name": "travis-job-9abc2f95-edf7-40a5-ab5d-4df4403deb46", "deployed": "false"}, "lineage": {"version": "15.1", "build": "2018-10-29", "build_type": "nightly", "zip_file": "https://mirrorbits.lineageos.org/full/bullhead/20181029/lineage-15.1-20181029-nightly-bullhead-signed.zip"}, "release": {"tag": "15.1.2018-10-29", "link": "https://github.com/tprasadtp/lineageos-apk-extractor/releases/tag/15.1.2018-10-29", "human_ts": "Oct 30 at 20:51:58"}}
[ 2018-10-31 03:14:07,409 ] - [DEBUG   ] - root - Setting TAG Variable
[ 2018-10-31 03:14:07,410 ] - [INFO    ] - root - Reading json data from file.
[ 2018-10-31 03:14:07,410 ] - [INFO    ] - root - Copying Metadata
[ 2018-10-31 03:14:07,411 ] - [INFO    ] - root - Creating Metadata Folder...
[ 2018-10-31 03:14:07,411 ] - [INFO    ] - root - Copying release.json
[ 2018-10-31 03:14:07,412 ] - [INFO    ] - root - Checking Mount point
[ 2018-10-31 03:14:07,412 ] - [DEBUG   ] - root - Creating Releases Folder
[ 2018-10-31 03:14:07,413 ] - [INFO    ] - root - Copying Email from /mnt/lineage/app/Email/Email.apk
[ 2018-10-31 03:14:07,425 ] - [INFO    ] - root - Copying Gallery from /mnt/lineage/priv-app/Gallery2/Gallery2.apk
[ 2018-10-31 03:14:07,440 ] - [INFO    ] - root - Copying Music from /mnt/lineage/priv-app/Eleven/Eleven.apk
[ 2018-10-31 03:14:07,449 ] - [INFO    ] - root - Copying Calendar from /mnt/lineage/app/Calendar/Calendar.apk
[ 2018-10-31 03:14:07,456 ] - [INFO    ] - root - Copying Jelly from /mnt/lineage/app/Jelly/Jelly.apk
[ 2018-10-31 03:14:07,459 ] - [INFO    ] - root - Copying Trebuchet from /mnt/lineage/priv-app/Trebuchet/Trebuchet.apk
[ 2018-10-31 03:14:07,463 ] - [INFO    ] - root - Copying Snap from  /mnt/lineage/priv-app/Snap/Snap.apk
[ 2018-10-31 03:14:07,464 ] - [ERROR   ] - root - Failed to Copy Snap
[ 2018-10-31 03:14:07,464 ] - [ERROR   ] - root - [Errno 2] No such file or directory: ' /mnt/lineage/priv-app/Snap/Snap.apk'
Traceback (most recent call last):
  File "./copy_files.py", line 110, in copy_release_files
    shutil.copy2(path, RELEASE_DIR / fname)
  File "/home/travis/virtualenv/python3.6.3/lib/python3.6/shutil.py", line 257, in copy2
    copyfile(src, dst, follow_symlinks=follow_symlinks)
  File "/home/travis/virtualenv/python3.6.3/lib/python3.6/shutil.py", line 120, in copyfile
    with open(src, 'rb') as fsrc:
FileNotFoundError: [Errno 2] No such file or directory: ' /mnt/lineage/priv-app/Snap/Snap.apk'
[ 2018-10-31 03:14:07,468 ] - [INFO    ] - root - Copying Recorder from /mnt/lineage/priv-app/Recorder/Recorder.apk
[ 2018-10-31 03:14:07,475 ] - [INFO    ] - root - Copying Messaging from /mnt/lineage/app/messaging/messaging.apk
[ 2018-10-31 03:14:07,491 ] - [INFO    ] - root - Copying DeskClock from /mnt/lineage/app/DeskClock/DeskClock.apk
[ 2018-10-31 03:14:07,499 ] - [INFO    ] - root - GH Releases is not enabled. Not Copying Release Notes.
