[ 2018-11-03 13:07:11,349 ] - [DEBUG   ] - root - ------------------------System Info------------------------------
[ 2018-11-03 13:07:11,352 ] - [DEBUG   ] - root - Platform : Linux, Version: #124~14.04.1-Ubuntu SMP Fri Nov 10 19:05:36 UTC 2017
[ 2018-11-03 13:07:11,352 ] - [DEBUG   ] - root - Hostname : travis-job-5270f0d1-bce8-4fe3-8cde-6581a014da7c
[ 2018-11-03 13:07:11,353 ] - [DEBUG   ] - root - Python Version : 3.6.3
[ 2018-11-03 13:07:11,372 ] - [DEBUG   ] - root - Platform Arch : ('64bit', 'ELF')
[ 2018-11-03 13:07:11,372 ] - [DEBUG   ] - root - -----------------------------------------------------------------
[ 2018-11-03 13:07:11,372 ] - [INFO    ] - root - Getting LOS Download page for bullhead ...
[ 2018-11-03 13:07:11,372 ] - [DEBUG   ] - root - Getting Download Page for bullhead
[ 2018-11-03 13:07:11,373 ] - [INFO    ] - root - Attempting to download : LineageOS_Downlad_Page.html
[ 2018-11-03 13:07:11,373 ] - [INFO    ] - root - From URL: https://download.lineageos.org/bullhead
[ 2018-11-03 13:07:11,374 ] - [INFO    ] - root - Downloading file.....
[ 2018-11-03 13:07:11,380 ] - [DEBUG   ] - urllib3.connectionpool - Starting new HTTPS connection (1): download.lineageos.org:443
[ 2018-11-03 13:07:11,511 ] - [DEBUG   ] - urllib3.connectionpool - https://download.lineageos.org:443 "GET /bullhead HTTP/1.1" 200 None
[ 2018-11-03 13:07:11,512 ] - [DEBUG   ] - root - Response code is 200
[ 2018-11-03 13:07:11,515 ] - [DEBUG   ] - root - LineageOS_Downlad_Page.html file exists.
[ 2018-11-03 13:07:11,515 ] - [INFO    ] - root - Parsing HTML page...
[ 2018-11-03 13:07:11,576 ] - [DEBUG   ] - root - ----------------------------------------------------------
[ 2018-11-03 13:07:11,576 ] - [DEBUG   ] - root - ------------------Parsed Variables------------------------
[ 2018-11-03 13:07:11,576 ] - [DEBUG   ] - root - LOS_REL_TYPE = ['nightly', 'nightly', 'nightly', 'nightly', 'nightly']
[ 2018-11-03 13:07:11,576 ] - [DEBUG   ] - root - LOS_REL_VERSION = ['15.1', '15.1', '15.1', '15.1', '15.1']
[ 2018-11-03 13:07:11,576 ] - [DEBUG   ] - root - LOS_REL_URL = ['https://mirrorbits.lineageos.org/full/bullhead/20181029/lineage-15.1-20181029-nightly-bullhead-signed.zip', 'https://mirrorbits.lineageos.org/full/bullhead/20181022/lineage-15.1-20181022-nightly-bullhead-signed.zip', 'https://mirrorbits.lineageos.org/full/bullhead/20181015/lineage-15.1-20181015-nightly-bullhead-signed.zip', 'https://mirrorbits.lineageos.org/full/bullhead/20181008/lineage-15.1-20181008-nightly-bullhead-signed.zip', 'https://mirrorbits.lineageos.org/full/bullhead/20181001/lineage-15.1-20181001-nightly-bullhead-signed.zip']
[ 2018-11-03 13:07:11,576 ] - [DEBUG   ] - root - LOS_REL_SIZE = ['432.66 MB', '432.65 MB', '432.66 MB', '432.48 MB', '431.03 MB']
[ 2018-11-03 13:07:11,576 ] - [DEBUG   ] - root - LOS_REL_DATE = ['2018-10-29', '2018-10-22', '2018-10-15', '2018-10-08', '2018-10-01']
[ 2018-11-03 13:07:11,576 ] - [DEBUG   ] - root - REL_TAG is 15.1.2018-10-29
[ 2018-11-03 13:07:11,576 ] - [DEBUG   ] - root - ----------------------------------------------------------
[ 2018-11-03 13:07:11,577 ] - [DEBUG   ] - root - ----------------------------------------------------------
[ 2018-11-03 13:07:11,577 ] - [INFO    ] - root - Downloading ZIP File ...
[ 2018-11-03 13:07:11,577 ] - [INFO    ] - root - Attempting to download : LineageOS.zip
[ 2018-11-03 13:07:11,577 ] - [INFO    ] - root - From URL: https://mirrorbits.lineageos.org/full/bullhead/20181029/lineage-15.1-20181029-nightly-bullhead-signed.zip
[ 2018-11-03 13:07:11,577 ] - [INFO    ] - root - Downloading file.....
[ 2018-11-03 13:07:11,582 ] - [DEBUG   ] - urllib3.connectionpool - Starting new HTTPS connection (1): mirrorbits.lineageos.org:443
[ 2018-11-03 13:07:12,058 ] - [DEBUG   ] - urllib3.connectionpool - https://mirrorbits.lineageos.org:443 "GET /full/bullhead/20181029/lineage-15.1-20181029-nightly-bullhead-signed.zip HTTP/1.1" 302 135
[ 2018-11-03 13:07:12,062 ] - [DEBUG   ] - urllib3.connectionpool - Starting new HTTPS connection (1): ftp.acc.umu.se:443
[ 2018-11-03 13:07:12,735 ] - [DEBUG   ] - urllib3.connectionpool - https://ftp.acc.umu.se:443 "GET /mirror/lineageos/full/bullhead/20181029/lineage-15.1-20181029-nightly-bullhead-signed.zip HTTP/1.1" 302 422
[ 2018-11-03 13:07:12,740 ] - [DEBUG   ] - urllib3.connectionpool - Starting new HTTPS connection (1): caesar.ftp.acc.umu.se:443
[ 2018-11-03 13:07:13,454 ] - [DEBUG   ] - urllib3.connectionpool - https://caesar.ftp.acc.umu.se:443 "GET /mirror/lineageos/full/bullhead/20181029/lineage-15.1-20181029-nightly-bullhead-signed.zip HTTP/1.1" 200 453678976
[ 2018-11-03 13:07:13,456 ] - [DEBUG   ] - root - Response code is 200
[ 2018-11-03 13:07:56,014 ] - [INFO    ] - root - Getting Checksum File...
[ 2018-11-03 13:07:56,015 ] - [INFO    ] - root - Attempting to download : LineageOS_ZIP_SHA256.txt
[ 2018-11-03 13:07:56,015 ] - [INFO    ] - root - From URL: https://mirrorbits.lineageos.org/full/bullhead/20181029/lineage-15.1-20181029-nightly-bullhead-signed.zip?sha256
[ 2018-11-03 13:07:56,015 ] - [INFO    ] - root - Downloading file.....
[ 2018-11-03 13:07:56,020 ] - [DEBUG   ] - urllib3.connectionpool - Starting new HTTPS connection (1): mirrorbits.lineageos.org:443
[ 2018-11-03 13:07:56,584 ] - [DEBUG   ] - urllib3.connectionpool - https://mirrorbits.lineageos.org:443 "GET /full/bullhead/20181029/lineage-15.1-20181029-nightly-bullhead-signed.zip?sha256 HTTP/1.1" 200 115
[ 2018-11-03 13:07:56,585 ] - [DEBUG   ] - root - Response code is 200
[ 2018-11-03 13:07:56,586 ] - [INFO    ] - root - Verifying ZIP file checksums...
[ 2018-11-03 13:07:56,587 ] - [DEBUG   ] - root - File's LineageOS_ZIP_SHA256.txt present on FS.
[ 2018-11-03 13:07:56,587 ] - [DEBUG   ] - root - File LineageOS.zip is present on the FS.
[ 2018-11-03 13:07:58,702 ] - [DEBUG   ] - root - SHA256 hash for LineageOS.zip is : 53a8adcf259f8f8f86caf162a41eda6bfc5c36296202530a023a7cb01dfa2a32
[ 2018-11-03 13:07:58,703 ] - [DEBUG   ] - root - SHA256 hash SHOULD BE : 53a8adcf259f8f8f86caf162a41eda6bfc5c36296202530a023a7cb01dfa2a32
[ 2018-11-03 13:07:58,703 ] - [DEBUG   ] - root - File Hashes Match.
[ 2018-11-03 13:07:58,703 ] - [INFO    ] - root - Woohooo.. ZIP File's Checksum matches.
[ 2018-11-03 13:07:58,703 ] - [INFO    ] - root - Extracting from ZIP File ....
[ 2018-11-03 13:07:58,703 ] - [INFO    ] - root - Deleting old files if any....
[ 2018-11-03 13:07:58,703 ] - [DEBUG   ] - root - Deleting old DAT files (if any)
[ 2018-11-03 13:07:58,704 ] - [DEBUG   ] - root - Deleting old IMG file (if any)
[ 2018-11-03 13:08:00,022 ] - [INFO    ] - root - Getting Info about last build & release...
[ 2018-11-03 13:08:00,022 ] - [DEBUG   ] - root - Downloading OLD release.json
[ 2018-11-03 13:08:00,023 ] - [INFO    ] - root - Attempting to download : old_release.json
[ 2018-11-03 13:08:00,023 ] - [INFO    ] - root - From URL: https://raw.githubusercontent.com/tprasadtp/lineageos-apk-extractor/gh-pages/release.json
[ 2018-11-03 13:08:00,023 ] - [INFO    ] - root - Downloading file.....
[ 2018-11-03 13:08:00,028 ] - [DEBUG   ] - urllib3.connectionpool - Starting new HTTPS connection (1): raw.githubusercontent.com:443
[ 2018-11-03 13:08:00,136 ] - [DEBUG   ] - urllib3.connectionpool - https://raw.githubusercontent.com:443 "GET /tprasadtp/lineageos-apk-extractor/gh-pages/release.json HTTP/1.1" 200 357
[ 2018-11-03 13:08:00,137 ] - [DEBUG   ] - root - Response code is 200
[ 2018-11-03 13:08:00,139 ] - [DEBUG   ] - root - Reading old release.json file...
[ 2018-11-03 13:08:00,140 ] - [INFO    ] - root - Last Build was 1541191814
[ 2018-11-03 13:08:00,140 ] - [INFO    ] - root - Last Release Tag was 15.1.2018-10-29
[ 2018-11-03 13:08:00,140 ] - [INFO    ] - root - Last Release TS was Oct 30 at 20:51:58
[ 2018-11-03 13:08:00,140 ] - [INFO    ] - root - Preparing Metadata....
[ 2018-11-03 13:08:00,141 ] - [INFO    ] - root - Release is already latest. No need to deploy.
[ 2018-11-03 13:08:00,143 ] - [INFO    ] - root - Generating release.json
[ 2018-11-03 13:08:00,143 ] - [DEBUG   ] - root - Writing release.json
[ 2018-11-03 13:08:00,144 ] - [DEBUG   ] - root - JSON Dump is : {"version": 3, "ci": {"build_date": 1541250431, "build_date_human": "03 Nov at 13:07", "build_number": "67", "node_name": "travis-job-5270f0d1-bce8-4fe3-8cde-6581a014da7c", "deployed": "No"}, "lineage": {"version": "15.1", "build": "2018-10-29", "build_type": "nightly", "zip_file": "https://mirrorbits.lineageos.org/full/bullhead/20181029/lineage-15.1-20181029-nightly-bullhead-signed.zip"}, "release": {"tag": "15.1.2018-10-29", "link": "https://github.com/tprasadtp/lineageos-apk-extractor/releases/tag/15.1.2018-10-29", "human_ts": "Oct 30 at 20:51:58"}}
[ 2018-11-03 13:08:00,144 ] - [INFO    ] - root - Writing exporter script...
[ 2018-11-03 13:08:00,144 ] - [DEBUG   ] - root - Writing flags.sh
[ 2018-11-03 13:08:48,390 ] - [DEBUG   ] - root - Setting TAG Variable
[ 2018-11-03 13:08:48,390 ] - [INFO    ] - root - Reading json data from file.
[ 2018-11-03 13:08:48,390 ] - [INFO    ] - root - Copying Metadata
[ 2018-11-03 13:08:48,390 ] - [INFO    ] - root - Creating Metadata Folder...
[ 2018-11-03 13:08:48,391 ] - [INFO    ] - root - Copying release.json
[ 2018-11-03 13:08:48,392 ] - [INFO    ] - root - Checking Mount point
[ 2018-11-03 13:08:48,393 ] - [DEBUG   ] - root - Creating Releases Folder
[ 2018-11-03 13:08:48,393 ] - [INFO    ] - root - Copying Email from /mnt/lineage/app/Email/Email.apk
[ 2018-11-03 13:08:48,403 ] - [INFO    ] - root - Copying Gallery from /mnt/lineage/priv-app/Gallery2/Gallery2.apk
[ 2018-11-03 13:08:48,420 ] - [INFO    ] - root - Copying Music from /mnt/lineage/priv-app/Eleven/Eleven.apk
[ 2018-11-03 13:08:48,431 ] - [INFO    ] - root - Copying Calendar from /mnt/lineage/app/Calendar/Calendar.apk
[ 2018-11-03 13:08:48,436 ] - [INFO    ] - root - Copying Jelly from /mnt/lineage/app/Jelly/Jelly.apk
[ 2018-11-03 13:08:48,439 ] - [INFO    ] - root - Copying Trebuchet from /mnt/lineage/priv-app/Trebuchet/Trebuchet.apk
[ 2018-11-03 13:08:48,443 ] - [INFO    ] - root - Copying Snap from  /mnt/lineage/priv-app/Snap/Snap.apk
[ 2018-11-03 13:08:48,444 ] - [ERROR   ] - root - Failed to Copy Snap
[ 2018-11-03 13:08:48,445 ] - [ERROR   ] - root - [Errno 2] No such file or directory: ' /mnt/lineage/priv-app/Snap/Snap.apk'
Traceback (most recent call last):
  File "./copy_files.py", line 110, in copy_release_files
    shutil.copy2(path, RELEASE_DIR / fname)
  File "/home/travis/virtualenv/python3.6.3/lib/python3.6/shutil.py", line 257, in copy2
    copyfile(src, dst, follow_symlinks=follow_symlinks)
  File "/home/travis/virtualenv/python3.6.3/lib/python3.6/shutil.py", line 120, in copyfile
    with open(src, 'rb') as fsrc:
FileNotFoundError: [Errno 2] No such file or directory: ' /mnt/lineage/priv-app/Snap/Snap.apk'
[ 2018-11-03 13:08:48,448 ] - [INFO    ] - root - Copying Recorder from /mnt/lineage/priv-app/Recorder/Recorder.apk
[ 2018-11-03 13:08:48,454 ] - [INFO    ] - root - Copying Messaging from /mnt/lineage/app/messaging/messaging.apk
[ 2018-11-03 13:08:48,471 ] - [INFO    ] - root - Copying DeskClock from /mnt/lineage/app/DeskClock/DeskClock.apk
[ 2018-11-03 13:08:48,481 ] - [INFO    ] - root - GH Releases is not enabled. Not Copying Release Notes.
