[ 2018-10-31 22:51:30,796 ] - [DEBUG   ] - root - ------------------------System Info------------------------------
[ 2018-10-31 22:51:30,799 ] - [DEBUG   ] - root - Platform : Linux, Version: #124~14.04.1-Ubuntu SMP Fri Nov 10 19:05:36 UTC 2017
[ 2018-10-31 22:51:30,799 ] - [DEBUG   ] - root - Hostname : travis-job-06373e27-2543-49e1-bdb7-b71618bded26
[ 2018-10-31 22:51:30,799 ] - [DEBUG   ] - root - Python Version : 3.6.3
[ 2018-10-31 22:51:30,814 ] - [DEBUG   ] - root - Platform Arch : ('64bit', 'ELF')
[ 2018-10-31 22:51:30,815 ] - [DEBUG   ] - root - -----------------------------------------------------------------
[ 2018-10-31 22:51:30,815 ] - [INFO    ] - root - Getting LOS Download page for bullhead ...
[ 2018-10-31 22:51:30,815 ] - [DEBUG   ] - root - Getting Download Page for bullhead
[ 2018-10-31 22:51:30,815 ] - [INFO    ] - root - Attempting to download : LineageOS_Downlad_Page.html
[ 2018-10-31 22:51:30,815 ] - [INFO    ] - root - From URL: https://download.lineageos.org/bullhead
[ 2018-10-31 22:51:30,815 ] - [INFO    ] - root - Downloading file.....
[ 2018-10-31 22:51:30,825 ] - [DEBUG   ] - urllib3.connectionpool - Starting new HTTPS connection (1): download.lineageos.org:443
[ 2018-10-31 22:51:30,971 ] - [DEBUG   ] - urllib3.connectionpool - https://download.lineageos.org:443 "GET /bullhead HTTP/1.1" 200 None
[ 2018-10-31 22:51:30,972 ] - [DEBUG   ] - root - Response code is 200
[ 2018-10-31 22:51:30,974 ] - [DEBUG   ] - root - LineageOS_Downlad_Page.html file exists.
[ 2018-10-31 22:51:30,974 ] - [INFO    ] - root - Parsing HTML page...
[ 2018-10-31 22:51:31,034 ] - [DEBUG   ] - root - ----------------------------------------------------------
[ 2018-10-31 22:51:31,034 ] - [DEBUG   ] - root - ------------------Parsed Variables------------------------
[ 2018-10-31 22:51:31,034 ] - [DEBUG   ] - root - LOS_REL_TYPE = ['nightly', 'nightly', 'nightly', 'nightly', 'nightly']
[ 2018-10-31 22:51:31,034 ] - [DEBUG   ] - root - LOS_REL_VERSION = ['15.1', '15.1', '15.1', '15.1', '15.1']
[ 2018-10-31 22:51:31,034 ] - [DEBUG   ] - root - LOS_REL_URL = ['https://mirrorbits.lineageos.org/full/bullhead/20181029/lineage-15.1-20181029-nightly-bullhead-signed.zip', 'https://mirrorbits.lineageos.org/full/bullhead/20181022/lineage-15.1-20181022-nightly-bullhead-signed.zip', 'https://mirrorbits.lineageos.org/full/bullhead/20181015/lineage-15.1-20181015-nightly-bullhead-signed.zip', 'https://mirrorbits.lineageos.org/full/bullhead/20181008/lineage-15.1-20181008-nightly-bullhead-signed.zip', 'https://mirrorbits.lineageos.org/full/bullhead/20181001/lineage-15.1-20181001-nightly-bullhead-signed.zip']
[ 2018-10-31 22:51:31,034 ] - [DEBUG   ] - root - LOS_REL_SIZE = ['432.66 MB', '432.65 MB', '432.66 MB', '432.48 MB', '431.03 MB']
[ 2018-10-31 22:51:31,034 ] - [DEBUG   ] - root - LOS_REL_DATE = ['2018-10-29', '2018-10-22', '2018-10-15', '2018-10-08', '2018-10-01']
[ 2018-10-31 22:51:31,034 ] - [DEBUG   ] - root - REL_TAG is 15.1.2018-10-29
[ 2018-10-31 22:51:31,034 ] - [DEBUG   ] - root - ----------------------------------------------------------
[ 2018-10-31 22:51:31,034 ] - [DEBUG   ] - root - ----------------------------------------------------------
[ 2018-10-31 22:51:31,034 ] - [INFO    ] - root - Downloading ZIP File ...
[ 2018-10-31 22:51:31,035 ] - [INFO    ] - root - Attempting to download : LineageOS.zip
[ 2018-10-31 22:51:31,035 ] - [INFO    ] - root - From URL: https://mirrorbits.lineageos.org/full/bullhead/20181029/lineage-15.1-20181029-nightly-bullhead-signed.zip
[ 2018-10-31 22:51:31,035 ] - [INFO    ] - root - Downloading file.....
[ 2018-10-31 22:51:31,039 ] - [DEBUG   ] - urllib3.connectionpool - Starting new HTTPS connection (1): mirrorbits.lineageos.org:443
[ 2018-10-31 22:51:31,509 ] - [DEBUG   ] - urllib3.connectionpool - https://mirrorbits.lineageos.org:443 "GET /full/bullhead/20181029/lineage-15.1-20181029-nightly-bullhead-signed.zip HTTP/1.1" 302 143
[ 2018-10-31 22:51:31,513 ] - [DEBUG   ] - urllib3.connectionpool - Starting new HTTPS connection (1): mirror.math.princeton.edu:443
[ 2018-10-31 22:51:31,639 ] - [DEBUG   ] - urllib3.connectionpool - https://mirror.math.princeton.edu:443 "GET /pub/lineageos/full/bullhead/20181029/lineage-15.1-20181029-nightly-bullhead-signed.zip HTTP/1.1" 200 453678976
[ 2018-10-31 22:51:31,641 ] - [DEBUG   ] - root - Response code is 200
[ 2018-10-31 22:51:49,537 ] - [INFO    ] - root - Getting Checksum File...
[ 2018-10-31 22:51:49,537 ] - [INFO    ] - root - Attempting to download : LineageOS_ZIP_SHA256.txt
[ 2018-10-31 22:51:49,538 ] - [INFO    ] - root - From URL: https://mirrorbits.lineageos.org/full/bullhead/20181029/lineage-15.1-20181029-nightly-bullhead-signed.zip?sha256
[ 2018-10-31 22:51:49,538 ] - [INFO    ] - root - Downloading file.....
[ 2018-10-31 22:51:49,542 ] - [DEBUG   ] - urllib3.connectionpool - Starting new HTTPS connection (1): mirrorbits.lineageos.org:443
[ 2018-10-31 22:51:49,998 ] - [DEBUG   ] - urllib3.connectionpool - https://mirrorbits.lineageos.org:443 "GET /full/bullhead/20181029/lineage-15.1-20181029-nightly-bullhead-signed.zip?sha256 HTTP/1.1" 200 115
[ 2018-10-31 22:51:49,998 ] - [DEBUG   ] - root - Response code is 200
[ 2018-10-31 22:51:50,000 ] - [INFO    ] - root - Verifying ZIP file checksums...
[ 2018-10-31 22:51:50,000 ] - [DEBUG   ] - root - File's LineageOS_ZIP_SHA256.txt present on FS.
[ 2018-10-31 22:51:50,001 ] - [DEBUG   ] - root - File LineageOS.zip is present on the FS.
[ 2018-10-31 22:51:52,092 ] - [DEBUG   ] - root - SHA256 hash for LineageOS.zip is : 53a8adcf259f8f8f86caf162a41eda6bfc5c36296202530a023a7cb01dfa2a32
[ 2018-10-31 22:51:52,093 ] - [DEBUG   ] - root - SHA256 hash SHOULD BE : 53a8adcf259f8f8f86caf162a41eda6bfc5c36296202530a023a7cb01dfa2a32
[ 2018-10-31 22:51:52,093 ] - [DEBUG   ] - root - File Hashes Match.
[ 2018-10-31 22:51:52,093 ] - [INFO    ] - root - Woohooo.. ZIP File's Checksum matches.
[ 2018-10-31 22:51:52,093 ] - [INFO    ] - root - Extracting from ZIP File ....
[ 2018-10-31 22:51:52,093 ] - [INFO    ] - root - Deleting old files if any....
[ 2018-10-31 22:51:52,093 ] - [DEBUG   ] - root - Deleting old DAT files (if any)
[ 2018-10-31 22:51:52,094 ] - [DEBUG   ] - root - Deleting old IMG file (if any)
[ 2018-10-31 22:51:53,468 ] - [INFO    ] - root - Getting Info about last build & release...
[ 2018-10-31 22:51:53,468 ] - [DEBUG   ] - root - Downloading OLD release.json
[ 2018-10-31 22:51:53,468 ] - [INFO    ] - root - Attempting to download : old_release.json
[ 2018-10-31 22:51:53,468 ] - [INFO    ] - root - From URL: https://raw.githubusercontent.com/tprasadtp/lineageos-apk-extractor/gh-pages/release.json
[ 2018-10-31 22:51:53,469 ] - [INFO    ] - root - Downloading file.....
[ 2018-10-31 22:51:53,472 ] - [DEBUG   ] - urllib3.connectionpool - Starting new HTTPS connection (1): raw.githubusercontent.com:443
[ 2018-10-31 22:51:53,607 ] - [DEBUG   ] - urllib3.connectionpool - https://raw.githubusercontent.com:443 "GET /tprasadtp/lineageos-apk-extractor/gh-pages/release.json HTTP/1.1" 200 358
[ 2018-10-31 22:51:53,608 ] - [DEBUG   ] - root - Response code is 200
[ 2018-10-31 22:51:53,610 ] - [DEBUG   ] - root - Reading old release.json file...
[ 2018-10-31 22:51:53,610 ] - [INFO    ] - root - Last Build was 1540955750
[ 2018-10-31 22:51:53,610 ] - [INFO    ] - root - Last Release Tag was 15.1.2018-10-29
[ 2018-10-31 22:51:53,610 ] - [INFO    ] - root - Last Release TS was Oct 30 at 20:51:58
[ 2018-10-31 22:51:53,610 ] - [INFO    ] - root - Preparing Metadata....
[ 2018-10-31 22:51:53,610 ] - [INFO    ] - root - Release is already latest. No need to deploy.
[ 2018-10-31 22:51:53,610 ] - [INFO    ] - root - Generating release.json
[ 2018-10-31 22:51:53,611 ] - [DEBUG   ] - root - Writing release.json
[ 2018-10-31 22:51:53,611 ] - [DEBUG   ] - root - JSON Dump is : {"version": 3, "ci": {"build_date": 1541026290, "build_date_human": "31 Oct 18 22:51", "build_number": "65", "node_name": "travis-job-06373e27-2543-49e1-bdb7-b71618bded26", "deployed": "No"}, "lineage": {"version": "15.1", "build": "2018-10-29", "build_type": "nightly", "zip_file": "https://mirrorbits.lineageos.org/full/bullhead/20181029/lineage-15.1-20181029-nightly-bullhead-signed.zip"}, "release": {"tag": "15.1.2018-10-29", "link": "https://github.com/tprasadtp/lineageos-apk-extractor/releases/tag/15.1.2018-10-29", "human_ts": "Oct 30 at 20:51:58"}}
[ 2018-10-31 22:51:53,611 ] - [INFO    ] - root - Writing exporter script...
[ 2018-10-31 22:51:53,611 ] - [DEBUG   ] - root - Writing flags.sh
[ 2018-10-31 22:52:51,100 ] - [DEBUG   ] - root - Setting TAG Variable
[ 2018-10-31 22:52:51,100 ] - [INFO    ] - root - Reading json data from file.
[ 2018-10-31 22:52:51,100 ] - [INFO    ] - root - Copying Metadata
[ 2018-10-31 22:52:51,101 ] - [INFO    ] - root - Creating Metadata Folder...
[ 2018-10-31 22:52:51,101 ] - [INFO    ] - root - Copying release.json
[ 2018-10-31 22:52:51,102 ] - [INFO    ] - root - Checking Mount point
[ 2018-10-31 22:52:51,102 ] - [DEBUG   ] - root - Creating Releases Folder
[ 2018-10-31 22:52:51,103 ] - [INFO    ] - root - Copying Email from /mnt/lineage/app/Email/Email.apk
[ 2018-10-31 22:52:51,116 ] - [INFO    ] - root - Copying Gallery from /mnt/lineage/priv-app/Gallery2/Gallery2.apk
[ 2018-10-31 22:52:51,143 ] - [INFO    ] - root - Copying Music from /mnt/lineage/priv-app/Eleven/Eleven.apk
[ 2018-10-31 22:52:51,157 ] - [INFO    ] - root - Copying Calendar from /mnt/lineage/app/Calendar/Calendar.apk
[ 2018-10-31 22:52:51,163 ] - [INFO    ] - root - Copying Jelly from /mnt/lineage/app/Jelly/Jelly.apk
[ 2018-10-31 22:52:51,169 ] - [INFO    ] - root - Copying Trebuchet from /mnt/lineage/priv-app/Trebuchet/Trebuchet.apk
[ 2018-10-31 22:52:51,174 ] - [INFO    ] - root - Copying Snap from  /mnt/lineage/priv-app/Snap/Snap.apk
[ 2018-10-31 22:52:51,175 ] - [ERROR   ] - root - Failed to Copy Snap
[ 2018-10-31 22:52:51,175 ] - [ERROR   ] - root - [Errno 2] No such file or directory: ' /mnt/lineage/priv-app/Snap/Snap.apk'
Traceback (most recent call last):
  File "./copy_files.py", line 110, in copy_release_files
    shutil.copy2(path, RELEASE_DIR / fname)
  File "/home/travis/virtualenv/python3.6.3/lib/python3.6/shutil.py", line 257, in copy2
    copyfile(src, dst, follow_symlinks=follow_symlinks)
  File "/home/travis/virtualenv/python3.6.3/lib/python3.6/shutil.py", line 120, in copyfile
    with open(src, 'rb') as fsrc:
FileNotFoundError: [Errno 2] No such file or directory: ' /mnt/lineage/priv-app/Snap/Snap.apk'
[ 2018-10-31 22:52:51,178 ] - [INFO    ] - root - Copying Recorder from /mnt/lineage/priv-app/Recorder/Recorder.apk
[ 2018-10-31 22:52:51,183 ] - [INFO    ] - root - Copying Messaging from /mnt/lineage/app/messaging/messaging.apk
[ 2018-10-31 22:52:51,200 ] - [INFO    ] - root - Copying DeskClock from /mnt/lineage/app/DeskClock/DeskClock.apk
[ 2018-10-31 22:52:51,208 ] - [INFO    ] - root - GH Releases is not enabled. Not Copying Release Notes.
