[ 2018-10-31 03:14:56,776 ] - [DEBUG   ] - root - ------------------------System Info------------------------------
[ 2018-10-31 03:14:56,779 ] - [DEBUG   ] - root - Platform : Linux, Version: #124~14.04.1-Ubuntu SMP Fri Nov 10 19:05:36 UTC 2017
[ 2018-10-31 03:14:56,779 ] - [DEBUG   ] - root - Hostname : travis-job-dbaa95bf-8acc-4b4e-aeaa-7f5ed2b3d64d
[ 2018-10-31 03:14:56,780 ] - [DEBUG   ] - root - Python Version : 3.6.3
[ 2018-10-31 03:14:56,796 ] - [DEBUG   ] - root - Platform Arch : ('64bit', 'ELF')
[ 2018-10-31 03:14:56,796 ] - [DEBUG   ] - root - -----------------------------------------------------------------
[ 2018-10-31 03:14:56,796 ] - [INFO    ] - root - Getting LOS Download page for bullhead ...
[ 2018-10-31 03:14:56,797 ] - [DEBUG   ] - root - Getting Download Page for bullhead
[ 2018-10-31 03:14:56,797 ] - [INFO    ] - root - Attempting to download : LineageOS_Downlad_Page.html
[ 2018-10-31 03:14:56,797 ] - [INFO    ] - root - From URL: https://download.lineageos.org/bullhead
[ 2018-10-31 03:14:56,797 ] - [INFO    ] - root - Downloading file.....
[ 2018-10-31 03:14:56,802 ] - [DEBUG   ] - urllib3.connectionpool - Starting new HTTPS connection (1): download.lineageos.org:443
[ 2018-10-31 03:14:56,943 ] - [DEBUG   ] - urllib3.connectionpool - https://download.lineageos.org:443 "GET /bullhead HTTP/1.1" 200 None
[ 2018-10-31 03:14:56,944 ] - [DEBUG   ] - root - Response code is 200
[ 2018-10-31 03:14:56,946 ] - [DEBUG   ] - root - LineageOS_Downlad_Page.html file exists.
[ 2018-10-31 03:14:56,946 ] - [INFO    ] - root - Parsing HTML page...
[ 2018-10-31 03:14:57,004 ] - [DEBUG   ] - root - ----------------------------------------------------------
[ 2018-10-31 03:14:57,005 ] - [DEBUG   ] - root - ------------------Parsed Variables------------------------
[ 2018-10-31 03:14:57,005 ] - [DEBUG   ] - root - LOS_REL_TYPE = ['nightly', 'nightly', 'nightly', 'nightly', 'nightly']
[ 2018-10-31 03:14:57,005 ] - [DEBUG   ] - root - LOS_REL_VERSION = ['15.1', '15.1', '15.1', '15.1', '15.1']
[ 2018-10-31 03:14:57,005 ] - [DEBUG   ] - root - LOS_REL_URL = ['https://mirrorbits.lineageos.org/full/bullhead/20181029/lineage-15.1-20181029-nightly-bullhead-signed.zip', 'https://mirrorbits.lineageos.org/full/bullhead/20181022/lineage-15.1-20181022-nightly-bullhead-signed.zip', 'https://mirrorbits.lineageos.org/full/bullhead/20181015/lineage-15.1-20181015-nightly-bullhead-signed.zip', 'https://mirrorbits.lineageos.org/full/bullhead/20181008/lineage-15.1-20181008-nightly-bullhead-signed.zip', 'https://mirrorbits.lineageos.org/full/bullhead/20181001/lineage-15.1-20181001-nightly-bullhead-signed.zip']
[ 2018-10-31 03:14:57,005 ] - [DEBUG   ] - root - LOS_REL_SIZE = ['432.66 MB', '432.65 MB', '432.66 MB', '432.48 MB', '431.03 MB']
[ 2018-10-31 03:14:57,005 ] - [DEBUG   ] - root - LOS_REL_DATE = ['2018-10-29', '2018-10-22', '2018-10-15', '2018-10-08', '2018-10-01']
[ 2018-10-31 03:14:57,005 ] - [DEBUG   ] - root - REL_TAG is 15.1.2018-10-29
[ 2018-10-31 03:14:57,005 ] - [DEBUG   ] - root - ----------------------------------------------------------
[ 2018-10-31 03:14:57,005 ] - [DEBUG   ] - root - ----------------------------------------------------------
[ 2018-10-31 03:14:57,005 ] - [INFO    ] - root - Downloading ZIP File ...
[ 2018-10-31 03:14:57,005 ] - [INFO    ] - root - Attempting to download : LineageOS.zip
[ 2018-10-31 03:14:57,006 ] - [INFO    ] - root - From URL: https://mirrorbits.lineageos.org/full/bullhead/20181029/lineage-15.1-20181029-nightly-bullhead-signed.zip
[ 2018-10-31 03:14:57,007 ] - [INFO    ] - root - Downloading file.....
[ 2018-10-31 03:14:57,010 ] - [DEBUG   ] - urllib3.connectionpool - Starting new HTTPS connection (1): mirrorbits.lineageos.org:443
[ 2018-10-31 03:14:57,485 ] - [DEBUG   ] - urllib3.connectionpool - https://mirrorbits.lineageos.org:443 "GET /full/bullhead/20181029/lineage-15.1-20181029-nightly-bullhead-signed.zip HTTP/1.1" 302 131
[ 2018-10-31 03:14:57,488 ] - [DEBUG   ] - urllib3.connectionpool - Starting new HTTPS connection (1): los.mci1.rzor.net:443
[ 2018-10-31 03:14:57,703 ] - [DEBUG   ] - urllib3.connectionpool - https://los.mci1.rzor.net:443 "GET /lineageos/full/bullhead/20181029/lineage-15.1-20181029-nightly-bullhead-signed.zip HTTP/1.1" 200 453678976
[ 2018-10-31 03:14:57,705 ] - [DEBUG   ] - root - Response code is 200
[ 2018-10-31 03:15:46,713 ] - [INFO    ] - root - Getting Checksum File...
[ 2018-10-31 03:15:46,713 ] - [INFO    ] - root - Attempting to download : LineageOS_ZIP_SHA256.txt
[ 2018-10-31 03:15:46,713 ] - [INFO    ] - root - From URL: https://mirrorbits.lineageos.org/full/bullhead/20181029/lineage-15.1-20181029-nightly-bullhead-signed.zip?sha256
[ 2018-10-31 03:15:46,713 ] - [INFO    ] - root - Downloading file.....
[ 2018-10-31 03:15:46,718 ] - [DEBUG   ] - urllib3.connectionpool - Starting new HTTPS connection (1): mirrorbits.lineageos.org:443
[ 2018-10-31 03:15:47,171 ] - [DEBUG   ] - urllib3.connectionpool - https://mirrorbits.lineageos.org:443 "GET /full/bullhead/20181029/lineage-15.1-20181029-nightly-bullhead-signed.zip?sha256 HTTP/1.1" 200 115
[ 2018-10-31 03:15:47,171 ] - [DEBUG   ] - root - Response code is 200
[ 2018-10-31 03:15:47,173 ] - [INFO    ] - root - Verifying ZIP file checksums...
[ 2018-10-31 03:15:47,173 ] - [DEBUG   ] - root - File's LineageOS_ZIP_SHA256.txt present on FS.
[ 2018-10-31 03:15:47,173 ] - [DEBUG   ] - root - File LineageOS.zip is present on the FS.
[ 2018-10-31 03:15:49,273 ] - [DEBUG   ] - root - SHA256 hash for LineageOS.zip is : 53a8adcf259f8f8f86caf162a41eda6bfc5c36296202530a023a7cb01dfa2a32
[ 2018-10-31 03:15:49,273 ] - [DEBUG   ] - root - SHA256 hash SHOULD BE : 53a8adcf259f8f8f86caf162a41eda6bfc5c36296202530a023a7cb01dfa2a32
[ 2018-10-31 03:15:49,273 ] - [DEBUG   ] - root - File Hashes Match.
[ 2018-10-31 03:15:49,273 ] - [INFO    ] - root - Woohooo.. ZIP File's Checksum matches.
[ 2018-10-31 03:15:49,273 ] - [INFO    ] - root - Extracting from ZIP File ....
[ 2018-10-31 03:15:49,273 ] - [INFO    ] - root - Deleting old files if any....
[ 2018-10-31 03:15:49,274 ] - [DEBUG   ] - root - Deleting old DAT files (if any)
[ 2018-10-31 03:15:49,274 ] - [DEBUG   ] - root - Deleting old IMG file (if any)
[ 2018-10-31 03:15:50,542 ] - [INFO    ] - root - Downloading OLD release.json
[ 2018-10-31 03:15:50,543 ] - [INFO    ] - root - Attempting to download : old_release.json
[ 2018-10-31 03:15:50,543 ] - [INFO    ] - root - From URL: https://raw.githubusercontent.com/tprasadtp/lineageos-apk-extractor/gh-pages/release.json
[ 2018-10-31 03:15:50,543 ] - [INFO    ] - root - Downloading file.....
[ 2018-10-31 03:15:50,545 ] - [DEBUG   ] - urllib3.connectionpool - Starting new HTTPS connection (1): raw.githubusercontent.com:443
[ 2018-10-31 03:15:50,601 ] - [DEBUG   ] - urllib3.connectionpool - https://raw.githubusercontent.com:443 "GET /tprasadtp/lineageos-apk-extractor/gh-pages/release.json HTTP/1.1" 200 361
[ 2018-10-31 03:15:50,602 ] - [DEBUG   ] - root - Response code is 200
[ 2018-10-31 03:15:50,603 ] - [INFO    ] - root - Preparing Metadata....
[ 2018-10-31 03:15:50,603 ] - [INFO    ] - root - Checking last build date...
[ 2018-10-31 03:15:50,604 ] - [INFO    ] - root - Last Build was 1540954357
[ 2018-10-31 03:15:50,604 ] - [INFO    ] - root - Last Release Tag was 15.1.2018-10-29
[ 2018-10-31 03:15:50,604 ] - [INFO    ] - root - Last Release TS was Oct 30 at 20:51:58
[ 2018-10-31 03:15:50,604 ] - [INFO    ] - root - Release is already the latest.
[ 2018-10-31 03:15:50,604 ] - [INFO    ] - root - Writing exporter script...
[ 2018-10-31 03:15:50,604 ] - [INFO    ] - root - Generating release.json
[ 2018-10-31 03:15:50,604 ] - [DEBUG   ] - root - JSON Dump is : {"version": 3, "ci": {"build_date": 1540955750, "build_date_human": "Oct 31 2018 at 03:15", "build_number": "62", "node_name": "travis-job-dbaa95bf-8acc-4b4e-aeaa-7f5ed2b3d64d", "deployed": "false"}, "lineage": {"version": "15.1", "build": "2018-10-29", "build_type": "nightly", "zip_file": "https://mirrorbits.lineageos.org/full/bullhead/20181029/lineage-15.1-20181029-nightly-bullhead-signed.zip"}, "release": {"tag": "15.1.2018-10-29", "link": "https://github.com/tprasadtp/lineageos-apk-extractor/releases/tag/15.1.2018-10-29", "human_ts": "Oct 30 at 20:51:58"}}
[ 2018-10-31 03:16:39,455 ] - [DEBUG   ] - root - Setting TAG Variable
[ 2018-10-31 03:16:39,455 ] - [INFO    ] - root - Reading json data from file.
[ 2018-10-31 03:16:39,455 ] - [INFO    ] - root - Copying Metadata
[ 2018-10-31 03:16:39,455 ] - [INFO    ] - root - Creating Metadata Folder...
[ 2018-10-31 03:16:39,455 ] - [INFO    ] - root - Copying release.json
[ 2018-10-31 03:16:39,456 ] - [INFO    ] - root - Checking Mount point
[ 2018-10-31 03:16:39,456 ] - [DEBUG   ] - root - Creating Releases Folder
[ 2018-10-31 03:16:39,456 ] - [INFO    ] - root - Copying Email from /mnt/lineage/app/Email/Email.apk
[ 2018-10-31 03:16:39,472 ] - [INFO    ] - root - Copying Gallery from /mnt/lineage/priv-app/Gallery2/Gallery2.apk
[ 2018-10-31 03:16:39,498 ] - [INFO    ] - root - Copying Music from /mnt/lineage/priv-app/Eleven/Eleven.apk
[ 2018-10-31 03:16:39,508 ] - [INFO    ] - root - Copying Calendar from /mnt/lineage/app/Calendar/Calendar.apk
[ 2018-10-31 03:16:39,515 ] - [INFO    ] - root - Copying Jelly from /mnt/lineage/app/Jelly/Jelly.apk
[ 2018-10-31 03:16:39,518 ] - [INFO    ] - root - Copying Trebuchet from /mnt/lineage/priv-app/Trebuchet/Trebuchet.apk
[ 2018-10-31 03:16:39,524 ] - [INFO    ] - root - Copying Snap from  /mnt/lineage/priv-app/Snap/Snap.apk
[ 2018-10-31 03:16:39,524 ] - [ERROR   ] - root - Failed to Copy Snap
[ 2018-10-31 03:16:39,524 ] - [ERROR   ] - root - [Errno 2] No such file or directory: ' /mnt/lineage/priv-app/Snap/Snap.apk'
Traceback (most recent call last):
  File "./copy_files.py", line 110, in copy_release_files
    shutil.copy2(path, RELEASE_DIR / fname)
  File "/home/travis/virtualenv/python3.6.3/lib/python3.6/shutil.py", line 257, in copy2
    copyfile(src, dst, follow_symlinks=follow_symlinks)
  File "/home/travis/virtualenv/python3.6.3/lib/python3.6/shutil.py", line 120, in copyfile
    with open(src, 'rb') as fsrc:
FileNotFoundError: [Errno 2] No such file or directory: ' /mnt/lineage/priv-app/Snap/Snap.apk'
[ 2018-10-31 03:16:39,528 ] - [INFO    ] - root - Copying Recorder from /mnt/lineage/priv-app/Recorder/Recorder.apk
[ 2018-10-31 03:16:39,530 ] - [INFO    ] - root - Copying Messaging from /mnt/lineage/app/messaging/messaging.apk
[ 2018-10-31 03:16:39,548 ] - [INFO    ] - root - Copying DeskClock from /mnt/lineage/app/DeskClock/DeskClock.apk
[ 2018-10-31 03:16:39,560 ] - [INFO    ] - root - GH Releases is not enabled. Not Copying Release Notes.
