[ 2018-11-02 20:50:14,811 ] - [DEBUG   ] - root - ------------------------System Info------------------------------
[ 2018-11-02 20:50:14,814 ] - [DEBUG   ] - root - Platform : Linux, Version: #124~14.04.1-Ubuntu SMP Fri Nov 10 19:05:36 UTC 2017
[ 2018-11-02 20:50:14,814 ] - [DEBUG   ] - root - Hostname : travis-job-d3343a08-ab3d-4ad5-9f34-8c0bd621d1ee
[ 2018-11-02 20:50:14,814 ] - [DEBUG   ] - root - Python Version : 3.6.3
[ 2018-11-02 20:50:14,832 ] - [DEBUG   ] - root - Platform Arch : ('64bit', 'ELF')
[ 2018-11-02 20:50:14,832 ] - [DEBUG   ] - root - -----------------------------------------------------------------
[ 2018-11-02 20:50:14,832 ] - [INFO    ] - root - Getting LOS Download page for bullhead ...
[ 2018-11-02 20:50:14,833 ] - [DEBUG   ] - root - Getting Download Page for bullhead
[ 2018-11-02 20:50:14,833 ] - [INFO    ] - root - Attempting to download : LineageOS_Downlad_Page.html
[ 2018-11-02 20:50:14,833 ] - [INFO    ] - root - From URL: https://download.lineageos.org/bullhead
[ 2018-11-02 20:50:14,834 ] - [INFO    ] - root - Downloading file.....
[ 2018-11-02 20:50:14,841 ] - [DEBUG   ] - urllib3.connectionpool - Starting new HTTPS connection (1): download.lineageos.org:443
[ 2018-11-02 20:50:14,986 ] - [DEBUG   ] - urllib3.connectionpool - https://download.lineageos.org:443 "GET /bullhead HTTP/1.1" 200 None
[ 2018-11-02 20:50:14,987 ] - [DEBUG   ] - root - Response code is 200
[ 2018-11-02 20:50:14,989 ] - [DEBUG   ] - root - LineageOS_Downlad_Page.html file exists.
[ 2018-11-02 20:50:14,989 ] - [INFO    ] - root - Parsing HTML page...
[ 2018-11-02 20:50:15,046 ] - [DEBUG   ] - root - ----------------------------------------------------------
[ 2018-11-02 20:50:15,047 ] - [DEBUG   ] - root - ------------------Parsed Variables------------------------
[ 2018-11-02 20:50:15,047 ] - [DEBUG   ] - root - LOS_REL_TYPE = ['nightly', 'nightly', 'nightly', 'nightly', 'nightly']
[ 2018-11-02 20:50:15,047 ] - [DEBUG   ] - root - LOS_REL_VERSION = ['15.1', '15.1', '15.1', '15.1', '15.1']
[ 2018-11-02 20:50:15,047 ] - [DEBUG   ] - root - LOS_REL_URL = ['https://mirrorbits.lineageos.org/full/bullhead/20181029/lineage-15.1-20181029-nightly-bullhead-signed.zip', 'https://mirrorbits.lineageos.org/full/bullhead/20181022/lineage-15.1-20181022-nightly-bullhead-signed.zip', 'https://mirrorbits.lineageos.org/full/bullhead/20181015/lineage-15.1-20181015-nightly-bullhead-signed.zip', 'https://mirrorbits.lineageos.org/full/bullhead/20181008/lineage-15.1-20181008-nightly-bullhead-signed.zip', 'https://mirrorbits.lineageos.org/full/bullhead/20181001/lineage-15.1-20181001-nightly-bullhead-signed.zip']
[ 2018-11-02 20:50:15,047 ] - [DEBUG   ] - root - LOS_REL_SIZE = ['432.66 MB', '432.65 MB', '432.66 MB', '432.48 MB', '431.03 MB']
[ 2018-11-02 20:50:15,047 ] - [DEBUG   ] - root - LOS_REL_DATE = ['2018-10-29', '2018-10-22', '2018-10-15', '2018-10-08', '2018-10-01']
[ 2018-11-02 20:50:15,047 ] - [DEBUG   ] - root - REL_TAG is 15.1.2018-10-29
[ 2018-11-02 20:50:15,047 ] - [DEBUG   ] - root - ----------------------------------------------------------
[ 2018-11-02 20:50:15,047 ] - [DEBUG   ] - root - ----------------------------------------------------------
[ 2018-11-02 20:50:15,047 ] - [INFO    ] - root - Downloading ZIP File ...
[ 2018-11-02 20:50:15,047 ] - [INFO    ] - root - Attempting to download : LineageOS.zip
[ 2018-11-02 20:50:15,047 ] - [INFO    ] - root - From URL: https://mirrorbits.lineageos.org/full/bullhead/20181029/lineage-15.1-20181029-nightly-bullhead-signed.zip
[ 2018-11-02 20:50:15,047 ] - [INFO    ] - root - Downloading file.....
[ 2018-11-02 20:50:15,051 ] - [DEBUG   ] - urllib3.connectionpool - Starting new HTTPS connection (1): mirrorbits.lineageos.org:443
[ 2018-11-02 20:50:15,537 ] - [DEBUG   ] - urllib3.connectionpool - https://mirrorbits.lineageos.org:443 "GET /full/bullhead/20181029/lineage-15.1-20181029-nightly-bullhead-signed.zip HTTP/1.1" 302 143
[ 2018-11-02 20:50:15,541 ] - [DEBUG   ] - urllib3.connectionpool - Starting new HTTPS connection (1): mirror.math.princeton.edu:443
[ 2018-11-02 20:50:15,676 ] - [DEBUG   ] - urllib3.connectionpool - https://mirror.math.princeton.edu:443 "GET /pub/lineageos/full/bullhead/20181029/lineage-15.1-20181029-nightly-bullhead-signed.zip HTTP/1.1" 200 453678976
[ 2018-11-02 20:50:15,678 ] - [DEBUG   ] - root - Response code is 200
[ 2018-11-02 20:51:01,391 ] - [INFO    ] - root - Getting Checksum File...
[ 2018-11-02 20:51:01,391 ] - [INFO    ] - root - Attempting to download : LineageOS_ZIP_SHA256.txt
[ 2018-11-02 20:51:01,392 ] - [INFO    ] - root - From URL: https://mirrorbits.lineageos.org/full/bullhead/20181029/lineage-15.1-20181029-nightly-bullhead-signed.zip?sha256
[ 2018-11-02 20:51:01,392 ] - [INFO    ] - root - Downloading file.....
[ 2018-11-02 20:51:01,396 ] - [DEBUG   ] - urllib3.connectionpool - Starting new HTTPS connection (1): mirrorbits.lineageos.org:443
[ 2018-11-02 20:51:01,863 ] - [DEBUG   ] - urllib3.connectionpool - https://mirrorbits.lineageos.org:443 "GET /full/bullhead/20181029/lineage-15.1-20181029-nightly-bullhead-signed.zip?sha256 HTTP/1.1" 200 115
[ 2018-11-02 20:51:01,864 ] - [DEBUG   ] - root - Response code is 200
[ 2018-11-02 20:51:01,865 ] - [INFO    ] - root - Verifying ZIP file checksums...
[ 2018-11-02 20:51:01,866 ] - [DEBUG   ] - root - File's LineageOS_ZIP_SHA256.txt present on FS.
[ 2018-11-02 20:51:01,866 ] - [DEBUG   ] - root - File LineageOS.zip is present on the FS.
[ 2018-11-02 20:51:03,949 ] - [DEBUG   ] - root - SHA256 hash for LineageOS.zip is : 53a8adcf259f8f8f86caf162a41eda6bfc5c36296202530a023a7cb01dfa2a32
[ 2018-11-02 20:51:03,950 ] - [DEBUG   ] - root - SHA256 hash SHOULD BE : 53a8adcf259f8f8f86caf162a41eda6bfc5c36296202530a023a7cb01dfa2a32
[ 2018-11-02 20:51:03,950 ] - [DEBUG   ] - root - File Hashes Match.
[ 2018-11-02 20:51:03,950 ] - [INFO    ] - root - Woohooo.. ZIP File's Checksum matches.
[ 2018-11-02 20:51:03,950 ] - [INFO    ] - root - Extracting from ZIP File ....
[ 2018-11-02 20:51:03,950 ] - [INFO    ] - root - Deleting old files if any....
[ 2018-11-02 20:51:03,950 ] - [DEBUG   ] - root - Deleting old DAT files (if any)
[ 2018-11-02 20:51:03,951 ] - [DEBUG   ] - root - Deleting old IMG file (if any)
[ 2018-11-02 20:51:05,266 ] - [INFO    ] - root - Getting Info about last build & release...
[ 2018-11-02 20:51:05,266 ] - [DEBUG   ] - root - Downloading OLD release.json
[ 2018-11-02 20:51:05,267 ] - [INFO    ] - root - Attempting to download : old_release.json
[ 2018-11-02 20:51:05,267 ] - [INFO    ] - root - From URL: https://raw.githubusercontent.com/tprasadtp/lineageos-apk-extractor/gh-pages/release.json
[ 2018-11-02 20:51:05,267 ] - [INFO    ] - root - Downloading file.....
[ 2018-11-02 20:51:05,269 ] - [DEBUG   ] - urllib3.connectionpool - Starting new HTTPS connection (1): raw.githubusercontent.com:443
[ 2018-11-02 20:51:05,412 ] - [DEBUG   ] - urllib3.connectionpool - https://raw.githubusercontent.com:443 "GET /tprasadtp/lineageos-apk-extractor/gh-pages/release.json HTTP/1.1" 200 357
[ 2018-11-02 20:51:05,413 ] - [DEBUG   ] - root - Response code is 200
[ 2018-11-02 20:51:05,415 ] - [DEBUG   ] - root - Reading old release.json file...
[ 2018-11-02 20:51:05,415 ] - [INFO    ] - root - Last Build was 1541026290
[ 2018-11-02 20:51:05,415 ] - [INFO    ] - root - Last Release Tag was 15.1.2018-10-29
[ 2018-11-02 20:51:05,415 ] - [INFO    ] - root - Last Release TS was Oct 30 at 20:51:58
[ 2018-11-02 20:51:05,415 ] - [INFO    ] - root - Preparing Metadata....
[ 2018-11-02 20:51:05,415 ] - [INFO    ] - root - Release is already latest. No need to deploy.
[ 2018-11-02 20:51:05,415 ] - [INFO    ] - root - Generating release.json
[ 2018-11-02 20:51:05,415 ] - [DEBUG   ] - root - Writing release.json
[ 2018-11-02 20:51:05,416 ] - [DEBUG   ] - root - JSON Dump is : {"version": 3, "ci": {"build_date": 1541191814, "build_date_human": "02 Nov 18 20:50", "build_number": "66", "node_name": "travis-job-d3343a08-ab3d-4ad5-9f34-8c0bd621d1ee", "deployed": "No"}, "lineage": {"version": "15.1", "build": "2018-10-29", "build_type": "nightly", "zip_file": "https://mirrorbits.lineageos.org/full/bullhead/20181029/lineage-15.1-20181029-nightly-bullhead-signed.zip"}, "release": {"tag": "15.1.2018-10-29", "link": "https://github.com/tprasadtp/lineageos-apk-extractor/releases/tag/15.1.2018-10-29", "human_ts": "Oct 30 at 20:51:58"}}
[ 2018-11-02 20:51:05,416 ] - [INFO    ] - root - Writing exporter script...
[ 2018-11-02 20:51:05,416 ] - [DEBUG   ] - root - Writing flags.sh
[ 2018-11-02 20:51:56,001 ] - [DEBUG   ] - root - Setting TAG Variable
[ 2018-11-02 20:51:56,001 ] - [INFO    ] - root - Reading json data from file.
[ 2018-11-02 20:51:56,001 ] - [INFO    ] - root - Copying Metadata
[ 2018-11-02 20:51:56,002 ] - [INFO    ] - root - Creating Metadata Folder...
[ 2018-11-02 20:51:56,002 ] - [INFO    ] - root - Copying release.json
[ 2018-11-02 20:51:56,003 ] - [INFO    ] - root - Checking Mount point
[ 2018-11-02 20:51:56,003 ] - [DEBUG   ] - root - Creating Releases Folder
[ 2018-11-02 20:51:56,003 ] - [INFO    ] - root - Copying Email from /mnt/lineage/app/Email/Email.apk
[ 2018-11-02 20:51:56,014 ] - [INFO    ] - root - Copying Gallery from /mnt/lineage/priv-app/Gallery2/Gallery2.apk
[ 2018-11-02 20:51:56,030 ] - [INFO    ] - root - Copying Music from /mnt/lineage/priv-app/Eleven/Eleven.apk
[ 2018-11-02 20:51:56,038 ] - [INFO    ] - root - Copying Calendar from /mnt/lineage/app/Calendar/Calendar.apk
[ 2018-11-02 20:51:56,043 ] - [INFO    ] - root - Copying Jelly from /mnt/lineage/app/Jelly/Jelly.apk
[ 2018-11-02 20:51:56,045 ] - [INFO    ] - root - Copying Trebuchet from /mnt/lineage/priv-app/Trebuchet/Trebuchet.apk
[ 2018-11-02 20:51:56,049 ] - [INFO    ] - root - Copying Snap from  /mnt/lineage/priv-app/Snap/Snap.apk
[ 2018-11-02 20:51:56,050 ] - [ERROR   ] - root - Failed to Copy Snap
[ 2018-11-02 20:51:56,050 ] - [ERROR   ] - root - [Errno 2] No such file or directory: ' /mnt/lineage/priv-app/Snap/Snap.apk'
Traceback (most recent call last):
  File "./copy_files.py", line 110, in copy_release_files
    shutil.copy2(path, RELEASE_DIR / fname)
  File "/home/travis/virtualenv/python3.6.3/lib/python3.6/shutil.py", line 257, in copy2
    copyfile(src, dst, follow_symlinks=follow_symlinks)
  File "/home/travis/virtualenv/python3.6.3/lib/python3.6/shutil.py", line 120, in copyfile
    with open(src, 'rb') as fsrc:
FileNotFoundError: [Errno 2] No such file or directory: ' /mnt/lineage/priv-app/Snap/Snap.apk'
[ 2018-11-02 20:51:56,054 ] - [INFO    ] - root - Copying Recorder from /mnt/lineage/priv-app/Recorder/Recorder.apk
[ 2018-11-02 20:51:56,057 ] - [INFO    ] - root - Copying Messaging from /mnt/lineage/app/messaging/messaging.apk
[ 2018-11-02 20:51:56,071 ] - [INFO    ] - root - Copying DeskClock from /mnt/lineage/app/DeskClock/DeskClock.apk
[ 2018-11-02 20:51:56,081 ] - [INFO    ] - root - GH Releases is not enabled. Not Copying Release Notes.
