[ 2018-10-28 23:12:10,922 ] - [DEBUG   ] - root - ------------------------System Info------------------------------
[ 2018-10-28 23:12:10,925 ] - [DEBUG   ] - root - Platform : Linux, Version: #124~14.04.1-Ubuntu SMP Fri Nov 10 19:05:36 UTC 2017
[ 2018-10-28 23:12:10,925 ] - [DEBUG   ] - root - Hostname : travis-job-29beab32-929e-480a-a705-506d77c82165
[ 2018-10-28 23:12:10,926 ] - [DEBUG   ] - root - Python Version : 3.6.3
[ 2018-10-28 23:12:10,942 ] - [DEBUG   ] - root - Platform Arch : ('64bit', 'ELF')
[ 2018-10-28 23:12:10,943 ] - [DEBUG   ] - root - -----------------------------------------------------------------
[ 2018-10-28 23:12:10,943 ] - [INFO    ] - root - Getting LOS Download page for bullhead ...
[ 2018-10-28 23:12:10,943 ] - [DEBUG   ] - root - Getting Download Page for bullhead
[ 2018-10-28 23:12:10,944 ] - [INFO    ] - root - Attempting to download : LineageOS_Downlad_Page.html
[ 2018-10-28 23:12:10,944 ] - [INFO    ] - root - From URL: https://download.lineageos.org/bullhead
[ 2018-10-28 23:12:10,946 ] - [INFO    ] - root - Downloading file.....
[ 2018-10-28 23:12:10,953 ] - [DEBUG   ] - urllib3.connectionpool - Starting new HTTPS connection (1): download.lineageos.org:443
[ 2018-10-28 23:12:11,096 ] - [DEBUG   ] - urllib3.connectionpool - https://download.lineageos.org:443 "GET /bullhead HTTP/1.1" 200 None
[ 2018-10-28 23:12:11,096 ] - [DEBUG   ] - root - Response code is 200
[ 2018-10-28 23:12:11,098 ] - [DEBUG   ] - root - LineageOS_Downlad_Page.html file exists.
[ 2018-10-28 23:12:11,098 ] - [INFO    ] - root - Parsing HTML page...
[ 2018-10-28 23:12:11,164 ] - [DEBUG   ] - root - ----------------------------------------------------------
[ 2018-10-28 23:12:11,164 ] - [DEBUG   ] - root - ------------------Parsed Variables------------------------
[ 2018-10-28 23:12:11,164 ] - [DEBUG   ] - root - LOS_REL_TYPE = ['nightly', 'nightly', 'nightly', 'nightly']
[ 2018-10-28 23:12:11,164 ] - [DEBUG   ] - root - LOS_REL_VERSION = ['15.1', '15.1', '15.1', '15.1']
[ 2018-10-28 23:12:11,164 ] - [DEBUG   ] - root - LOS_REL_URL = ['https://mirrorbits.lineageos.org/full/bullhead/20181022/lineage-15.1-20181022-nightly-bullhead-signed.zip', 'https://mirrorbits.lineageos.org/full/bullhead/20181015/lineage-15.1-20181015-nightly-bullhead-signed.zip', 'https://mirrorbits.lineageos.org/full/bullhead/20181008/lineage-15.1-20181008-nightly-bullhead-signed.zip', 'https://mirrorbits.lineageos.org/full/bullhead/20181001/lineage-15.1-20181001-nightly-bullhead-signed.zip']
[ 2018-10-28 23:12:11,164 ] - [DEBUG   ] - root - LOS_REL_SIZE = ['432.65 MB', '432.66 MB', '432.48 MB', '431.03 MB']
[ 2018-10-28 23:12:11,165 ] - [DEBUG   ] - root - LOS_REL_DATE = ['2018-10-22', '2018-10-15', '2018-10-08', '2018-10-01']
[ 2018-10-28 23:12:11,165 ] - [DEBUG   ] - root - REL_TAG is 15.1.2018-10-22
[ 2018-10-28 23:12:11,165 ] - [DEBUG   ] - root - ----------------------------------------------------------
[ 2018-10-28 23:12:11,165 ] - [DEBUG   ] - root - ----------------------------------------------------------
[ 2018-10-28 23:12:11,165 ] - [INFO    ] - root - Downloading ZIP File ...
[ 2018-10-28 23:12:11,165 ] - [INFO    ] - root - Attempting to download : LineageOS.zip
[ 2018-10-28 23:12:11,165 ] - [INFO    ] - root - From URL: https://mirrorbits.lineageos.org/full/bullhead/20181022/lineage-15.1-20181022-nightly-bullhead-signed.zip
[ 2018-10-28 23:12:11,165 ] - [INFO    ] - root - Downloading file.....
[ 2018-10-28 23:12:11,169 ] - [DEBUG   ] - urllib3.connectionpool - Starting new HTTPS connection (1): mirrorbits.lineageos.org:443
[ 2018-10-28 23:12:11,628 ] - [DEBUG   ] - urllib3.connectionpool - https://mirrorbits.lineageos.org:443 "GET /full/bullhead/20181022/lineage-15.1-20181022-nightly-bullhead-signed.zip HTTP/1.1" 302 135
[ 2018-10-28 23:12:11,631 ] - [DEBUG   ] - urllib3.connectionpool - Starting new HTTPS connection (1): ftp.acc.umu.se:443
[ 2018-10-28 23:12:12,432 ] - [DEBUG   ] - urllib3.connectionpool - https://ftp.acc.umu.se:443 "GET /mirror/lineageos/full/bullhead/20181022/lineage-15.1-20181022-nightly-bullhead-signed.zip HTTP/1.1" 302 422
[ 2018-10-28 23:12:12,437 ] - [DEBUG   ] - urllib3.connectionpool - Starting new HTTPS connection (1): caesar.ftp.acc.umu.se:443
[ 2018-10-28 23:12:13,130 ] - [DEBUG   ] - urllib3.connectionpool - https://caesar.ftp.acc.umu.se:443 "GET /mirror/lineageos/full/bullhead/20181022/lineage-15.1-20181022-nightly-bullhead-signed.zip HTTP/1.1" 200 453667394
[ 2018-10-28 23:12:13,132 ] - [DEBUG   ] - root - Response code is 200
[ 2018-10-28 23:12:49,462 ] - [INFO    ] - root - Getting Checksum File...
[ 2018-10-28 23:12:49,462 ] - [INFO    ] - root - Attempting to download : LineageOS_ZIP_SHA256.txt
[ 2018-10-28 23:12:49,463 ] - [INFO    ] - root - From URL: https://mirrorbits.lineageos.org/full/bullhead/20181022/lineage-15.1-20181022-nightly-bullhead-signed.zip?sha256
[ 2018-10-28 23:12:49,464 ] - [INFO    ] - root - Downloading file.....
[ 2018-10-28 23:12:49,469 ] - [DEBUG   ] - urllib3.connectionpool - Starting new HTTPS connection (1): mirrorbits.lineageos.org:443
[ 2018-10-28 23:12:49,927 ] - [DEBUG   ] - urllib3.connectionpool - https://mirrorbits.lineageos.org:443 "GET /full/bullhead/20181022/lineage-15.1-20181022-nightly-bullhead-signed.zip?sha256 HTTP/1.1" 200 115
[ 2018-10-28 23:12:49,928 ] - [DEBUG   ] - root - Response code is 200
[ 2018-10-28 23:12:49,930 ] - [INFO    ] - root - Verifying ZIP file checksums...
[ 2018-10-28 23:12:49,930 ] - [DEBUG   ] - root - File's LineageOS_ZIP_SHA256.txt present on FS.
[ 2018-10-28 23:12:49,930 ] - [DEBUG   ] - root - File LineageOS.zip is present on the FS.
[ 2018-10-28 23:12:52,176 ] - [DEBUG   ] - root - SHA256 hash for LineageOS.zip is : 3c0525b2b4cb20602ca43f7c1b540ab2709e373d693a91d7eaf572cacc333def
[ 2018-10-28 23:12:52,176 ] - [DEBUG   ] - root - SHA256 hash SHOULD BE : 3c0525b2b4cb20602ca43f7c1b540ab2709e373d693a91d7eaf572cacc333def
[ 2018-10-28 23:12:52,177 ] - [DEBUG   ] - root - File Hashes Match.
[ 2018-10-28 23:12:52,178 ] - [INFO    ] - root - Woohooo.. ZIP File's Checksum matches.
[ 2018-10-28 23:12:52,178 ] - [INFO    ] - root - Extracting from ZIP File ....
[ 2018-10-28 23:12:52,178 ] - [INFO    ] - root - Deleting old files if any....
[ 2018-10-28 23:12:52,178 ] - [DEBUG   ] - root - Deleting old DAT files (if any)
[ 2018-10-28 23:12:52,179 ] - [DEBUG   ] - root - Deleting old IMG file (if any)
[ 2018-10-28 23:12:53,504 ] - [INFO    ] - root - Downloading OLD release.json
[ 2018-10-28 23:12:53,504 ] - [INFO    ] - root - Attempting to download : old_release.json
[ 2018-10-28 23:12:53,504 ] - [INFO    ] - root - From URL: https://raw.githubusercontent.com/tprasadtp/lineageos-apk-extractor/gh-pages/release.json
[ 2018-10-28 23:12:53,504 ] - [INFO    ] - root - Downloading file.....
[ 2018-10-28 23:12:53,507 ] - [DEBUG   ] - urllib3.connectionpool - Starting new HTTPS connection (1): raw.githubusercontent.com:443
[ 2018-10-28 23:12:53,565 ] - [DEBUG   ] - urllib3.connectionpool - https://raw.githubusercontent.com:443 "GET /tprasadtp/lineageos-apk-extractor/gh-pages/release.json HTTP/1.1" 200 341
[ 2018-10-28 23:12:53,566 ] - [DEBUG   ] - root - Response code is 200
[ 2018-10-28 23:12:53,567 ] - [INFO    ] - root - Preparing Metadata....
[ 2018-10-28 23:12:53,567 ] - [INFO    ] - root - Checking last build date...
[ 2018-10-28 23:12:53,567 ] - [INFO    ] - root - Last Build was 1540748062
[ 2018-10-28 23:12:53,568 ] - [INFO    ] - root - Last Release Tag was 15.1.2018-10-22
[ 2018-10-28 23:12:53,568 ] - [INFO    ] - root - Release is already the latest.
[ 2018-10-28 23:12:53,568 ] - [INFO    ] - root - Generating release.json
[ 2018-10-28 23:12:53,568 ] - [DEBUG   ] - root - JSON Dump is : {"version": 2, "ci": {"build_date": 1540768373, "build_ts": "11:12 PM UTC on Oct 28, 2018", "node_name": "travis-job-29beab32-929e-480a-a705-506d77c82165", "deployed": "false"}, "lineage": {"version": "15.1", "build": "2018-10-22", "build_type": "nightly", "zip_file": "https://mirrorbits.lineageos.org/full/bullhead/20181022/lineage-15.1-20181022-nightly-bullhead-signed.zip"}, "release": {"tag": "15.1.2018-10-22", "link": "https://github.com/tprasadtp/lineageos-apk-extractor/releases/tag/15.1.2018-10-22"}}
[ 2018-10-28 23:13:45,961 ] - [DEBUG   ] - root - Setting TAG Variable
[ 2018-10-28 23:13:45,961 ] - [INFO    ] - root - Reading json data from file.
[ 2018-10-28 23:13:45,961 ] - [INFO    ] - root - Copying Metadata
[ 2018-10-28 23:13:45,961 ] - [INFO    ] - root - Creating Metadata Folder...
[ 2018-10-28 23:13:45,961 ] - [INFO    ] - root - Copying release.json
[ 2018-10-28 23:13:45,962 ] - [INFO    ] - root - Checking Mount point
[ 2018-10-28 23:13:45,962 ] - [DEBUG   ] - root - Creating Releases Folder
[ 2018-10-28 23:13:45,962 ] - [INFO    ] - root - Copying Email from /mnt/lineage/app/Email/Email.apk
[ 2018-10-28 23:13:45,972 ] - [INFO    ] - root - Copying Gallery from /mnt/lineage/priv-app/Gallery2/Gallery2.apk
[ 2018-10-28 23:13:45,993 ] - [INFO    ] - root - Copying Music from /mnt/lineage/priv-app/Eleven/Eleven.apk
[ 2018-10-28 23:13:46,001 ] - [INFO    ] - root - Copying Calendar from /mnt/lineage/app/Calendar/Calendar.apk
[ 2018-10-28 23:13:46,007 ] - [INFO    ] - root - Copying Jelly from /mnt/lineage/app/Jelly/Jelly.apk
[ 2018-10-28 23:13:46,009 ] - [INFO    ] - root - Copying Trebuchet from /mnt/lineage/priv-app/Trebuchet/Trebuchet.apk
[ 2018-10-28 23:13:46,016 ] - [INFO    ] - root - Copying Snap from  /mnt/lineage/priv-app/Snap/Snap.apk
[ 2018-10-28 23:13:46,017 ] - [ERROR   ] - root - Failed to Copy Snap
[ 2018-10-28 23:13:46,017 ] - [ERROR   ] - root - [Errno 2] No such file or directory: ' /mnt/lineage/priv-app/Snap/Snap.apk'
Traceback (most recent call last):
  File "./copy_files.py", line 110, in copy_release_files
    shutil.copy2(path, RELEASE_DIR / fname)
  File "/home/travis/virtualenv/python3.6.3/lib/python3.6/shutil.py", line 257, in copy2
    copyfile(src, dst, follow_symlinks=follow_symlinks)
  File "/home/travis/virtualenv/python3.6.3/lib/python3.6/shutil.py", line 120, in copyfile
    with open(src, 'rb') as fsrc:
FileNotFoundError: [Errno 2] No such file or directory: ' /mnt/lineage/priv-app/Snap/Snap.apk'
[ 2018-10-28 23:13:46,021 ] - [INFO    ] - root - Copying Recorder from /mnt/lineage/priv-app/Recorder/Recorder.apk
[ 2018-10-28 23:13:46,027 ] - [INFO    ] - root - Copying messaging from /mnt/lineage/app/messaging/messaging.apk
[ 2018-10-28 23:13:46,041 ] - [INFO    ] - root - Copying DeskClock from /mnt/lineage/app/DeskClock/DeskClock.apk
[ 2018-10-28 23:13:46,051 ] - [INFO    ] - root - GH Releases is not enabled. Not Copying Release Notes.
