[ 2018-10-31 01:06:57,450 ] - [DEBUG   ] - root - ------------------------System Info------------------------------
[ 2018-10-31 01:06:57,453 ] - [DEBUG   ] - root - Platform : Linux, Version: #124~14.04.1-Ubuntu SMP Fri Nov 10 19:05:36 UTC 2017
[ 2018-10-31 01:06:57,453 ] - [DEBUG   ] - root - Hostname : travis-job-67dc8039-844c-4b1d-bedf-695e04a47404
[ 2018-10-31 01:06:57,453 ] - [DEBUG   ] - root - Python Version : 3.6.3
[ 2018-10-31 01:06:57,475 ] - [DEBUG   ] - root - Platform Arch : ('64bit', 'ELF')
[ 2018-10-31 01:06:57,476 ] - [DEBUG   ] - root - -----------------------------------------------------------------
[ 2018-10-31 01:06:57,476 ] - [INFO    ] - root - Getting LOS Download page for bullhead ...
[ 2018-10-31 01:06:57,476 ] - [DEBUG   ] - root - Getting Download Page for bullhead
[ 2018-10-31 01:06:57,477 ] - [INFO    ] - root - Attempting to download : LineageOS_Downlad_Page.html
[ 2018-10-31 01:06:57,477 ] - [INFO    ] - root - From URL: https://download.lineageos.org/bullhead
[ 2018-10-31 01:06:57,477 ] - [INFO    ] - root - Downloading file.....
[ 2018-10-31 01:06:57,484 ] - [DEBUG   ] - urllib3.connectionpool - Starting new HTTPS connection (1): download.lineageos.org:443
[ 2018-10-31 01:06:57,628 ] - [DEBUG   ] - urllib3.connectionpool - https://download.lineageos.org:443 "GET /bullhead HTTP/1.1" 200 None
[ 2018-10-31 01:06:57,628 ] - [DEBUG   ] - root - Response code is 200
[ 2018-10-31 01:06:57,631 ] - [DEBUG   ] - root - LineageOS_Downlad_Page.html file exists.
[ 2018-10-31 01:06:57,631 ] - [INFO    ] - root - Parsing HTML page...
[ 2018-10-31 01:06:57,695 ] - [DEBUG   ] - root - ----------------------------------------------------------
[ 2018-10-31 01:06:57,695 ] - [DEBUG   ] - root - ------------------Parsed Variables------------------------
[ 2018-10-31 01:06:57,695 ] - [DEBUG   ] - root - LOS_REL_TYPE = ['nightly', 'nightly', 'nightly', 'nightly', 'nightly']
[ 2018-10-31 01:06:57,695 ] - [DEBUG   ] - root - LOS_REL_VERSION = ['15.1', '15.1', '15.1', '15.1', '15.1']
[ 2018-10-31 01:06:57,696 ] - [DEBUG   ] - root - LOS_REL_URL = ['https://mirrorbits.lineageos.org/full/bullhead/20181029/lineage-15.1-20181029-nightly-bullhead-signed.zip', 'https://mirrorbits.lineageos.org/full/bullhead/20181022/lineage-15.1-20181022-nightly-bullhead-signed.zip', 'https://mirrorbits.lineageos.org/full/bullhead/20181015/lineage-15.1-20181015-nightly-bullhead-signed.zip', 'https://mirrorbits.lineageos.org/full/bullhead/20181008/lineage-15.1-20181008-nightly-bullhead-signed.zip', 'https://mirrorbits.lineageos.org/full/bullhead/20181001/lineage-15.1-20181001-nightly-bullhead-signed.zip']
[ 2018-10-31 01:06:57,696 ] - [DEBUG   ] - root - LOS_REL_SIZE = ['432.66 MB', '432.65 MB', '432.66 MB', '432.48 MB', '431.03 MB']
[ 2018-10-31 01:06:57,696 ] - [DEBUG   ] - root - LOS_REL_DATE = ['2018-10-29', '2018-10-22', '2018-10-15', '2018-10-08', '2018-10-01']
[ 2018-10-31 01:06:57,696 ] - [DEBUG   ] - root - REL_TAG is 15.1.2018-10-29
[ 2018-10-31 01:06:57,696 ] - [DEBUG   ] - root - ----------------------------------------------------------
[ 2018-10-31 01:06:57,696 ] - [DEBUG   ] - root - ----------------------------------------------------------
[ 2018-10-31 01:06:57,696 ] - [INFO    ] - root - Downloading ZIP File ...
[ 2018-10-31 01:06:57,696 ] - [INFO    ] - root - Attempting to download : LineageOS.zip
[ 2018-10-31 01:06:57,696 ] - [INFO    ] - root - From URL: https://mirrorbits.lineageos.org/full/bullhead/20181029/lineage-15.1-20181029-nightly-bullhead-signed.zip
[ 2018-10-31 01:06:57,696 ] - [INFO    ] - root - Downloading file.....
[ 2018-10-31 01:06:57,701 ] - [DEBUG   ] - urllib3.connectionpool - Starting new HTTPS connection (1): mirrorbits.lineageos.org:443
[ 2018-10-31 01:06:58,197 ] - [DEBUG   ] - urllib3.connectionpool - https://mirrorbits.lineageos.org:443 "GET /full/bullhead/20181029/lineage-15.1-20181029-nightly-bullhead-signed.zip HTTP/1.1" 302 143
[ 2018-10-31 01:06:58,200 ] - [DEBUG   ] - urllib3.connectionpool - Starting new HTTPS connection (1): mirror.math.princeton.edu:443
[ 2018-10-31 01:06:58,336 ] - [DEBUG   ] - urllib3.connectionpool - https://mirror.math.princeton.edu:443 "GET /pub/lineageos/full/bullhead/20181029/lineage-15.1-20181029-nightly-bullhead-signed.zip HTTP/1.1" 200 453678976
[ 2018-10-31 01:06:58,338 ] - [DEBUG   ] - root - Response code is 200
[ 2018-10-31 01:07:04,876 ] - [INFO    ] - root - Getting Checksum File...
[ 2018-10-31 01:07:04,876 ] - [INFO    ] - root - Attempting to download : LineageOS_ZIP_SHA256.txt
[ 2018-10-31 01:07:04,876 ] - [INFO    ] - root - From URL: https://mirrorbits.lineageos.org/full/bullhead/20181029/lineage-15.1-20181029-nightly-bullhead-signed.zip?sha256
[ 2018-10-31 01:07:04,876 ] - [INFO    ] - root - Downloading file.....
[ 2018-10-31 01:07:04,879 ] - [DEBUG   ] - urllib3.connectionpool - Starting new HTTPS connection (1): mirrorbits.lineageos.org:443
[ 2018-10-31 01:07:05,335 ] - [DEBUG   ] - urllib3.connectionpool - https://mirrorbits.lineageos.org:443 "GET /full/bullhead/20181029/lineage-15.1-20181029-nightly-bullhead-signed.zip?sha256 HTTP/1.1" 200 115
[ 2018-10-31 01:07:05,336 ] - [DEBUG   ] - root - Response code is 200
[ 2018-10-31 01:07:05,337 ] - [INFO    ] - root - Verifying ZIP file checksums...
[ 2018-10-31 01:07:05,337 ] - [DEBUG   ] - root - File's LineageOS_ZIP_SHA256.txt present on FS.
[ 2018-10-31 01:07:05,337 ] - [DEBUG   ] - root - File LineageOS.zip is present on the FS.
[ 2018-10-31 01:07:07,446 ] - [DEBUG   ] - root - SHA256 hash for LineageOS.zip is : 53a8adcf259f8f8f86caf162a41eda6bfc5c36296202530a023a7cb01dfa2a32
[ 2018-10-31 01:07:07,447 ] - [DEBUG   ] - root - SHA256 hash SHOULD BE : 53a8adcf259f8f8f86caf162a41eda6bfc5c36296202530a023a7cb01dfa2a32
[ 2018-10-31 01:07:07,447 ] - [DEBUG   ] - root - File Hashes Match.
[ 2018-10-31 01:07:07,447 ] - [INFO    ] - root - Woohooo.. ZIP File's Checksum matches.
[ 2018-10-31 01:07:07,447 ] - [INFO    ] - root - Extracting from ZIP File ....
[ 2018-10-31 01:07:07,447 ] - [INFO    ] - root - Deleting old files if any....
[ 2018-10-31 01:07:07,447 ] - [DEBUG   ] - root - Deleting old DAT files (if any)
[ 2018-10-31 01:07:07,448 ] - [DEBUG   ] - root - Deleting old IMG file (if any)
[ 2018-10-31 01:07:08,727 ] - [INFO    ] - root - Downloading OLD release.json
[ 2018-10-31 01:07:08,727 ] - [INFO    ] - root - Attempting to download : old_release.json
[ 2018-10-31 01:07:08,727 ] - [INFO    ] - root - From URL: https://raw.githubusercontent.com/tprasadtp/lineageos-apk-extractor/gh-pages/release.json
[ 2018-10-31 01:07:08,727 ] - [INFO    ] - root - Downloading file.....
[ 2018-10-31 01:07:08,729 ] - [DEBUG   ] - urllib3.connectionpool - Starting new HTTPS connection (1): raw.githubusercontent.com:443
[ 2018-10-31 01:07:08,861 ] - [DEBUG   ] - urllib3.connectionpool - https://raw.githubusercontent.com:443 "GET /tprasadtp/lineageos-apk-extractor/gh-pages/release.json HTTP/1.1" 200 340
[ 2018-10-31 01:07:08,862 ] - [DEBUG   ] - root - Response code is 200
[ 2018-10-31 01:07:08,863 ] - [INFO    ] - root - Preparing Metadata....
[ 2018-10-31 01:07:08,863 ] - [INFO    ] - root - Checking last build date...
[ 2018-10-31 01:07:08,863 ] - [INFO    ] - root - Last Build was 1540932652
[ 2018-10-31 01:07:08,864 ] - [INFO    ] - root - Last Release Tag was 15.1.2018-10-29
[ 2018-10-31 01:07:08,864 ] - [INFO    ] - root - Release is already the latest.
[ 2018-10-31 01:07:08,864 ] - [INFO    ] - root - Generating release.json
[ 2018-10-31 01:07:08,864 ] - [DEBUG   ] - root - JSON Dump is : {"version": 2, "ci": {"build_date": 1540948028, "build_ts": "01:07 AM UTC on Oct 31, 2018", "node_name": "travis-job-67dc8039-844c-4b1d-bedf-695e04a47404", "deployed": "false"}, "lineage": {"version": "15.1", "build": "2018-10-29", "build_type": "nightly", "zip_file": "https://mirrorbits.lineageos.org/full/bullhead/20181029/lineage-15.1-20181029-nightly-bullhead-signed.zip"}, "release": {"tag": "15.1.2018-10-29", "link": "https://github.com/tprasadtp/lineageos-apk-extractor/releases/tag/15.1.2018-10-29"}}
[ 2018-10-31 01:08:08,242 ] - [DEBUG   ] - root - Setting TAG Variable
[ 2018-10-31 01:08:08,242 ] - [INFO    ] - root - Reading json data from file.
[ 2018-10-31 01:08:08,242 ] - [INFO    ] - root - Copying Metadata
[ 2018-10-31 01:08:08,242 ] - [INFO    ] - root - Creating Metadata Folder...
[ 2018-10-31 01:08:08,242 ] - [INFO    ] - root - Copying release.json
[ 2018-10-31 01:08:08,243 ] - [INFO    ] - root - Checking Mount point
[ 2018-10-31 01:08:08,243 ] - [DEBUG   ] - root - Creating Releases Folder
[ 2018-10-31 01:08:08,243 ] - [INFO    ] - root - Copying Email from /mnt/lineage/app/Email/Email.apk
[ 2018-10-31 01:08:08,254 ] - [INFO    ] - root - Copying Gallery from /mnt/lineage/priv-app/Gallery2/Gallery2.apk
[ 2018-10-31 01:08:08,272 ] - [INFO    ] - root - Copying Music from /mnt/lineage/priv-app/Eleven/Eleven.apk
[ 2018-10-31 01:08:08,281 ] - [INFO    ] - root - Copying Calendar from /mnt/lineage/app/Calendar/Calendar.apk
[ 2018-10-31 01:08:08,286 ] - [INFO    ] - root - Copying Jelly from /mnt/lineage/app/Jelly/Jelly.apk
[ 2018-10-31 01:08:08,289 ] - [INFO    ] - root - Copying Trebuchet from /mnt/lineage/priv-app/Trebuchet/Trebuchet.apk
[ 2018-10-31 01:08:08,292 ] - [INFO    ] - root - Copying Snap from  /mnt/lineage/priv-app/Snap/Snap.apk
[ 2018-10-31 01:08:08,292 ] - [ERROR   ] - root - Failed to Copy Snap
[ 2018-10-31 01:08:08,293 ] - [ERROR   ] - root - [Errno 2] No such file or directory: ' /mnt/lineage/priv-app/Snap/Snap.apk'
Traceback (most recent call last):
  File "./copy_files.py", line 110, in copy_release_files
    shutil.copy2(path, RELEASE_DIR / fname)
  File "/home/travis/virtualenv/python3.6.3/lib/python3.6/shutil.py", line 257, in copy2
    copyfile(src, dst, follow_symlinks=follow_symlinks)
  File "/home/travis/virtualenv/python3.6.3/lib/python3.6/shutil.py", line 120, in copyfile
    with open(src, 'rb') as fsrc:
FileNotFoundError: [Errno 2] No such file or directory: ' /mnt/lineage/priv-app/Snap/Snap.apk'
[ 2018-10-31 01:08:08,299 ] - [INFO    ] - root - Copying Recorder from /mnt/lineage/priv-app/Recorder/Recorder.apk
[ 2018-10-31 01:08:08,300 ] - [INFO    ] - root - Copying messaging from /mnt/lineage/app/messaging/messaging.apk
[ 2018-10-31 01:08:08,315 ] - [INFO    ] - root - Copying DeskClock from /mnt/lineage/app/DeskClock/DeskClock.apk
[ 2018-10-31 01:08:08,331 ] - [INFO    ] - root - GH Releases is not enabled. Not Copying Release Notes.
