[ 2018-10-27 14:28:17,770 ] - [DEBUG   ] - root - ------------------------System Info------------------------------
[ 2018-10-27 14:28:17,773 ] - [DEBUG   ] - root - Platform : Linux, Version: #124~14.04.1-Ubuntu SMP Fri Nov 10 19:05:36 UTC 2017
[ 2018-10-27 14:28:17,773 ] - [DEBUG   ] - root - Hostname : travis-job-d39706c5-6405-4267-be2a-a4e16dd2f0f4
[ 2018-10-27 14:28:17,773 ] - [DEBUG   ] - root - Python Version : 3.6.3
[ 2018-10-27 14:28:17,786 ] - [DEBUG   ] - root - Platform Arch : ('64bit', 'ELF')
[ 2018-10-27 14:28:17,786 ] - [DEBUG   ] - root - -----------------------------------------------------------------
[ 2018-10-27 14:28:17,786 ] - [INFO    ] - root - Getting LOS Download page for bullhead ...
[ 2018-10-27 14:28:17,786 ] - [DEBUG   ] - root - Getting Download Page for bullhead
[ 2018-10-27 14:28:17,787 ] - [INFO    ] - root - Attempting to download : LineageOS_Downlad_Page.html
[ 2018-10-27 14:28:17,787 ] - [INFO    ] - root - From URL: https://download.lineageos.org/bullhead
[ 2018-10-27 14:28:17,787 ] - [INFO    ] - root - Downloading file.....
[ 2018-10-27 14:28:17,796 ] - [DEBUG   ] - urllib3.connectionpool - Starting new HTTPS connection (1): download.lineageos.org:443
[ 2018-10-27 14:28:17,965 ] - [DEBUG   ] - urllib3.connectionpool - https://download.lineageos.org:443 "GET /bullhead HTTP/1.1" 200 None
[ 2018-10-27 14:28:17,966 ] - [DEBUG   ] - root - Response code is 200
[ 2018-10-27 14:28:17,968 ] - [DEBUG   ] - root - LineageOS_Downlad_Page.html file exists.
[ 2018-10-27 14:28:17,968 ] - [INFO    ] - root - Parsing HTML page...
[ 2018-10-27 14:28:18,027 ] - [DEBUG   ] - root - ----------------------------------------------------------
[ 2018-10-27 14:28:18,027 ] - [DEBUG   ] - root - ------------------Parsed Variables------------------------
[ 2018-10-27 14:28:18,027 ] - [DEBUG   ] - root - LOS_REL_TYPE = ['nightly', 'nightly', 'nightly', 'nightly', 'nightly']
[ 2018-10-27 14:28:18,027 ] - [DEBUG   ] - root - LOS_REL_VERSION = ['15.1', '15.1', '15.1', '15.1', '15.1']
[ 2018-10-27 14:28:18,027 ] - [DEBUG   ] - root - LOS_REL_URL = ['https://mirrorbits.lineageos.org/full/bullhead/20181022/lineage-15.1-20181022-nightly-bullhead-signed.zip', 'https://mirrorbits.lineageos.org/full/bullhead/20181015/lineage-15.1-20181015-nightly-bullhead-signed.zip', 'https://mirrorbits.lineageos.org/full/bullhead/20181008/lineage-15.1-20181008-nightly-bullhead-signed.zip', 'https://mirrorbits.lineageos.org/full/bullhead/20181001/lineage-15.1-20181001-nightly-bullhead-signed.zip', 'https://mirrorbits.lineageos.org/full/bullhead/20180924/lineage-15.1-20180924-nightly-bullhead-signed.zip']
[ 2018-10-27 14:28:18,027 ] - [DEBUG   ] - root - LOS_REL_SIZE = ['432.65 MB', '432.66 MB', '432.48 MB', '431.03 MB', '431.05 MB']
[ 2018-10-27 14:28:18,027 ] - [DEBUG   ] - root - LOS_REL_DATE = ['2018-10-22', '2018-10-15', '2018-10-08', '2018-10-01', '2018-09-24']
[ 2018-10-27 14:28:18,027 ] - [DEBUG   ] - root - REL_TAG is 15.1.2018-10-22
[ 2018-10-27 14:28:18,027 ] - [DEBUG   ] - root - ----------------------------------------------------------
[ 2018-10-27 14:28:18,027 ] - [DEBUG   ] - root - ----------------------------------------------------------
[ 2018-10-27 14:28:18,027 ] - [INFO    ] - root - Downloading ZIP File ...
[ 2018-10-27 14:28:18,027 ] - [INFO    ] - root - Attempting to download : LineageOS.zip
[ 2018-10-27 14:28:18,028 ] - [INFO    ] - root - From URL: https://mirrorbits.lineageos.org/full/bullhead/20181022/lineage-15.1-20181022-nightly-bullhead-signed.zip
[ 2018-10-27 14:28:18,028 ] - [INFO    ] - root - Downloading file.....
[ 2018-10-27 14:28:18,032 ] - [DEBUG   ] - urllib3.connectionpool - Starting new HTTPS connection (1): mirrorbits.lineageos.org:443
[ 2018-10-27 14:28:18,503 ] - [DEBUG   ] - urllib3.connectionpool - https://mirrorbits.lineageos.org:443 "GET /full/bullhead/20181022/lineage-15.1-20181022-nightly-bullhead-signed.zip HTTP/1.1" 302 143
[ 2018-10-27 14:28:18,507 ] - [DEBUG   ] - urllib3.connectionpool - Starting new HTTPS connection (1): mirror.math.princeton.edu:443
[ 2018-10-27 14:28:18,634 ] - [DEBUG   ] - urllib3.connectionpool - https://mirror.math.princeton.edu:443 "GET /pub/lineageos/full/bullhead/20181022/lineage-15.1-20181022-nightly-bullhead-signed.zip HTTP/1.1" 200 453667394
[ 2018-10-27 14:28:18,635 ] - [DEBUG   ] - root - Response code is 200
[ 2018-10-27 14:28:34,659 ] - [INFO    ] - root - Getting Checksum File...
[ 2018-10-27 14:28:34,660 ] - [INFO    ] - root - Attempting to download : LineageOS_ZIP_SHA256.txt
[ 2018-10-27 14:28:34,660 ] - [INFO    ] - root - From URL: https://mirrorbits.lineageos.org/full/bullhead/20181022/lineage-15.1-20181022-nightly-bullhead-signed.zip?sha256
[ 2018-10-27 14:28:34,660 ] - [INFO    ] - root - Downloading file.....
[ 2018-10-27 14:28:34,662 ] - [DEBUG   ] - urllib3.connectionpool - Starting new HTTPS connection (1): mirrorbits.lineageos.org:443
[ 2018-10-27 14:28:35,119 ] - [DEBUG   ] - urllib3.connectionpool - https://mirrorbits.lineageos.org:443 "GET /full/bullhead/20181022/lineage-15.1-20181022-nightly-bullhead-signed.zip?sha256 HTTP/1.1" 200 115
[ 2018-10-27 14:28:35,119 ] - [DEBUG   ] - root - Response code is 200
[ 2018-10-27 14:28:35,121 ] - [INFO    ] - root - Verifying ZIP file checksums...
[ 2018-10-27 14:28:35,121 ] - [DEBUG   ] - root - File's LineageOS_ZIP_SHA256.txt present on FS.
[ 2018-10-27 14:28:35,121 ] - [DEBUG   ] - root - File LineageOS.zip is present on the FS.
[ 2018-10-27 14:28:37,241 ] - [DEBUG   ] - root - SHA256 hash for LineageOS.zip is : 3c0525b2b4cb20602ca43f7c1b540ab2709e373d693a91d7eaf572cacc333def
[ 2018-10-27 14:28:37,241 ] - [DEBUG   ] - root - SHA256 hash SHOULD BE : 3c0525b2b4cb20602ca43f7c1b540ab2709e373d693a91d7eaf572cacc333def
[ 2018-10-27 14:28:37,241 ] - [DEBUG   ] - root - File Hashes Match.
[ 2018-10-27 14:28:37,241 ] - [INFO    ] - root - Woohooo.. ZIP File's Checksum matches.
[ 2018-10-27 14:28:37,242 ] - [INFO    ] - root - Extracting from ZIP File ....
[ 2018-10-27 14:28:37,242 ] - [INFO    ] - root - Deleting old files if any....
[ 2018-10-27 14:28:37,242 ] - [DEBUG   ] - root - Deleting old DAT files (if any)
[ 2018-10-27 14:28:37,242 ] - [DEBUG   ] - root - Deleting old IMG file (if any)
[ 2018-10-27 14:28:38,514 ] - [INFO    ] - root - Downloading OLD release.json
[ 2018-10-27 14:28:38,514 ] - [INFO    ] - root - Attempting to download : old_release.json
[ 2018-10-27 14:28:38,514 ] - [INFO    ] - root - From URL: https://raw.githubusercontent.com/tprasadtp/lineageos-apk-extractor/metadata/release.json
[ 2018-10-27 14:28:38,514 ] - [INFO    ] - root - Downloading file.....
[ 2018-10-27 14:28:38,517 ] - [DEBUG   ] - urllib3.connectionpool - Starting new HTTPS connection (1): raw.githubusercontent.com:443
[ 2018-10-27 14:28:38,620 ] - [DEBUG   ] - urllib3.connectionpool - https://raw.githubusercontent.com:443 "GET /tprasadtp/lineageos-apk-extractor/metadata/release.json HTTP/1.1" 200 339
[ 2018-10-27 14:28:38,621 ] - [DEBUG   ] - root - Response code is 200
[ 2018-10-27 14:28:38,623 ] - [INFO    ] - root - Preparing Metadata....
[ 2018-10-27 14:28:38,623 ] - [INFO    ] - root - Checking last build date...
[ 2018-10-27 14:28:38,623 ] - [INFO    ] - root - Last Build was 1540648861
[ 2018-10-27 14:28:38,623 ] - [INFO    ] - root - Last Release Tag was 15.1.2018-10-22
[ 2018-10-27 14:28:38,623 ] - [INFO    ] - root - Release is already the latest.
[ 2018-10-27 14:28:38,624 ] - [INFO    ] - root - Generating release.json
[ 2018-10-27 14:28:38,624 ] - [DEBUG   ] - root - JSON Dump is : {"version": 2, "ci": {"build_date": 1540650518, "build_ts": "02:28 PM UTC on Oct 27, 2018", "node_name": "travis-job-d39706c5-6405-4267-be2a-a4e16dd2f0f4", "deployed": "false"}, "lineage": {"version": "15.1", "build": "2018-10-22", "build_type": "nightly", "zip_file": "https://mirrorbits.lineageos.org/full/bullhead/20181022/lineage-15.1-20181022-nightly-bullhead-signed.zip"}, "release": {"tag": "15.1.2018-10-22", "link": "https://github.com/tprasadtp/lineageos-apk-extractor/releases/tag/15.1.2018-10-22"}}
[ 2018-10-27 14:29:37,812 ] - [DEBUG   ] - root - Setting TAG Variable
[ 2018-10-27 14:29:37,812 ] - [INFO    ] - root - Reading json data from file.
[ 2018-10-27 14:29:37,812 ] - [INFO    ] - root - Copying Metadata
[ 2018-10-27 14:29:37,813 ] - [INFO    ] - root - Creating Metadata Folder...
[ 2018-10-27 14:29:37,813 ] - [INFO    ] - root - Copying release.json
[ 2018-10-27 14:29:37,813 ] - [INFO    ] - root - Checking Mount point
[ 2018-10-27 14:29:37,814 ] - [DEBUG   ] - root - Creating Releases Folder
[ 2018-10-27 14:29:37,814 ] - [INFO    ] - root - Copying Email from /mnt/lineage/app/Email/Email.apk
[ 2018-10-27 14:29:37,827 ] - [INFO    ] - root - Copying Gallery from /mnt/lineage/priv-app/Gallery2/Gallery2.apk
[ 2018-10-27 14:29:37,850 ] - [INFO    ] - root - Copying Music from /mnt/lineage/priv-app/Eleven/Eleven.apk
[ 2018-10-27 14:29:37,862 ] - [INFO    ] - root - Copying Calendar from /mnt/lineage/app/Calendar/Calendar.apk
[ 2018-10-27 14:29:37,868 ] - [INFO    ] - root - Copying Jelly from /mnt/lineage/app/Jelly/Jelly.apk
[ 2018-10-27 14:29:37,871 ] - [INFO    ] - root - Copying Trebuchet from /mnt/lineage/priv-app/Trebuchet/Trebuchet.apk
[ 2018-10-27 14:29:37,876 ] - [INFO    ] - root - GH Releases is not enabled. Not Copying Release Notes.
