[ 2018-10-27 18:50:45,052 ] - [DEBUG   ] - root - ------------------------System Info------------------------------
[ 2018-10-27 18:50:45,055 ] - [DEBUG   ] - root - Platform : Linux, Version: #124~14.04.1-Ubuntu SMP Fri Nov 10 19:05:36 UTC 2017
[ 2018-10-27 18:50:45,055 ] - [DEBUG   ] - root - Hostname : travis-job-0ec232e0-e2e0-4cec-a76d-b0e73795a133
[ 2018-10-27 18:50:45,055 ] - [DEBUG   ] - root - Python Version : 3.6.3
[ 2018-10-27 18:50:45,067 ] - [DEBUG   ] - root - Platform Arch : ('64bit', 'ELF')
[ 2018-10-27 18:50:45,067 ] - [DEBUG   ] - root - -----------------------------------------------------------------
[ 2018-10-27 18:50:45,067 ] - [INFO    ] - root - Getting LOS Download page for bullhead ...
[ 2018-10-27 18:50:45,068 ] - [DEBUG   ] - root - Getting Download Page for bullhead
[ 2018-10-27 18:50:45,068 ] - [INFO    ] - root - Attempting to download : LineageOS_Downlad_Page.html
[ 2018-10-27 18:50:45,069 ] - [INFO    ] - root - From URL: https://download.lineageos.org/bullhead
[ 2018-10-27 18:50:45,069 ] - [INFO    ] - root - Downloading file.....
[ 2018-10-27 18:50:45,080 ] - [DEBUG   ] - urllib3.connectionpool - Starting new HTTPS connection (1): download.lineageos.org:443
[ 2018-10-27 18:50:45,246 ] - [DEBUG   ] - urllib3.connectionpool - https://download.lineageos.org:443 "GET /bullhead HTTP/1.1" 200 None
[ 2018-10-27 18:50:45,247 ] - [DEBUG   ] - root - Response code is 200
[ 2018-10-27 18:50:45,248 ] - [DEBUG   ] - root - LineageOS_Downlad_Page.html file exists.
[ 2018-10-27 18:50:45,249 ] - [INFO    ] - root - Parsing HTML page...
[ 2018-10-27 18:50:45,313 ] - [DEBUG   ] - root - ----------------------------------------------------------
[ 2018-10-27 18:50:45,313 ] - [DEBUG   ] - root - ------------------Parsed Variables------------------------
[ 2018-10-27 18:50:45,313 ] - [DEBUG   ] - root - LOS_REL_TYPE = ['nightly', 'nightly', 'nightly', 'nightly', 'nightly']
[ 2018-10-27 18:50:45,314 ] - [DEBUG   ] - root - LOS_REL_VERSION = ['15.1', '15.1', '15.1', '15.1', '15.1']
[ 2018-10-27 18:50:45,314 ] - [DEBUG   ] - root - LOS_REL_URL = ['https://mirrorbits.lineageos.org/full/bullhead/20181022/lineage-15.1-20181022-nightly-bullhead-signed.zip', 'https://mirrorbits.lineageos.org/full/bullhead/20181015/lineage-15.1-20181015-nightly-bullhead-signed.zip', 'https://mirrorbits.lineageos.org/full/bullhead/20181008/lineage-15.1-20181008-nightly-bullhead-signed.zip', 'https://mirrorbits.lineageos.org/full/bullhead/20181001/lineage-15.1-20181001-nightly-bullhead-signed.zip', 'https://mirrorbits.lineageos.org/full/bullhead/20180924/lineage-15.1-20180924-nightly-bullhead-signed.zip']
[ 2018-10-27 18:50:45,314 ] - [DEBUG   ] - root - LOS_REL_SIZE = ['432.65 MB', '432.66 MB', '432.48 MB', '431.03 MB', '431.05 MB']
[ 2018-10-27 18:50:45,314 ] - [DEBUG   ] - root - LOS_REL_DATE = ['2018-10-22', '2018-10-15', '2018-10-08', '2018-10-01', '2018-09-24']
[ 2018-10-27 18:50:45,314 ] - [DEBUG   ] - root - REL_TAG is 15.1.2018-10-22
[ 2018-10-27 18:50:45,314 ] - [DEBUG   ] - root - ----------------------------------------------------------
[ 2018-10-27 18:50:45,314 ] - [DEBUG   ] - root - ----------------------------------------------------------
[ 2018-10-27 18:50:45,314 ] - [INFO    ] - root - Downloading ZIP File ...
[ 2018-10-27 18:50:45,314 ] - [INFO    ] - root - Attempting to download : LineageOS.zip
[ 2018-10-27 18:50:45,314 ] - [INFO    ] - root - From URL: https://mirrorbits.lineageos.org/full/bullhead/20181022/lineage-15.1-20181022-nightly-bullhead-signed.zip
[ 2018-10-27 18:50:45,315 ] - [INFO    ] - root - Downloading file.....
[ 2018-10-27 18:50:45,320 ] - [DEBUG   ] - urllib3.connectionpool - Starting new HTTPS connection (1): mirrorbits.lineageos.org:443
[ 2018-10-27 18:50:45,788 ] - [DEBUG   ] - urllib3.connectionpool - https://mirrorbits.lineageos.org:443 "GET /full/bullhead/20181022/lineage-15.1-20181022-nightly-bullhead-signed.zip HTTP/1.1" 302 135
[ 2018-10-27 18:50:45,791 ] - [DEBUG   ] - urllib3.connectionpool - Starting new HTTPS connection (1): ftp.acc.umu.se:443
[ 2018-10-27 18:50:46,477 ] - [DEBUG   ] - urllib3.connectionpool - https://ftp.acc.umu.se:443 "GET /mirror/lineageos/full/bullhead/20181022/lineage-15.1-20181022-nightly-bullhead-signed.zip HTTP/1.1" 302 422
[ 2018-10-27 18:50:46,482 ] - [DEBUG   ] - urllib3.connectionpool - Starting new HTTPS connection (1): caesar.ftp.acc.umu.se:443
[ 2018-10-27 18:50:47,179 ] - [DEBUG   ] - urllib3.connectionpool - https://caesar.ftp.acc.umu.se:443 "GET /mirror/lineageos/full/bullhead/20181022/lineage-15.1-20181022-nightly-bullhead-signed.zip HTTP/1.1" 200 453667394
[ 2018-10-27 18:50:47,181 ] - [DEBUG   ] - root - Response code is 200
[ 2018-10-27 18:51:17,561 ] - [INFO    ] - root - Getting Checksum File...
[ 2018-10-27 18:51:17,561 ] - [INFO    ] - root - Attempting to download : LineageOS_ZIP_SHA256.txt
[ 2018-10-27 18:51:17,561 ] - [INFO    ] - root - From URL: https://mirrorbits.lineageos.org/full/bullhead/20181022/lineage-15.1-20181022-nightly-bullhead-signed.zip?sha256
[ 2018-10-27 18:51:17,561 ] - [INFO    ] - root - Downloading file.....
[ 2018-10-27 18:51:17,564 ] - [DEBUG   ] - urllib3.connectionpool - Starting new HTTPS connection (1): mirrorbits.lineageos.org:443
[ 2018-10-27 18:51:18,018 ] - [DEBUG   ] - urllib3.connectionpool - https://mirrorbits.lineageos.org:443 "GET /full/bullhead/20181022/lineage-15.1-20181022-nightly-bullhead-signed.zip?sha256 HTTP/1.1" 200 115
[ 2018-10-27 18:51:18,018 ] - [DEBUG   ] - root - Response code is 200
[ 2018-10-27 18:51:18,020 ] - [INFO    ] - root - Verifying ZIP file checksums...
[ 2018-10-27 18:51:18,020 ] - [DEBUG   ] - root - File's LineageOS_ZIP_SHA256.txt present on FS.
[ 2018-10-27 18:51:18,020 ] - [DEBUG   ] - root - File LineageOS.zip is present on the FS.
[ 2018-10-27 18:51:20,183 ] - [DEBUG   ] - root - SHA256 hash for LineageOS.zip is : 3c0525b2b4cb20602ca43f7c1b540ab2709e373d693a91d7eaf572cacc333def
[ 2018-10-27 18:51:20,183 ] - [DEBUG   ] - root - SHA256 hash SHOULD BE : 3c0525b2b4cb20602ca43f7c1b540ab2709e373d693a91d7eaf572cacc333def
[ 2018-10-27 18:51:20,183 ] - [DEBUG   ] - root - File Hashes Match.
[ 2018-10-27 18:51:20,183 ] - [INFO    ] - root - Woohooo.. ZIP File's Checksum matches.
[ 2018-10-27 18:51:20,183 ] - [INFO    ] - root - Extracting from ZIP File ....
[ 2018-10-27 18:51:20,184 ] - [INFO    ] - root - Deleting old files if any....
[ 2018-10-27 18:51:20,184 ] - [DEBUG   ] - root - Deleting old DAT files (if any)
[ 2018-10-27 18:51:20,184 ] - [DEBUG   ] - root - Deleting old IMG file (if any)
[ 2018-10-27 18:51:21,526 ] - [INFO    ] - root - Downloading OLD release.json
[ 2018-10-27 18:51:21,526 ] - [INFO    ] - root - Attempting to download : old_release.json
[ 2018-10-27 18:51:21,526 ] - [INFO    ] - root - From URL: https://raw.githubusercontent.com/tprasadtp/lineageos-apk-extractor/gh-pages/release.json
[ 2018-10-27 18:51:21,527 ] - [INFO    ] - root - Downloading file.....
[ 2018-10-27 18:51:21,529 ] - [DEBUG   ] - urllib3.connectionpool - Starting new HTTPS connection (1): raw.githubusercontent.com:443
[ 2018-10-27 18:51:21,638 ] - [DEBUG   ] - urllib3.connectionpool - https://raw.githubusercontent.com:443 "GET /tprasadtp/lineageos-apk-extractor/gh-pages/release.json HTTP/1.1" 200 309
[ 2018-10-27 18:51:21,639 ] - [DEBUG   ] - root - Response code is 200
[ 2018-10-27 18:51:21,640 ] - [INFO    ] - root - Preparing Metadata....
[ 2018-10-27 18:51:21,640 ] - [INFO    ] - root - Checking last build date...
[ 2018-10-27 18:51:21,641 ] - [INFO    ] - root - Last Build was 1540658485
[ 2018-10-27 18:51:21,641 ] - [INFO    ] - root - Last Release Tag was 15.1.2018-10-22
[ 2018-10-27 18:51:21,641 ] - [INFO    ] - root - Release is already the latest.
[ 2018-10-27 18:51:21,641 ] - [INFO    ] - root - Generating release.json
[ 2018-10-27 18:51:21,642 ] - [DEBUG   ] - root - JSON Dump is : {"version": 2, "ci": {"build_date": 1540666281, "build_ts": "06:51 PM UTC on Oct 27, 2018", "node_name": "travis-job-0ec232e0-e2e0-4cec-a76d-b0e73795a133", "deployed": "false"}, "lineage": {"version": "15.1", "build": "2018-10-22", "build_type": "nightly", "zip_file": "https://mirrorbits.lineageos.org/full/bullhead/20181022/lineage-15.1-20181022-nightly-bullhead-signed.zip"}, "release": {"tag": "15.1.2018-10-22", "link": "https://github.com/tprasadtp/lineageos-apk-extractor/releases/tag/15.1.2018-10-22"}}
[ 2018-10-27 18:52:18,680 ] - [DEBUG   ] - root - Setting TAG Variable
[ 2018-10-27 18:52:18,680 ] - [INFO    ] - root - Reading json data from file.
[ 2018-10-27 18:52:18,680 ] - [INFO    ] - root - Copying Metadata
[ 2018-10-27 18:52:18,681 ] - [INFO    ] - root - Creating Metadata Folder...
[ 2018-10-27 18:52:18,681 ] - [INFO    ] - root - Copying release.json
[ 2018-10-27 18:52:18,682 ] - [INFO    ] - root - Checking Mount point
[ 2018-10-27 18:52:18,682 ] - [DEBUG   ] - root - Creating Releases Folder
[ 2018-10-27 18:52:18,682 ] - [INFO    ] - root - Copying Email from /mnt/lineage/app/Email/Email.apk
[ 2018-10-27 18:52:18,695 ] - [INFO    ] - root - Copying Gallery from /mnt/lineage/priv-app/Gallery2/Gallery2.apk
[ 2018-10-27 18:52:18,714 ] - [INFO    ] - root - Copying Music from /mnt/lineage/priv-app/Eleven/Eleven.apk
[ 2018-10-27 18:52:18,725 ] - [INFO    ] - root - Copying Calendar from /mnt/lineage/app/Calendar/Calendar.apk
[ 2018-10-27 18:52:18,731 ] - [INFO    ] - root - Copying Jelly from /mnt/lineage/app/Jelly/Jelly.apk
[ 2018-10-27 18:52:18,733 ] - [INFO    ] - root - Copying Trebuchet from /mnt/lineage/priv-app/Trebuchet/Trebuchet.apk
[ 2018-10-27 18:52:18,738 ] - [INFO    ] - root - GH Releases is not enabled. Not Copying Release Notes.
