[ 2018-10-27 20:15:46,495 ] - [DEBUG   ] - root - ------------------------System Info------------------------------
[ 2018-10-27 20:15:46,498 ] - [DEBUG   ] - root - Platform : Linux, Version: #124~14.04.1-Ubuntu SMP Fri Nov 10 19:05:36 UTC 2017
[ 2018-10-27 20:15:46,498 ] - [DEBUG   ] - root - Hostname : travis-job-5298933d-2b9e-4dc6-8925-247eaf92e255
[ 2018-10-27 20:15:46,498 ] - [DEBUG   ] - root - Python Version : 3.6.3
[ 2018-10-27 20:15:46,514 ] - [DEBUG   ] - root - Platform Arch : ('64bit', 'ELF')
[ 2018-10-27 20:15:46,515 ] - [DEBUG   ] - root - -----------------------------------------------------------------
[ 2018-10-27 20:15:46,515 ] - [INFO    ] - root - Getting LOS Download page for bullhead ...
[ 2018-10-27 20:15:46,515 ] - [DEBUG   ] - root - Getting Download Page for bullhead
[ 2018-10-27 20:15:46,515 ] - [INFO    ] - root - Attempting to download : LineageOS_Downlad_Page.html
[ 2018-10-27 20:15:46,515 ] - [INFO    ] - root - From URL: https://download.lineageos.org/bullhead
[ 2018-10-27 20:15:46,515 ] - [INFO    ] - root - Downloading file.....
[ 2018-10-27 20:15:46,524 ] - [DEBUG   ] - urllib3.connectionpool - Starting new HTTPS connection (1): download.lineageos.org:443
[ 2018-10-27 20:15:46,665 ] - [DEBUG   ] - urllib3.connectionpool - https://download.lineageos.org:443 "GET /bullhead HTTP/1.1" 200 None
[ 2018-10-27 20:15:46,665 ] - [DEBUG   ] - root - Response code is 200
[ 2018-10-27 20:15:46,667 ] - [DEBUG   ] - root - LineageOS_Downlad_Page.html file exists.
[ 2018-10-27 20:15:46,668 ] - [INFO    ] - root - Parsing HTML page...
[ 2018-10-27 20:15:46,727 ] - [DEBUG   ] - root - ----------------------------------------------------------
[ 2018-10-27 20:15:46,727 ] - [DEBUG   ] - root - ------------------Parsed Variables------------------------
[ 2018-10-27 20:15:46,727 ] - [DEBUG   ] - root - LOS_REL_TYPE = ['nightly', 'nightly', 'nightly', 'nightly', 'nightly']
[ 2018-10-27 20:15:46,727 ] - [DEBUG   ] - root - LOS_REL_VERSION = ['15.1', '15.1', '15.1', '15.1', '15.1']
[ 2018-10-27 20:15:46,727 ] - [DEBUG   ] - root - LOS_REL_URL = ['https://mirrorbits.lineageos.org/full/bullhead/20181022/lineage-15.1-20181022-nightly-bullhead-signed.zip', 'https://mirrorbits.lineageos.org/full/bullhead/20181015/lineage-15.1-20181015-nightly-bullhead-signed.zip', 'https://mirrorbits.lineageos.org/full/bullhead/20181008/lineage-15.1-20181008-nightly-bullhead-signed.zip', 'https://mirrorbits.lineageos.org/full/bullhead/20181001/lineage-15.1-20181001-nightly-bullhead-signed.zip', 'https://mirrorbits.lineageos.org/full/bullhead/20180924/lineage-15.1-20180924-nightly-bullhead-signed.zip']
[ 2018-10-27 20:15:46,727 ] - [DEBUG   ] - root - LOS_REL_SIZE = ['432.65 MB', '432.66 MB', '432.48 MB', '431.03 MB', '431.05 MB']
[ 2018-10-27 20:15:46,727 ] - [DEBUG   ] - root - LOS_REL_DATE = ['2018-10-22', '2018-10-15', '2018-10-08', '2018-10-01', '2018-09-24']
[ 2018-10-27 20:15:46,727 ] - [DEBUG   ] - root - REL_TAG is 15.1.2018-10-22
[ 2018-10-27 20:15:46,727 ] - [DEBUG   ] - root - ----------------------------------------------------------
[ 2018-10-27 20:15:46,727 ] - [DEBUG   ] - root - ----------------------------------------------------------
[ 2018-10-27 20:15:46,727 ] - [INFO    ] - root - Downloading ZIP File ...
[ 2018-10-27 20:15:46,728 ] - [INFO    ] - root - Attempting to download : LineageOS.zip
[ 2018-10-27 20:15:46,728 ] - [INFO    ] - root - From URL: https://mirrorbits.lineageos.org/full/bullhead/20181022/lineage-15.1-20181022-nightly-bullhead-signed.zip
[ 2018-10-27 20:15:46,728 ] - [INFO    ] - root - Downloading file.....
[ 2018-10-27 20:15:46,732 ] - [DEBUG   ] - urllib3.connectionpool - Starting new HTTPS connection (1): mirrorbits.lineageos.org:443
[ 2018-10-27 20:15:47,201 ] - [DEBUG   ] - urllib3.connectionpool - https://mirrorbits.lineageos.org:443 "GET /full/bullhead/20181022/lineage-15.1-20181022-nightly-bullhead-signed.zip HTTP/1.1" 302 143
[ 2018-10-27 20:15:47,205 ] - [DEBUG   ] - urllib3.connectionpool - Starting new HTTPS connection (1): mirror.math.princeton.edu:443
[ 2018-10-27 20:15:47,334 ] - [DEBUG   ] - urllib3.connectionpool - https://mirror.math.princeton.edu:443 "GET /pub/lineageos/full/bullhead/20181022/lineage-15.1-20181022-nightly-bullhead-signed.zip HTTP/1.1" 200 453667394
[ 2018-10-27 20:15:47,336 ] - [DEBUG   ] - root - Response code is 200
[ 2018-10-27 20:15:59,248 ] - [INFO    ] - root - Getting Checksum File...
[ 2018-10-27 20:15:59,248 ] - [INFO    ] - root - Attempting to download : LineageOS_ZIP_SHA256.txt
[ 2018-10-27 20:15:59,248 ] - [INFO    ] - root - From URL: https://mirrorbits.lineageos.org/full/bullhead/20181022/lineage-15.1-20181022-nightly-bullhead-signed.zip?sha256
[ 2018-10-27 20:15:59,248 ] - [INFO    ] - root - Downloading file.....
[ 2018-10-27 20:15:59,251 ] - [DEBUG   ] - urllib3.connectionpool - Starting new HTTPS connection (1): mirrorbits.lineageos.org:443
[ 2018-10-27 20:15:59,701 ] - [DEBUG   ] - urllib3.connectionpool - https://mirrorbits.lineageos.org:443 "GET /full/bullhead/20181022/lineage-15.1-20181022-nightly-bullhead-signed.zip?sha256 HTTP/1.1" 200 115
[ 2018-10-27 20:15:59,702 ] - [DEBUG   ] - root - Response code is 200
[ 2018-10-27 20:15:59,703 ] - [INFO    ] - root - Verifying ZIP file checksums...
[ 2018-10-27 20:15:59,704 ] - [DEBUG   ] - root - File's LineageOS_ZIP_SHA256.txt present on FS.
[ 2018-10-27 20:15:59,704 ] - [DEBUG   ] - root - File LineageOS.zip is present on the FS.
[ 2018-10-27 20:16:01,791 ] - [DEBUG   ] - root - SHA256 hash for LineageOS.zip is : 3c0525b2b4cb20602ca43f7c1b540ab2709e373d693a91d7eaf572cacc333def
[ 2018-10-27 20:16:01,792 ] - [DEBUG   ] - root - SHA256 hash SHOULD BE : 3c0525b2b4cb20602ca43f7c1b540ab2709e373d693a91d7eaf572cacc333def
[ 2018-10-27 20:16:01,792 ] - [DEBUG   ] - root - File Hashes Match.
[ 2018-10-27 20:16:01,792 ] - [INFO    ] - root - Woohooo.. ZIP File's Checksum matches.
[ 2018-10-27 20:16:01,792 ] - [INFO    ] - root - Extracting from ZIP File ....
[ 2018-10-27 20:16:01,792 ] - [INFO    ] - root - Deleting old files if any....
[ 2018-10-27 20:16:01,792 ] - [DEBUG   ] - root - Deleting old DAT files (if any)
[ 2018-10-27 20:16:01,793 ] - [DEBUG   ] - root - Deleting old IMG file (if any)
[ 2018-10-27 20:16:03,102 ] - [INFO    ] - root - Downloading OLD release.json
[ 2018-10-27 20:16:03,102 ] - [INFO    ] - root - Attempting to download : old_release.json
[ 2018-10-27 20:16:03,102 ] - [INFO    ] - root - From URL: https://raw.githubusercontent.com/tprasadtp/lineageos-apk-extractor/gh-pages/release.json
[ 2018-10-27 20:16:03,102 ] - [INFO    ] - root - Downloading file.....
[ 2018-10-27 20:16:03,106 ] - [DEBUG   ] - urllib3.connectionpool - Starting new HTTPS connection (1): raw.githubusercontent.com:443
[ 2018-10-27 20:16:03,235 ] - [DEBUG   ] - urllib3.connectionpool - https://raw.githubusercontent.com:443 "GET /tprasadtp/lineageos-apk-extractor/gh-pages/release.json HTTP/1.1" 200 340
[ 2018-10-27 20:16:03,236 ] - [DEBUG   ] - root - Response code is 200
[ 2018-10-27 20:16:03,238 ] - [INFO    ] - root - Preparing Metadata....
[ 2018-10-27 20:16:03,238 ] - [INFO    ] - root - Checking last build date...
[ 2018-10-27 20:16:03,238 ] - [INFO    ] - root - Last Build was 1540666281
[ 2018-10-27 20:16:03,238 ] - [INFO    ] - root - Last Release Tag was 15.1.2018-10-22
[ 2018-10-27 20:16:03,238 ] - [INFO    ] - root - Release is already the latest.
[ 2018-10-27 20:16:03,239 ] - [INFO    ] - root - Generating release.json
[ 2018-10-27 20:16:03,239 ] - [DEBUG   ] - root - JSON Dump is : {"version": 2, "ci": {"build_date": 1540671363, "build_ts": "08:16 PM UTC on Oct 27, 2018", "node_name": "travis-job-5298933d-2b9e-4dc6-8925-247eaf92e255", "deployed": "false"}, "lineage": {"version": "15.1", "build": "2018-10-22", "build_type": "nightly", "zip_file": "https://mirrorbits.lineageos.org/full/bullhead/20181022/lineage-15.1-20181022-nightly-bullhead-signed.zip"}, "release": {"tag": "15.1.2018-10-22", "link": "https://github.com/tprasadtp/lineageos-apk-extractor/releases/tag/15.1.2018-10-22"}}
[ 2018-10-27 20:17:02,006 ] - [DEBUG   ] - root - Setting TAG Variable
[ 2018-10-27 20:17:02,007 ] - [INFO    ] - root - Reading json data from file.
[ 2018-10-27 20:17:02,007 ] - [INFO    ] - root - Copying Metadata
[ 2018-10-27 20:17:02,007 ] - [INFO    ] - root - Creating Metadata Folder...
[ 2018-10-27 20:17:02,007 ] - [INFO    ] - root - Copying release.json
[ 2018-10-27 20:17:02,008 ] - [INFO    ] - root - Checking Mount point
[ 2018-10-27 20:17:02,008 ] - [DEBUG   ] - root - Creating Releases Folder
[ 2018-10-27 20:17:02,008 ] - [INFO    ] - root - Copying Email from /mnt/lineage/app/Email/Email.apk
[ 2018-10-27 20:17:02,021 ] - [INFO    ] - root - Copying Gallery from /mnt/lineage/priv-app/Gallery2/Gallery2.apk
[ 2018-10-27 20:17:02,040 ] - [INFO    ] - root - Copying Music from /mnt/lineage/priv-app/Eleven/Eleven.apk
[ 2018-10-27 20:17:02,049 ] - [INFO    ] - root - Copying Calendar from /mnt/lineage/app/Calendar/Calendar.apk
[ 2018-10-27 20:17:02,054 ] - [INFO    ] - root - Copying Jelly from /mnt/lineage/app/Jelly/Jelly.apk
[ 2018-10-27 20:17:02,057 ] - [INFO    ] - root - Copying Trebuchet from /mnt/lineage/priv-app/Trebuchet/Trebuchet.apk
[ 2018-10-27 20:17:02,061 ] - [INFO    ] - root - GH Releases is not enabled. Not Copying Release Notes.
