[ 2019-02-02 17:05:41,042 ] - [DEBUG   ] - root - ------------------------System Info------------------------------
[ 2019-02-02 17:05:41,046 ] - [DEBUG   ] - root - Platform : Linux, Version: #124~14.04.1-Ubuntu SMP Fri Nov 10 19:05:36 UTC 2017
[ 2019-02-02 17:05:41,046 ] - [DEBUG   ] - root - Hostname : travis-job-30e15f83-5454-4f70-b9c1-23e8e30a9cf6
[ 2019-02-02 17:05:41,046 ] - [DEBUG   ] - root - Python Version : 3.6.3
[ 2019-02-02 17:05:41,064 ] - [DEBUG   ] - root - Platform Arch : ('64bit', 'ELF')
[ 2019-02-02 17:05:41,065 ] - [DEBUG   ] - root - -----------------------------------------------------------------
[ 2019-02-02 17:05:41,065 ] - [INFO    ] - root - Getting LOS Download page for hammerhead ...
[ 2019-02-02 17:05:41,065 ] - [DEBUG   ] - root - Getting Download Page for hammerhead
[ 2019-02-02 17:05:41,065 ] - [INFO    ] - root - Attempting to download : LineageOS_Downlad_Page.html
[ 2019-02-02 17:05:41,066 ] - [INFO    ] - root - From URL: https://download.lineageos.org/hammerhead
[ 2019-02-02 17:05:41,067 ] - [INFO    ] - root - Downloading file.....
[ 2019-02-02 17:05:41,072 ] - [DEBUG   ] - urllib3.connectionpool - Starting new HTTPS connection (1): download.lineageos.org:443
[ 2019-02-02 17:05:41,257 ] - [DEBUG   ] - urllib3.connectionpool - https://download.lineageos.org:443 "GET /hammerhead HTTP/1.1" 200 None
[ 2019-02-02 17:05:41,257 ] - [DEBUG   ] - root - Response code is 200
[ 2019-02-02 17:05:41,260 ] - [DEBUG   ] - root - LineageOS_Downlad_Page.html file exists.
[ 2019-02-02 17:05:41,260 ] - [INFO    ] - root - Parsing HTML page...
[ 2019-02-02 17:05:41,309 ] - [DEBUG   ] - root - ----------------------------------------------------------
[ 2019-02-02 17:05:41,309 ] - [DEBUG   ] - root - ------------------Parsed Variables------------------------
[ 2019-02-02 17:05:41,309 ] - [DEBUG   ] - root - LOS_REL_TYPE = ['nightly', 'nightly']
[ 2019-02-02 17:05:41,309 ] - [DEBUG   ] - root - LOS_REL_VERSION = ['14.1', '14.1']
[ 2019-02-02 17:05:41,310 ] - [DEBUG   ] - root - LOS_REL_URL = ['https://mirrorbits.lineageos.org/full/hammerhead/20190126/lineage-14.1-20190126-nightly-hammerhead-signed.zip', 'https://mirrorbits.lineageos.org/full/hammerhead/20181226/lineage-14.1-20181226-nightly-hammerhead-signed.zip']
[ 2019-02-02 17:05:41,310 ] - [DEBUG   ] - root - LOS_REL_SIZE = ['314.04 MB', '313.49 MB']
[ 2019-02-02 17:05:41,310 ] - [DEBUG   ] - root - LOS_REL_DATE = ['2019-01-26', '2018-12-26']
[ 2019-02-02 17:05:41,310 ] - [DEBUG   ] - root - REL_TAG is 14.1.2019-01-26
[ 2019-02-02 17:05:41,310 ] - [DEBUG   ] - root - ----------------------------------------------------------
[ 2019-02-02 17:05:41,310 ] - [DEBUG   ] - root - ----------------------------------------------------------
[ 2019-02-02 17:05:41,310 ] - [INFO    ] - root - Downloading ZIP File ...
[ 2019-02-02 17:05:41,310 ] - [INFO    ] - root - Attempting to download : LineageOS.zip
[ 2019-02-02 17:05:41,310 ] - [INFO    ] - root - From URL: https://mirrorbits.lineageos.org/full/hammerhead/20190126/lineage-14.1-20190126-nightly-hammerhead-signed.zip
[ 2019-02-02 17:05:41,310 ] - [INFO    ] - root - Downloading file.....
[ 2019-02-02 17:05:41,314 ] - [DEBUG   ] - urllib3.connectionpool - Starting new HTTPS connection (1): mirrorbits.lineageos.org:443
[ 2019-02-02 17:05:41,805 ] - [DEBUG   ] - urllib3.connectionpool - https://mirrorbits.lineageos.org:443 "GET /full/hammerhead/20190126/lineage-14.1-20190126-nightly-hammerhead-signed.zip HTTP/1.1" 302 139
[ 2019-02-02 17:05:41,809 ] - [DEBUG   ] - urllib3.connectionpool - Starting new HTTPS connection (1): ftp.acc.umu.se:443
[ 2019-02-02 17:05:42,482 ] - [DEBUG   ] - urllib3.connectionpool - https://ftp.acc.umu.se:443 "GET /mirror/lineageos/full/hammerhead/20190126/lineage-14.1-20190126-nightly-hammerhead-signed.zip HTTP/1.1" 302 426
[ 2019-02-02 17:05:42,487 ] - [DEBUG   ] - urllib3.connectionpool - Starting new HTTPS connection (1): saimei.ftp.acc.umu.se:443
[ 2019-02-02 17:05:43,201 ] - [DEBUG   ] - urllib3.connectionpool - https://saimei.ftp.acc.umu.se:443 "GET /mirror/lineageos/full/hammerhead/20190126/lineage-14.1-20190126-nightly-hammerhead-signed.zip HTTP/1.1" 200 329296444
[ 2019-02-02 17:05:43,203 ] - [DEBUG   ] - root - Response code is 200
[ 2019-02-02 17:06:45,219 ] - [INFO    ] - root - Getting Checksum File...
[ 2019-02-02 17:06:45,219 ] - [INFO    ] - root - Attempting to download : LineageOS_ZIP_SHA256.txt
[ 2019-02-02 17:06:45,220 ] - [INFO    ] - root - From URL: https://mirrorbits.lineageos.org/full/hammerhead/20190126/lineage-14.1-20190126-nightly-hammerhead-signed.zip?sha256
[ 2019-02-02 17:06:45,220 ] - [INFO    ] - root - Downloading file.....
[ 2019-02-02 17:06:45,223 ] - [DEBUG   ] - urllib3.connectionpool - Starting new HTTPS connection (1): mirrorbits.lineageos.org:443
[ 2019-02-02 17:06:45,714 ] - [DEBUG   ] - urllib3.connectionpool - https://mirrorbits.lineageos.org:443 "GET /full/hammerhead/20190126/lineage-14.1-20190126-nightly-hammerhead-signed.zip?sha256 HTTP/1.1" 200 117
[ 2019-02-02 17:06:45,715 ] - [DEBUG   ] - root - Response code is 200
[ 2019-02-02 17:06:45,717 ] - [INFO    ] - root - Verifying ZIP file checksums...
[ 2019-02-02 17:06:45,717 ] - [DEBUG   ] - root - File's LineageOS_ZIP_SHA256.txt present on FS.
[ 2019-02-02 17:06:45,718 ] - [DEBUG   ] - root - File LineageOS.zip is present on the FS.
[ 2019-02-02 17:06:47,329 ] - [DEBUG   ] - root - SHA256 hash for LineageOS.zip is : daa1aa4db6012d31c5e46c4476b054a4d4e539529d2d4337942b82af874c318c
[ 2019-02-02 17:06:47,330 ] - [DEBUG   ] - root - SHA256 hash SHOULD BE : daa1aa4db6012d31c5e46c4476b054a4d4e539529d2d4337942b82af874c318c
[ 2019-02-02 17:06:47,330 ] - [DEBUG   ] - root - File Hashes Match.
[ 2019-02-02 17:06:47,330 ] - [INFO    ] - root - Woohooo.. ZIP File's Checksum matches.
[ 2019-02-02 17:06:47,330 ] - [INFO    ] - root - Extracting from ZIP File ....
[ 2019-02-02 17:06:47,330 ] - [INFO    ] - root - Deleting old files if any....
[ 2019-02-02 17:06:47,330 ] - [DEBUG   ] - root - Deleting old DAT files (if any)
[ 2019-02-02 17:06:47,331 ] - [DEBUG   ] - root - Deleting old IMG file (if any)
[ 2019-02-02 17:06:52,259 ] - [INFO    ] - root - Getting Info about last build & release...
[ 2019-02-02 17:06:52,259 ] - [DEBUG   ] - root - Downloading OLD release.json
[ 2019-02-02 17:06:52,259 ] - [INFO    ] - root - Attempting to download : old_release.json
[ 2019-02-02 17:06:52,260 ] - [INFO    ] - root - From URL: https://raw.githubusercontent.com/tprasadtp/lineageos-apk-extractor/gh-pages/release-hammerhead.json
[ 2019-02-02 17:06:52,260 ] - [INFO    ] - root - Downloading file.....
[ 2019-02-02 17:06:52,264 ] - [DEBUG   ] - urllib3.connectionpool - Starting new HTTPS connection (1): raw.githubusercontent.com:443
[ 2019-02-02 17:06:52,399 ] - [DEBUG   ] - urllib3.connectionpool - https://raw.githubusercontent.com:443 "GET /tprasadtp/lineageos-apk-extractor/gh-pages/release-hammerhead.json HTTP/1.1" 200 350
[ 2019-02-02 17:06:52,400 ] - [DEBUG   ] - root - Response code is 200
[ 2019-02-02 17:06:52,402 ] - [DEBUG   ] - root - Reading old release.json file...
[ 2019-02-02 17:06:52,403 ] - [INFO    ] - root - Last Build was 1549108525
[ 2019-02-02 17:06:52,403 ] - [INFO    ] - root - Last Release Tag was 14.1.2019-01-26
[ 2019-02-02 17:06:52,403 ] - [INFO    ] - root - Last Release TS was 02 Feb at 11:33
[ 2019-02-02 17:06:52,403 ] - [INFO    ] - root - Preparing Metadata....
[ 2019-02-02 17:06:52,403 ] - [INFO    ] - root - Release is already latest. No need to deploy.
[ 2019-02-02 17:06:52,403 ] - [INFO    ] - root - Generating release-hammerhead.json
[ 2019-02-02 17:06:52,403 ] - [DEBUG   ] - root - Writing release-hammerhead.json
[ 2019-02-02 17:06:52,404 ] - [DEBUG   ] - root - JSON Dump is : {"version": 4, "ci": {"build_date": 1549127141, "build_date_human": "02 Feb at 17:05", "build_number": "120", "node_name": "travis-job-30e15f83-5454-4f70-b9c1-23e8e30a9cf6", "deployed": "No"}, "lineage": {"version": "14.1", "build": "2019-01-26", "build_type": "nightly", "zip_file": "https://mirrorbits.lineageos.org/full/hammerhead/20190126/lineage-14.1-20190126-nightly-hammerhead-signed.zip"}, "release": {"tag": "14.1.2019-01-26", "link": "https://github.com/tprasadtp/lineageos-apk-extractor/releases/tag/14.1.2019-01-26", "human_ts": "02 Feb at 11:33"}}
[ 2019-02-02 17:06:52,404 ] - [INFO    ] - root - Writing exporter script...
[ 2019-02-02 17:06:52,404 ] - [DEBUG   ] - root - Writing flags.sh
[ 2019-02-02 17:06:58,658 ] - [DEBUG   ] - root - Setting TAG Variable
[ 2019-02-02 17:06:58,658 ] - [INFO    ] - root - Reading json data from file.
[ 2019-02-02 17:06:58,658 ] - [INFO    ] - root - Copying Metadata
[ 2019-02-02 17:06:58,658 ] - [INFO    ] - root - Creating Metadata Folder...
[ 2019-02-02 17:06:58,659 ] - [INFO    ] - root - Copying release-hammerhead.json
[ 2019-02-02 17:06:58,659 ] - [INFO    ] - root - Copying Readme.md
[ 2019-02-02 17:06:58,660 ] - [INFO    ] - root - Checking Mount point
[ 2019-02-02 17:06:58,660 ] - [DEBUG   ] - root - Creating Releases Folder
[ 2019-02-02 17:06:58,660 ] - [INFO    ] - root - Copying Email from /mnt/lineage/app/Email/Email.apk
[ 2019-02-02 17:06:58,681 ] - [INFO    ] - root - Copying Gallery from /mnt/lineage/priv-app/Gallery2/Gallery2.apk
[ 2019-02-02 17:06:58,700 ] - [INFO    ] - root - Copying Music from /mnt/lineage/priv-app/Eleven/Eleven.apk
[ 2019-02-02 17:06:58,712 ] - [INFO    ] - root - Copying Calendar from /mnt/lineage/app/Calendar/Calendar.apk
[ 2019-02-02 17:06:58,721 ] - [INFO    ] - root - Copying Jelly from /mnt/lineage/app/Jelly/Jelly.apk
[ 2019-02-02 17:06:58,725 ] - [INFO    ] - root - Copying Trebuchet from /mnt/lineage/priv-app/Trebuchet/Trebuchet.apk
[ 2019-02-02 17:06:58,729 ] - [INFO    ] - root - Copying Recorder from /mnt/lineage/priv-app/Recorder/Recorder.apk
[ 2019-02-02 17:06:58,733 ] - [INFO    ] - root - Copying Messaging from /mnt/lineage/app/messaging/messaging.apk
[ 2019-02-02 17:06:58,754 ] - [INFO    ] - root - Copying DeskClock from /mnt/lineage/app/DeskClock/DeskClock.apk
[ 2019-02-02 17:06:58,764 ] - [INFO    ] - root - GH Releases is not enabled. Not Copying Release Notes.
